[2017-05-01 01:08:31] - accumul Start...
[2017-05-01 01:08:31] - 2017-04-30 - stats_sales is No data
[2017-05-01 01:08:31] - 2017-04-30 - sales_mdstats is No data
[2017-05-01 01:08:31] - 2017-04-30 - sales_refund is No data
[2017-05-01 01:08:31] - 2017-04-30 - sales_category is No data
[2017-05-01 01:08:31] - accumul End...
[2017-05-02 01:07:50] - accumul Start...
[2017-05-02 01:07:51] - 2017-05-01 - stats_sales is No data
[2017-05-02 01:07:51] - 2017-05-01 - sales_mdstats is No data
[2017-05-02 01:07:51] - 2017-05-01 - sales_refund is No data
[2017-05-02 01:07:51] - 2017-05-01 - sales_category is No data
[2017-05-02 01:07:51] - accumul End...
[2017-05-03 01:07:55] - accumul Start...
[2017-05-03 01:07:55] - 2017-05-02 - stats_sales is No data
[2017-05-03 01:07:55] - 2017-05-02 - sales_mdstats is No data
[2017-05-03 01:07:55] - 2017-05-02 - sales_refund is No data
[2017-05-03 01:07:55] - 2017-05-02 - sales_category is No data
[2017-05-03 01:07:55] - accumul End...
[2017-05-04 01:07:37] - accumul Start...
[2017-05-04 01:07:37] - 2017-05-03 - stats_sales is No data
[2017-05-04 01:07:37] - 2017-05-03 - sales_mdstats is No data
[2017-05-04 01:07:37] - 2017-05-03 - sales_refund is No data
[2017-05-04 01:07:37] - 2017-05-03 - sales_category is No data
[2017-05-04 01:07:37] - accumul End...
[2017-05-05 01:07:53] - accumul Start...
[2017-05-05 01:07:53] - 2017-05-04 - stats_sales is No data
[2017-05-05 01:07:53] - 2017-05-04 - sales_mdstats is No data
[2017-05-05 01:07:53] - 2017-05-04 - sales_refund is No data
[2017-05-05 01:07:54] - 2017-05-04 - sales_category is No data
[2017-05-05 01:07:54] - accumul End...
[2017-05-06 01:07:42] - accumul Start...
[2017-05-06 01:07:42] - 2017-05-05 - stats_sales is No data
[2017-05-06 01:07:42] - 2017-05-05 - sales_mdstats is No data
[2017-05-06 01:07:42] - 2017-05-05 - sales_refund is No data
[2017-05-06 01:07:42] - 2017-05-05 - sales_category is No data
[2017-05-06 01:07:42] - accumul End...
[2017-05-07 01:07:47] - accumul Start...
[2017-05-07 01:07:47] - 2017-05-06 - stats_sales is No data
[2017-05-07 01:07:47] - 2017-05-06 - sales_mdstats is No data
[2017-05-07 01:07:47] - 2017-05-06 - sales_refund is No data
[2017-05-07 01:07:47] - 2017-05-06 - sales_category is No data
[2017-05-07 01:07:47] - accumul End...
[2017-05-08 01:07:59] - accumul Start...
[2017-05-08 01:07:59] - 2017-05-07 - stats_sales is No data
[2017-05-08 01:07:59] - 2017-05-07 - sales_mdstats is No data
[2017-05-08 01:07:59] - 2017-05-07 - sales_refund is No data
[2017-05-08 01:07:59] - 2017-05-07 - sales_category is No data
[2017-05-08 01:07:59] - accumul End...
[2017-05-09 01:07:53] - accumul Start...
[2017-05-09 01:07:54] - 2017-05-08 - stats_sales is No data
[2017-05-09 01:07:54] - 2017-05-08 - sales_mdstats is No data
[2017-05-09 01:07:54] - 2017-05-08 - sales_refund is No data
[2017-05-09 01:07:54] - 2017-05-08 - sales_category is No data
[2017-05-09 01:07:54] - accumul End...
[2017-05-10 01:07:54] - accumul Start...
[2017-05-10 01:07:54] - 2017-05-09 - stats_sales is No data
[2017-05-10 01:07:54] - 2017-05-09 - sales_mdstats is No data
[2017-05-10 01:07:54] - 2017-05-09 - sales_refund is No data
[2017-05-10 01:07:54] - 2017-05-09 - sales_category is No data
[2017-05-10 01:07:54] - accumul End...
[2017-05-11 01:08:05] - accumul Start...
[2017-05-11 01:08:05] - 2017-05-10 - stats_sales is No data
[2017-05-11 01:08:05] - 2017-05-10 - sales_mdstats is No data
[2017-05-11 01:08:05] - 2017-05-10 - sales_refund is No data
[2017-05-11 01:08:05] - 2017-05-10 - sales_category is No data
[2017-05-11 01:08:05] - accumul End...
[2017-05-12 01:08:54] - accumul Start...
[2017-05-12 01:08:54] - 2017-05-11 - stats_sales is No data
[2017-05-12 01:08:54] - 2017-05-11 - sales_mdstats is No data
[2017-05-12 01:08:54] - 2017-05-11 - sales_refund is No data
[2017-05-12 01:08:54] - 2017-05-11 - sales_category is No data
[2017-05-12 01:08:54] - accumul End...
[2017-05-13 01:07:48] - accumul Start...
[2017-05-13 01:07:48] - 2017-05-12 - stats_sales is No data
[2017-05-13 01:07:48] - 2017-05-12 - sales_mdstats is No data
[2017-05-13 01:07:48] - 2017-05-12 - sales_refund is No data
[2017-05-13 01:07:48] - 2017-05-12 - sales_category is No data
[2017-05-13 01:07:48] - accumul End...
[2017-05-14 01:07:14] - accumul Start...
[2017-05-14 01:07:14] - 2017-05-13 - stats_sales is No data
[2017-05-14 01:07:14] - 2017-05-13 - sales_mdstats is No data
[2017-05-14 01:07:14] - 2017-05-13 - sales_refund is No data
[2017-05-14 01:07:14] - 2017-05-13 - sales_category is No data
[2017-05-14 01:07:14] - accumul End...
[2017-05-15 01:07:46] - accumul Start...
[2017-05-15 01:07:46] - 2017-05-14 - stats_sales is No data
[2017-05-15 01:07:46] - 2017-05-14 - sales_mdstats is No data
[2017-05-15 01:07:46] - 2017-05-14 - sales_refund is No data
[2017-05-15 01:07:46] - 2017-05-14 - sales_category is No data
[2017-05-15 01:07:46] - accumul End...
[2017-05-16 01:07:44] - accumul Start...
[2017-05-16 01:07:44] - 2017-05-15 - stats_sales is No data
[2017-05-16 01:07:44] - 2017-05-15 - sales_mdstats is No data
[2017-05-16 01:07:44] - 2017-05-15 - sales_refund is No data
[2017-05-16 01:07:44] - 2017-05-15 - sales_category is No data
[2017-05-16 01:07:44] - accumul End...
[2017-05-17 01:07:47] - accumul Start...
[2017-05-17 01:07:47] - 2017-05-16 - stats_sales is No data
[2017-05-17 01:07:47] - 2017-05-16 - sales_mdstats is No data
[2017-05-17 01:07:47] - 2017-05-16 - sales_refund is No data
[2017-05-17 01:07:47] - 2017-05-16 - sales_category is No data
[2017-05-17 01:07:47] - accumul End...
[2017-05-18 01:07:37] - accumul Start...
[2017-05-18 01:07:37] - 2017-05-17 - stats_sales is No data
[2017-05-18 01:07:37] - 2017-05-17 - sales_mdstats is No data
[2017-05-18 01:07:37] - 2017-05-17 - sales_refund is No data
[2017-05-18 01:07:37] - 2017-05-17 - sales_category is No data
[2017-05-18 01:07:37] - accumul End...
[2017-05-19 01:07:32] - accumul Start...
[2017-05-19 01:07:32] - 2017-05-18 - stats_sales is No data
[2017-05-19 01:07:32] - 2017-05-18 - sales_mdstats is No data
[2017-05-19 01:07:32] - 2017-05-18 - sales_refund is No data
[2017-05-19 01:07:32] - 2017-05-18 - sales_category is No data
[2017-05-19 01:07:32] - accumul End...
[2017-05-20 01:07:37] - accumul Start...
[2017-05-20 01:07:37] - 2017-05-19 - stats_sales is No data
[2017-05-20 01:07:37] - 2017-05-19 - sales_mdstats is No data
[2017-05-20 01:07:37] - 2017-05-19 - sales_refund is No data
[2017-05-20 01:07:37] - 2017-05-19 - sales_category is No data
[2017-05-20 01:07:37] - accumul End...
[2017-05-21 01:07:21] - accumul Start...
[2017-05-21 01:07:21] - 2017-05-20 - stats_sales is No data
[2017-05-21 01:07:21] - 2017-05-20 - sales_mdstats is No data
[2017-05-21 01:07:21] - 2017-05-20 - sales_refund is No data
[2017-05-21 01:07:21] - 2017-05-20 - sales_category is No data
[2017-05-21 01:07:21] - accumul End...
[2017-05-22 01:07:44] - accumul Start...
[2017-05-22 01:07:44] - 2017-05-21 - stats_sales is No data
[2017-05-22 01:07:44] - 2017-05-21 - sales_mdstats is No data
[2017-05-22 01:07:44] - 2017-05-21 - sales_refund is No data
[2017-05-22 01:07:44] - 2017-05-21 - sales_category is No data
[2017-05-22 01:07:44] - accumul End...
[2017-05-23 01:07:42] - accumul Start...
[2017-05-23 01:07:42] - 2017-05-22 - stats_sales is No data
[2017-05-23 01:07:42] - 2017-05-22 - sales_mdstats is No data
[2017-05-23 01:07:42] - 2017-05-22 - sales_refund is No data
[2017-05-23 01:07:42] - 2017-05-22 - sales_category is No data
[2017-05-23 01:07:42] - accumul End...
[2017-05-24 01:07:43] - accumul Start...
[2017-05-24 01:07:43] - 2017-05-23 - stats_sales is No data
[2017-05-24 01:07:43] - 2017-05-23 - sales_mdstats is No data
[2017-05-24 01:07:43] - 2017-05-23 - sales_refund is No data
[2017-05-24 01:07:43] - 2017-05-23 - sales_category is No data
[2017-05-24 01:07:43] - accumul End...
[2017-05-25 01:07:31] - accumul Start...
[2017-05-25 01:07:31] - 2017-05-24 - stats_sales is No data
[2017-05-25 01:07:31] - 2017-05-24 - sales_mdstats is No data
[2017-05-25 01:07:31] - 2017-05-24 - sales_refund is No data
[2017-05-25 01:07:31] - 2017-05-24 - sales_category is No data
[2017-05-25 01:07:31] - accumul End...
[2017-05-26 01:07:25] - accumul Start...
[2017-05-26 01:07:25] - 2017-05-25 - stats_sales is No data
[2017-05-26 01:07:25] - 2017-05-25 - sales_mdstats is No data
[2017-05-26 01:07:25] - 2017-05-25 - sales_refund is No data
[2017-05-26 01:07:25] - 2017-05-25 - sales_category is No data
[2017-05-26 01:07:25] - accumul End...
[2017-05-27 01:07:44] - accumul Start...
[2017-05-27 01:07:44] - 2017-05-26 - stats_sales is No data
[2017-05-27 01:07:44] - 2017-05-26 - sales_mdstats is No data
[2017-05-27 01:07:44] - 2017-05-26 - sales_refund is No data
[2017-05-27 01:07:44] - 2017-05-26 - sales_category is No data
[2017-05-27 01:07:44] - accumul End...
[2017-05-28 01:07:34] - accumul Start...
[2017-05-28 01:07:34] - 2017-05-27 - stats_sales is No data
[2017-05-28 01:07:35] - 2017-05-27 - sales_mdstats is No data
[2017-05-28 01:07:35] - 2017-05-27 - sales_refund is No data
[2017-05-28 01:07:35] - 2017-05-27 - sales_category is No data
[2017-05-28 01:07:35] - accumul End...
[2017-05-29 01:07:51] - accumul Start...
[2017-05-29 01:07:51] - 2017-05-28 - stats_sales is No data
[2017-05-29 01:07:51] - 2017-05-28 - sales_mdstats is No data
[2017-05-29 01:07:51] - 2017-05-28 - sales_refund is No data
[2017-05-29 01:07:51] - 2017-05-28 - sales_category is No data
[2017-05-29 01:07:51] - accumul End...
[2017-05-30 01:07:39] - accumul Start...
[2017-05-30 01:07:39] - 2017-05-29 - stats_sales is No data
[2017-05-30 01:07:39] - 2017-05-29 - sales_mdstats is No data
[2017-05-30 01:07:39] - 2017-05-29 - sales_refund is No data
[2017-05-30 01:07:39] - 2017-05-29 - sales_category is No data
[2017-05-30 01:07:39] - accumul End...
[2017-05-31 01:07:34] - accumul Start...
[2017-05-31 01:07:35] - 2017-05-30 - stats_sales is No data
[2017-05-31 01:07:35] - 2017-05-30 - sales_mdstats is No data
[2017-05-31 01:07:35] - 2017-05-30 - sales_refund is No data
[2017-05-31 01:07:35] - 2017-05-30 - sales_category is No data
[2017-05-31 01:07:35] - accumul End...
