[2016-12-13 01:04:54] - accumul Start...
[2016-12-13 01:04:54] - 2016-12-12 - stats_sales is No data
[2016-12-13 01:04:54] - 2016-12-12 - sales_mdstats is No data
[2016-12-13 01:04:54] - 2016-12-12 - sales_refund is No data
[2016-12-13 01:04:54] - 2016-12-12 - sales_category is No data
[2016-12-13 01:04:54] - accumul End...
[2016-12-14 01:04:51] - accumul Start...
[2016-12-14 01:04:51] - 2016-12-13 - stats_sales is No data
[2016-12-14 01:04:51] - 2016-12-13 - sales_mdstats is No data
[2016-12-14 01:04:51] - 2016-12-13 - sales_refund is No data
[2016-12-14 01:04:51] - 2016-12-13 - sales_category is No data
[2016-12-14 01:04:51] - accumul End...
[2016-12-15 01:04:43] - accumul Start...
[2016-12-15 01:04:43] - 2016-12-14 - stats_sales is No data
[2016-12-15 01:04:43] - 2016-12-14 - sales_mdstats is No data
[2016-12-15 01:04:43] - 2016-12-14 - sales_refund is No data
[2016-12-15 01:04:43] - 2016-12-14 - sales_category is No data
[2016-12-15 01:04:43] - accumul End...
[2016-12-16 01:04:36] - accumul Start...
[2016-12-16 01:04:36] - 2016-12-15 - stats_sales is No data
[2016-12-16 01:04:36] - 2016-12-15 - sales_mdstats is No data
[2016-12-16 01:04:36] - 2016-12-15 - sales_refund is No data
[2016-12-16 01:04:36] - 2016-12-15 - sales_category is No data
[2016-12-16 01:04:36] - accumul End...
[2016-12-17 01:04:51] - accumul Start...
[2016-12-17 01:04:51] - 2016-12-16 - stats_sales is No data
[2016-12-17 01:04:51] - 2016-12-16 - sales_mdstats is No data
[2016-12-17 01:04:51] - 2016-12-16 - sales_refund is No data
[2016-12-17 01:04:51] - 2016-12-16 - sales_category is No data
[2016-12-17 01:04:51] - accumul End...
[2016-12-18 01:04:33] - accumul Start...
[2016-12-18 01:04:33] - 2016-12-17 - stats_sales is No data
[2016-12-18 01:04:33] - 2016-12-17 - sales_mdstats is No data
[2016-12-18 01:04:33] - 2016-12-17 - sales_refund is No data
[2016-12-18 01:04:33] - 2016-12-17 - sales_category is No data
[2016-12-18 01:04:33] - accumul End...
[2016-12-19 01:04:46] - accumul Start...
[2016-12-19 01:04:46] - 2016-12-18 - stats_sales is No data
[2016-12-19 01:04:46] - 2016-12-18 - sales_mdstats is No data
[2016-12-19 01:04:46] - 2016-12-18 - sales_refund is No data
[2016-12-19 01:04:46] - 2016-12-18 - sales_category is No data
[2016-12-19 01:04:46] - accumul End...
[2016-12-20 01:04:50] - accumul Start...
[2016-12-20 01:04:50] - 2016-12-19 - stats_sales is No data
[2016-12-20 01:04:50] - 2016-12-19 - sales_mdstats is No data
[2016-12-20 01:04:50] - 2016-12-19 - sales_refund is No data
[2016-12-20 01:04:50] - 2016-12-19 - sales_category is No data
[2016-12-20 01:04:50] - accumul End...
[2016-12-21 01:04:53] - accumul Start...
[2016-12-21 01:04:53] - 2016-12-20 - stats_sales is No data
[2016-12-21 01:04:53] - 2016-12-20 - sales_mdstats is No data
[2016-12-21 01:04:53] - 2016-12-20 - sales_refund is No data
[2016-12-21 01:04:53] - 2016-12-20 - sales_category is No data
[2016-12-21 01:04:53] - accumul End...
[2016-12-22 01:04:41] - accumul Start...
[2016-12-22 01:04:41] - 2016-12-21 - stats_sales is No data
[2016-12-22 01:04:41] - 2016-12-21 - sales_mdstats is No data
[2016-12-22 01:04:41] - 2016-12-21 - sales_refund is No data
[2016-12-22 01:04:41] - 2016-12-21 - sales_category is No data
[2016-12-22 01:04:41] - accumul End...
[2016-12-23 01:04:25] - accumul Start...
[2016-12-23 01:04:25] - 2016-12-22 - stats_sales is No data
[2016-12-23 01:04:25] - 2016-12-22 - sales_mdstats is No data
[2016-12-23 01:04:25] - 2016-12-22 - sales_refund is No data
[2016-12-23 01:04:25] - 2016-12-22 - sales_category is No data
[2016-12-23 01:04:25] - accumul End...
[2016-12-24 01:04:33] - accumul Start...
[2016-12-24 01:04:33] - 2016-12-23 - stats_sales is No data
[2016-12-24 01:04:33] - 2016-12-23 - sales_mdstats is No data
[2016-12-24 01:04:33] - 2016-12-23 - sales_refund is No data
[2016-12-24 01:04:33] - 2016-12-23 - sales_category is No data
[2016-12-24 01:04:33] - accumul End...
[2016-12-25 01:04:42] - accumul Start...
[2016-12-25 01:04:42] - 2016-12-24 - stats_sales is No data
[2016-12-25 01:04:42] - 2016-12-24 - sales_mdstats is No data
[2016-12-25 01:04:42] - 2016-12-24 - sales_refund is No data
[2016-12-25 01:04:42] - 2016-12-24 - sales_category is No data
[2016-12-25 01:04:42] - accumul End...
[2016-12-26 01:05:09] - accumul Start...
[2016-12-26 01:05:09] - 2016-12-25 - stats_sales is No data
[2016-12-26 01:05:09] - 2016-12-25 - sales_mdstats is No data
[2016-12-26 01:05:09] - 2016-12-25 - sales_refund is No data
[2016-12-26 01:05:09] - 2016-12-25 - sales_category is No data
[2016-12-26 01:05:09] - accumul End...
[2016-12-27 01:04:27] - accumul Start...
[2016-12-27 01:04:27] - 2016-12-26 - stats_sales is No data
[2016-12-27 01:04:27] - 2016-12-26 - sales_mdstats is No data
[2016-12-27 01:04:27] - 2016-12-26 - sales_refund is No data
[2016-12-27 01:04:27] - 2016-12-26 - sales_category is No data
[2016-12-27 01:04:27] - accumul End...
[2016-12-28 01:04:34] - accumul Start...
[2016-12-28 01:04:34] - 2016-12-27 - stats_sales is No data
[2016-12-28 01:04:34] - 2016-12-27 - sales_mdstats is No data
[2016-12-28 01:04:34] - 2016-12-27 - sales_refund is No data
[2016-12-28 01:04:34] - 2016-12-27 - sales_category is No data
[2016-12-28 01:04:34] - accumul End...
[2016-12-29 01:04:38] - accumul Start...
[2016-12-29 01:04:38] - 2016-12-28 - stats_sales is No data
[2016-12-29 01:04:38] - 2016-12-28 - sales_mdstats is No data
[2016-12-29 01:04:38] - 2016-12-28 - sales_refund is No data
[2016-12-29 01:04:38] - 2016-12-28 - sales_category is No data
[2016-12-29 01:04:38] - accumul End...
[2016-12-30 01:04:46] - accumul Start...
[2016-12-30 01:04:46] - 2016-12-29 - stats_sales is No data
[2016-12-30 01:04:46] - 2016-12-29 - sales_mdstats is No data
[2016-12-30 01:04:46] - 2016-12-29 - sales_refund is No data
[2016-12-30 01:04:46] - 2016-12-29 - sales_category is No data
[2016-12-30 01:04:46] - accumul End...
[2016-12-31 01:04:55] - accumul Start...
[2016-12-31 01:04:55] - 2016-12-30 - stats_sales is No data
[2016-12-31 01:04:55] - 2016-12-30 - sales_mdstats is No data
[2016-12-31 01:04:55] - 2016-12-30 - sales_refund is No data
[2016-12-31 01:04:55] - 2016-12-30 - sales_category is No data
[2016-12-31 01:04:55] - accumul End...
