[2017-01-01 01:05:27] - accumul Start...
[2017-01-01 01:05:27] - 2016-12-31 - stats_sales is No data
[2017-01-01 01:05:27] - 2016-12-31 - sales_mdstats is No data
[2017-01-01 01:05:27] - 2016-12-31 - sales_refund is No data
[2017-01-01 01:05:27] - 2016-12-31 - sales_category is No data
[2017-01-01 01:05:27] - accumul End...
[2017-01-02 01:05:13] - accumul Start...
[2017-01-02 01:05:13] - 2017-01-01 - stats_sales is No data
[2017-01-02 01:05:13] - 2017-01-01 - sales_mdstats is No data
[2017-01-02 01:05:13] - 2017-01-01 - sales_refund is No data
[2017-01-02 01:05:13] - 2017-01-01 - sales_category is No data
[2017-01-02 01:05:13] - accumul End...
[2017-01-03 01:04:54] - accumul Start...
[2017-01-03 01:04:54] - 2017-01-02 - stats_sales is No data
[2017-01-03 01:04:54] - 2017-01-02 - sales_mdstats is No data
[2017-01-03 01:04:54] - 2017-01-02 - sales_refund is No data
[2017-01-03 01:04:54] - 2017-01-02 - sales_category is No data
[2017-01-03 01:04:54] - accumul End...
[2017-01-04 01:05:12] - accumul Start...
[2017-01-04 01:05:12] - 2017-01-03 - stats_sales is No data
[2017-01-04 01:05:12] - 2017-01-03 - sales_mdstats is No data
[2017-01-04 01:05:12] - 2017-01-03 - sales_refund is No data
[2017-01-04 01:05:12] - 2017-01-03 - sales_category is No data
[2017-01-04 01:05:12] - accumul End...
[2017-01-05 01:05:22] - accumul Start...
[2017-01-05 01:05:22] - 2017-01-04 - stats_sales is No data
[2017-01-05 01:05:23] - 2017-01-04 - sales_mdstats is No data
[2017-01-05 01:05:23] - 2017-01-04 - sales_refund is No data
[2017-01-05 01:05:23] - 2017-01-04 - sales_category is No data
[2017-01-05 01:05:23] - accumul End...
[2017-01-06 01:05:17] - accumul Start...
[2017-01-06 01:05:17] - 2017-01-05 - stats_sales is No data
[2017-01-06 01:05:17] - 2017-01-05 - sales_mdstats is No data
[2017-01-06 01:05:17] - 2017-01-05 - sales_refund is No data
[2017-01-06 01:05:17] - 2017-01-05 - sales_category is No data
[2017-01-06 01:05:17] - accumul End...
[2017-01-07 01:05:09] - accumul Start...
[2017-01-07 01:05:09] - 2017-01-06 - stats_sales is No data
[2017-01-07 01:05:09] - 2017-01-06 - sales_mdstats is No data
[2017-01-07 01:05:09] - 2017-01-06 - sales_refund is No data
[2017-01-07 01:05:09] - 2017-01-06 - sales_category is No data
[2017-01-07 01:05:09] - accumul End...
[2017-01-08 01:05:06] - accumul Start...
[2017-01-08 01:05:06] - 2017-01-07 - stats_sales is No data
[2017-01-08 01:05:06] - 2017-01-07 - sales_mdstats is No data
[2017-01-08 01:05:06] - 2017-01-07 - sales_refund is No data
[2017-01-08 01:05:06] - 2017-01-07 - sales_category is No data
[2017-01-08 01:05:06] - accumul End...
[2017-01-09 01:05:15] - accumul Start...
[2017-01-09 01:05:15] - 2017-01-08 - stats_sales is No data
[2017-01-09 01:05:15] - 2017-01-08 - sales_mdstats is No data
[2017-01-09 01:05:15] - 2017-01-08 - sales_refund is No data
[2017-01-09 01:05:15] - 2017-01-08 - sales_category is No data
[2017-01-09 01:05:15] - accumul End...
[2017-01-10 01:05:18] - accumul Start...
[2017-01-10 01:05:18] - 2017-01-09 - stats_sales is No data
[2017-01-10 01:05:18] - 2017-01-09 - sales_mdstats is No data
[2017-01-10 01:05:18] - 2017-01-09 - sales_refund is No data
[2017-01-10 01:05:18] - 2017-01-09 - sales_category is No data
[2017-01-10 01:05:18] - accumul End...
[2017-01-11 01:05:23] - accumul Start...
[2017-01-11 01:05:23] - 2017-01-10 - stats_sales is No data
[2017-01-11 01:05:23] - 2017-01-10 - sales_mdstats is No data
[2017-01-11 01:05:23] - 2017-01-10 - sales_refund is No data
[2017-01-11 01:05:23] - 2017-01-10 - sales_category is No data
[2017-01-11 01:05:23] - accumul End...
[2017-01-12 01:05:17] - accumul Start...
[2017-01-12 01:05:17] - 2017-01-11 - stats_sales is No data
[2017-01-12 01:05:17] - 2017-01-11 - sales_mdstats is No data
[2017-01-12 01:05:17] - 2017-01-11 - sales_refund is No data
[2017-01-12 01:05:17] - 2017-01-11 - sales_category is No data
[2017-01-12 01:05:17] - accumul End...
[2017-01-13 01:05:19] - accumul Start...
[2017-01-13 01:05:19] - 2017-01-12 - stats_sales is No data
[2017-01-13 01:05:19] - 2017-01-12 - sales_mdstats is No data
[2017-01-13 01:05:19] - 2017-01-12 - sales_refund is No data
[2017-01-13 01:05:19] - 2017-01-12 - sales_category is No data
[2017-01-13 01:05:19] - accumul End...
[2017-01-14 01:05:23] - accumul Start...
[2017-01-14 01:05:23] - 2017-01-13 - stats_sales is No data
[2017-01-14 01:05:23] - 2017-01-13 - sales_mdstats is No data
[2017-01-14 01:05:23] - 2017-01-13 - sales_refund is No data
[2017-01-14 01:05:23] - 2017-01-13 - sales_category is No data
[2017-01-14 01:05:23] - accumul End...
[2017-01-15 01:05:16] - accumul Start...
[2017-01-15 01:05:16] - 2017-01-14 - stats_sales is No data
[2017-01-15 01:05:16] - 2017-01-14 - sales_mdstats is No data
[2017-01-15 01:05:16] - 2017-01-14 - sales_refund is No data
[2017-01-15 01:05:16] - 2017-01-14 - sales_category is No data
[2017-01-15 01:05:16] - accumul End...
[2017-01-16 01:05:13] - accumul Start...
[2017-01-16 01:05:13] - 2017-01-15 - stats_sales is No data
[2017-01-16 01:05:13] - 2017-01-15 - sales_mdstats is No data
[2017-01-16 01:05:13] - 2017-01-15 - sales_refund is No data
[2017-01-16 01:05:13] - 2017-01-15 - sales_category is No data
[2017-01-16 01:05:13] - accumul End...
[2017-01-17 01:05:17] - accumul Start...
[2017-01-17 01:05:17] - 2017-01-16 - stats_sales is No data
[2017-01-17 01:05:17] - 2017-01-16 - sales_mdstats is No data
[2017-01-17 01:05:17] - 2017-01-16 - sales_refund is No data
[2017-01-17 01:05:17] - 2017-01-16 - sales_category is No data
[2017-01-17 01:05:17] - accumul End...
[2017-01-18 01:05:27] - accumul Start...
[2017-01-18 01:05:27] - 2017-01-17 - stats_sales is No data
[2017-01-18 01:05:27] - 2017-01-17 - sales_mdstats is No data
[2017-01-18 01:05:27] - 2017-01-17 - sales_refund is No data
[2017-01-18 01:05:27] - 2017-01-17 - sales_category is No data
[2017-01-18 01:05:27] - accumul End...
[2017-01-19 01:05:35] - accumul Start...
[2017-01-19 01:05:35] - 2017-01-18 - stats_sales is No data
[2017-01-19 01:05:35] - 2017-01-18 - sales_mdstats is No data
[2017-01-19 01:05:35] - 2017-01-18 - sales_refund is No data
[2017-01-19 01:05:35] - 2017-01-18 - sales_category is No data
[2017-01-19 01:05:35] - accumul End...
[2017-01-20 01:05:48] - accumul Start...
[2017-01-20 01:05:48] - 2017-01-19 - stats_sales is No data
[2017-01-20 01:05:48] - 2017-01-19 - sales_mdstats is No data
[2017-01-20 01:05:48] - 2017-01-19 - sales_refund is No data
[2017-01-20 01:05:48] - 2017-01-19 - sales_category is No data
[2017-01-20 01:05:48] - accumul End...
[2017-01-21 01:05:26] - accumul Start...
[2017-01-21 01:05:26] - 2017-01-20 - stats_sales is No data
[2017-01-21 01:05:26] - 2017-01-20 - sales_mdstats is No data
[2017-01-21 01:05:26] - 2017-01-20 - sales_refund is No data
[2017-01-21 01:05:26] - 2017-01-20 - sales_category is No data
[2017-01-21 01:05:26] - accumul End...
[2017-01-22 01:05:26] - accumul Start...
[2017-01-22 01:05:26] - 2017-01-21 - stats_sales is No data
[2017-01-22 01:05:26] - 2017-01-21 - sales_mdstats is No data
[2017-01-22 01:05:26] - 2017-01-21 - sales_refund is No data
[2017-01-22 01:05:26] - 2017-01-21 - sales_category is No data
[2017-01-22 01:05:26] - accumul End...
[2017-01-23 01:05:27] - accumul Start...
[2017-01-23 01:05:27] - 2017-01-22 - stats_sales is No data
[2017-01-23 01:05:27] - 2017-01-22 - sales_mdstats is No data
[2017-01-23 01:05:27] - 2017-01-22 - sales_refund is No data
[2017-01-23 01:05:27] - 2017-01-22 - sales_category is No data
[2017-01-23 01:05:27] - accumul End...
[2017-01-24 01:05:34] - accumul Start...
[2017-01-24 01:05:34] - 2017-01-23 - stats_sales is No data
[2017-01-24 01:05:34] - 2017-01-23 - sales_mdstats is No data
[2017-01-24 01:05:34] - 2017-01-23 - sales_refund is No data
[2017-01-24 01:05:34] - 2017-01-23 - sales_category is No data
[2017-01-24 01:05:34] - accumul End...
[2017-01-25 01:05:17] - accumul Start...
[2017-01-25 01:05:17] - 2017-01-24 - stats_sales is No data
[2017-01-25 01:05:17] - 2017-01-24 - sales_mdstats is No data
[2017-01-25 01:05:17] - 2017-01-24 - sales_refund is No data
[2017-01-25 01:05:17] - 2017-01-24 - sales_category is No data
[2017-01-25 01:05:17] - accumul End...
[2017-01-26 01:05:21] - accumul Start...
[2017-01-26 01:05:21] - 2017-01-25 - stats_sales is No data
[2017-01-26 01:05:21] - 2017-01-25 - sales_mdstats is No data
[2017-01-26 01:05:21] - 2017-01-25 - sales_refund is No data
[2017-01-26 01:05:21] - 2017-01-25 - sales_category is No data
[2017-01-26 01:05:21] - accumul End...
[2017-01-27 01:05:16] - accumul Start...
[2017-01-27 01:05:16] - 2017-01-26 - stats_sales is No data
[2017-01-27 01:05:16] - 2017-01-26 - sales_mdstats is No data
[2017-01-27 01:05:16] - 2017-01-26 - sales_refund is No data
[2017-01-27 01:05:16] - 2017-01-26 - sales_category is No data
[2017-01-27 01:05:16] - accumul End...
[2017-01-28 01:05:10] - accumul Start...
[2017-01-28 01:05:10] - 2017-01-27 - stats_sales is No data
[2017-01-28 01:05:10] - 2017-01-27 - sales_mdstats is No data
[2017-01-28 01:05:10] - 2017-01-27 - sales_refund is No data
[2017-01-28 01:05:10] - 2017-01-27 - sales_category is No data
[2017-01-28 01:05:10] - accumul End...
[2017-01-29 01:05:20] - accumul Start...
[2017-01-29 01:05:20] - 2017-01-28 - stats_sales is No data
[2017-01-29 01:05:20] - 2017-01-28 - sales_mdstats is No data
[2017-01-29 01:05:20] - 2017-01-28 - sales_refund is No data
[2017-01-29 01:05:20] - 2017-01-28 - sales_category is No data
[2017-01-29 01:05:20] - accumul End...
[2017-01-30 01:05:26] - accumul Start...
[2017-01-30 01:05:26] - 2017-01-29 - stats_sales is No data
[2017-01-30 01:05:26] - 2017-01-29 - sales_mdstats is No data
[2017-01-30 01:05:26] - 2017-01-29 - sales_refund is No data
[2017-01-30 01:05:26] - 2017-01-29 - sales_category is No data
[2017-01-30 01:05:26] - accumul End...
[2017-01-31 01:05:29] - accumul Start...
[2017-01-31 01:05:29] - 2017-01-30 - stats_sales is No data
[2017-01-31 01:05:29] - 2017-01-30 - sales_mdstats is No data
[2017-01-31 01:05:29] - 2017-01-30 - sales_refund is No data
[2017-01-31 01:05:29] - 2017-01-30 - sales_category is No data
[2017-01-31 01:05:29] - accumul End...
