[2017-06-01 01:08:35] - accumul Start...
[2017-06-01 01:08:35] - 2017-05-31 - stats_sales is No data
[2017-06-01 01:08:35] - 2017-05-31 - sales_mdstats is No data
[2017-06-01 01:08:35] - 2017-05-31 - sales_refund is No data
[2017-06-01 01:08:35] - 2017-05-31 - sales_category is No data
[2017-06-01 01:08:35] - accumul End...
[2017-06-02 01:07:13] - accumul Start...
[2017-06-02 01:07:13] - 2017-06-01 - stats_sales is No data
[2017-06-02 01:07:13] - 2017-06-01 - sales_mdstats is No data
[2017-06-02 01:07:13] - 2017-06-01 - sales_refund is No data
[2017-06-02 01:07:13] - 2017-06-01 - sales_category is No data
[2017-06-02 01:07:13] - accumul End...
[2017-06-03 01:07:29] - accumul Start...
[2017-06-03 01:07:29] - 2017-06-02 - stats_sales is No data
[2017-06-03 01:07:29] - 2017-06-02 - sales_mdstats is No data
[2017-06-03 01:07:29] - 2017-06-02 - sales_refund is No data
[2017-06-03 01:07:30] - 2017-06-02 - sales_category is No data
[2017-06-03 01:07:30] - accumul End...
[2017-06-04 01:07:31] - accumul Start...
[2017-06-04 01:07:31] - 2017-06-03 - stats_sales is No data
[2017-06-04 01:07:31] - 2017-06-03 - sales_mdstats is No data
[2017-06-04 01:07:31] - 2017-06-03 - sales_refund is No data
[2017-06-04 01:07:31] - 2017-06-03 - sales_category is No data
[2017-06-04 01:07:31] - accumul End...
[2017-06-05 01:07:31] - accumul Start...
[2017-06-05 01:07:31] - 2017-06-04 - stats_sales is No data
[2017-06-05 01:07:31] - 2017-06-04 - sales_mdstats is No data
[2017-06-05 01:07:31] - 2017-06-04 - sales_refund is No data
[2017-06-05 01:07:31] - 2017-06-04 - sales_category is No data
[2017-06-05 01:07:31] - accumul End...
[2017-06-06 01:07:30] - accumul Start...
[2017-06-06 01:07:30] - 2017-06-05 - stats_sales is No data
[2017-06-06 01:07:30] - 2017-06-05 - sales_mdstats is No data
[2017-06-06 01:07:30] - 2017-06-05 - sales_refund is No data
[2017-06-06 01:07:30] - 2017-06-05 - sales_category is No data
[2017-06-06 01:07:30] - accumul End...
[2017-06-07 01:07:36] - accumul Start...
[2017-06-07 01:07:36] - 2017-06-06 - stats_sales is No data
[2017-06-07 01:07:36] - 2017-06-06 - sales_mdstats is No data
[2017-06-07 01:07:36] - 2017-06-06 - sales_refund is No data
[2017-06-07 01:07:36] - 2017-06-06 - sales_category is No data
[2017-06-07 01:07:36] - accumul End...
[2017-06-08 01:07:37] - accumul Start...
[2017-06-08 01:07:37] - 2017-06-07 - stats_sales is No data
[2017-06-08 01:07:37] - 2017-06-07 - sales_mdstats is No data
[2017-06-08 01:07:37] - 2017-06-07 - sales_refund is No data
[2017-06-08 01:07:37] - 2017-06-07 - sales_category is No data
[2017-06-08 01:07:37] - accumul End...
[2017-06-09 01:07:32] - accumul Start...
[2017-06-09 01:07:32] - 2017-06-08 - stats_sales is No data
[2017-06-09 01:07:32] - 2017-06-08 - sales_mdstats is No data
[2017-06-09 01:07:32] - 2017-06-08 - sales_refund is No data
[2017-06-09 01:07:32] - 2017-06-08 - sales_category is No data
[2017-06-09 01:07:32] - accumul End...
[2017-06-10 01:07:39] - accumul Start...
[2017-06-10 01:07:39] - 2017-06-09 - stats_sales is No data
[2017-06-10 01:07:39] - 2017-06-09 - sales_mdstats is No data
[2017-06-10 01:07:39] - 2017-06-09 - sales_refund is No data
[2017-06-10 01:07:39] - 2017-06-09 - sales_category is No data
[2017-06-10 01:07:39] - accumul End...
[2017-06-11 01:07:32] - accumul Start...
[2017-06-11 01:07:32] - 2017-06-10 - stats_sales is No data
[2017-06-11 01:07:32] - 2017-06-10 - sales_mdstats is No data
[2017-06-11 01:07:32] - 2017-06-10 - sales_refund is No data
[2017-06-11 01:07:32] - 2017-06-10 - sales_category is No data
[2017-06-11 01:07:32] - accumul End...
[2017-06-12 01:07:28] - accumul Start...
[2017-06-12 01:07:28] - 2017-06-11 - stats_sales is No data
[2017-06-12 01:07:28] - 2017-06-11 - sales_mdstats is No data
[2017-06-12 01:07:28] - 2017-06-11 - sales_refund is No data
[2017-06-12 01:07:29] - 2017-06-11 - sales_category is No data
[2017-06-12 01:07:29] - accumul End...
[2017-06-13 01:07:35] - accumul Start...
[2017-06-13 01:07:35] - 2017-06-12 - stats_sales is No data
[2017-06-13 01:07:35] - 2017-06-12 - sales_mdstats is No data
[2017-06-13 01:07:35] - 2017-06-12 - sales_refund is No data
[2017-06-13 01:07:35] - 2017-06-12 - sales_category is No data
[2017-06-13 01:07:35] - accumul End...
[2017-06-14 01:06:54] - accumul Start...
[2017-06-14 01:06:54] - 2017-06-13 - stats_sales is No data
[2017-06-14 01:06:54] - 2017-06-13 - sales_mdstats is No data
[2017-06-14 01:06:54] - 2017-06-13 - sales_refund is No data
[2017-06-14 01:06:54] - 2017-06-13 - sales_category is No data
[2017-06-14 01:06:54] - accumul End...
[2017-06-15 01:07:33] - accumul Start...
[2017-06-15 01:07:33] - 2017-06-14 - stats_sales is No data
[2017-06-15 01:07:33] - 2017-06-14 - sales_mdstats is No data
[2017-06-15 01:07:33] - 2017-06-14 - sales_refund is No data
[2017-06-15 01:07:33] - 2017-06-14 - sales_category is No data
[2017-06-15 01:07:33] - accumul End...
[2017-06-16 01:07:45] - accumul Start...
[2017-06-16 01:07:45] - 2017-06-15 - stats_sales is No data
[2017-06-16 01:07:45] - 2017-06-15 - sales_mdstats is No data
[2017-06-16 01:07:45] - 2017-06-15 - sales_refund is No data
[2017-06-16 01:07:45] - 2017-06-15 - sales_category is No data
[2017-06-16 01:07:45] - accumul End...
[2017-06-17 01:07:43] - accumul Start...
[2017-06-17 01:07:43] - 2017-06-16 - stats_sales is No data
[2017-06-17 01:07:43] - 2017-06-16 - sales_mdstats is No data
[2017-06-17 01:07:43] - 2017-06-16 - sales_refund is No data
[2017-06-17 01:07:43] - 2017-06-16 - sales_category is No data
[2017-06-17 01:07:43] - accumul End...
[2017-06-18 01:07:09] - accumul Start...
[2017-06-18 01:07:09] - 2017-06-17 - stats_sales is No data
[2017-06-18 01:07:09] - 2017-06-17 - sales_mdstats is No data
[2017-06-18 01:07:10] - 2017-06-17 - sales_refund is No data
[2017-06-18 01:07:10] - 2017-06-17 - sales_category is No data
[2017-06-18 01:07:10] - accumul End...
[2017-06-19 01:06:48] - accumul Start...
[2017-06-19 01:06:48] - 2017-06-18 - stats_sales is No data
[2017-06-19 01:06:48] - 2017-06-18 - sales_mdstats is No data
[2017-06-19 01:06:48] - 2017-06-18 - sales_refund is No data
[2017-06-19 01:06:48] - 2017-06-18 - sales_category is No data
[2017-06-19 01:06:48] - accumul End...
[2017-06-20 01:07:14] - accumul Start...
[2017-06-20 01:07:14] - 2017-06-19 - stats_sales is No data
[2017-06-20 01:07:14] - 2017-06-19 - sales_mdstats is No data
[2017-06-20 01:07:14] - 2017-06-19 - sales_refund is No data
[2017-06-20 01:07:14] - 2017-06-19 - sales_category is No data
[2017-06-20 01:07:14] - accumul End...
[2017-06-21 01:07:16] - accumul Start...
[2017-06-21 01:07:16] - 2017-06-20 - stats_sales is No data
[2017-06-21 01:07:16] - 2017-06-20 - sales_mdstats is No data
[2017-06-21 01:07:16] - 2017-06-20 - sales_refund is No data
[2017-06-21 01:07:16] - 2017-06-20 - sales_category is No data
[2017-06-21 01:07:16] - accumul End...
[2017-06-22 01:06:53] - accumul Start...
[2017-06-22 01:06:53] - 2017-06-21 - stats_sales is No data
[2017-06-22 01:06:53] - 2017-06-21 - sales_mdstats is No data
[2017-06-22 01:06:54] - 2017-06-21 - sales_refund is No data
[2017-06-22 01:06:54] - 2017-06-21 - sales_category is No data
[2017-06-22 01:06:54] - accumul End...
[2017-06-23 01:07:33] - accumul Start...
[2017-06-23 01:07:33] - 2017-06-22 - stats_sales is No data
[2017-06-23 01:07:33] - 2017-06-22 - sales_mdstats is No data
[2017-06-23 01:07:33] - 2017-06-22 - sales_refund is No data
[2017-06-23 01:07:33] - 2017-06-22 - sales_category is No data
[2017-06-23 01:07:33] - accumul End...
