[2017-02-01 01:06:09] - accumul Start...
[2017-02-01 01:06:09] - 2017-01-31 - stats_sales is No data
[2017-02-01 01:06:09] - 2017-01-31 - sales_mdstats is No data
[2017-02-01 01:06:09] - 2017-01-31 - sales_refund is No data
[2017-02-01 01:06:09] - 2017-01-31 - sales_category is No data
[2017-02-01 01:06:09] - accumul End...
[2017-02-02 01:05:28] - accumul Start...
[2017-02-02 01:05:28] - 2017-02-01 - stats_sales is No data
[2017-02-02 01:05:29] - 2017-02-01 - sales_mdstats is No data
[2017-02-02 01:05:29] - 2017-02-01 - sales_refund is No data
[2017-02-02 01:05:29] - 2017-02-01 - sales_category is No data
[2017-02-02 01:05:29] - accumul End...
[2017-02-03 01:05:34] - accumul Start...
[2017-02-03 01:05:34] - 2017-02-02 - stats_sales is No data
[2017-02-03 01:05:34] - 2017-02-02 - sales_mdstats is No data
[2017-02-03 01:05:34] - 2017-02-02 - sales_refund is No data
[2017-02-03 01:05:34] - 2017-02-02 - sales_category is No data
[2017-02-03 01:05:34] - accumul End...
[2017-02-04 01:05:26] - accumul Start...
[2017-02-04 01:05:26] - 2017-02-03 - stats_sales is No data
[2017-02-04 01:05:26] - 2017-02-03 - sales_mdstats is No data
[2017-02-04 01:05:26] - 2017-02-03 - sales_refund is No data
[2017-02-04 01:05:26] - 2017-02-03 - sales_category is No data
[2017-02-04 01:05:26] - accumul End...
[2017-02-05 01:05:22] - accumul Start...
[2017-02-05 01:05:22] - 2017-02-04 - stats_sales is No data
[2017-02-05 01:05:22] - 2017-02-04 - sales_mdstats is No data
[2017-02-05 01:05:22] - 2017-02-04 - sales_refund is No data
[2017-02-05 01:05:22] - 2017-02-04 - sales_category is No data
[2017-02-05 01:05:22] - accumul End...
[2017-02-06 01:05:37] - accumul Start...
[2017-02-06 01:05:37] - 2017-02-05 - stats_sales is No data
[2017-02-06 01:05:37] - 2017-02-05 - sales_mdstats is No data
[2017-02-06 01:05:37] - 2017-02-05 - sales_refund is No data
[2017-02-06 01:05:37] - 2017-02-05 - sales_category is No data
[2017-02-06 01:05:37] - accumul End...
[2017-02-07 01:05:25] - accumul Start...
[2017-02-07 01:05:25] - 2017-02-06 - stats_sales is No data
[2017-02-07 01:05:25] - 2017-02-06 - sales_mdstats is No data
[2017-02-07 01:05:25] - 2017-02-06 - sales_refund is No data
[2017-02-07 01:05:25] - 2017-02-06 - sales_category is No data
[2017-02-07 01:05:25] - accumul End...
[2017-02-08 01:05:31] - accumul Start...
[2017-02-08 01:05:31] - 2017-02-07 - stats_sales is No data
[2017-02-08 01:05:31] - 2017-02-07 - sales_mdstats is No data
[2017-02-08 01:05:31] - 2017-02-07 - sales_refund is No data
[2017-02-08 01:05:31] - 2017-02-07 - sales_category is No data
[2017-02-08 01:05:31] - accumul End...
[2017-02-09 01:05:25] - accumul Start...
[2017-02-09 01:05:25] - 2017-02-08 - stats_sales is No data
[2017-02-09 01:05:25] - 2017-02-08 - sales_mdstats is No data
[2017-02-09 01:05:25] - 2017-02-08 - sales_refund is No data
[2017-02-09 01:05:25] - 2017-02-08 - sales_category is No data
[2017-02-09 01:05:25] - accumul End...
[2017-02-10 01:05:24] - accumul Start...
[2017-02-10 01:05:24] - 2017-02-09 - stats_sales is No data
[2017-02-10 01:05:24] - 2017-02-09 - sales_mdstats is No data
[2017-02-10 01:05:24] - 2017-02-09 - sales_refund is No data
[2017-02-10 01:05:24] - 2017-02-09 - sales_category is No data
[2017-02-10 01:05:24] - accumul End...
[2017-02-11 01:05:33] - accumul Start...
[2017-02-11 01:05:33] - 2017-02-10 - stats_sales is No data
[2017-02-11 01:05:33] - 2017-02-10 - sales_mdstats is No data
[2017-02-11 01:05:33] - 2017-02-10 - sales_refund is No data
[2017-02-11 01:05:33] - 2017-02-10 - sales_category is No data
[2017-02-11 01:05:33] - accumul End...
[2017-02-12 01:05:16] - accumul Start...
[2017-02-12 01:05:16] - 2017-02-11 - stats_sales is No data
[2017-02-12 01:05:16] - 2017-02-11 - sales_mdstats is No data
[2017-02-12 01:05:16] - 2017-02-11 - sales_refund is No data
[2017-02-12 01:05:16] - 2017-02-11 - sales_category is No data
[2017-02-12 01:05:16] - accumul End...
[2017-02-13 01:05:35] - accumul Start...
[2017-02-13 01:05:35] - 2017-02-12 - stats_sales is No data
[2017-02-13 01:05:35] - 2017-02-12 - sales_mdstats is No data
[2017-02-13 01:05:35] - 2017-02-12 - sales_refund is No data
[2017-02-13 01:05:35] - 2017-02-12 - sales_category is No data
[2017-02-13 01:05:35] - accumul End...
[2017-02-14 01:05:28] - accumul Start...
[2017-02-14 01:05:28] - 2017-02-13 - stats_sales is No data
[2017-02-14 01:05:28] - 2017-02-13 - sales_mdstats is No data
[2017-02-14 01:05:28] - 2017-02-13 - sales_refund is No data
[2017-02-14 01:05:28] - 2017-02-13 - sales_category is No data
[2017-02-14 01:05:28] - accumul End...
[2017-02-15 01:05:21] - accumul Start...
[2017-02-15 01:05:21] - 2017-02-14 - stats_sales is No data
[2017-02-15 01:05:21] - 2017-02-14 - sales_mdstats is No data
[2017-02-15 01:05:21] - 2017-02-14 - sales_refund is No data
[2017-02-15 01:05:21] - 2017-02-14 - sales_category is No data
[2017-02-15 01:05:21] - accumul End...
[2017-02-16 01:05:21] - accumul Start...
[2017-02-16 01:05:21] - 2017-02-15 - stats_sales is No data
[2017-02-16 01:05:21] - 2017-02-15 - sales_mdstats is No data
[2017-02-16 01:05:21] - 2017-02-15 - sales_refund is No data
[2017-02-16 01:05:21] - 2017-02-15 - sales_category is No data
[2017-02-16 01:05:21] - accumul End...
[2017-02-17 01:05:20] - accumul Start...
[2017-02-17 01:05:20] - 2017-02-16 - stats_sales is No data
[2017-02-17 01:05:20] - 2017-02-16 - sales_mdstats is No data
[2017-02-17 01:05:20] - 2017-02-16 - sales_refund is No data
[2017-02-17 01:05:20] - 2017-02-16 - sales_category is No data
[2017-02-17 01:05:20] - accumul End...
[2017-02-18 01:05:53] - accumul Start...
[2017-02-18 01:05:53] - 2017-02-17 - stats_sales is No data
[2017-02-18 01:05:53] - 2017-02-17 - sales_mdstats is No data
[2017-02-18 01:05:53] - 2017-02-17 - sales_refund is No data
[2017-02-18 01:05:53] - 2017-02-17 - sales_category is No data
[2017-02-18 01:05:53] - accumul End...
[2017-02-19 01:05:17] - accumul Start...
[2017-02-19 01:05:17] - 2017-02-18 - stats_sales is No data
[2017-02-19 01:05:17] - 2017-02-18 - sales_mdstats is No data
[2017-02-19 01:05:17] - 2017-02-18 - sales_refund is No data
[2017-02-19 01:05:17] - 2017-02-18 - sales_category is No data
[2017-02-19 01:05:17] - accumul End...
[2017-02-20 01:05:21] - accumul Start...
[2017-02-20 01:05:21] - 2017-02-19 - stats_sales is No data
[2017-02-20 01:05:21] - 2017-02-19 - sales_mdstats is No data
[2017-02-20 01:05:21] - 2017-02-19 - sales_refund is No data
[2017-02-20 01:05:21] - 2017-02-19 - sales_category is No data
[2017-02-20 01:05:21] - accumul End...
[2017-02-21 01:05:18] - accumul Start...
[2017-02-21 01:05:18] - 2017-02-20 - stats_sales is No data
[2017-02-21 01:05:18] - 2017-02-20 - sales_mdstats is No data
[2017-02-21 01:05:18] - 2017-02-20 - sales_refund is No data
[2017-02-21 01:05:18] - 2017-02-20 - sales_category is No data
[2017-02-21 01:05:18] - accumul End...
[2017-02-22 01:05:19] - accumul Start...
[2017-02-22 01:05:19] - 2017-02-21 - stats_sales is No data
[2017-02-22 01:05:19] - 2017-02-21 - sales_mdstats is No data
[2017-02-22 01:05:19] - 2017-02-21 - sales_refund is No data
[2017-02-22 01:05:19] - 2017-02-21 - sales_category is No data
[2017-02-22 01:05:19] - accumul End...
[2017-02-23 01:05:27] - accumul Start...
[2017-02-23 01:05:27] - 2017-02-22 - stats_sales is No data
[2017-02-23 01:05:27] - 2017-02-22 - sales_mdstats is No data
[2017-02-23 01:05:27] - 2017-02-22 - sales_refund is No data
[2017-02-23 01:05:27] - 2017-02-22 - sales_category is No data
[2017-02-23 01:05:27] - accumul End...
[2017-02-24 01:05:19] - accumul Start...
[2017-02-24 01:05:19] - 2017-02-23 - stats_sales is No data
[2017-02-24 01:05:19] - 2017-02-23 - sales_mdstats is No data
[2017-02-24 01:05:19] - 2017-02-23 - sales_refund is No data
[2017-02-24 01:05:19] - 2017-02-23 - sales_category is No data
[2017-02-24 01:05:19] - accumul End...
[2017-02-25 01:05:26] - accumul Start...
[2017-02-25 01:05:26] - 2017-02-24 - stats_sales is No data
[2017-02-25 01:05:26] - 2017-02-24 - sales_mdstats is No data
[2017-02-25 01:05:26] - 2017-02-24 - sales_refund is No data
[2017-02-25 01:05:26] - 2017-02-24 - sales_category is No data
[2017-02-25 01:05:26] - accumul End...
[2017-02-26 01:05:20] - accumul Start...
[2017-02-26 01:05:20] - 2017-02-25 - stats_sales is No data
[2017-02-26 01:05:20] - 2017-02-25 - sales_mdstats is No data
[2017-02-26 01:05:20] - 2017-02-25 - sales_refund is No data
[2017-02-26 01:05:20] - 2017-02-25 - sales_category is No data
[2017-02-26 01:05:20] - accumul End...
[2017-02-27 01:05:34] - accumul Start...
[2017-02-27 01:05:34] - 2017-02-26 - stats_sales is No data
[2017-02-27 01:05:34] - 2017-02-26 - sales_mdstats is No data
[2017-02-27 01:05:34] - 2017-02-26 - sales_refund is No data
[2017-02-27 01:05:34] - 2017-02-26 - sales_category is No data
[2017-02-27 01:05:34] - accumul End...
[2017-02-28 01:05:29] - accumul Start...
[2017-02-28 01:05:29] - 2017-02-27 - stats_sales is No data
[2017-02-28 01:05:29] - 2017-02-27 - sales_mdstats is No data
[2017-02-28 01:05:29] - 2017-02-27 - sales_refund is No data
[2017-02-28 01:05:29] - 2017-02-27 - sales_category is No data
[2017-02-28 01:05:29] - accumul End...
