[2017-03-01 01:06:05] - accumul Start...
[2017-03-01 01:06:05] - 2017-02-28 - stats_sales is No data
[2017-03-01 01:06:05] - 2017-02-28 - sales_mdstats is No data
[2017-03-01 01:06:05] - 2017-02-28 - sales_refund is No data
[2017-03-01 01:06:05] - 2017-02-28 - sales_category is No data
[2017-03-01 01:06:05] - accumul End...
[2017-03-02 01:05:30] - accumul Start...
[2017-03-02 01:05:30] - 2017-03-01 - stats_sales is No data
[2017-03-02 01:05:30] - 2017-03-01 - sales_mdstats is No data
[2017-03-02 01:05:31] - 2017-03-01 - sales_refund is No data
[2017-03-02 01:05:31] - 2017-03-01 - sales_category is No data
[2017-03-02 01:05:31] - accumul End...
[2017-03-03 01:05:34] - accumul Start...
[2017-03-03 01:05:34] - 2017-03-02 - stats_sales is No data
[2017-03-03 01:05:34] - 2017-03-02 - sales_mdstats is No data
[2017-03-03 01:05:34] - 2017-03-02 - sales_refund is No data
[2017-03-03 01:05:34] - 2017-03-02 - sales_category is No data
[2017-03-03 01:05:34] - accumul End...
[2017-03-04 01:05:21] - accumul Start...
[2017-03-04 01:05:21] - 2017-03-03 - stats_sales is No data
[2017-03-04 01:05:21] - 2017-03-03 - sales_mdstats is No data
[2017-03-04 01:05:21] - 2017-03-03 - sales_refund is No data
[2017-03-04 01:05:21] - 2017-03-03 - sales_category is No data
[2017-03-04 01:05:21] - accumul End...
[2017-03-05 01:05:24] - accumul Start...
[2017-03-05 01:05:24] - 2017-03-04 - stats_sales is No data
[2017-03-05 01:05:24] - 2017-03-04 - sales_mdstats is No data
[2017-03-05 01:05:24] - 2017-03-04 - sales_refund is No data
[2017-03-05 01:05:24] - 2017-03-04 - sales_category is No data
[2017-03-05 01:05:24] - accumul End...
[2017-03-06 01:05:33] - accumul Start...
[2017-03-06 01:05:33] - 2017-03-05 - stats_sales is No data
[2017-03-06 01:05:33] - 2017-03-05 - sales_mdstats is No data
[2017-03-06 01:05:33] - 2017-03-05 - sales_refund is No data
[2017-03-06 01:05:33] - 2017-03-05 - sales_category is No data
[2017-03-06 01:05:33] - accumul End...
[2017-03-07 01:05:35] - accumul Start...
[2017-03-07 01:05:35] - 2017-03-06 - stats_sales is No data
[2017-03-07 01:05:35] - 2017-03-06 - sales_mdstats is No data
[2017-03-07 01:05:35] - 2017-03-06 - sales_refund is No data
[2017-03-07 01:05:35] - 2017-03-06 - sales_category is No data
[2017-03-07 01:05:35] - accumul End...
[2017-03-08 01:05:20] - accumul Start...
[2017-03-08 01:05:20] - 2017-03-07 - stats_sales is No data
[2017-03-08 01:05:20] - 2017-03-07 - sales_mdstats is No data
[2017-03-08 01:05:20] - 2017-03-07 - sales_refund is No data
[2017-03-08 01:05:20] - 2017-03-07 - sales_category is No data
[2017-03-08 01:05:20] - accumul End...
[2017-03-09 01:05:29] - accumul Start...
[2017-03-09 01:05:29] - 2017-03-08 - stats_sales is No data
[2017-03-09 01:05:29] - 2017-03-08 - sales_mdstats is No data
[2017-03-09 01:05:29] - 2017-03-08 - sales_refund is No data
[2017-03-09 01:05:29] - 2017-03-08 - sales_category is No data
[2017-03-09 01:05:29] - accumul End...
[2017-03-10 01:05:40] - accumul Start...
[2017-03-10 01:05:40] - 2017-03-09 - stats_sales is No data
[2017-03-10 01:05:40] - 2017-03-09 - sales_mdstats is No data
[2017-03-10 01:05:40] - 2017-03-09 - sales_refund is No data
[2017-03-10 01:05:40] - 2017-03-09 - sales_category is No data
[2017-03-10 01:05:40] - accumul End...
[2017-03-11 01:05:45] - accumul Start...
[2017-03-11 01:05:45] - 2017-03-10 - stats_sales is No data
[2017-03-11 01:05:45] - 2017-03-10 - sales_mdstats is No data
[2017-03-11 01:05:45] - 2017-03-10 - sales_refund is No data
[2017-03-11 01:05:45] - 2017-03-10 - sales_category is No data
[2017-03-11 01:05:45] - accumul End...
[2017-03-12 01:05:34] - accumul Start...
[2017-03-12 01:05:34] - 2017-03-11 - stats_sales is No data
[2017-03-12 01:05:34] - 2017-03-11 - sales_mdstats is No data
[2017-03-12 01:05:34] - 2017-03-11 - sales_refund is No data
[2017-03-12 01:05:34] - 2017-03-11 - sales_category is No data
[2017-03-12 01:05:34] - accumul End...
[2017-03-13 01:05:41] - accumul Start...
[2017-03-13 01:05:41] - 2017-03-12 - stats_sales is No data
[2017-03-13 01:05:41] - 2017-03-12 - sales_mdstats is No data
[2017-03-13 01:05:41] - 2017-03-12 - sales_refund is No data
[2017-03-13 01:05:41] - 2017-03-12 - sales_category is No data
[2017-03-13 01:05:41] - accumul End...
[2017-03-14 01:05:39] - accumul Start...
[2017-03-14 01:05:39] - 2017-03-13 - stats_sales is No data
[2017-03-14 01:05:39] - 2017-03-13 - sales_mdstats is No data
[2017-03-14 01:05:39] - 2017-03-13 - sales_refund is No data
[2017-03-14 01:05:39] - 2017-03-13 - sales_category is No data
[2017-03-14 01:05:39] - accumul End...
[2017-03-15 01:05:25] - accumul Start...
[2017-03-15 01:05:25] - 2017-03-14 - stats_sales is No data
[2017-03-15 01:05:25] - 2017-03-14 - sales_mdstats is No data
[2017-03-15 01:05:25] - 2017-03-14 - sales_refund is No data
[2017-03-15 01:05:25] - 2017-03-14 - sales_category is No data
[2017-03-15 01:05:25] - accumul End...
[2017-03-16 01:05:44] - accumul Start...
[2017-03-16 01:05:44] - 2017-03-15 - stats_sales is No data
[2017-03-16 01:05:44] - 2017-03-15 - sales_mdstats is No data
[2017-03-16 01:05:44] - 2017-03-15 - sales_refund is No data
[2017-03-16 01:05:44] - 2017-03-15 - sales_category is No data
[2017-03-16 01:05:44] - accumul End...
[2017-03-17 01:05:39] - accumul Start...
[2017-03-17 01:05:39] - 2017-03-16 - stats_sales is No data
[2017-03-17 01:05:39] - 2017-03-16 - sales_mdstats is No data
[2017-03-17 01:05:39] - 2017-03-16 - sales_refund is No data
[2017-03-17 01:05:39] - 2017-03-16 - sales_category is No data
[2017-03-17 01:05:39] - accumul End...
[2017-03-18 01:05:31] - accumul Start...
[2017-03-18 01:05:31] - 2017-03-17 - stats_sales is No data
[2017-03-18 01:05:31] - 2017-03-17 - sales_mdstats is No data
[2017-03-18 01:05:31] - 2017-03-17 - sales_refund is No data
[2017-03-18 01:05:31] - 2017-03-17 - sales_category is No data
[2017-03-18 01:05:31] - accumul End...
[2017-03-19 01:05:25] - accumul Start...
[2017-03-19 01:05:25] - 2017-03-18 - stats_sales is No data
[2017-03-19 01:05:25] - 2017-03-18 - sales_mdstats is No data
[2017-03-19 01:05:25] - 2017-03-18 - sales_refund is No data
[2017-03-19 01:05:25] - 2017-03-18 - sales_category is No data
[2017-03-19 01:05:25] - accumul End...
[2017-03-20 01:05:37] - accumul Start...
[2017-03-20 01:05:37] - 2017-03-19 - stats_sales is No data
[2017-03-20 01:05:37] - 2017-03-19 - sales_mdstats is No data
[2017-03-20 01:05:37] - 2017-03-19 - sales_refund is No data
[2017-03-20 01:05:37] - 2017-03-19 - sales_category is No data
[2017-03-20 01:05:37] - accumul End...
[2017-03-21 01:05:32] - accumul Start...
[2017-03-21 01:05:32] - 2017-03-20 - stats_sales is No data
[2017-03-21 01:05:32] - 2017-03-20 - sales_mdstats is No data
[2017-03-21 01:05:32] - 2017-03-20 - sales_refund is No data
[2017-03-21 01:05:32] - 2017-03-20 - sales_category is No data
[2017-03-21 01:05:32] - accumul End...
[2017-03-22 01:05:34] - accumul Start...
[2017-03-22 01:05:34] - 2017-03-21 - stats_sales is No data
[2017-03-22 01:05:34] - 2017-03-21 - sales_mdstats is No data
[2017-03-22 01:05:34] - 2017-03-21 - sales_refund is No data
[2017-03-22 01:05:34] - 2017-03-21 - sales_category is No data
[2017-03-22 01:05:34] - accumul End...
[2017-03-23 01:05:48] - accumul Start...
[2017-03-23 01:05:48] - 2017-03-22 - stats_sales is No data
[2017-03-23 01:05:48] - 2017-03-22 - sales_mdstats is No data
[2017-03-23 01:05:48] - 2017-03-22 - sales_refund is No data
[2017-03-23 01:05:48] - 2017-03-22 - sales_category is No data
[2017-03-23 01:05:48] - accumul End...
[2017-03-24 01:05:27] - accumul Start...
[2017-03-24 01:05:27] - 2017-03-23 - stats_sales is No data
[2017-03-24 01:05:27] - 2017-03-23 - sales_mdstats is No data
[2017-03-24 01:05:27] - 2017-03-23 - sales_refund is No data
[2017-03-24 01:05:27] - 2017-03-23 - sales_category is No data
[2017-03-24 01:05:27] - accumul End...
[2017-03-25 01:05:22] - accumul Start...
[2017-03-25 01:05:22] - 2017-03-24 - stats_sales is No data
[2017-03-25 01:05:22] - 2017-03-24 - sales_mdstats is No data
[2017-03-25 01:05:22] - 2017-03-24 - sales_refund is No data
[2017-03-25 01:05:22] - 2017-03-24 - sales_category is No data
[2017-03-25 01:05:22] - accumul End...
[2017-03-26 01:05:25] - accumul Start...
[2017-03-26 01:05:25] - 2017-03-25 - stats_sales is No data
[2017-03-26 01:05:25] - 2017-03-25 - sales_mdstats is No data
[2017-03-26 01:05:25] - 2017-03-25 - sales_refund is No data
[2017-03-26 01:05:25] - 2017-03-25 - sales_category is No data
[2017-03-26 01:05:25] - accumul End...
[2017-03-27 01:05:39] - accumul Start...
[2017-03-27 01:05:39] - 2017-03-26 - stats_sales is No data
[2017-03-27 01:05:39] - 2017-03-26 - sales_mdstats is No data
[2017-03-27 01:05:39] - 2017-03-26 - sales_refund is No data
[2017-03-27 01:05:39] - 2017-03-26 - sales_category is No data
[2017-03-27 01:05:39] - accumul End...
[2017-03-28 01:05:30] - accumul Start...
[2017-03-28 01:05:30] - 2017-03-27 - stats_sales is No data
[2017-03-28 01:05:30] - 2017-03-27 - sales_mdstats is No data
[2017-03-28 01:05:30] - 2017-03-27 - sales_refund is No data
[2017-03-28 01:05:30] - 2017-03-27 - sales_category is No data
[2017-03-28 01:05:30] - accumul End...
[2017-03-29 01:05:37] - accumul Start...
[2017-03-29 01:05:37] - 2017-03-28 - stats_sales is No data
[2017-03-29 01:05:37] - 2017-03-28 - sales_mdstats is No data
[2017-03-29 01:05:37] - 2017-03-28 - sales_refund is No data
[2017-03-29 01:05:37] - 2017-03-28 - sales_category is No data
[2017-03-29 01:05:37] - accumul End...
[2017-03-30 01:05:34] - accumul Start...
[2017-03-30 01:05:34] - 2017-03-29 - stats_sales is No data
[2017-03-30 01:05:34] - 2017-03-29 - sales_mdstats is No data
[2017-03-30 01:05:34] - 2017-03-29 - sales_refund is No data
[2017-03-30 01:05:34] - 2017-03-29 - sales_category is No data
[2017-03-30 01:05:34] - accumul End...
[2017-03-31 01:05:28] - accumul Start...
[2017-03-31 01:05:28] - 2017-03-30 - stats_sales is No data
[2017-03-31 01:05:28] - 2017-03-30 - sales_mdstats is No data
[2017-03-31 01:05:28] - 2017-03-30 - sales_refund is No data
[2017-03-31 01:05:28] - 2017-03-30 - sales_category is No data
[2017-03-31 01:05:28] - accumul End...
