[2017-04-01 01:06:25] - accumul Start...
[2017-04-01 01:06:25] - 2017-03-31 - stats_sales is No data
[2017-04-01 01:06:25] - 2017-03-31 - sales_mdstats is No data
[2017-04-01 01:06:25] - 2017-03-31 - sales_refund is No data
[2017-04-01 01:06:25] - 2017-03-31 - sales_category is No data
[2017-04-01 01:06:25] - accumul End...
[2017-04-02 01:05:35] - accumul Start...
[2017-04-02 01:05:35] - 2017-04-01 - stats_sales is No data
[2017-04-02 01:05:35] - 2017-04-01 - sales_mdstats is No data
[2017-04-02 01:05:35] - 2017-04-01 - sales_refund is No data
[2017-04-02 01:05:35] - 2017-04-01 - sales_category is No data
[2017-04-02 01:05:35] - accumul End...
[2017-04-03 01:05:49] - accumul Start...
[2017-04-03 01:05:49] - 2017-04-02 - stats_sales is No data
[2017-04-03 01:05:49] - 2017-04-02 - sales_mdstats is No data
[2017-04-03 01:05:49] - 2017-04-02 - sales_refund is No data
[2017-04-03 01:05:49] - 2017-04-02 - sales_category is No data
[2017-04-03 01:05:49] - accumul End...
[2017-04-04 01:05:46] - accumul Start...
[2017-04-04 01:05:46] - 2017-04-03 - stats_sales is No data
[2017-04-04 01:05:46] - 2017-04-03 - sales_mdstats is No data
[2017-04-04 01:05:46] - 2017-04-03 - sales_refund is No data
[2017-04-04 01:05:46] - 2017-04-03 - sales_category is No data
[2017-04-04 01:05:46] - accumul End...
[2017-04-05 01:05:52] - accumul Start...
[2017-04-05 01:05:52] - 2017-04-04 - stats_sales is No data
[2017-04-05 01:05:52] - 2017-04-04 - sales_mdstats is No data
[2017-04-05 01:05:52] - 2017-04-04 - sales_refund is No data
[2017-04-05 01:05:52] - 2017-04-04 - sales_category is No data
[2017-04-05 01:05:52] - accumul End...
[2017-04-06 01:05:42] - accumul Start...
[2017-04-06 01:05:42] - 2017-04-05 - stats_sales is No data
[2017-04-06 01:05:42] - 2017-04-05 - sales_mdstats is No data
[2017-04-06 01:05:42] - 2017-04-05 - sales_refund is No data
[2017-04-06 01:05:42] - 2017-04-05 - sales_category is No data
[2017-04-06 01:05:42] - accumul End...
[2017-04-07 01:05:41] - accumul Start...
[2017-04-07 01:05:41] - 2017-04-06 - stats_sales is No data
[2017-04-07 01:05:41] - 2017-04-06 - sales_mdstats is No data
[2017-04-07 01:05:41] - 2017-04-06 - sales_refund is No data
[2017-04-07 01:05:41] - 2017-04-06 - sales_category is No data
[2017-04-07 01:05:41] - accumul End...
[2017-04-08 01:05:39] - accumul Start...
[2017-04-08 01:05:39] - 2017-04-07 - stats_sales is No data
[2017-04-08 01:05:39] - 2017-04-07 - sales_mdstats is No data
[2017-04-08 01:05:39] - 2017-04-07 - sales_refund is No data
[2017-04-08 01:05:39] - 2017-04-07 - sales_category is No data
[2017-04-08 01:05:39] - accumul End...
[2017-04-09 01:05:36] - accumul Start...
[2017-04-09 01:05:36] - 2017-04-08 - stats_sales is No data
[2017-04-09 01:05:36] - 2017-04-08 - sales_mdstats is No data
[2017-04-09 01:05:36] - 2017-04-08 - sales_refund is No data
[2017-04-09 01:05:36] - 2017-04-08 - sales_category is No data
[2017-04-09 01:05:36] - accumul End...
[2017-04-10 01:05:42] - accumul Start...
[2017-04-10 01:05:42] - 2017-04-09 - stats_sales is No data
[2017-04-10 01:05:42] - 2017-04-09 - sales_mdstats is No data
[2017-04-10 01:05:42] - 2017-04-09 - sales_refund is No data
[2017-04-10 01:05:42] - 2017-04-09 - sales_category is No data
[2017-04-10 01:05:42] - accumul End...
[2017-04-11 01:05:39] - accumul Start...
[2017-04-11 01:05:39] - 2017-04-10 - stats_sales is No data
[2017-04-11 01:05:39] - 2017-04-10 - sales_mdstats is No data
[2017-04-11 01:05:39] - 2017-04-10 - sales_refund is No data
[2017-04-11 01:05:39] - 2017-04-10 - sales_category is No data
[2017-04-11 01:05:39] - accumul End...
[2017-04-12 01:05:38] - accumul Start...
[2017-04-12 01:05:38] - 2017-04-11 - stats_sales is No data
[2017-04-12 01:05:38] - 2017-04-11 - sales_mdstats is No data
[2017-04-12 01:05:38] - 2017-04-11 - sales_refund is No data
[2017-04-12 01:05:38] - 2017-04-11 - sales_category is No data
[2017-04-12 01:05:38] - accumul End...
[2017-04-13 01:05:38] - accumul Start...
[2017-04-13 01:05:38] - 2017-04-12 - stats_sales is No data
[2017-04-13 01:05:38] - 2017-04-12 - sales_mdstats is No data
[2017-04-13 01:05:38] - 2017-04-12 - sales_refund is No data
[2017-04-13 01:05:38] - 2017-04-12 - sales_category is No data
[2017-04-13 01:05:38] - accumul End...
[2017-04-14 01:05:43] - accumul Start...
[2017-04-14 01:05:43] - 2017-04-13 - stats_sales is No data
[2017-04-14 01:05:43] - 2017-04-13 - sales_mdstats is No data
[2017-04-14 01:05:43] - 2017-04-13 - sales_refund is No data
[2017-04-14 01:05:43] - 2017-04-13 - sales_category is No data
[2017-04-14 01:05:43] - accumul End...
[2017-04-15 01:05:45] - accumul Start...
[2017-04-15 01:05:45] - 2017-04-14 - stats_sales is No data
[2017-04-15 01:05:45] - 2017-04-14 - sales_mdstats is No data
[2017-04-15 01:05:45] - 2017-04-14 - sales_refund is No data
[2017-04-15 01:05:45] - 2017-04-14 - sales_category is No data
[2017-04-15 01:05:45] - accumul End...
[2017-04-16 01:05:46] - accumul Start...
[2017-04-16 01:05:46] - 2017-04-15 - stats_sales is No data
[2017-04-16 01:05:46] - 2017-04-15 - sales_mdstats is No data
[2017-04-16 01:05:46] - 2017-04-15 - sales_refund is No data
[2017-04-16 01:05:46] - 2017-04-15 - sales_category is No data
[2017-04-16 01:05:46] - accumul End...
[2017-04-17 01:05:46] - accumul Start...
[2017-04-17 01:05:46] - 2017-04-16 - stats_sales is No data
[2017-04-17 01:05:46] - 2017-04-16 - sales_mdstats is No data
[2017-04-17 01:05:46] - 2017-04-16 - sales_refund is No data
[2017-04-17 01:05:46] - 2017-04-16 - sales_category is No data
[2017-04-17 01:05:46] - accumul End...
[2017-04-18 01:06:47] - accumul Start...
[2017-04-18 01:06:47] - 2017-04-17 - stats_sales is No data
[2017-04-18 01:06:47] - 2017-04-17 - sales_mdstats is No data
[2017-04-18 01:06:47] - 2017-04-17 - sales_refund is No data
[2017-04-18 01:06:47] - 2017-04-17 - sales_category is No data
[2017-04-18 01:06:47] - accumul End...
[2017-04-19 01:06:53] - accumul Start...
[2017-04-19 01:06:53] - 2017-04-18 - stats_sales is No data
[2017-04-19 01:06:53] - 2017-04-18 - sales_mdstats is No data
[2017-04-19 01:06:53] - 2017-04-18 - sales_refund is No data
[2017-04-19 01:06:53] - 2017-04-18 - sales_category is No data
[2017-04-19 01:06:53] - accumul End...
[2017-04-20 01:06:59] - accumul Start...
[2017-04-20 01:06:59] - 2017-04-19 - stats_sales is No data
[2017-04-20 01:06:59] - 2017-04-19 - sales_mdstats is No data
[2017-04-20 01:06:59] - 2017-04-19 - sales_refund is No data
[2017-04-20 01:06:59] - 2017-04-19 - sales_category is No data
[2017-04-20 01:06:59] - accumul End...
[2017-04-21 01:06:55] - accumul Start...
[2017-04-21 01:06:55] - 2017-04-20 - stats_sales is No data
[2017-04-21 01:06:55] - 2017-04-20 - sales_mdstats is No data
[2017-04-21 01:06:55] - 2017-04-20 - sales_refund is No data
[2017-04-21 01:06:55] - 2017-04-20 - sales_category is No data
[2017-04-21 01:06:55] - accumul End...
[2017-04-22 01:07:01] - accumul Start...
[2017-04-22 01:07:01] - 2017-04-21 - stats_sales is No data
[2017-04-22 01:07:01] - 2017-04-21 - sales_mdstats is No data
[2017-04-22 01:07:01] - 2017-04-21 - sales_refund is No data
[2017-04-22 01:07:01] - 2017-04-21 - sales_category is No data
[2017-04-22 01:07:01] - accumul End...
[2017-04-23 01:07:56] - accumul Start...
[2017-04-23 01:07:56] - 2017-04-22 - stats_sales is No data
[2017-04-23 01:07:56] - 2017-04-22 - sales_mdstats is No data
[2017-04-23 01:07:56] - 2017-04-22 - sales_refund is No data
[2017-04-23 01:07:56] - 2017-04-22 - sales_category is No data
[2017-04-23 01:07:56] - accumul End...
[2017-04-24 01:08:00] - accumul Start...
[2017-04-24 01:08:00] - 2017-04-23 - stats_sales is No data
[2017-04-24 01:08:00] - 2017-04-23 - sales_mdstats is No data
[2017-04-24 01:08:00] - 2017-04-23 - sales_refund is No data
[2017-04-24 01:08:00] - 2017-04-23 - sales_category is No data
[2017-04-24 01:08:00] - accumul End...
[2017-04-25 01:07:50] - accumul Start...
[2017-04-25 01:07:50] - 2017-04-24 - stats_sales is No data
[2017-04-25 01:07:50] - 2017-04-24 - sales_mdstats is No data
[2017-04-25 01:07:50] - 2017-04-24 - sales_refund is No data
[2017-04-25 01:07:50] - 2017-04-24 - sales_category is No data
[2017-04-25 01:07:50] - accumul End...
[2017-04-26 01:07:55] - accumul Start...
[2017-04-26 01:07:55] - 2017-04-25 - stats_sales is No data
[2017-04-26 01:07:55] - 2017-04-25 - sales_mdstats is No data
[2017-04-26 01:07:55] - 2017-04-25 - sales_refund is No data
[2017-04-26 01:07:55] - 2017-04-25 - sales_category is No data
[2017-04-26 01:07:55] - accumul End...
[2017-04-27 01:08:20] - accumul Start...
[2017-04-27 01:08:21] - 2017-04-26 - stats_sales is No data
[2017-04-27 01:08:21] - 2017-04-26 - sales_mdstats is No data
[2017-04-27 01:08:21] - 2017-04-26 - sales_refund is No data
[2017-04-27 01:08:21] - 2017-04-26 - sales_category is No data
[2017-04-27 01:08:21] - accumul End...
[2017-04-28 01:07:52] - accumul Start...
[2017-04-28 01:07:52] - 2017-04-27 - stats_sales is No data
[2017-04-28 01:07:52] - 2017-04-27 - sales_mdstats is No data
[2017-04-28 01:07:52] - 2017-04-27 - sales_refund is No data
[2017-04-28 01:07:52] - 2017-04-27 - sales_category is No data
[2017-04-28 01:07:52] - accumul End...
[2017-04-29 01:07:57] - accumul Start...
[2017-04-29 01:07:57] - 2017-04-28 - stats_sales is No data
[2017-04-29 01:07:57] - 2017-04-28 - sales_mdstats is No data
[2017-04-29 01:07:57] - 2017-04-28 - sales_refund is No data
[2017-04-29 01:07:57] - 2017-04-28 - sales_category is No data
[2017-04-29 01:07:57] - accumul End...
[2017-04-30 01:08:10] - accumul Start...
[2017-04-30 01:08:10] - 2017-04-29 - stats_sales is No data
[2017-04-30 01:08:10] - 2017-04-29 - sales_mdstats is No data
[2017-04-30 01:08:10] - 2017-04-29 - sales_refund is No data
[2017-04-30 01:08:10] - 2017-04-29 - sales_category is No data
[2017-04-30 01:08:10] - accumul End...
