[2017-02-01 00:11:01] - 입점마켓팅 다음EP 생성
[2017-02-01 00:11:01] - 입점마켓팅 네이버EP 2.0 생성
[2017-02-01 00:11:01] - 입점마켓팅 네이버EP 3.0 생성
[2017-02-01 00:11:01] - 입점마켓팅 리뷰EP 생성
[2017-02-01 01:06:08] - 회원 만료된 적립금 차감
[2017-02-01 01:06:08] - 회원 만료된 포인트 차감
[2017-02-01 01:06:08] - 쇼핑몰 분류 동기화
[2017-02-01 01:06:08] - 택배사 동기화
[2017-02-01 01:06:08] - 자동 주문 취소
[2017-02-01 01:06:08] - 장바구니 비우기
[2017-02-01 01:06:08] - 자동 구매확정
[2017-02-01 01:06:08] - 티켓상품 유효기간 체크 판매중지
[2017-02-01 01:06:09] - 티켓상품 자동 주문상태
[2017-02-01 01:06:09] - 통계데이터 삭제
[2017-02-01 01:06:09] - email log 삭제
[2017-02-01 01:06:09] - captcha 삭제
[2017-02-01 01:06:09] - naverpay 삭제
[2017-02-01 01:06:09] - 임시 필수옵션 및 추가구성옵션 데이터 삭제
[2017-02-01 01:06:09] - 배송지테이블 누락데이터 생성
[2017-02-01 01:06:09] - 회원정보다운로드데이터 삭제
[2017-02-01 01:06:09] - 할인혜택 금액 저장
[2017-02-01 01:06:09] - 회원 자동 등급
[2017-02-01 01:06:09] - 굿스플로 배송정보처리
[2017-02-01 01:06:09] - 고객리마인드 쿠폰
[2017-02-01 01:06:09] - 고객리마인드 적립금
[2017-02-01 01:06:09] - 고객리마인드 장바구니
[2017-02-01 01:06:09] - 고객리마인드 회원등급
[2017-02-01 01:06:09] - 고객리마인드 타임세일
[2017-02-01 01:06:09] - 고객리마인드 후기
[2017-02-01 01:06:09] - 고객리마인드 생일
[2017-02-01 01:06:09] - 고객리마인드 기념일
[2017-02-01 01:06:09] - 미입금 시 입금요청내용 문자발송
[2017-02-01 01:06:09] - 집계테이블 생성
[2017-02-01 01:06:09] - 유입경로 통계에 referer_domain 추가
[2017-02-01 01:06:09] - 오래된 파일 삭제
[2017-02-01 01:06:09] - 상품디스플레이 캐시 파일 삭제
[2017-02-01 01:06:09] - 플래시 캐시 파일 삭제
[2017-02-01 01:06:09] - 임시파일 삭제
[2017-02-01 01:06:09] - 사용 용량 업데이트
[2017-02-01 01:06:09] - 관리자 중요행위 알림 캐시파일 생성
[2017-02-01 01:06:09] - 이머니,포인트,적립금 통계 추가
[2017-02-01 01:06:09] - 휴면계정 고지 문자발송
[2017-02-01 01:06:12] - 상품 통계
[2017-02-02 00:11:01] - 입점마켓팅 다음EP 생성
[2017-02-02 00:11:01] - 입점마켓팅 네이버EP 2.0 생성
[2017-02-02 00:11:01] - 입점마켓팅 네이버EP 3.0 생성
[2017-02-02 00:11:01] - 입점마켓팅 리뷰EP 생성
[2017-02-02 01:05:28] - 회원 만료된 적립금 차감
[2017-02-02 01:05:28] - 회원 만료된 포인트 차감
[2017-02-02 01:05:28] - 쇼핑몰 분류 동기화
[2017-02-02 01:05:28] - 택배사 동기화
[2017-02-02 01:05:28] - 자동 주문 취소
[2017-02-02 01:05:28] - 장바구니 비우기
[2017-02-02 01:05:28] - 자동 구매확정
[2017-02-02 01:05:28] - 티켓상품 유효기간 체크 판매중지
[2017-02-02 01:05:28] - 티켓상품 자동 주문상태
[2017-02-02 01:05:28] - 통계데이터 삭제
[2017-02-02 01:05:28] - email log 삭제
[2017-02-02 01:05:28] - captcha 삭제
[2017-02-02 01:05:28] - naverpay 삭제
[2017-02-02 01:05:28] - 임시 필수옵션 및 추가구성옵션 데이터 삭제
[2017-02-02 01:05:28] - 배송지테이블 누락데이터 생성
[2017-02-02 01:05:28] - 회원정보다운로드데이터 삭제
[2017-02-02 01:05:28] - 할인혜택 금액 저장
[2017-02-02 01:05:28] - 굿스플로 배송정보처리
[2017-02-02 01:05:28] - 고객리마인드 쿠폰
[2017-02-02 01:05:28] - 고객리마인드 적립금
[2017-02-02 01:05:28] - 고객리마인드 장바구니
[2017-02-02 01:05:28] - 고객리마인드 회원등급
[2017-02-02 01:05:28] - 고객리마인드 타임세일
[2017-02-02 01:05:28] - 고객리마인드 후기
[2017-02-02 01:05:28] - 고객리마인드 생일
[2017-02-02 01:05:28] - 고객리마인드 기념일
[2017-02-02 01:05:28] - 미입금 시 입금요청내용 문자발송
[2017-02-02 01:05:29] - 집계테이블 생성
[2017-02-02 01:05:29] - 유입경로 통계에 referer_domain 추가
[2017-02-02 01:05:29] - 오래된 파일 삭제
[2017-02-02 01:05:29] - 상품디스플레이 캐시 파일 삭제
[2017-02-02 01:05:29] - 플래시 캐시 파일 삭제
[2017-02-02 01:05:29] - 임시파일 삭제
[2017-02-02 01:05:29] - 사용 용량 업데이트
[2017-02-02 01:05:29] - 관리자 중요행위 알림 캐시파일 생성
[2017-02-02 01:05:29] - 휴면계정 고지 문자발송
[2017-02-02 01:05:32] - 상품 통계
[2017-02-03 00:11:00] - 입점마켓팅 다음EP 생성
[2017-02-03 00:11:00] - 입점마켓팅 네이버EP 2.0 생성
[2017-02-03 00:11:00] - 입점마켓팅 네이버EP 3.0 생성
[2017-02-03 00:11:00] - 입점마켓팅 리뷰EP 생성
[2017-02-03 01:05:33] - 회원 만료된 적립금 차감
[2017-02-03 01:05:33] - 회원 만료된 포인트 차감
[2017-02-03 01:05:33] - 쇼핑몰 분류 동기화
[2017-02-03 01:05:33] - 택배사 동기화
[2017-02-03 01:05:33] - 자동 주문 취소
[2017-02-03 01:05:33] - 장바구니 비우기
[2017-02-03 01:05:33] - 자동 구매확정
[2017-02-03 01:05:33] - 티켓상품 유효기간 체크 판매중지
[2017-02-03 01:05:33] - 티켓상품 자동 주문상태
[2017-02-03 01:05:33] - 통계데이터 삭제
[2017-02-03 01:05:33] - email log 삭제
[2017-02-03 01:05:33] - captcha 삭제
[2017-02-03 01:05:34] - naverpay 삭제
[2017-02-03 01:05:34] - 임시 필수옵션 및 추가구성옵션 데이터 삭제
[2017-02-03 01:05:34] - 배송지테이블 누락데이터 생성
[2017-02-03 01:05:34] - 회원정보다운로드데이터 삭제
[2017-02-03 01:05:34] - 할인혜택 금액 저장
[2017-02-03 01:05:34] - 굿스플로 배송정보처리
[2017-02-03 01:05:34] - 고객리마인드 쿠폰
[2017-02-03 01:05:34] - 고객리마인드 적립금
[2017-02-03 01:05:34] - 고객리마인드 장바구니
[2017-02-03 01:05:34] - 고객리마인드 회원등급
[2017-02-03 01:05:34] - 고객리마인드 타임세일
[2017-02-03 01:05:34] - 고객리마인드 후기
[2017-02-03 01:05:34] - 고객리마인드 생일
[2017-02-03 01:05:34] - 고객리마인드 기념일
[2017-02-03 01:05:34] - 미입금 시 입금요청내용 문자발송
[2017-02-03 01:05:34] - 집계테이블 생성
[2017-02-03 01:05:34] - 유입경로 통계에 referer_domain 추가
[2017-02-03 01:05:34] - 오래된 파일 삭제
[2017-02-03 01:05:34] - 상품디스플레이 캐시 파일 삭제
[2017-02-03 01:05:34] - 플래시 캐시 파일 삭제
[2017-02-03 01:05:34] - 임시파일 삭제
[2017-02-03 01:05:34] - 사용 용량 업데이트
[2017-02-03 01:05:34] - 관리자 중요행위 알림 캐시파일 생성
[2017-02-03 01:05:34] - 휴면계정 고지 문자발송
[2017-02-03 01:05:37] - 상품 통계
[2017-02-04 00:10:59] - 입점마켓팅 다음EP 생성
[2017-02-04 00:10:59] - 입점마켓팅 네이버EP 2.0 생성
[2017-02-04 00:10:59] - 입점마켓팅 네이버EP 3.0 생성
[2017-02-04 00:10:59] - 입점마켓팅 리뷰EP 생성
[2017-02-04 01:05:26] - 회원 만료된 적립금 차감
[2017-02-04 01:05:26] - 회원 만료된 포인트 차감
[2017-02-04 01:05:26] - 쇼핑몰 분류 동기화
[2017-02-04 01:05:26] - 택배사 동기화
[2017-02-04 01:05:26] - 자동 주문 취소
[2017-02-04 01:05:26] - 장바구니 비우기
[2017-02-04 01:05:26] - 자동 구매확정
[2017-02-04 01:05:26] - 티켓상품 유효기간 체크 판매중지
[2017-02-04 01:05:26] - 티켓상품 자동 주문상태
[2017-02-04 01:05:26] - 통계데이터 삭제
[2017-02-04 01:05:26] - email log 삭제
[2017-02-04 01:05:26] - captcha 삭제
[2017-02-04 01:05:26] - naverpay 삭제
[2017-02-04 01:05:26] - 임시 필수옵션 및 추가구성옵션 데이터 삭제
[2017-02-04 01:05:26] - 배송지테이블 누락데이터 생성
[2017-02-04 01:05:26] - 회원정보다운로드데이터 삭제
[2017-02-04 01:05:26] - 할인혜택 금액 저장
[2017-02-04 01:05:26] - 굿스플로 배송정보처리
[2017-02-04 01:05:26] - 고객리마인드 쿠폰
[2017-02-04 01:05:26] - 고객리마인드 적립금
[2017-02-04 01:05:26] - 고객리마인드 장바구니
[2017-02-04 01:05:26] - 고객리마인드 회원등급
[2017-02-04 01:05:26] - 고객리마인드 타임세일
[2017-02-04 01:05:26] - 고객리마인드 후기
[2017-02-04 01:05:26] - 고객리마인드 생일
[2017-02-04 01:05:26] - 고객리마인드 기념일
[2017-02-04 01:05:26] - 미입금 시 입금요청내용 문자발송
[2017-02-04 01:05:26] - 집계테이블 생성
[2017-02-04 01:05:26] - 유입경로 통계에 referer_domain 추가
[2017-02-04 01:05:26] - 오래된 파일 삭제
[2017-02-04 01:05:26] - 상품디스플레이 캐시 파일 삭제
[2017-02-04 01:05:26] - 플래시 캐시 파일 삭제
[2017-02-04 01:05:26] - 임시파일 삭제
[2017-02-04 01:05:26] - 사용 용량 업데이트
[2017-02-04 01:05:26] - 관리자 중요행위 알림 캐시파일 생성
[2017-02-04 01:05:27] - 휴면계정 고지 문자발송
[2017-02-04 01:05:29] - 상품 통계
[2017-02-05 00:11:01] - 입점마켓팅 다음EP 생성
[2017-02-05 00:11:01] - 입점마켓팅 네이버EP 2.0 생성
[2017-02-05 00:11:01] - 입점마켓팅 네이버EP 3.0 생성
[2017-02-05 00:11:01] - 입점마켓팅 리뷰EP 생성
[2017-02-05 01:05:22] - 회원 만료된 적립금 차감
[2017-02-05 01:05:22] - 회원 만료된 포인트 차감
[2017-02-05 01:05:22] - 쇼핑몰 분류 동기화
[2017-02-05 01:05:22] - 택배사 동기화
[2017-02-05 01:05:22] - 자동 주문 취소
[2017-02-05 01:05:22] - 장바구니 비우기
[2017-02-05 01:05:22] - 자동 구매확정
[2017-02-05 01:05:22] - 티켓상품 유효기간 체크 판매중지
[2017-02-05 01:05:22] - 티켓상품 자동 주문상태
[2017-02-05 01:05:22] - 통계데이터 삭제
[2017-02-05 01:05:22] - email log 삭제
[2017-02-05 01:05:22] - captcha 삭제
[2017-02-05 01:05:22] - naverpay 삭제
[2017-02-05 01:05:22] - 임시 필수옵션 및 추가구성옵션 데이터 삭제
[2017-02-05 01:05:22] - 배송지테이블 누락데이터 생성
[2017-02-05 01:05:22] - 회원정보다운로드데이터 삭제
[2017-02-05 01:05:22] - 할인혜택 금액 저장
[2017-02-05 01:05:22] - 굿스플로 배송정보처리
[2017-02-05 01:05:22] - 고객리마인드 쿠폰
[2017-02-05 01:05:22] - 고객리마인드 적립금
[2017-02-05 01:05:22] - 고객리마인드 장바구니
[2017-02-05 01:05:22] - 고객리마인드 회원등급
[2017-02-05 01:05:22] - 고객리마인드 타임세일
[2017-02-05 01:05:22] - 고객리마인드 후기
[2017-02-05 01:05:22] - 고객리마인드 생일
[2017-02-05 01:05:22] - 고객리마인드 기념일
[2017-02-05 01:05:22] - 미입금 시 입금요청내용 문자발송
[2017-02-05 01:05:22] - 집계테이블 생성
[2017-02-05 01:05:22] - 유입경로 통계에 referer_domain 추가
[2017-02-05 01:05:22] - 오래된 파일 삭제
[2017-02-05 01:05:22] - 상품디스플레이 캐시 파일 삭제
[2017-02-05 01:05:22] - 플래시 캐시 파일 삭제
[2017-02-05 01:05:22] - 임시파일 삭제
[2017-02-05 01:05:23] - 사용 용량 업데이트
[2017-02-05 01:05:23] - 관리자 중요행위 알림 캐시파일 생성
[2017-02-05 01:05:23] - 휴면계정 고지 문자발송
[2017-02-05 01:05:26] - 상품 통계
[2017-02-06 00:11:01] - 입점마켓팅 다음EP 생성
[2017-02-06 00:11:01] - 입점마켓팅 네이버EP 2.0 생성
[2017-02-06 00:11:01] - 입점마켓팅 네이버EP 3.0 생성
[2017-02-06 00:11:01] - 입점마켓팅 리뷰EP 생성
[2017-02-06 01:05:37] - 회원 만료된 적립금 차감
[2017-02-06 01:05:37] - 회원 만료된 포인트 차감
[2017-02-06 01:05:37] - 쇼핑몰 분류 동기화
[2017-02-06 01:05:37] - 택배사 동기화
[2017-02-06 01:05:37] - 자동 주문 취소
[2017-02-06 01:05:37] - 장바구니 비우기
[2017-02-06 01:05:37] - 자동 구매확정
[2017-02-06 01:05:37] - 티켓상품 유효기간 체크 판매중지
[2017-02-06 01:05:37] - 티켓상품 자동 주문상태
[2017-02-06 01:05:37] - 통계데이터 삭제
[2017-02-06 01:05:37] - email log 삭제
[2017-02-06 01:05:37] - captcha 삭제
[2017-02-06 01:05:37] - naverpay 삭제
[2017-02-06 01:05:37] - 임시 필수옵션 및 추가구성옵션 데이터 삭제
[2017-02-06 01:05:37] - 배송지테이블 누락데이터 생성
[2017-02-06 01:05:37] - 회원정보다운로드데이터 삭제
[2017-02-06 01:05:37] - 할인혜택 금액 저장
[2017-02-06 01:05:37] - 굿스플로 배송정보처리
[2017-02-06 01:05:37] - 고객리마인드 쿠폰
[2017-02-06 01:05:37] - 고객리마인드 적립금
[2017-02-06 01:05:37] - 고객리마인드 장바구니
[2017-02-06 01:05:37] - 고객리마인드 회원등급
[2017-02-06 01:05:37] - 고객리마인드 타임세일
[2017-02-06 01:05:37] - 고객리마인드 후기
[2017-02-06 01:05:37] - 고객리마인드 생일
[2017-02-06 01:05:37] - 고객리마인드 기념일
[2017-02-06 01:05:37] - 미입금 시 입금요청내용 문자발송
[2017-02-06 01:05:37] - 집계테이블 생성
[2017-02-06 01:05:37] - 유입경로 통계에 referer_domain 추가
[2017-02-06 01:05:37] - 오래된 파일 삭제
[2017-02-06 01:05:37] - 상품디스플레이 캐시 파일 삭제
[2017-02-06 01:05:37] - 플래시 캐시 파일 삭제
[2017-02-06 01:05:37] - 임시파일 삭제
[2017-02-06 01:05:38] - 사용 용량 업데이트
[2017-02-06 01:05:38] - 관리자 중요행위 알림 캐시파일 생성
[2017-02-06 01:05:38] - 휴면계정 고지 문자발송
[2017-02-06 01:05:41] - 상품 통계
[2017-02-07 00:10:59] - 입점마켓팅 다음EP 생성
[2017-02-07 00:10:59] - 입점마켓팅 네이버EP 2.0 생성
[2017-02-07 00:10:59] - 입점마켓팅 네이버EP 3.0 생성
[2017-02-07 00:10:59] - 입점마켓팅 리뷰EP 생성
[2017-02-07 01:05:24] - 회원 만료된 적립금 차감
[2017-02-07 01:05:24] - 회원 만료된 포인트 차감
[2017-02-07 01:05:24] - 쇼핑몰 분류 동기화
[2017-02-07 01:05:24] - 택배사 동기화
[2017-02-07 01:05:24] - 자동 주문 취소
[2017-02-07 01:05:24] - 장바구니 비우기
[2017-02-07 01:05:25] - 자동 구매확정
[2017-02-07 01:05:25] - 티켓상품 유효기간 체크 판매중지
[2017-02-07 01:05:25] - 티켓상품 자동 주문상태
[2017-02-07 01:05:25] - 통계데이터 삭제
[2017-02-07 01:05:25] - email log 삭제
[2017-02-07 01:05:25] - captcha 삭제
[2017-02-07 01:05:25] - naverpay 삭제
[2017-02-07 01:05:25] - 임시 필수옵션 및 추가구성옵션 데이터 삭제
[2017-02-07 01:05:25] - 배송지테이블 누락데이터 생성
[2017-02-07 01:05:25] - 회원정보다운로드데이터 삭제
[2017-02-07 01:05:25] - 할인혜택 금액 저장
[2017-02-07 01:05:25] - 굿스플로 배송정보처리
[2017-02-07 01:05:25] - 고객리마인드 쿠폰
[2017-02-07 01:05:25] - 고객리마인드 적립금
[2017-02-07 01:05:25] - 고객리마인드 장바구니
[2017-02-07 01:05:25] - 고객리마인드 회원등급
[2017-02-07 01:05:25] - 고객리마인드 타임세일
[2017-02-07 01:05:25] - 고객리마인드 후기
[2017-02-07 01:05:25] - 고객리마인드 생일
[2017-02-07 01:05:25] - 고객리마인드 기념일
[2017-02-07 01:05:25] - 미입금 시 입금요청내용 문자발송
[2017-02-07 01:05:25] - 집계테이블 생성
[2017-02-07 01:05:25] - 유입경로 통계에 referer_domain 추가
[2017-02-07 01:05:25] - 오래된 파일 삭제
[2017-02-07 01:05:25] - 상품디스플레이 캐시 파일 삭제
[2017-02-07 01:05:25] - 플래시 캐시 파일 삭제
[2017-02-07 01:05:25] - 임시파일 삭제
[2017-02-07 01:05:25] - 사용 용량 업데이트
[2017-02-07 01:05:25] - 관리자 중요행위 알림 캐시파일 생성
[2017-02-07 01:05:26] - 휴면계정 고지 문자발송
[2017-02-07 01:05:29] - 상품 통계
[2017-02-08 00:11:00] - 입점마켓팅 다음EP 생성
[2017-02-08 00:11:00] - 입점마켓팅 네이버EP 2.0 생성
[2017-02-08 00:11:00] - 입점마켓팅 네이버EP 3.0 생성
[2017-02-08 00:11:00] - 입점마켓팅 리뷰EP 생성
[2017-02-08 01:05:31] - 회원 만료된 적립금 차감
[2017-02-08 01:05:31] - 회원 만료된 포인트 차감
[2017-02-08 01:05:31] - 쇼핑몰 분류 동기화
[2017-02-08 01:05:31] - 택배사 동기화
[2017-02-08 01:05:31] - 자동 주문 취소
[2017-02-08 01:05:31] - 장바구니 비우기
[2017-02-08 01:05:31] - 자동 구매확정
[2017-02-08 01:05:31] - 티켓상품 유효기간 체크 판매중지
[2017-02-08 01:05:31] - 티켓상품 자동 주문상태
[2017-02-08 01:05:31] - 통계데이터 삭제
[2017-02-08 01:05:31] - email log 삭제
[2017-02-08 01:05:31] - captcha 삭제
[2017-02-08 01:05:31] - naverpay 삭제
[2017-02-08 01:05:31] - 임시 필수옵션 및 추가구성옵션 데이터 삭제
[2017-02-08 01:05:31] - 배송지테이블 누락데이터 생성
[2017-02-08 01:05:31] - 회원정보다운로드데이터 삭제
[2017-02-08 01:05:31] - 할인혜택 금액 저장
[2017-02-08 01:05:31] - 굿스플로 배송정보처리
[2017-02-08 01:05:31] - 고객리마인드 쿠폰
[2017-02-08 01:05:31] - 고객리마인드 적립금
[2017-02-08 01:05:31] - 고객리마인드 장바구니
[2017-02-08 01:05:31] - 고객리마인드 회원등급
[2017-02-08 01:05:31] - 고객리마인드 타임세일
[2017-02-08 01:05:31] - 고객리마인드 후기
[2017-02-08 01:05:31] - 고객리마인드 생일
[2017-02-08 01:05:31] - 고객리마인드 기념일
[2017-02-08 01:05:31] - 미입금 시 입금요청내용 문자발송
[2017-02-08 01:05:31] - 집계테이블 생성
[2017-02-08 01:05:31] - 유입경로 통계에 referer_domain 추가
[2017-02-08 01:05:31] - 오래된 파일 삭제
[2017-02-08 01:05:31] - 상품디스플레이 캐시 파일 삭제
[2017-02-08 01:05:31] - 플래시 캐시 파일 삭제
[2017-02-08 01:05:31] - 임시파일 삭제
[2017-02-08 01:05:31] - 사용 용량 업데이트
[2017-02-08 01:05:31] - 관리자 중요행위 알림 캐시파일 생성
[2017-02-08 01:05:32] - 휴면계정 고지 문자발송
[2017-02-08 01:05:34] - 상품 통계
[2017-02-09 00:11:00] - 입점마켓팅 다음EP 생성
[2017-02-09 00:11:00] - 입점마켓팅 네이버EP 2.0 생성
[2017-02-09 00:11:00] - 입점마켓팅 네이버EP 3.0 생성
[2017-02-09 00:11:00] - 입점마켓팅 리뷰EP 생성
[2017-02-09 01:05:24] - 회원 만료된 적립금 차감
[2017-02-09 01:05:24] - 회원 만료된 포인트 차감
[2017-02-09 01:05:24] - 쇼핑몰 분류 동기화
[2017-02-09 01:05:24] - 택배사 동기화
[2017-02-09 01:05:24] - 자동 주문 취소
[2017-02-09 01:05:24] - 장바구니 비우기
[2017-02-09 01:05:24] - 자동 구매확정
[2017-02-09 01:05:24] - 티켓상품 유효기간 체크 판매중지
[2017-02-09 01:05:24] - 티켓상품 자동 주문상태
[2017-02-09 01:05:24] - 통계데이터 삭제
[2017-02-09 01:05:24] - email log 삭제
[2017-02-09 01:05:24] - captcha 삭제
[2017-02-09 01:05:24] - naverpay 삭제
[2017-02-09 01:05:25] - 임시 필수옵션 및 추가구성옵션 데이터 삭제
[2017-02-09 01:05:25] - 배송지테이블 누락데이터 생성
[2017-02-09 01:05:25] - 회원정보다운로드데이터 삭제
[2017-02-09 01:05:25] - 할인혜택 금액 저장
[2017-02-09 01:05:25] - 굿스플로 배송정보처리
[2017-02-09 01:05:25] - 고객리마인드 쿠폰
[2017-02-09 01:05:25] - 고객리마인드 적립금
[2017-02-09 01:05:25] - 고객리마인드 장바구니
[2017-02-09 01:05:25] - 고객리마인드 회원등급
[2017-02-09 01:05:25] - 고객리마인드 타임세일
[2017-02-09 01:05:25] - 고객리마인드 후기
[2017-02-09 01:05:25] - 고객리마인드 생일
[2017-02-09 01:05:25] - 고객리마인드 기념일
[2017-02-09 01:05:25] - 미입금 시 입금요청내용 문자발송
[2017-02-09 01:05:25] - 집계테이블 생성
[2017-02-09 01:05:25] - 유입경로 통계에 referer_domain 추가
[2017-02-09 01:05:25] - 오래된 파일 삭제
[2017-02-09 01:05:25] - 상품디스플레이 캐시 파일 삭제
[2017-02-09 01:05:25] - 플래시 캐시 파일 삭제
[2017-02-09 01:05:25] - 임시파일 삭제
[2017-02-09 01:05:25] - 사용 용량 업데이트
[2017-02-09 01:05:25] - 관리자 중요행위 알림 캐시파일 생성
[2017-02-09 01:05:25] - 휴면계정 고지 문자발송
[2017-02-09 01:05:28] - 상품 통계
[2017-02-10 00:11:00] - 입점마켓팅 다음EP 생성
[2017-02-10 00:11:00] - 입점마켓팅 네이버EP 2.0 생성
[2017-02-10 00:11:00] - 입점마켓팅 네이버EP 3.0 생성
[2017-02-10 00:11:00] - 입점마켓팅 리뷰EP 생성
[2017-02-10 01:05:24] - 회원 만료된 적립금 차감
[2017-02-10 01:05:24] - 회원 만료된 포인트 차감
[2017-02-10 01:05:24] - 쇼핑몰 분류 동기화
[2017-02-10 01:05:24] - 택배사 동기화
[2017-02-10 01:05:24] - 자동 주문 취소
[2017-02-10 01:05:24] - 장바구니 비우기
[2017-02-10 01:05:24] - 자동 구매확정
[2017-02-10 01:05:24] - 티켓상품 유효기간 체크 판매중지
[2017-02-10 01:05:24] - 티켓상품 자동 주문상태
[2017-02-10 01:05:24] - 통계데이터 삭제
[2017-02-10 01:05:24] - email log 삭제
[2017-02-10 01:05:24] - captcha 삭제
[2017-02-10 01:05:24] - naverpay 삭제
[2017-02-10 01:05:24] - 임시 필수옵션 및 추가구성옵션 데이터 삭제
[2017-02-10 01:05:24] - 배송지테이블 누락데이터 생성
[2017-02-10 01:05:24] - 회원정보다운로드데이터 삭제
[2017-02-10 01:05:24] - 할인혜택 금액 저장
[2017-02-10 01:05:24] - 굿스플로 배송정보처리
[2017-02-10 01:05:24] - 고객리마인드 쿠폰
[2017-02-10 01:05:24] - 고객리마인드 적립금
[2017-02-10 01:05:24] - 고객리마인드 장바구니
[2017-02-10 01:05:24] - 고객리마인드 회원등급
[2017-02-10 01:05:24] - 고객리마인드 타임세일
[2017-02-10 01:05:24] - 고객리마인드 후기
[2017-02-10 01:05:24] - 고객리마인드 생일
[2017-02-10 01:05:24] - 고객리마인드 기념일
[2017-02-10 01:05:24] - 미입금 시 입금요청내용 문자발송
[2017-02-10 01:05:24] - 집계테이블 생성
[2017-02-10 01:05:24] - 유입경로 통계에 referer_domain 추가
[2017-02-10 01:05:24] - 오래된 파일 삭제
[2017-02-10 01:05:24] - 상품디스플레이 캐시 파일 삭제
[2017-02-10 01:05:24] - 플래시 캐시 파일 삭제
[2017-02-10 01:05:24] - 임시파일 삭제
[2017-02-10 01:05:25] - 사용 용량 업데이트
[2017-02-10 01:05:25] - 관리자 중요행위 알림 캐시파일 생성
[2017-02-10 01:05:25] - 휴면계정 고지 문자발송
[2017-02-10 01:05:28] - 상품 통계
[2017-02-11 00:11:00] - 입점마켓팅 다음EP 생성
[2017-02-11 00:11:00] - 입점마켓팅 네이버EP 2.0 생성
[2017-02-11 00:11:00] - 입점마켓팅 네이버EP 3.0 생성
[2017-02-11 00:11:00] - 입점마켓팅 리뷰EP 생성
[2017-02-11 01:05:32] - 회원 만료된 적립금 차감
[2017-02-11 01:05:32] - 회원 만료된 포인트 차감
[2017-02-11 01:05:32] - 쇼핑몰 분류 동기화
[2017-02-11 01:05:32] - 택배사 동기화
[2017-02-11 01:05:33] - 자동 주문 취소
[2017-02-11 01:05:33] - 장바구니 비우기
[2017-02-11 01:05:33] - 자동 구매확정
[2017-02-11 01:05:33] - 티켓상품 유효기간 체크 판매중지
[2017-02-11 01:05:33] - 티켓상품 자동 주문상태
[2017-02-11 01:05:33] - 통계데이터 삭제
[2017-02-11 01:05:33] - email log 삭제
[2017-02-11 01:05:33] - captcha 삭제
[2017-02-11 01:05:33] - naverpay 삭제
[2017-02-11 01:05:33] - 임시 필수옵션 및 추가구성옵션 데이터 삭제
[2017-02-11 01:05:33] - 배송지테이블 누락데이터 생성
[2017-02-11 01:05:33] - 회원정보다운로드데이터 삭제
[2017-02-11 01:05:33] - 할인혜택 금액 저장
[2017-02-11 01:05:33] - 굿스플로 배송정보처리
[2017-02-11 01:05:33] - 고객리마인드 쿠폰
[2017-02-11 01:05:33] - 고객리마인드 적립금
[2017-02-11 01:05:33] - 고객리마인드 장바구니
[2017-02-11 01:05:33] - 고객리마인드 회원등급
[2017-02-11 01:05:33] - 고객리마인드 타임세일
[2017-02-11 01:05:33] - 고객리마인드 후기
[2017-02-11 01:05:33] - 고객리마인드 생일
[2017-02-11 01:05:33] - 고객리마인드 기념일
[2017-02-11 01:05:33] - 미입금 시 입금요청내용 문자발송
[2017-02-11 01:05:33] - 집계테이블 생성
[2017-02-11 01:05:33] - 유입경로 통계에 referer_domain 추가
[2017-02-11 01:05:33] - 오래된 파일 삭제
[2017-02-11 01:05:33] - 상품디스플레이 캐시 파일 삭제
[2017-02-11 01:05:33] - 플래시 캐시 파일 삭제
[2017-02-11 01:05:33] - 임시파일 삭제
[2017-02-11 01:05:33] - 사용 용량 업데이트
[2017-02-11 01:05:33] - 관리자 중요행위 알림 캐시파일 생성
[2017-02-11 01:05:34] - 휴면계정 고지 문자발송
[2017-02-11 01:05:36] - 상품 통계
[2017-02-12 00:11:00] - 입점마켓팅 다음EP 생성
[2017-02-12 00:11:00] - 입점마켓팅 네이버EP 2.0 생성
[2017-02-12 00:11:00] - 입점마켓팅 네이버EP 3.0 생성
[2017-02-12 00:11:00] - 입점마켓팅 리뷰EP 생성
[2017-02-12 01:05:16] - 회원 만료된 적립금 차감
[2017-02-12 01:05:16] - 회원 만료된 포인트 차감
[2017-02-12 01:05:16] - 쇼핑몰 분류 동기화
[2017-02-12 01:05:16] - 택배사 동기화
[2017-02-12 01:05:16] - 자동 주문 취소
[2017-02-12 01:05:16] - 장바구니 비우기
[2017-02-12 01:05:16] - 자동 구매확정
[2017-02-12 01:05:16] - 티켓상품 유효기간 체크 판매중지
[2017-02-12 01:05:16] - 티켓상품 자동 주문상태
[2017-02-12 01:05:16] - 통계데이터 삭제
[2017-02-12 01:05:16] - email log 삭제
[2017-02-12 01:05:16] - captcha 삭제
[2017-02-12 01:05:16] - naverpay 삭제
[2017-02-12 01:05:16] - 임시 필수옵션 및 추가구성옵션 데이터 삭제
[2017-02-12 01:05:16] - 배송지테이블 누락데이터 생성
[2017-02-12 01:05:16] - 회원정보다운로드데이터 삭제
[2017-02-12 01:05:16] - 할인혜택 금액 저장
[2017-02-12 01:05:16] - 굿스플로 배송정보처리
[2017-02-12 01:05:16] - 고객리마인드 쿠폰
[2017-02-12 01:05:16] - 고객리마인드 적립금
[2017-02-12 01:05:16] - 고객리마인드 장바구니
[2017-02-12 01:05:16] - 고객리마인드 회원등급
[2017-02-12 01:05:16] - 고객리마인드 타임세일
[2017-02-12 01:05:16] - 고객리마인드 후기
[2017-02-12 01:05:16] - 고객리마인드 생일
[2017-02-12 01:05:16] - 고객리마인드 기념일
[2017-02-12 01:05:16] - 미입금 시 입금요청내용 문자발송
[2017-02-12 01:05:16] - 집계테이블 생성
[2017-02-12 01:05:16] - 유입경로 통계에 referer_domain 추가
[2017-02-12 01:05:16] - 오래된 파일 삭제
[2017-02-12 01:05:16] - 상품디스플레이 캐시 파일 삭제
[2017-02-12 01:05:16] - 플래시 캐시 파일 삭제
[2017-02-12 01:05:16] - 임시파일 삭제
[2017-02-12 01:05:17] - 사용 용량 업데이트
[2017-02-12 01:05:17] - 관리자 중요행위 알림 캐시파일 생성
[2017-02-12 01:05:17] - 휴면계정 고지 문자발송
[2017-02-12 01:05:20] - 상품 통계
[2017-02-13 00:11:00] - 입점마켓팅 다음EP 생성
[2017-02-13 00:11:00] - 입점마켓팅 네이버EP 2.0 생성
[2017-02-13 00:11:00] - 입점마켓팅 네이버EP 3.0 생성
[2017-02-13 00:11:00] - 입점마켓팅 리뷰EP 생성
[2017-02-13 01:05:35] - 회원 만료된 적립금 차감
[2017-02-13 01:05:35] - 회원 만료된 포인트 차감
[2017-02-13 01:05:35] - 쇼핑몰 분류 동기화
[2017-02-13 01:05:35] - 택배사 동기화
[2017-02-13 01:05:35] - 자동 주문 취소
[2017-02-13 01:05:35] - 장바구니 비우기
[2017-02-13 01:05:35] - 자동 구매확정
[2017-02-13 01:05:35] - 티켓상품 유효기간 체크 판매중지
[2017-02-13 01:05:35] - 티켓상품 자동 주문상태
[2017-02-13 01:05:35] - 통계데이터 삭제
[2017-02-13 01:05:35] - email log 삭제
[2017-02-13 01:05:35] - captcha 삭제
[2017-02-13 01:05:35] - naverpay 삭제
[2017-02-13 01:05:35] - 임시 필수옵션 및 추가구성옵션 데이터 삭제
[2017-02-13 01:05:35] - 배송지테이블 누락데이터 생성
[2017-02-13 01:05:35] - 회원정보다운로드데이터 삭제
[2017-02-13 01:05:35] - 할인혜택 금액 저장
[2017-02-13 01:05:35] - 굿스플로 배송정보처리
[2017-02-13 01:05:35] - 고객리마인드 쿠폰
[2017-02-13 01:05:35] - 고객리마인드 적립금
[2017-02-13 01:05:35] - 고객리마인드 장바구니
[2017-02-13 01:05:35] - 고객리마인드 회원등급
[2017-02-13 01:05:35] - 고객리마인드 타임세일
[2017-02-13 01:05:35] - 고객리마인드 후기
[2017-02-13 01:05:35] - 고객리마인드 생일
[2017-02-13 01:05:35] - 고객리마인드 기념일
[2017-02-13 01:05:35] - 미입금 시 입금요청내용 문자발송
[2017-02-13 01:05:35] - 집계테이블 생성
[2017-02-13 01:05:35] - 유입경로 통계에 referer_domain 추가
[2017-02-13 01:05:35] - 오래된 파일 삭제
[2017-02-13 01:05:35] - 상품디스플레이 캐시 파일 삭제
[2017-02-13 01:05:35] - 플래시 캐시 파일 삭제
[2017-02-13 01:05:35] - 임시파일 삭제
[2017-02-13 01:05:35] - 사용 용량 업데이트
[2017-02-13 01:05:35] - 관리자 중요행위 알림 캐시파일 생성
[2017-02-13 01:05:35] - 휴면계정 고지 문자발송
[2017-02-13 01:05:38] - 상품 통계
[2017-02-14 00:11:00] - 입점마켓팅 다음EP 생성
[2017-02-14 00:11:00] - 입점마켓팅 네이버EP 2.0 생성
[2017-02-14 00:11:00] - 입점마켓팅 네이버EP 3.0 생성
[2017-02-14 00:11:00] - 입점마켓팅 리뷰EP 생성
[2017-02-14 01:05:27] - 회원 만료된 적립금 차감
[2017-02-14 01:05:27] - 회원 만료된 포인트 차감
[2017-02-14 01:05:27] - 쇼핑몰 분류 동기화
[2017-02-14 01:05:27] - 택배사 동기화
[2017-02-14 01:05:28] - 자동 주문 취소
[2017-02-14 01:05:28] - 장바구니 비우기
[2017-02-14 01:05:28] - 자동 구매확정
[2017-02-14 01:05:28] - 티켓상품 유효기간 체크 판매중지
[2017-02-14 01:05:28] - 티켓상품 자동 주문상태
[2017-02-14 01:05:28] - 통계데이터 삭제
[2017-02-14 01:05:28] - email log 삭제
[2017-02-14 01:05:28] - captcha 삭제
[2017-02-14 01:05:28] - naverpay 삭제
[2017-02-14 01:05:28] - 임시 필수옵션 및 추가구성옵션 데이터 삭제
[2017-02-14 01:05:28] - 배송지테이블 누락데이터 생성
[2017-02-14 01:05:28] - 회원정보다운로드데이터 삭제
[2017-02-14 01:05:28] - 할인혜택 금액 저장
[2017-02-14 01:05:28] - 굿스플로 배송정보처리
[2017-02-14 01:05:28] - 고객리마인드 쿠폰
[2017-02-14 01:05:28] - 고객리마인드 적립금
[2017-02-14 01:05:28] - 고객리마인드 장바구니
[2017-02-14 01:05:28] - 고객리마인드 회원등급
[2017-02-14 01:05:28] - 고객리마인드 타임세일
[2017-02-14 01:05:28] - 고객리마인드 후기
[2017-02-14 01:05:28] - 고객리마인드 생일
[2017-02-14 01:05:28] - 고객리마인드 기념일
[2017-02-14 01:05:28] - 미입금 시 입금요청내용 문자발송
[2017-02-14 01:05:28] - 집계테이블 생성
[2017-02-14 01:05:28] - 유입경로 통계에 referer_domain 추가
[2017-02-14 01:05:28] - 오래된 파일 삭제
[2017-02-14 01:05:28] - 상품디스플레이 캐시 파일 삭제
[2017-02-14 01:05:28] - 플래시 캐시 파일 삭제
[2017-02-14 01:05:28] - 임시파일 삭제
[2017-02-14 01:05:28] - 사용 용량 업데이트
[2017-02-14 01:05:28] - 관리자 중요행위 알림 캐시파일 생성
[2017-02-14 01:05:28] - 휴면계정 고지 문자발송
[2017-02-14 01:05:31] - 상품 통계
[2017-02-15 00:11:00] - 입점마켓팅 다음EP 생성
[2017-02-15 00:11:00] - 입점마켓팅 네이버EP 2.0 생성
[2017-02-15 00:11:00] - 입점마켓팅 네이버EP 3.0 생성
[2017-02-15 00:11:00] - 입점마켓팅 리뷰EP 생성
[2017-02-15 01:05:21] - 회원 만료된 적립금 차감
[2017-02-15 01:05:21] - 회원 만료된 포인트 차감
[2017-02-15 01:05:21] - 쇼핑몰 분류 동기화
[2017-02-15 01:05:21] - 택배사 동기화
[2017-02-15 01:05:21] - 자동 주문 취소
[2017-02-15 01:05:21] - 장바구니 비우기
[2017-02-15 01:05:21] - 자동 구매확정
[2017-02-15 01:05:21] - 티켓상품 유효기간 체크 판매중지
[2017-02-15 01:05:21] - 티켓상품 자동 주문상태
[2017-02-15 01:05:21] - 통계데이터 삭제
[2017-02-15 01:05:21] - email log 삭제
[2017-02-15 01:05:21] - captcha 삭제
[2017-02-15 01:05:21] - naverpay 삭제
[2017-02-15 01:05:21] - 임시 필수옵션 및 추가구성옵션 데이터 삭제
[2017-02-15 01:05:21] - 배송지테이블 누락데이터 생성
[2017-02-15 01:05:21] - 회원정보다운로드데이터 삭제
[2017-02-15 01:05:21] - 할인혜택 금액 저장
[2017-02-15 01:05:21] - 회원 자동 등급
[2017-02-15 01:05:21] - 굿스플로 배송정보처리
[2017-02-15 01:05:21] - 고객리마인드 쿠폰
[2017-02-15 01:05:21] - 고객리마인드 적립금
[2017-02-15 01:05:21] - 고객리마인드 장바구니
[2017-02-15 01:05:21] - 고객리마인드 회원등급
[2017-02-15 01:05:21] - 고객리마인드 타임세일
[2017-02-15 01:05:21] - 고객리마인드 후기
[2017-02-15 01:05:21] - 고객리마인드 생일
[2017-02-15 01:05:21] - 고객리마인드 기념일
[2017-02-15 01:05:21] - 미입금 시 입금요청내용 문자발송
[2017-02-15 01:05:21] - 집계테이블 생성
[2017-02-15 01:05:21] - 유입경로 통계에 referer_domain 추가
[2017-02-15 01:05:21] - 오래된 파일 삭제
[2017-02-15 01:05:21] - 상품디스플레이 캐시 파일 삭제
[2017-02-15 01:05:21] - 플래시 캐시 파일 삭제
[2017-02-15 01:05:21] - 임시파일 삭제
[2017-02-15 01:05:22] - 사용 용량 업데이트
[2017-02-15 01:05:22] - 관리자 중요행위 알림 캐시파일 생성
[2017-02-15 01:05:22] - 휴면계정 고지 문자발송
[2017-02-15 01:05:24] - 상품 통계
[2017-02-16 00:11:00] - 입점마켓팅 다음EP 생성
[2017-02-16 00:11:00] - 입점마켓팅 네이버EP 2.0 생성
[2017-02-16 00:11:00] - 입점마켓팅 네이버EP 3.0 생성
[2017-02-16 00:11:00] - 입점마켓팅 리뷰EP 생성
[2017-02-16 01:05:20] - 회원 만료된 적립금 차감
[2017-02-16 01:05:20] - 회원 만료된 포인트 차감
[2017-02-16 01:05:20] - 쇼핑몰 분류 동기화
[2017-02-16 01:05:20] - 택배사 동기화
[2017-02-16 01:05:20] - 자동 주문 취소
[2017-02-16 01:05:20] - 장바구니 비우기
[2017-02-16 01:05:20] - 자동 구매확정
[2017-02-16 01:05:20] - 티켓상품 유효기간 체크 판매중지
[2017-02-16 01:05:20] - 티켓상품 자동 주문상태
[2017-02-16 01:05:20] - 통계데이터 삭제
[2017-02-16 01:05:20] - email log 삭제
[2017-02-16 01:05:20] - captcha 삭제
[2017-02-16 01:05:20] - naverpay 삭제
[2017-02-16 01:05:20] - 임시 필수옵션 및 추가구성옵션 데이터 삭제
[2017-02-16 01:05:20] - 배송지테이블 누락데이터 생성
[2017-02-16 01:05:20] - 회원정보다운로드데이터 삭제
[2017-02-16 01:05:20] - 할인혜택 금액 저장
[2017-02-16 01:05:20] - 굿스플로 배송정보처리
[2017-02-16 01:05:21] - 고객리마인드 쿠폰
[2017-02-16 01:05:21] - 고객리마인드 적립금
[2017-02-16 01:05:21] - 고객리마인드 장바구니
[2017-02-16 01:05:21] - 고객리마인드 회원등급
[2017-02-16 01:05:21] - 고객리마인드 타임세일
[2017-02-16 01:05:21] - 고객리마인드 후기
[2017-02-16 01:05:21] - 고객리마인드 생일
[2017-02-16 01:05:21] - 고객리마인드 기념일
[2017-02-16 01:05:21] - 미입금 시 입금요청내용 문자발송
[2017-02-16 01:05:21] - 집계테이블 생성
[2017-02-16 01:05:21] - 유입경로 통계에 referer_domain 추가
[2017-02-16 01:05:21] - 오래된 파일 삭제
[2017-02-16 01:05:21] - 상품디스플레이 캐시 파일 삭제
[2017-02-16 01:05:21] - 플래시 캐시 파일 삭제
[2017-02-16 01:05:21] - 임시파일 삭제
[2017-02-16 01:05:21] - 사용 용량 업데이트
[2017-02-16 01:05:21] - 관리자 중요행위 알림 캐시파일 생성
[2017-02-16 01:05:21] - 휴면계정 고지 문자발송
[2017-02-16 01:05:24] - 상품 통계
[2017-02-17 00:11:00] - 입점마켓팅 다음EP 생성
[2017-02-17 00:11:00] - 입점마켓팅 네이버EP 2.0 생성
[2017-02-17 00:11:00] - 입점마켓팅 네이버EP 3.0 생성
[2017-02-17 00:11:00] - 입점마켓팅 리뷰EP 생성
[2017-02-17 01:05:20] - 회원 만료된 적립금 차감
[2017-02-17 01:05:20] - 회원 만료된 포인트 차감
[2017-02-17 01:05:20] - 쇼핑몰 분류 동기화
[2017-02-17 01:05:20] - 택배사 동기화
[2017-02-17 01:05:20] - 자동 주문 취소
[2017-02-17 01:05:20] - 장바구니 비우기
[2017-02-17 01:05:20] - 자동 구매확정
[2017-02-17 01:05:20] - 티켓상품 유효기간 체크 판매중지
[2017-02-17 01:05:20] - 티켓상품 자동 주문상태
[2017-02-17 01:05:20] - 통계데이터 삭제
[2017-02-17 01:05:20] - email log 삭제
[2017-02-17 01:05:20] - captcha 삭제
[2017-02-17 01:05:20] - naverpay 삭제
[2017-02-17 01:05:20] - 임시 필수옵션 및 추가구성옵션 데이터 삭제
[2017-02-17 01:05:20] - 배송지테이블 누락데이터 생성
[2017-02-17 01:05:20] - 회원정보다운로드데이터 삭제
[2017-02-17 01:05:20] - 할인혜택 금액 저장
[2017-02-17 01:05:20] - 굿스플로 배송정보처리
[2017-02-17 01:05:20] - 고객리마인드 쿠폰
[2017-02-17 01:05:20] - 고객리마인드 적립금
[2017-02-17 01:05:20] - 고객리마인드 장바구니
[2017-02-17 01:05:20] - 고객리마인드 회원등급
[2017-02-17 01:05:20] - 고객리마인드 타임세일
[2017-02-17 01:05:20] - 고객리마인드 후기
[2017-02-17 01:05:20] - 고객리마인드 생일
[2017-02-17 01:05:20] - 고객리마인드 기념일
[2017-02-17 01:05:20] - 미입금 시 입금요청내용 문자발송
[2017-02-17 01:05:20] - 집계테이블 생성
[2017-02-17 01:05:20] - 유입경로 통계에 referer_domain 추가
[2017-02-17 01:05:20] - 오래된 파일 삭제
[2017-02-17 01:05:20] - 상품디스플레이 캐시 파일 삭제
[2017-02-17 01:05:20] - 플래시 캐시 파일 삭제
[2017-02-17 01:05:20] - 임시파일 삭제
[2017-02-17 01:05:21] - 사용 용량 업데이트
[2017-02-17 01:05:21] - 관리자 중요행위 알림 캐시파일 생성
[2017-02-17 01:05:21] - 휴면계정 고지 문자발송
[2017-02-17 01:05:24] - 상품 통계
[2017-02-18 00:11:00] - 입점마켓팅 다음EP 생성
[2017-02-18 00:11:00] - 입점마켓팅 네이버EP 2.0 생성
[2017-02-18 00:11:00] - 입점마켓팅 네이버EP 3.0 생성
[2017-02-18 00:11:00] - 입점마켓팅 리뷰EP 생성
[2017-02-18 01:05:52] - 회원 만료된 적립금 차감
[2017-02-18 01:05:52] - 회원 만료된 포인트 차감
[2017-02-18 01:05:52] - 쇼핑몰 분류 동기화
[2017-02-18 01:05:52] - 택배사 동기화
[2017-02-18 01:05:53] - 자동 주문 취소
[2017-02-18 01:05:53] - 장바구니 비우기
[2017-02-18 01:05:53] - 자동 구매확정
[2017-02-18 01:05:53] - 티켓상품 유효기간 체크 판매중지
[2017-02-18 01:05:53] - 티켓상품 자동 주문상태
[2017-02-18 01:05:53] - 통계데이터 삭제
[2017-02-18 01:05:53] - email log 삭제
[2017-02-18 01:05:53] - captcha 삭제
[2017-02-18 01:05:53] - naverpay 삭제
[2017-02-18 01:05:53] - 임시 필수옵션 및 추가구성옵션 데이터 삭제
[2017-02-18 01:05:53] - 배송지테이블 누락데이터 생성
[2017-02-18 01:05:53] - 회원정보다운로드데이터 삭제
[2017-02-18 01:05:53] - 할인혜택 금액 저장
[2017-02-18 01:05:53] - 굿스플로 배송정보처리
[2017-02-18 01:05:53] - 고객리마인드 쿠폰
[2017-02-18 01:05:53] - 고객리마인드 적립금
[2017-02-18 01:05:53] - 고객리마인드 장바구니
[2017-02-18 01:05:53] - 고객리마인드 회원등급
[2017-02-18 01:05:53] - 고객리마인드 타임세일
[2017-02-18 01:05:53] - 고객리마인드 후기
[2017-02-18 01:05:53] - 고객리마인드 생일
[2017-02-18 01:05:53] - 고객리마인드 기념일
[2017-02-18 01:05:53] - 미입금 시 입금요청내용 문자발송
[2017-02-18 01:05:53] - 집계테이블 생성
[2017-02-18 01:05:53] - 유입경로 통계에 referer_domain 추가
[2017-02-18 01:05:53] - 오래된 파일 삭제
[2017-02-18 01:05:53] - 상품디스플레이 캐시 파일 삭제
[2017-02-18 01:05:53] - 플래시 캐시 파일 삭제
[2017-02-18 01:05:53] - 임시파일 삭제
[2017-02-18 01:05:53] - 사용 용량 업데이트
[2017-02-18 01:05:53] - 관리자 중요행위 알림 캐시파일 생성
[2017-02-18 01:05:53] - 휴면계정 고지 문자발송
[2017-02-18 01:05:56] - 상품 통계
[2017-02-19 00:11:00] - 입점마켓팅 다음EP 생성
[2017-02-19 00:11:00] - 입점마켓팅 네이버EP 2.0 생성
[2017-02-19 00:11:00] - 입점마켓팅 네이버EP 3.0 생성
[2017-02-19 00:11:00] - 입점마켓팅 리뷰EP 생성
[2017-02-19 01:05:17] - 회원 만료된 적립금 차감
[2017-02-19 01:05:17] - 회원 만료된 포인트 차감
[2017-02-19 01:05:17] - 쇼핑몰 분류 동기화
[2017-02-19 01:05:17] - 택배사 동기화
[2017-02-19 01:05:17] - 자동 주문 취소
[2017-02-19 01:05:17] - 장바구니 비우기
[2017-02-19 01:05:17] - 자동 구매확정
[2017-02-19 01:05:17] - 티켓상품 유효기간 체크 판매중지
[2017-02-19 01:05:17] - 티켓상품 자동 주문상태
[2017-02-19 01:05:17] - 통계데이터 삭제
[2017-02-19 01:05:17] - email log 삭제
[2017-02-19 01:05:17] - captcha 삭제
[2017-02-19 01:05:17] - naverpay 삭제
[2017-02-19 01:05:17] - 임시 필수옵션 및 추가구성옵션 데이터 삭제
[2017-02-19 01:05:17] - 배송지테이블 누락데이터 생성
[2017-02-19 01:05:17] - 회원정보다운로드데이터 삭제
[2017-02-19 01:05:17] - 할인혜택 금액 저장
[2017-02-19 01:05:17] - 굿스플로 배송정보처리
[2017-02-19 01:05:17] - 고객리마인드 쿠폰
[2017-02-19 01:05:17] - 고객리마인드 적립금
[2017-02-19 01:05:17] - 고객리마인드 장바구니
[2017-02-19 01:05:17] - 고객리마인드 회원등급
[2017-02-19 01:05:17] - 고객리마인드 타임세일
[2017-02-19 01:05:17] - 고객리마인드 후기
[2017-02-19 01:05:17] - 고객리마인드 생일
[2017-02-19 01:05:17] - 고객리마인드 기념일
[2017-02-19 01:05:17] - 미입금 시 입금요청내용 문자발송
[2017-02-19 01:05:17] - 집계테이블 생성
[2017-02-19 01:05:17] - 유입경로 통계에 referer_domain 추가
[2017-02-19 01:05:17] - 오래된 파일 삭제
[2017-02-19 01:05:17] - 상품디스플레이 캐시 파일 삭제
[2017-02-19 01:05:17] - 플래시 캐시 파일 삭제
[2017-02-19 01:05:17] - 임시파일 삭제
[2017-02-19 01:05:18] - 사용 용량 업데이트
[2017-02-19 01:05:18] - 관리자 중요행위 알림 캐시파일 생성
[2017-02-19 01:05:18] - 휴면계정 고지 문자발송
[2017-02-19 01:05:21] - 상품 통계
[2017-02-20 00:11:02] - 입점마켓팅 다음EP 생성
[2017-02-20 00:11:02] - 입점마켓팅 네이버EP 2.0 생성
[2017-02-20 00:11:02] - 입점마켓팅 네이버EP 3.0 생성
[2017-02-20 00:11:02] - 입점마켓팅 리뷰EP 생성
[2017-02-20 01:05:21] - 회원 만료된 적립금 차감
[2017-02-20 01:05:21] - 회원 만료된 포인트 차감
[2017-02-20 01:05:21] - 쇼핑몰 분류 동기화
[2017-02-20 01:05:21] - 택배사 동기화
[2017-02-20 01:05:21] - 자동 주문 취소
[2017-02-20 01:05:21] - 장바구니 비우기
[2017-02-20 01:05:21] - 자동 구매확정
[2017-02-20 01:05:21] - 티켓상품 유효기간 체크 판매중지
[2017-02-20 01:05:21] - 티켓상품 자동 주문상태
[2017-02-20 01:05:21] - 통계데이터 삭제
[2017-02-20 01:05:21] - email log 삭제
[2017-02-20 01:05:21] - captcha 삭제
[2017-02-20 01:05:21] - naverpay 삭제
[2017-02-20 01:05:21] - 임시 필수옵션 및 추가구성옵션 데이터 삭제
[2017-02-20 01:05:21] - 배송지테이블 누락데이터 생성
[2017-02-20 01:05:21] - 회원정보다운로드데이터 삭제
[2017-02-20 01:05:21] - 할인혜택 금액 저장
[2017-02-20 01:05:21] - 굿스플로 배송정보처리
[2017-02-20 01:05:21] - 고객리마인드 쿠폰
[2017-02-20 01:05:21] - 고객리마인드 적립금
[2017-02-20 01:05:21] - 고객리마인드 장바구니
[2017-02-20 01:05:21] - 고객리마인드 회원등급
[2017-02-20 01:05:21] - 고객리마인드 타임세일
[2017-02-20 01:05:21] - 고객리마인드 후기
[2017-02-20 01:05:21] - 고객리마인드 생일
[2017-02-20 01:05:21] - 고객리마인드 기념일
[2017-02-20 01:05:21] - 미입금 시 입금요청내용 문자발송
[2017-02-20 01:05:21] - 집계테이블 생성
[2017-02-20 01:05:21] - 유입경로 통계에 referer_domain 추가
[2017-02-20 01:05:21] - 오래된 파일 삭제
[2017-02-20 01:05:21] - 상품디스플레이 캐시 파일 삭제
[2017-02-20 01:05:21] - 플래시 캐시 파일 삭제
[2017-02-20 01:05:21] - 임시파일 삭제
[2017-02-20 01:05:22] - 사용 용량 업데이트
[2017-02-20 01:05:22] - 관리자 중요행위 알림 캐시파일 생성
[2017-02-20 01:05:22] - 휴면계정 고지 문자발송
[2017-02-20 01:05:25] - 상품 통계
[2017-02-21 00:11:00] - 입점마켓팅 다음EP 생성
[2017-02-21 00:11:00] - 입점마켓팅 네이버EP 2.0 생성
[2017-02-21 00:11:00] - 입점마켓팅 네이버EP 3.0 생성
[2017-02-21 00:11:00] - 입점마켓팅 리뷰EP 생성
[2017-02-21 01:05:18] - 회원 만료된 적립금 차감
[2017-02-21 01:05:18] - 회원 만료된 포인트 차감
[2017-02-21 01:05:18] - 쇼핑몰 분류 동기화
[2017-02-21 01:05:18] - 택배사 동기화
[2017-02-21 01:05:18] - 자동 주문 취소
[2017-02-21 01:05:18] - 장바구니 비우기
[2017-02-21 01:05:18] - 자동 구매확정
[2017-02-21 01:05:18] - 티켓상품 유효기간 체크 판매중지
[2017-02-21 01:05:18] - 티켓상품 자동 주문상태
[2017-02-21 01:05:18] - 통계데이터 삭제
[2017-02-21 01:05:18] - email log 삭제
[2017-02-21 01:05:18] - captcha 삭제
[2017-02-21 01:05:18] - naverpay 삭제
[2017-02-21 01:05:18] - 임시 필수옵션 및 추가구성옵션 데이터 삭제
[2017-02-21 01:05:18] - 배송지테이블 누락데이터 생성
[2017-02-21 01:05:18] - 회원정보다운로드데이터 삭제
[2017-02-21 01:05:18] - 할인혜택 금액 저장
[2017-02-21 01:05:18] - 굿스플로 배송정보처리
[2017-02-21 01:05:18] - 고객리마인드 쿠폰
[2017-02-21 01:05:18] - 고객리마인드 적립금
[2017-02-21 01:05:18] - 고객리마인드 장바구니
[2017-02-21 01:05:18] - 고객리마인드 회원등급
[2017-02-21 01:05:18] - 고객리마인드 타임세일
[2017-02-21 01:05:18] - 고객리마인드 후기
[2017-02-21 01:05:18] - 고객리마인드 생일
[2017-02-21 01:05:18] - 고객리마인드 기념일
[2017-02-21 01:05:18] - 미입금 시 입금요청내용 문자발송
[2017-02-21 01:05:18] - 집계테이블 생성
[2017-02-21 01:05:18] - 유입경로 통계에 referer_domain 추가
[2017-02-21 01:05:18] - 오래된 파일 삭제
[2017-02-21 01:05:18] - 상품디스플레이 캐시 파일 삭제
[2017-02-21 01:05:18] - 플래시 캐시 파일 삭제
[2017-02-21 01:05:18] - 임시파일 삭제
[2017-02-21 01:05:19] - 사용 용량 업데이트
[2017-02-21 01:05:19] - 관리자 중요행위 알림 캐시파일 생성
[2017-02-21 01:05:19] - 휴면계정 고지 문자발송
[2017-02-21 01:05:22] - 상품 통계
[2017-02-22 00:11:00] - 입점마켓팅 다음EP 생성
[2017-02-22 00:11:00] - 입점마켓팅 네이버EP 2.0 생성
[2017-02-22 00:11:00] - 입점마켓팅 네이버EP 3.0 생성
[2017-02-22 00:11:00] - 입점마켓팅 리뷰EP 생성
[2017-02-22 01:05:19] - 회원 만료된 적립금 차감
[2017-02-22 01:05:19] - 회원 만료된 포인트 차감
[2017-02-22 01:05:19] - 쇼핑몰 분류 동기화
[2017-02-22 01:05:19] - 택배사 동기화
[2017-02-22 01:05:19] - 자동 주문 취소
[2017-02-22 01:05:19] - 장바구니 비우기
[2017-02-22 01:05:19] - 자동 구매확정
[2017-02-22 01:05:19] - 티켓상품 유효기간 체크 판매중지
[2017-02-22 01:05:19] - 티켓상품 자동 주문상태
[2017-02-22 01:05:19] - 통계데이터 삭제
[2017-02-22 01:05:19] - email log 삭제
[2017-02-22 01:05:19] - captcha 삭제
[2017-02-22 01:05:19] - naverpay 삭제
[2017-02-22 01:05:19] - 임시 필수옵션 및 추가구성옵션 데이터 삭제
[2017-02-22 01:05:19] - 배송지테이블 누락데이터 생성
[2017-02-22 01:05:19] - 회원정보다운로드데이터 삭제
[2017-02-22 01:05:19] - 할인혜택 금액 저장
[2017-02-22 01:05:19] - 굿스플로 배송정보처리
[2017-02-22 01:05:19] - 고객리마인드 쿠폰
[2017-02-22 01:05:19] - 고객리마인드 적립금
[2017-02-22 01:05:19] - 고객리마인드 장바구니
[2017-02-22 01:05:19] - 고객리마인드 회원등급
[2017-02-22 01:05:19] - 고객리마인드 타임세일
[2017-02-22 01:05:19] - 고객리마인드 후기
[2017-02-22 01:05:19] - 고객리마인드 생일
[2017-02-22 01:05:19] - 고객리마인드 기념일
[2017-02-22 01:05:19] - 미입금 시 입금요청내용 문자발송
[2017-02-22 01:05:19] - 집계테이블 생성
[2017-02-22 01:05:19] - 유입경로 통계에 referer_domain 추가
[2017-02-22 01:05:19] - 오래된 파일 삭제
[2017-02-22 01:05:19] - 상품디스플레이 캐시 파일 삭제
[2017-02-22 01:05:19] - 플래시 캐시 파일 삭제
[2017-02-22 01:05:19] - 임시파일 삭제
[2017-02-22 01:05:20] - 사용 용량 업데이트
[2017-02-22 01:05:20] - 관리자 중요행위 알림 캐시파일 생성
[2017-02-22 01:05:20] - 휴면계정 고지 문자발송
[2017-02-22 01:05:23] - 상품 통계
[2017-02-23 00:11:01] - 입점마켓팅 다음EP 생성
[2017-02-23 00:11:01] - 입점마켓팅 네이버EP 2.0 생성
[2017-02-23 00:11:01] - 입점마켓팅 네이버EP 3.0 생성
[2017-02-23 00:11:01] - 입점마켓팅 리뷰EP 생성
[2017-02-23 01:05:26] - 회원 만료된 적립금 차감
[2017-02-23 01:05:26] - 회원 만료된 포인트 차감
[2017-02-23 01:05:27] - 쇼핑몰 분류 동기화
[2017-02-23 01:05:27] - 택배사 동기화
[2017-02-23 01:05:27] - 자동 주문 취소
[2017-02-23 01:05:27] - 장바구니 비우기
[2017-02-23 01:05:27] - 자동 구매확정
[2017-02-23 01:05:27] - 티켓상품 유효기간 체크 판매중지
[2017-02-23 01:05:27] - 티켓상품 자동 주문상태
[2017-02-23 01:05:27] - 통계데이터 삭제
[2017-02-23 01:05:27] - email log 삭제
[2017-02-23 01:05:27] - captcha 삭제
[2017-02-23 01:05:27] - naverpay 삭제
[2017-02-23 01:05:27] - 임시 필수옵션 및 추가구성옵션 데이터 삭제
[2017-02-23 01:05:27] - 배송지테이블 누락데이터 생성
[2017-02-23 01:05:27] - 회원정보다운로드데이터 삭제
[2017-02-23 01:05:27] - 할인혜택 금액 저장
[2017-02-23 01:05:27] - 굿스플로 배송정보처리
[2017-02-23 01:05:27] - 고객리마인드 쿠폰
[2017-02-23 01:05:27] - 고객리마인드 적립금
[2017-02-23 01:05:27] - 고객리마인드 장바구니
[2017-02-23 01:05:27] - 고객리마인드 회원등급
[2017-02-23 01:05:27] - 고객리마인드 타임세일
[2017-02-23 01:05:27] - 고객리마인드 후기
[2017-02-23 01:05:27] - 고객리마인드 생일
[2017-02-23 01:05:27] - 고객리마인드 기념일
[2017-02-23 01:05:27] - 미입금 시 입금요청내용 문자발송
[2017-02-23 01:05:27] - 집계테이블 생성
[2017-02-23 01:05:27] - 유입경로 통계에 referer_domain 추가
[2017-02-23 01:05:27] - 오래된 파일 삭제
[2017-02-23 01:05:27] - 상품디스플레이 캐시 파일 삭제
[2017-02-23 01:05:27] - 플래시 캐시 파일 삭제
[2017-02-23 01:05:27] - 임시파일 삭제
[2017-02-23 01:05:27] - 사용 용량 업데이트
[2017-02-23 01:05:27] - 관리자 중요행위 알림 캐시파일 생성
[2017-02-23 01:05:28] - 휴면계정 고지 문자발송
[2017-02-23 01:05:30] - 상품 통계
[2017-02-24 00:11:00] - 입점마켓팅 다음EP 생성
[2017-02-24 00:11:00] - 입점마켓팅 네이버EP 2.0 생성
[2017-02-24 00:11:00] - 입점마켓팅 네이버EP 3.0 생성
[2017-02-24 00:11:00] - 입점마켓팅 리뷰EP 생성
[2017-02-24 01:05:19] - 회원 만료된 적립금 차감
[2017-02-24 01:05:19] - 회원 만료된 포인트 차감
[2017-02-24 01:05:19] - 쇼핑몰 분류 동기화
[2017-02-24 01:05:19] - 택배사 동기화
[2017-02-24 01:05:19] - 자동 주문 취소
[2017-02-24 01:05:19] - 장바구니 비우기
[2017-02-24 01:05:19] - 자동 구매확정
[2017-02-24 01:05:19] - 티켓상품 유효기간 체크 판매중지
[2017-02-24 01:05:19] - 티켓상품 자동 주문상태
[2017-02-24 01:05:19] - 통계데이터 삭제
[2017-02-24 01:05:19] - email log 삭제
[2017-02-24 01:05:19] - captcha 삭제
[2017-02-24 01:05:19] - naverpay 삭제
[2017-02-24 01:05:19] - 임시 필수옵션 및 추가구성옵션 데이터 삭제
[2017-02-24 01:05:19] - 배송지테이블 누락데이터 생성
[2017-02-24 01:05:19] - 회원정보다운로드데이터 삭제
[2017-02-24 01:05:19] - 할인혜택 금액 저장
[2017-02-24 01:05:19] - 굿스플로 배송정보처리
[2017-02-24 01:05:19] - 고객리마인드 쿠폰
[2017-02-24 01:05:19] - 고객리마인드 적립금
[2017-02-24 01:05:19] - 고객리마인드 장바구니
[2017-02-24 01:05:19] - 고객리마인드 회원등급
[2017-02-24 01:05:19] - 고객리마인드 타임세일
[2017-02-24 01:05:19] - 고객리마인드 후기
[2017-02-24 01:05:19] - 고객리마인드 생일
[2017-02-24 01:05:19] - 고객리마인드 기념일
[2017-02-24 01:05:19] - 미입금 시 입금요청내용 문자발송
[2017-02-24 01:05:19] - 집계테이블 생성
[2017-02-24 01:05:19] - 유입경로 통계에 referer_domain 추가
[2017-02-24 01:05:19] - 오래된 파일 삭제
[2017-02-24 01:05:19] - 상품디스플레이 캐시 파일 삭제
[2017-02-24 01:05:19] - 플래시 캐시 파일 삭제
[2017-02-24 01:05:19] - 임시파일 삭제
[2017-02-24 01:05:20] - 사용 용량 업데이트
[2017-02-24 01:05:20] - 관리자 중요행위 알림 캐시파일 생성
[2017-02-24 01:05:20] - 휴면계정 고지 문자발송
[2017-02-24 01:05:22] - 상품 통계
[2017-02-25 00:11:01] - 입점마켓팅 다음EP 생성
[2017-02-25 00:11:01] - 입점마켓팅 네이버EP 2.0 생성
[2017-02-25 00:11:01] - 입점마켓팅 네이버EP 3.0 생성
[2017-02-25 00:11:01] - 입점마켓팅 리뷰EP 생성
[2017-02-25 01:05:26] - 회원 만료된 적립금 차감
[2017-02-25 01:05:26] - 회원 만료된 포인트 차감
[2017-02-25 01:05:26] - 쇼핑몰 분류 동기화
[2017-02-25 01:05:26] - 택배사 동기화
[2017-02-25 01:05:26] - 자동 주문 취소
[2017-02-25 01:05:26] - 장바구니 비우기
[2017-02-25 01:05:26] - 자동 구매확정
[2017-02-25 01:05:26] - 티켓상품 유효기간 체크 판매중지
[2017-02-25 01:05:26] - 티켓상품 자동 주문상태
[2017-02-25 01:05:26] - 통계데이터 삭제
[2017-02-25 01:05:26] - email log 삭제
[2017-02-25 01:05:26] - captcha 삭제
[2017-02-25 01:05:26] - naverpay 삭제
[2017-02-25 01:05:26] - 임시 필수옵션 및 추가구성옵션 데이터 삭제
[2017-02-25 01:05:26] - 배송지테이블 누락데이터 생성
[2017-02-25 01:05:26] - 회원정보다운로드데이터 삭제
[2017-02-25 01:05:26] - 할인혜택 금액 저장
[2017-02-25 01:05:26] - 굿스플로 배송정보처리
[2017-02-25 01:05:26] - 고객리마인드 쿠폰
[2017-02-25 01:05:26] - 고객리마인드 적립금
[2017-02-25 01:05:26] - 고객리마인드 장바구니
[2017-02-25 01:05:26] - 고객리마인드 회원등급
[2017-02-25 01:05:26] - 고객리마인드 타임세일
[2017-02-25 01:05:26] - 고객리마인드 후기
[2017-02-25 01:05:26] - 고객리마인드 생일
[2017-02-25 01:05:26] - 고객리마인드 기념일
[2017-02-25 01:05:26] - 미입금 시 입금요청내용 문자발송
[2017-02-25 01:05:26] - 집계테이블 생성
[2017-02-25 01:05:26] - 유입경로 통계에 referer_domain 추가
[2017-02-25 01:05:26] - 오래된 파일 삭제
[2017-02-25 01:05:26] - 상품디스플레이 캐시 파일 삭제
[2017-02-25 01:05:26] - 플래시 캐시 파일 삭제
[2017-02-25 01:05:26] - 임시파일 삭제
[2017-02-25 01:05:27] - 사용 용량 업데이트
[2017-02-25 01:05:27] - 관리자 중요행위 알림 캐시파일 생성
[2017-02-25 01:05:27] - 휴면계정 고지 문자발송
[2017-02-25 01:05:29] - 상품 통계
[2017-02-26 00:11:01] - 입점마켓팅 다음EP 생성
[2017-02-26 00:11:01] - 입점마켓팅 네이버EP 2.0 생성
[2017-02-26 00:11:01] - 입점마켓팅 네이버EP 3.0 생성
[2017-02-26 00:11:01] - 입점마켓팅 리뷰EP 생성
[2017-02-26 01:05:20] - 회원 만료된 적립금 차감
[2017-02-26 01:05:20] - 회원 만료된 포인트 차감
[2017-02-26 01:05:20] - 쇼핑몰 분류 동기화
[2017-02-26 01:05:20] - 택배사 동기화
[2017-02-26 01:05:20] - 자동 주문 취소
[2017-02-26 01:05:20] - 장바구니 비우기
[2017-02-26 01:05:20] - 자동 구매확정
[2017-02-26 01:05:20] - 티켓상품 유효기간 체크 판매중지
[2017-02-26 01:05:20] - 티켓상품 자동 주문상태
[2017-02-26 01:05:20] - 통계데이터 삭제
[2017-02-26 01:05:20] - email log 삭제
[2017-02-26 01:05:20] - captcha 삭제
[2017-02-26 01:05:20] - naverpay 삭제
[2017-02-26 01:05:20] - 임시 필수옵션 및 추가구성옵션 데이터 삭제
[2017-02-26 01:05:20] - 배송지테이블 누락데이터 생성
[2017-02-26 01:05:20] - 회원정보다운로드데이터 삭제
[2017-02-26 01:05:20] - 할인혜택 금액 저장
[2017-02-26 01:05:20] - 굿스플로 배송정보처리
[2017-02-26 01:05:20] - 고객리마인드 쿠폰
[2017-02-26 01:05:20] - 고객리마인드 적립금
[2017-02-26 01:05:20] - 고객리마인드 장바구니
[2017-02-26 01:05:20] - 고객리마인드 회원등급
[2017-02-26 01:05:20] - 고객리마인드 타임세일
[2017-02-26 01:05:20] - 고객리마인드 후기
[2017-02-26 01:05:20] - 고객리마인드 생일
[2017-02-26 01:05:20] - 고객리마인드 기념일
[2017-02-26 01:05:20] - 미입금 시 입금요청내용 문자발송
[2017-02-26 01:05:20] - 집계테이블 생성
[2017-02-26 01:05:20] - 유입경로 통계에 referer_domain 추가
[2017-02-26 01:05:20] - 오래된 파일 삭제
[2017-02-26 01:05:20] - 상품디스플레이 캐시 파일 삭제
[2017-02-26 01:05:20] - 플래시 캐시 파일 삭제
[2017-02-26 01:05:20] - 임시파일 삭제
[2017-02-26 01:05:20] - 사용 용량 업데이트
[2017-02-26 01:05:20] - 관리자 중요행위 알림 캐시파일 생성
[2017-02-26 01:05:21] - 휴면계정 고지 문자발송
[2017-02-26 01:05:23] - 상품 통계
[2017-02-27 00:11:01] - 입점마켓팅 다음EP 생성
[2017-02-27 00:11:01] - 입점마켓팅 네이버EP 2.0 생성
[2017-02-27 00:11:01] - 입점마켓팅 네이버EP 3.0 생성
[2017-02-27 00:11:01] - 입점마켓팅 리뷰EP 생성
[2017-02-27 01:05:33] - 회원 만료된 적립금 차감
[2017-02-27 01:05:33] - 회원 만료된 포인트 차감
[2017-02-27 01:05:34] - 쇼핑몰 분류 동기화
[2017-02-27 01:05:34] - 택배사 동기화
[2017-02-27 01:05:34] - 자동 주문 취소
[2017-02-27 01:05:34] - 장바구니 비우기
[2017-02-27 01:05:34] - 자동 구매확정
[2017-02-27 01:05:34] - 티켓상품 유효기간 체크 판매중지
[2017-02-27 01:05:34] - 티켓상품 자동 주문상태
[2017-02-27 01:05:34] - 통계데이터 삭제
[2017-02-27 01:05:34] - email log 삭제
[2017-02-27 01:05:34] - captcha 삭제
[2017-02-27 01:05:34] - naverpay 삭제
[2017-02-27 01:05:34] - 임시 필수옵션 및 추가구성옵션 데이터 삭제
[2017-02-27 01:05:34] - 배송지테이블 누락데이터 생성
[2017-02-27 01:05:34] - 회원정보다운로드데이터 삭제
[2017-02-27 01:05:34] - 할인혜택 금액 저장
[2017-02-27 01:05:34] - 굿스플로 배송정보처리
[2017-02-27 01:05:34] - 고객리마인드 쿠폰
[2017-02-27 01:05:34] - 고객리마인드 적립금
[2017-02-27 01:05:34] - 고객리마인드 장바구니
[2017-02-27 01:05:34] - 고객리마인드 회원등급
[2017-02-27 01:05:34] - 고객리마인드 타임세일
[2017-02-27 01:05:34] - 고객리마인드 후기
[2017-02-27 01:05:34] - 고객리마인드 생일
[2017-02-27 01:05:34] - 고객리마인드 기념일
[2017-02-27 01:05:34] - 미입금 시 입금요청내용 문자발송
[2017-02-27 01:05:34] - 집계테이블 생성
[2017-02-27 01:05:34] - 유입경로 통계에 referer_domain 추가
[2017-02-27 01:05:34] - 오래된 파일 삭제
[2017-02-27 01:05:34] - 상품디스플레이 캐시 파일 삭제
[2017-02-27 01:05:34] - 플래시 캐시 파일 삭제
[2017-02-27 01:05:34] - 임시파일 삭제
[2017-02-27 01:05:34] - 사용 용량 업데이트
[2017-02-27 01:05:34] - 관리자 중요행위 알림 캐시파일 생성
[2017-02-27 01:05:34] - 휴면계정 고지 문자발송
[2017-02-27 01:05:37] - 상품 통계
[2017-02-28 00:11:01] - 입점마켓팅 다음EP 생성
[2017-02-28 00:11:01] - 입점마켓팅 네이버EP 2.0 생성
[2017-02-28 00:11:01] - 입점마켓팅 네이버EP 3.0 생성
[2017-02-28 00:11:01] - 입점마켓팅 리뷰EP 생성
[2017-02-28 01:05:28] - 회원 만료된 적립금 차감
[2017-02-28 01:05:28] - 회원 만료된 포인트 차감
[2017-02-28 01:05:28] - 쇼핑몰 분류 동기화
[2017-02-28 01:05:28] - 택배사 동기화
[2017-02-28 01:05:29] - 자동 주문 취소
[2017-02-28 01:05:29] - 장바구니 비우기
[2017-02-28 01:05:29] - 자동 구매확정
[2017-02-28 01:05:29] - 티켓상품 유효기간 체크 판매중지
[2017-02-28 01:05:29] - 티켓상품 자동 주문상태
[2017-02-28 01:05:29] - 통계데이터 삭제
[2017-02-28 01:05:29] - email log 삭제
[2017-02-28 01:05:29] - captcha 삭제
[2017-02-28 01:05:29] - naverpay 삭제
[2017-02-28 01:05:29] - 임시 필수옵션 및 추가구성옵션 데이터 삭제
[2017-02-28 01:05:29] - 배송지테이블 누락데이터 생성
[2017-02-28 01:05:29] - 회원정보다운로드데이터 삭제
[2017-02-28 01:05:29] - 할인혜택 금액 저장
[2017-02-28 01:05:29] - 굿스플로 배송정보처리
[2017-02-28 01:05:29] - 고객리마인드 쿠폰
[2017-02-28 01:05:29] - 고객리마인드 적립금
[2017-02-28 01:05:29] - 고객리마인드 장바구니
[2017-02-28 01:05:29] - 고객리마인드 회원등급
[2017-02-28 01:05:29] - 고객리마인드 타임세일
[2017-02-28 01:05:29] - 고객리마인드 후기
[2017-02-28 01:05:29] - 고객리마인드 생일
[2017-02-28 01:05:29] - 고객리마인드 기념일
[2017-02-28 01:05:29] - 미입금 시 입금요청내용 문자발송
[2017-02-28 01:05:29] - 집계테이블 생성
[2017-02-28 01:05:29] - 유입경로 통계에 referer_domain 추가
[2017-02-28 01:05:29] - 오래된 파일 삭제
[2017-02-28 01:05:29] - 상품디스플레이 캐시 파일 삭제
[2017-02-28 01:05:29] - 플래시 캐시 파일 삭제
[2017-02-28 01:05:29] - 임시파일 삭제
[2017-02-28 01:05:29] - 사용 용량 업데이트
[2017-02-28 01:05:29] - 관리자 중요행위 알림 캐시파일 생성
[2017-02-28 01:05:29] - 휴면계정 고지 문자발송
[2017-02-28 01:05:33] - 상품 통계
