[2017-05-01 00:11:02] - 입점마켓팅 다음EP 생성
[2017-05-01 00:11:02] - 입점마켓팅 네이버EP 2.0 생성
[2017-05-01 00:11:02] - 입점마켓팅 네이버EP 3.0 생성
[2017-05-01 00:11:02] - 입점마켓팅 리뷰EP 생성
[2017-05-01 01:08:30] - 회원 만료된 적립금 차감
[2017-05-01 01:08:30] - 회원 만료된 포인트 차감
[2017-05-01 01:08:30] - 쇼핑몰 분류 동기화
[2017-05-01 01:08:30] - 택배사 동기화
[2017-05-01 01:08:30] - 자동 주문 취소
[2017-05-01 01:08:30] - 장바구니 비우기
[2017-05-01 01:08:30] - 자동 구매확정
[2017-05-01 01:08:30] - 티켓상품 유효기간 체크 판매중지
[2017-05-01 01:08:30] - 티켓상품 자동 주문상태
[2017-05-01 01:08:30] - 통계데이터 삭제
[2017-05-01 01:08:30] - email log 삭제
[2017-05-01 01:08:30] - captcha 삭제
[2017-05-01 01:08:30] - naverpay 삭제
[2017-05-01 01:08:31] - 임시 필수옵션 및 추가구성옵션 데이터 삭제
[2017-05-01 01:08:31] - 배송지테이블 누락데이터 생성
[2017-05-01 01:08:31] - 회원정보다운로드데이터 삭제
[2017-05-01 01:08:31] - 할인혜택 금액 저장
[2017-05-01 01:08:31] - 회원 자동 등급
[2017-05-01 01:08:31] - 굿스플로 배송정보처리
[2017-05-01 01:08:31] - 고객리마인드 쿠폰
[2017-05-01 01:08:31] - 고객리마인드 적립금
[2017-05-01 01:08:31] - 고객리마인드 장바구니
[2017-05-01 01:08:31] - 고객리마인드 회원등급
[2017-05-01 01:08:31] - 고객리마인드 타임세일
[2017-05-01 01:08:31] - 고객리마인드 후기
[2017-05-01 01:08:31] - 고객리마인드 생일
[2017-05-01 01:08:31] - 고객리마인드 기념일
[2017-05-01 01:08:31] - 미입금 시 입금요청내용 문자발송
[2017-05-01 01:08:31] - 집계테이블 생성
[2017-05-01 01:08:31] - 유입경로 통계에 referer_domain 추가
[2017-05-01 01:08:31] - 오래된 파일 삭제
[2017-05-01 01:08:31] - 상품디스플레이 캐시 파일 삭제
[2017-05-01 01:08:31] - 플래시 캐시 파일 삭제
[2017-05-01 01:08:31] - 임시파일 삭제
[2017-05-01 01:08:31] - 사용 용량 업데이트
[2017-05-01 01:08:31] - 관리자 중요행위 알림 캐시파일 생성
[2017-05-01 01:08:31] - 이머니,포인트,적립금 통계 추가
[2017-05-01 01:08:31] - 휴면계정 고지 문자발송
[2017-05-01 01:08:35] - 상품 통계
[2017-05-02 00:11:02] - 입점마켓팅 다음EP 생성
[2017-05-02 00:11:02] - 입점마켓팅 네이버EP 2.0 생성
[2017-05-02 00:11:02] - 입점마켓팅 네이버EP 3.0 생성
[2017-05-02 00:11:02] - 입점마켓팅 리뷰EP 생성
[2017-05-02 01:07:50] - 회원 만료된 적립금 차감
[2017-05-02 01:07:50] - 회원 만료된 포인트 차감
[2017-05-02 01:07:50] - 쇼핑몰 분류 동기화
[2017-05-02 01:07:50] - 택배사 동기화
[2017-05-02 01:07:50] - 자동 주문 취소
[2017-05-02 01:07:50] - 장바구니 비우기
[2017-05-02 01:07:50] - 자동 구매확정
[2017-05-02 01:07:50] - 티켓상품 유효기간 체크 판매중지
[2017-05-02 01:07:50] - 티켓상품 자동 주문상태
[2017-05-02 01:07:50] - 통계데이터 삭제
[2017-05-02 01:07:50] - email log 삭제
[2017-05-02 01:07:50] - captcha 삭제
[2017-05-02 01:07:50] - naverpay 삭제
[2017-05-02 01:07:50] - 임시 필수옵션 및 추가구성옵션 데이터 삭제
[2017-05-02 01:07:50] - 배송지테이블 누락데이터 생성
[2017-05-02 01:07:50] - 회원정보다운로드데이터 삭제
[2017-05-02 01:07:50] - 할인혜택 금액 저장
[2017-05-02 01:07:50] - 굿스플로 배송정보처리
[2017-05-02 01:07:50] - 고객리마인드 쿠폰
[2017-05-02 01:07:50] - 고객리마인드 적립금
[2017-05-02 01:07:50] - 고객리마인드 장바구니
[2017-05-02 01:07:50] - 고객리마인드 회원등급
[2017-05-02 01:07:50] - 고객리마인드 타임세일
[2017-05-02 01:07:50] - 고객리마인드 후기
[2017-05-02 01:07:50] - 고객리마인드 생일
[2017-05-02 01:07:50] - 고객리마인드 기념일
[2017-05-02 01:07:50] - 미입금 시 입금요청내용 문자발송
[2017-05-02 01:07:51] - 집계테이블 생성
[2017-05-02 01:07:51] - 유입경로 통계에 referer_domain 추가
[2017-05-02 01:07:51] - 오래된 파일 삭제
[2017-05-02 01:07:51] - 상품디스플레이 캐시 파일 삭제
[2017-05-02 01:07:51] - 플래시 캐시 파일 삭제
[2017-05-02 01:07:51] - 임시파일 삭제
[2017-05-02 01:07:51] - 사용 용량 업데이트
[2017-05-02 01:07:51] - 관리자 중요행위 알림 캐시파일 생성
[2017-05-02 01:07:51] - 휴면계정 고지 문자발송
[2017-05-02 01:07:54] - 상품 통계
[2017-05-03 00:11:02] - 입점마켓팅 다음EP 생성
[2017-05-03 00:11:02] - 입점마켓팅 네이버EP 2.0 생성
[2017-05-03 00:11:02] - 입점마켓팅 네이버EP 3.0 생성
[2017-05-03 00:11:03] - 입점마켓팅 리뷰EP 생성
[2017-05-03 01:07:54] - 회원 만료된 적립금 차감
[2017-05-03 01:07:54] - 회원 만료된 포인트 차감
[2017-05-03 01:07:54] - 쇼핑몰 분류 동기화
[2017-05-03 01:07:54] - 택배사 동기화
[2017-05-03 01:07:55] - 자동 주문 취소
[2017-05-03 01:07:55] - 장바구니 비우기
[2017-05-03 01:07:55] - 자동 구매확정
[2017-05-03 01:07:55] - 티켓상품 유효기간 체크 판매중지
[2017-05-03 01:07:55] - 티켓상품 자동 주문상태
[2017-05-03 01:07:55] - 통계데이터 삭제
[2017-05-03 01:07:55] - email log 삭제
[2017-05-03 01:07:55] - captcha 삭제
[2017-05-03 01:07:55] - naverpay 삭제
[2017-05-03 01:07:55] - 임시 필수옵션 및 추가구성옵션 데이터 삭제
[2017-05-03 01:07:55] - 배송지테이블 누락데이터 생성
[2017-05-03 01:07:55] - 회원정보다운로드데이터 삭제
[2017-05-03 01:07:55] - 할인혜택 금액 저장
[2017-05-03 01:07:55] - 굿스플로 배송정보처리
[2017-05-03 01:07:55] - 고객리마인드 쿠폰
[2017-05-03 01:07:55] - 고객리마인드 적립금
[2017-05-03 01:07:55] - 고객리마인드 장바구니
[2017-05-03 01:07:55] - 고객리마인드 회원등급
[2017-05-03 01:07:55] - 고객리마인드 타임세일
[2017-05-03 01:07:55] - 고객리마인드 후기
[2017-05-03 01:07:55] - 고객리마인드 생일
[2017-05-03 01:07:55] - 고객리마인드 기념일
[2017-05-03 01:07:55] - 미입금 시 입금요청내용 문자발송
[2017-05-03 01:07:55] - 집계테이블 생성
[2017-05-03 01:07:55] - 유입경로 통계에 referer_domain 추가
[2017-05-03 01:07:55] - 오래된 파일 삭제
[2017-05-03 01:07:55] - 상품디스플레이 캐시 파일 삭제
[2017-05-03 01:07:55] - 플래시 캐시 파일 삭제
[2017-05-03 01:07:55] - 임시파일 삭제
[2017-05-03 01:07:55] - 사용 용량 업데이트
[2017-05-03 01:07:55] - 관리자 중요행위 알림 캐시파일 생성
[2017-05-03 01:07:55] - 휴면계정 고지 문자발송
[2017-05-03 01:07:59] - 상품 통계
[2017-05-04 00:11:02] - 입점마켓팅 다음EP 생성
[2017-05-04 00:11:02] - 입점마켓팅 네이버EP 2.0 생성
[2017-05-04 00:11:02] - 입점마켓팅 네이버EP 3.0 생성
[2017-05-04 00:11:02] - 입점마켓팅 리뷰EP 생성
[2017-05-04 01:07:37] - 회원 만료된 적립금 차감
[2017-05-04 01:07:37] - 회원 만료된 포인트 차감
[2017-05-04 01:07:37] - 쇼핑몰 분류 동기화
[2017-05-04 01:07:37] - 택배사 동기화
[2017-05-04 01:07:37] - 자동 주문 취소
[2017-05-04 01:07:37] - 장바구니 비우기
[2017-05-04 01:07:37] - 자동 구매확정
[2017-05-04 01:07:37] - 티켓상품 유효기간 체크 판매중지
[2017-05-04 01:07:37] - 티켓상품 자동 주문상태
[2017-05-04 01:07:37] - 통계데이터 삭제
[2017-05-04 01:07:37] - email log 삭제
[2017-05-04 01:07:37] - captcha 삭제
[2017-05-04 01:07:37] - naverpay 삭제
[2017-05-04 01:07:37] - 임시 필수옵션 및 추가구성옵션 데이터 삭제
[2017-05-04 01:07:37] - 배송지테이블 누락데이터 생성
[2017-05-04 01:07:37] - 회원정보다운로드데이터 삭제
[2017-05-04 01:07:37] - 할인혜택 금액 저장
[2017-05-04 01:07:37] - 굿스플로 배송정보처리
[2017-05-04 01:07:37] - 고객리마인드 쿠폰
[2017-05-04 01:07:37] - 고객리마인드 적립금
[2017-05-04 01:07:37] - 고객리마인드 장바구니
[2017-05-04 01:07:37] - 고객리마인드 회원등급
[2017-05-04 01:07:37] - 고객리마인드 타임세일
[2017-05-04 01:07:37] - 고객리마인드 후기
[2017-05-04 01:07:37] - 고객리마인드 생일
[2017-05-04 01:07:37] - 고객리마인드 기념일
[2017-05-04 01:07:37] - 미입금 시 입금요청내용 문자발송
[2017-05-04 01:07:37] - 집계테이블 생성
[2017-05-04 01:07:37] - 유입경로 통계에 referer_domain 추가
[2017-05-04 01:07:37] - 오래된 파일 삭제
[2017-05-04 01:07:37] - 상품디스플레이 캐시 파일 삭제
[2017-05-04 01:07:37] - 플래시 캐시 파일 삭제
[2017-05-04 01:07:37] - 임시파일 삭제
[2017-05-04 01:07:38] - 사용 용량 업데이트
[2017-05-04 01:07:38] - 관리자 중요행위 알림 캐시파일 생성
[2017-05-04 01:07:38] - 휴면계정 고지 문자발송
[2017-05-04 01:07:41] - 상품 통계
[2017-05-05 00:11:02] - 입점마켓팅 다음EP 생성
[2017-05-05 00:11:02] - 입점마켓팅 네이버EP 2.0 생성
[2017-05-05 00:11:02] - 입점마켓팅 네이버EP 3.0 생성
[2017-05-05 00:11:02] - 입점마켓팅 리뷰EP 생성
[2017-05-05 01:07:53] - 회원 만료된 적립금 차감
[2017-05-05 01:07:53] - 회원 만료된 포인트 차감
[2017-05-05 01:07:53] - 쇼핑몰 분류 동기화
[2017-05-05 01:07:53] - 택배사 동기화
[2017-05-05 01:07:53] - 자동 주문 취소
[2017-05-05 01:07:53] - 장바구니 비우기
[2017-05-05 01:07:53] - 자동 구매확정
[2017-05-05 01:07:53] - 티켓상품 유효기간 체크 판매중지
[2017-05-05 01:07:53] - 티켓상품 자동 주문상태
[2017-05-05 01:07:53] - 통계데이터 삭제
[2017-05-05 01:07:53] - email log 삭제
[2017-05-05 01:07:53] - captcha 삭제
[2017-05-05 01:07:53] - naverpay 삭제
[2017-05-05 01:07:53] - 임시 필수옵션 및 추가구성옵션 데이터 삭제
[2017-05-05 01:07:53] - 배송지테이블 누락데이터 생성
[2017-05-05 01:07:53] - 회원정보다운로드데이터 삭제
[2017-05-05 01:07:53] - 할인혜택 금액 저장
[2017-05-05 01:07:53] - 굿스플로 배송정보처리
[2017-05-05 01:07:53] - 고객리마인드 쿠폰
[2017-05-05 01:07:53] - 고객리마인드 적립금
[2017-05-05 01:07:53] - 고객리마인드 장바구니
[2017-05-05 01:07:53] - 고객리마인드 회원등급
[2017-05-05 01:07:53] - 고객리마인드 타임세일
[2017-05-05 01:07:53] - 고객리마인드 후기
[2017-05-05 01:07:53] - 고객리마인드 생일
[2017-05-05 01:07:53] - 고객리마인드 기념일
[2017-05-05 01:07:53] - 미입금 시 입금요청내용 문자발송
[2017-05-05 01:07:54] - 집계테이블 생성
[2017-05-05 01:07:54] - 유입경로 통계에 referer_domain 추가
[2017-05-05 01:07:54] - 오래된 파일 삭제
[2017-05-05 01:07:54] - 상품디스플레이 캐시 파일 삭제
[2017-05-05 01:07:54] - 플래시 캐시 파일 삭제
[2017-05-05 01:07:54] - 임시파일 삭제
[2017-05-05 01:07:54] - 사용 용량 업데이트
[2017-05-05 01:07:54] - 관리자 중요행위 알림 캐시파일 생성
[2017-05-05 01:07:54] - 휴면계정 고지 문자발송
[2017-05-05 01:07:57] - 상품 통계
[2017-05-06 00:11:02] - 입점마켓팅 다음EP 생성
[2017-05-06 00:11:02] - 입점마켓팅 네이버EP 2.0 생성
[2017-05-06 00:11:02] - 입점마켓팅 네이버EP 3.0 생성
[2017-05-06 00:11:02] - 입점마켓팅 리뷰EP 생성
[2017-05-06 01:07:41] - 회원 만료된 적립금 차감
[2017-05-06 01:07:41] - 회원 만료된 포인트 차감
[2017-05-06 01:07:41] - 쇼핑몰 분류 동기화
[2017-05-06 01:07:41] - 택배사 동기화
[2017-05-06 01:07:41] - 자동 주문 취소
[2017-05-06 01:07:42] - 장바구니 비우기
[2017-05-06 01:07:42] - 자동 구매확정
[2017-05-06 01:07:42] - 티켓상품 유효기간 체크 판매중지
[2017-05-06 01:07:42] - 티켓상품 자동 주문상태
[2017-05-06 01:07:42] - 통계데이터 삭제
[2017-05-06 01:07:42] - email log 삭제
[2017-05-06 01:07:42] - captcha 삭제
[2017-05-06 01:07:42] - naverpay 삭제
[2017-05-06 01:07:42] - 임시 필수옵션 및 추가구성옵션 데이터 삭제
[2017-05-06 01:07:42] - 배송지테이블 누락데이터 생성
[2017-05-06 01:07:42] - 회원정보다운로드데이터 삭제
[2017-05-06 01:07:42] - 할인혜택 금액 저장
[2017-05-06 01:07:42] - 굿스플로 배송정보처리
[2017-05-06 01:07:42] - 고객리마인드 쿠폰
[2017-05-06 01:07:42] - 고객리마인드 적립금
[2017-05-06 01:07:42] - 고객리마인드 장바구니
[2017-05-06 01:07:42] - 고객리마인드 회원등급
[2017-05-06 01:07:42] - 고객리마인드 타임세일
[2017-05-06 01:07:42] - 고객리마인드 후기
[2017-05-06 01:07:42] - 고객리마인드 생일
[2017-05-06 01:07:42] - 고객리마인드 기념일
[2017-05-06 01:07:42] - 미입금 시 입금요청내용 문자발송
[2017-05-06 01:07:42] - 집계테이블 생성
[2017-05-06 01:07:42] - 유입경로 통계에 referer_domain 추가
[2017-05-06 01:07:42] - 오래된 파일 삭제
[2017-05-06 01:07:42] - 상품디스플레이 캐시 파일 삭제
[2017-05-06 01:07:42] - 플래시 캐시 파일 삭제
[2017-05-06 01:07:42] - 임시파일 삭제
[2017-05-06 01:07:42] - 사용 용량 업데이트
[2017-05-06 01:07:42] - 관리자 중요행위 알림 캐시파일 생성
[2017-05-06 01:07:43] - 휴면계정 고지 문자발송
[2017-05-06 01:07:46] - 상품 통계
[2017-05-07 00:11:03] - 입점마켓팅 다음EP 생성
[2017-05-07 00:11:03] - 입점마켓팅 네이버EP 2.0 생성
[2017-05-07 00:11:03] - 입점마켓팅 네이버EP 3.0 생성
[2017-05-07 00:11:03] - 입점마켓팅 리뷰EP 생성
[2017-05-07 01:07:46] - 회원 만료된 적립금 차감
[2017-05-07 01:07:46] - 회원 만료된 포인트 차감
[2017-05-07 01:07:46] - 쇼핑몰 분류 동기화
[2017-05-07 01:07:46] - 택배사 동기화
[2017-05-07 01:07:46] - 자동 주문 취소
[2017-05-07 01:07:46] - 장바구니 비우기
[2017-05-07 01:07:46] - 자동 구매확정
[2017-05-07 01:07:47] - 티켓상품 유효기간 체크 판매중지
[2017-05-07 01:07:47] - 티켓상품 자동 주문상태
[2017-05-07 01:07:47] - 통계데이터 삭제
[2017-05-07 01:07:47] - email log 삭제
[2017-05-07 01:07:47] - captcha 삭제
[2017-05-07 01:07:47] - naverpay 삭제
[2017-05-07 01:07:47] - 임시 필수옵션 및 추가구성옵션 데이터 삭제
[2017-05-07 01:07:47] - 배송지테이블 누락데이터 생성
[2017-05-07 01:07:47] - 회원정보다운로드데이터 삭제
[2017-05-07 01:07:47] - 할인혜택 금액 저장
[2017-05-07 01:07:47] - 굿스플로 배송정보처리
[2017-05-07 01:07:47] - 고객리마인드 쿠폰
[2017-05-07 01:07:47] - 고객리마인드 적립금
[2017-05-07 01:07:47] - 고객리마인드 장바구니
[2017-05-07 01:07:47] - 고객리마인드 회원등급
[2017-05-07 01:07:47] - 고객리마인드 타임세일
[2017-05-07 01:07:47] - 고객리마인드 후기
[2017-05-07 01:07:47] - 고객리마인드 생일
[2017-05-07 01:07:47] - 고객리마인드 기념일
[2017-05-07 01:07:47] - 미입금 시 입금요청내용 문자발송
[2017-05-07 01:07:47] - 집계테이블 생성
[2017-05-07 01:07:47] - 유입경로 통계에 referer_domain 추가
[2017-05-07 01:07:47] - 오래된 파일 삭제
[2017-05-07 01:07:47] - 상품디스플레이 캐시 파일 삭제
[2017-05-07 01:07:47] - 플래시 캐시 파일 삭제
[2017-05-07 01:07:47] - 임시파일 삭제
[2017-05-07 01:07:47] - 사용 용량 업데이트
[2017-05-07 01:07:47] - 관리자 중요행위 알림 캐시파일 생성
[2017-05-07 01:07:47] - 휴면계정 고지 문자발송
[2017-05-07 01:07:51] - 상품 통계
[2017-05-08 00:11:03] - 입점마켓팅 다음EP 생성
[2017-05-08 00:11:03] - 입점마켓팅 네이버EP 2.0 생성
[2017-05-08 00:11:03] - 입점마켓팅 네이버EP 3.0 생성
[2017-05-08 00:11:03] - 입점마켓팅 리뷰EP 생성
[2017-05-08 01:07:58] - 회원 만료된 적립금 차감
[2017-05-08 01:07:59] - 회원 만료된 포인트 차감
[2017-05-08 01:07:59] - 쇼핑몰 분류 동기화
[2017-05-08 01:07:59] - 택배사 동기화
[2017-05-08 01:07:59] - 자동 주문 취소
[2017-05-08 01:07:59] - 장바구니 비우기
[2017-05-08 01:07:59] - 자동 구매확정
[2017-05-08 01:07:59] - 티켓상품 유효기간 체크 판매중지
[2017-05-08 01:07:59] - 티켓상품 자동 주문상태
[2017-05-08 01:07:59] - 통계데이터 삭제
[2017-05-08 01:07:59] - email log 삭제
[2017-05-08 01:07:59] - captcha 삭제
[2017-05-08 01:07:59] - naverpay 삭제
[2017-05-08 01:07:59] - 임시 필수옵션 및 추가구성옵션 데이터 삭제
[2017-05-08 01:07:59] - 배송지테이블 누락데이터 생성
[2017-05-08 01:07:59] - 회원정보다운로드데이터 삭제
[2017-05-08 01:07:59] - 할인혜택 금액 저장
[2017-05-08 01:07:59] - 굿스플로 배송정보처리
[2017-05-08 01:07:59] - 고객리마인드 쿠폰
[2017-05-08 01:07:59] - 고객리마인드 적립금
[2017-05-08 01:07:59] - 고객리마인드 장바구니
[2017-05-08 01:07:59] - 고객리마인드 회원등급
[2017-05-08 01:07:59] - 고객리마인드 타임세일
[2017-05-08 01:07:59] - 고객리마인드 후기
[2017-05-08 01:07:59] - 고객리마인드 생일
[2017-05-08 01:07:59] - 고객리마인드 기념일
[2017-05-08 01:07:59] - 미입금 시 입금요청내용 문자발송
[2017-05-08 01:07:59] - 집계테이블 생성
[2017-05-08 01:07:59] - 유입경로 통계에 referer_domain 추가
[2017-05-08 01:07:59] - 오래된 파일 삭제
[2017-05-08 01:07:59] - 상품디스플레이 캐시 파일 삭제
[2017-05-08 01:07:59] - 플래시 캐시 파일 삭제
[2017-05-08 01:07:59] - 임시파일 삭제
[2017-05-08 01:08:00] - 사용 용량 업데이트
[2017-05-08 01:08:00] - 관리자 중요행위 알림 캐시파일 생성
[2017-05-08 01:08:00] - 휴면계정 고지 문자발송
[2017-05-08 01:08:03] - 상품 통계
[2017-05-09 00:11:03] - 입점마켓팅 다음EP 생성
[2017-05-09 00:11:03] - 입점마켓팅 네이버EP 2.0 생성
[2017-05-09 00:11:03] - 입점마켓팅 네이버EP 3.0 생성
[2017-05-09 00:11:03] - 입점마켓팅 리뷰EP 생성
[2017-05-09 01:07:53] - 회원 만료된 적립금 차감
[2017-05-09 01:07:53] - 회원 만료된 포인트 차감
[2017-05-09 01:07:53] - 쇼핑몰 분류 동기화
[2017-05-09 01:07:53] - 택배사 동기화
[2017-05-09 01:07:53] - 자동 주문 취소
[2017-05-09 01:07:53] - 장바구니 비우기
[2017-05-09 01:07:53] - 자동 구매확정
[2017-05-09 01:07:53] - 티켓상품 유효기간 체크 판매중지
[2017-05-09 01:07:53] - 티켓상품 자동 주문상태
[2017-05-09 01:07:53] - 통계데이터 삭제
[2017-05-09 01:07:53] - email log 삭제
[2017-05-09 01:07:53] - captcha 삭제
[2017-05-09 01:07:53] - naverpay 삭제
[2017-05-09 01:07:53] - 임시 필수옵션 및 추가구성옵션 데이터 삭제
[2017-05-09 01:07:53] - 배송지테이블 누락데이터 생성
[2017-05-09 01:07:53] - 회원정보다운로드데이터 삭제
[2017-05-09 01:07:53] - 할인혜택 금액 저장
[2017-05-09 01:07:53] - 굿스플로 배송정보처리
[2017-05-09 01:07:53] - 고객리마인드 쿠폰
[2017-05-09 01:07:53] - 고객리마인드 적립금
[2017-05-09 01:07:53] - 고객리마인드 장바구니
[2017-05-09 01:07:53] - 고객리마인드 회원등급
[2017-05-09 01:07:53] - 고객리마인드 타임세일
[2017-05-09 01:07:53] - 고객리마인드 후기
[2017-05-09 01:07:53] - 고객리마인드 생일
[2017-05-09 01:07:53] - 고객리마인드 기념일
[2017-05-09 01:07:53] - 미입금 시 입금요청내용 문자발송
[2017-05-09 01:07:54] - 집계테이블 생성
[2017-05-09 01:07:54] - 유입경로 통계에 referer_domain 추가
[2017-05-09 01:07:54] - 오래된 파일 삭제
[2017-05-09 01:07:54] - 상품디스플레이 캐시 파일 삭제
[2017-05-09 01:07:54] - 플래시 캐시 파일 삭제
[2017-05-09 01:07:54] - 임시파일 삭제
[2017-05-09 01:07:54] - 사용 용량 업데이트
[2017-05-09 01:07:54] - 관리자 중요행위 알림 캐시파일 생성
[2017-05-09 01:07:54] - 휴면계정 고지 문자발송
[2017-05-09 01:07:57] - 상품 통계
[2017-05-10 00:11:03] - 입점마켓팅 다음EP 생성
[2017-05-10 00:11:03] - 입점마켓팅 네이버EP 2.0 생성
[2017-05-10 00:11:03] - 입점마켓팅 네이버EP 3.0 생성
[2017-05-10 00:11:03] - 입점마켓팅 리뷰EP 생성
[2017-05-10 01:07:54] - 회원 만료된 적립금 차감
[2017-05-10 01:07:54] - 회원 만료된 포인트 차감
[2017-05-10 01:07:54] - 쇼핑몰 분류 동기화
[2017-05-10 01:07:54] - 택배사 동기화
[2017-05-10 01:07:54] - 자동 주문 취소
[2017-05-10 01:07:54] - 장바구니 비우기
[2017-05-10 01:07:54] - 자동 구매확정
[2017-05-10 01:07:54] - 티켓상품 유효기간 체크 판매중지
[2017-05-10 01:07:54] - 티켓상품 자동 주문상태
[2017-05-10 01:07:54] - 통계데이터 삭제
[2017-05-10 01:07:54] - email log 삭제
[2017-05-10 01:07:54] - captcha 삭제
[2017-05-10 01:07:54] - naverpay 삭제
[2017-05-10 01:07:54] - 임시 필수옵션 및 추가구성옵션 데이터 삭제
[2017-05-10 01:07:54] - 배송지테이블 누락데이터 생성
[2017-05-10 01:07:54] - 회원정보다운로드데이터 삭제
[2017-05-10 01:07:54] - 할인혜택 금액 저장
[2017-05-10 01:07:54] - 굿스플로 배송정보처리
[2017-05-10 01:07:54] - 고객리마인드 쿠폰
[2017-05-10 01:07:54] - 고객리마인드 적립금
[2017-05-10 01:07:54] - 고객리마인드 장바구니
[2017-05-10 01:07:54] - 고객리마인드 회원등급
[2017-05-10 01:07:54] - 고객리마인드 타임세일
[2017-05-10 01:07:54] - 고객리마인드 후기
[2017-05-10 01:07:54] - 고객리마인드 생일
[2017-05-10 01:07:54] - 고객리마인드 기념일
[2017-05-10 01:07:54] - 미입금 시 입금요청내용 문자발송
[2017-05-10 01:07:54] - 집계테이블 생성
[2017-05-10 01:07:55] - 유입경로 통계에 referer_domain 추가
[2017-05-10 01:07:55] - 오래된 파일 삭제
[2017-05-10 01:07:55] - 상품디스플레이 캐시 파일 삭제
[2017-05-10 01:07:55] - 플래시 캐시 파일 삭제
[2017-05-10 01:07:55] - 임시파일 삭제
[2017-05-10 01:07:55] - 사용 용량 업데이트
[2017-05-10 01:07:55] - 관리자 중요행위 알림 캐시파일 생성
[2017-05-10 01:07:55] - 휴면계정 고지 문자발송
[2017-05-10 01:07:58] - 상품 통계
[2017-05-11 00:11:03] - 입점마켓팅 다음EP 생성
[2017-05-11 00:11:03] - 입점마켓팅 네이버EP 2.0 생성
[2017-05-11 00:11:03] - 입점마켓팅 네이버EP 3.0 생성
[2017-05-11 00:11:03] - 입점마켓팅 리뷰EP 생성
[2017-05-11 01:08:04] - 회원 만료된 적립금 차감
[2017-05-11 01:08:04] - 회원 만료된 포인트 차감
[2017-05-11 01:08:04] - 쇼핑몰 분류 동기화
[2017-05-11 01:08:04] - 택배사 동기화
[2017-05-11 01:08:04] - 자동 주문 취소
[2017-05-11 01:08:04] - 장바구니 비우기
[2017-05-11 01:08:04] - 자동 구매확정
[2017-05-11 01:08:04] - 티켓상품 유효기간 체크 판매중지
[2017-05-11 01:08:04] - 티켓상품 자동 주문상태
[2017-05-11 01:08:04] - 통계데이터 삭제
[2017-05-11 01:08:04] - email log 삭제
[2017-05-11 01:08:04] - captcha 삭제
[2017-05-11 01:08:04] - naverpay 삭제
[2017-05-11 01:08:04] - 임시 필수옵션 및 추가구성옵션 데이터 삭제
[2017-05-11 01:08:04] - 배송지테이블 누락데이터 생성
[2017-05-11 01:08:04] - 회원정보다운로드데이터 삭제
[2017-05-11 01:08:05] - 할인혜택 금액 저장
[2017-05-11 01:08:05] - 굿스플로 배송정보처리
[2017-05-11 01:08:05] - 고객리마인드 쿠폰
[2017-05-11 01:08:05] - 고객리마인드 적립금
[2017-05-11 01:08:05] - 고객리마인드 장바구니
[2017-05-11 01:08:05] - 고객리마인드 회원등급
[2017-05-11 01:08:05] - 고객리마인드 타임세일
[2017-05-11 01:08:05] - 고객리마인드 후기
[2017-05-11 01:08:05] - 고객리마인드 생일
[2017-05-11 01:08:05] - 고객리마인드 기념일
[2017-05-11 01:08:05] - 미입금 시 입금요청내용 문자발송
[2017-05-11 01:08:05] - 집계테이블 생성
[2017-05-11 01:08:05] - 유입경로 통계에 referer_domain 추가
[2017-05-11 01:08:05] - 오래된 파일 삭제
[2017-05-11 01:08:05] - 상품디스플레이 캐시 파일 삭제
[2017-05-11 01:08:05] - 플래시 캐시 파일 삭제
[2017-05-11 01:08:05] - 임시파일 삭제
[2017-05-11 01:08:05] - 사용 용량 업데이트
[2017-05-11 01:08:05] - 관리자 중요행위 알림 캐시파일 생성
[2017-05-11 01:08:05] - 휴면계정 고지 문자발송
[2017-05-11 01:08:09] - 상품 통계
[2017-05-12 00:11:02] - 입점마켓팅 다음EP 생성
[2017-05-12 00:11:02] - 입점마켓팅 네이버EP 2.0 생성
[2017-05-12 00:11:02] - 입점마켓팅 네이버EP 3.0 생성
[2017-05-12 00:11:02] - 입점마켓팅 리뷰EP 생성
[2017-05-12 01:08:53] - 회원 만료된 적립금 차감
[2017-05-12 01:08:53] - 회원 만료된 포인트 차감
[2017-05-12 01:08:54] - 쇼핑몰 분류 동기화
[2017-05-12 01:08:54] - 택배사 동기화
[2017-05-12 01:08:54] - 자동 주문 취소
[2017-05-12 01:08:54] - 장바구니 비우기
[2017-05-12 01:08:54] - 자동 구매확정
[2017-05-12 01:08:54] - 티켓상품 유효기간 체크 판매중지
[2017-05-12 01:08:54] - 티켓상품 자동 주문상태
[2017-05-12 01:08:54] - 통계데이터 삭제
[2017-05-12 01:08:54] - email log 삭제
[2017-05-12 01:08:54] - captcha 삭제
[2017-05-12 01:08:54] - naverpay 삭제
[2017-05-12 01:08:54] - 임시 필수옵션 및 추가구성옵션 데이터 삭제
[2017-05-12 01:08:54] - 배송지테이블 누락데이터 생성
[2017-05-12 01:08:54] - 회원정보다운로드데이터 삭제
[2017-05-12 01:08:54] - 할인혜택 금액 저장
[2017-05-12 01:08:54] - 굿스플로 배송정보처리
[2017-05-12 01:08:54] - 고객리마인드 쿠폰
[2017-05-12 01:08:54] - 고객리마인드 적립금
[2017-05-12 01:08:54] - 고객리마인드 장바구니
[2017-05-12 01:08:54] - 고객리마인드 회원등급
[2017-05-12 01:08:54] - 고객리마인드 타임세일
[2017-05-12 01:08:54] - 고객리마인드 후기
[2017-05-12 01:08:54] - 고객리마인드 생일
[2017-05-12 01:08:54] - 고객리마인드 기념일
[2017-05-12 01:08:54] - 미입금 시 입금요청내용 문자발송
[2017-05-12 01:08:54] - 집계테이블 생성
[2017-05-12 01:08:54] - 유입경로 통계에 referer_domain 추가
[2017-05-12 01:08:54] - 오래된 파일 삭제
[2017-05-12 01:08:54] - 상품디스플레이 캐시 파일 삭제
[2017-05-12 01:08:54] - 플래시 캐시 파일 삭제
[2017-05-12 01:08:54] - 임시파일 삭제
[2017-05-12 01:08:54] - 사용 용량 업데이트
[2017-05-12 01:08:54] - 관리자 중요행위 알림 캐시파일 생성
[2017-05-12 01:08:55] - 휴면계정 고지 문자발송
[2017-05-12 01:08:58] - 상품 통계
[2017-05-13 00:11:03] - 입점마켓팅 다음EP 생성
[2017-05-13 00:11:03] - 입점마켓팅 네이버EP 2.0 생성
[2017-05-13 00:11:03] - 입점마켓팅 네이버EP 3.0 생성
[2017-05-13 00:11:03] - 입점마켓팅 리뷰EP 생성
[2017-05-13 01:07:47] - 회원 만료된 적립금 차감
[2017-05-13 01:07:47] - 회원 만료된 포인트 차감
[2017-05-13 01:07:47] - 쇼핑몰 분류 동기화
[2017-05-13 01:07:47] - 택배사 동기화
[2017-05-13 01:07:48] - 자동 주문 취소
[2017-05-13 01:07:48] - 장바구니 비우기
[2017-05-13 01:07:48] - 자동 구매확정
[2017-05-13 01:07:48] - 티켓상품 유효기간 체크 판매중지
[2017-05-13 01:07:48] - 티켓상품 자동 주문상태
[2017-05-13 01:07:48] - 통계데이터 삭제
[2017-05-13 01:07:48] - email log 삭제
[2017-05-13 01:07:48] - captcha 삭제
[2017-05-13 01:07:48] - naverpay 삭제
[2017-05-13 01:07:48] - 임시 필수옵션 및 추가구성옵션 데이터 삭제
[2017-05-13 01:07:48] - 배송지테이블 누락데이터 생성
[2017-05-13 01:07:48] - 회원정보다운로드데이터 삭제
[2017-05-13 01:07:48] - 할인혜택 금액 저장
[2017-05-13 01:07:48] - 굿스플로 배송정보처리
[2017-05-13 01:07:48] - 고객리마인드 쿠폰
[2017-05-13 01:07:48] - 고객리마인드 적립금
[2017-05-13 01:07:48] - 고객리마인드 장바구니
[2017-05-13 01:07:48] - 고객리마인드 회원등급
[2017-05-13 01:07:48] - 고객리마인드 타임세일
[2017-05-13 01:07:48] - 고객리마인드 후기
[2017-05-13 01:07:48] - 고객리마인드 생일
[2017-05-13 01:07:48] - 고객리마인드 기념일
[2017-05-13 01:07:48] - 미입금 시 입금요청내용 문자발송
[2017-05-13 01:07:48] - 집계테이블 생성
[2017-05-13 01:07:48] - 유입경로 통계에 referer_domain 추가
[2017-05-13 01:07:48] - 오래된 파일 삭제
[2017-05-13 01:07:48] - 상품디스플레이 캐시 파일 삭제
[2017-05-13 01:07:48] - 플래시 캐시 파일 삭제
[2017-05-13 01:07:48] - 임시파일 삭제
[2017-05-13 01:07:48] - 사용 용량 업데이트
[2017-05-13 01:07:48] - 관리자 중요행위 알림 캐시파일 생성
[2017-05-13 01:07:48] - 휴면계정 고지 문자발송
[2017-05-13 01:07:52] - 상품 통계
[2017-05-14 00:11:03] - 입점마켓팅 다음EP 생성
[2017-05-14 00:11:03] - 입점마켓팅 네이버EP 2.0 생성
[2017-05-14 00:11:03] - 입점마켓팅 네이버EP 3.0 생성
[2017-05-14 00:11:03] - 입점마켓팅 리뷰EP 생성
[2017-05-14 01:07:14] - 회원 만료된 적립금 차감
[2017-05-14 01:07:14] - 회원 만료된 포인트 차감
[2017-05-14 01:07:14] - 쇼핑몰 분류 동기화
[2017-05-14 01:07:14] - 택배사 동기화
[2017-05-14 01:07:14] - 자동 주문 취소
[2017-05-14 01:07:14] - 장바구니 비우기
[2017-05-14 01:07:14] - 자동 구매확정
[2017-05-14 01:07:14] - 티켓상품 유효기간 체크 판매중지
[2017-05-14 01:07:14] - 티켓상품 자동 주문상태
[2017-05-14 01:07:14] - 통계데이터 삭제
[2017-05-14 01:07:14] - email log 삭제
[2017-05-14 01:07:14] - captcha 삭제
[2017-05-14 01:07:14] - naverpay 삭제
[2017-05-14 01:07:14] - 임시 필수옵션 및 추가구성옵션 데이터 삭제
[2017-05-14 01:07:14] - 배송지테이블 누락데이터 생성
[2017-05-14 01:07:14] - 회원정보다운로드데이터 삭제
[2017-05-14 01:07:14] - 할인혜택 금액 저장
[2017-05-14 01:07:14] - 굿스플로 배송정보처리
[2017-05-14 01:07:14] - 고객리마인드 쿠폰
[2017-05-14 01:07:14] - 고객리마인드 적립금
[2017-05-14 01:07:14] - 고객리마인드 장바구니
[2017-05-14 01:07:14] - 고객리마인드 회원등급
[2017-05-14 01:07:14] - 고객리마인드 타임세일
[2017-05-14 01:07:14] - 고객리마인드 후기
[2017-05-14 01:07:14] - 고객리마인드 생일
[2017-05-14 01:07:14] - 고객리마인드 기념일
[2017-05-14 01:07:14] - 미입금 시 입금요청내용 문자발송
[2017-05-14 01:07:14] - 집계테이블 생성
[2017-05-14 01:07:14] - 유입경로 통계에 referer_domain 추가
[2017-05-14 01:07:14] - 오래된 파일 삭제
[2017-05-14 01:07:14] - 상품디스플레이 캐시 파일 삭제
[2017-05-14 01:07:14] - 플래시 캐시 파일 삭제
[2017-05-14 01:07:14] - 임시파일 삭제
[2017-05-14 01:07:15] - 사용 용량 업데이트
[2017-05-14 01:07:15] - 관리자 중요행위 알림 캐시파일 생성
[2017-05-14 01:07:15] - 휴면계정 고지 문자발송
[2017-05-14 01:07:18] - 상품 통계
[2017-05-15 00:11:03] - 입점마켓팅 다음EP 생성
[2017-05-15 00:11:03] - 입점마켓팅 네이버EP 2.0 생성
[2017-05-15 00:11:03] - 입점마켓팅 네이버EP 3.0 생성
[2017-05-15 00:11:03] - 입점마켓팅 리뷰EP 생성
[2017-05-15 01:07:46] - 회원 만료된 적립금 차감
[2017-05-15 01:07:46] - 회원 만료된 포인트 차감
[2017-05-15 01:07:46] - 쇼핑몰 분류 동기화
[2017-05-15 01:07:46] - 택배사 동기화
[2017-05-15 01:07:46] - 자동 주문 취소
[2017-05-15 01:07:46] - 장바구니 비우기
[2017-05-15 01:07:46] - 자동 구매확정
[2017-05-15 01:07:46] - 티켓상품 유효기간 체크 판매중지
[2017-05-15 01:07:46] - 티켓상품 자동 주문상태
[2017-05-15 01:07:46] - 통계데이터 삭제
[2017-05-15 01:07:46] - email log 삭제
[2017-05-15 01:07:46] - captcha 삭제
[2017-05-15 01:07:46] - naverpay 삭제
[2017-05-15 01:07:46] - 임시 필수옵션 및 추가구성옵션 데이터 삭제
[2017-05-15 01:07:46] - 배송지테이블 누락데이터 생성
[2017-05-15 01:07:46] - 회원정보다운로드데이터 삭제
[2017-05-15 01:07:46] - 할인혜택 금액 저장
[2017-05-15 01:07:46] - 회원 자동 등급
[2017-05-15 01:07:46] - 굿스플로 배송정보처리
[2017-05-15 01:07:46] - 고객리마인드 쿠폰
[2017-05-15 01:07:46] - 고객리마인드 적립금
[2017-05-15 01:07:46] - 고객리마인드 장바구니
[2017-05-15 01:07:46] - 고객리마인드 회원등급
[2017-05-15 01:07:46] - 고객리마인드 타임세일
[2017-05-15 01:07:46] - 고객리마인드 후기
[2017-05-15 01:07:46] - 고객리마인드 생일
[2017-05-15 01:07:46] - 고객리마인드 기념일
[2017-05-15 01:07:46] - 미입금 시 입금요청내용 문자발송
[2017-05-15 01:07:46] - 집계테이블 생성
[2017-05-15 01:07:46] - 유입경로 통계에 referer_domain 추가
[2017-05-15 01:07:47] - 오래된 파일 삭제
[2017-05-15 01:07:47] - 상품디스플레이 캐시 파일 삭제
[2017-05-15 01:07:47] - 플래시 캐시 파일 삭제
[2017-05-15 01:07:47] - 임시파일 삭제
[2017-05-15 01:07:47] - 사용 용량 업데이트
[2017-05-15 01:07:47] - 관리자 중요행위 알림 캐시파일 생성
[2017-05-15 01:07:47] - 휴면계정 고지 문자발송
[2017-05-15 01:07:50] - 상품 통계
[2017-05-16 00:11:02] - 입점마켓팅 다음EP 생성
[2017-05-16 00:11:02] - 입점마켓팅 네이버EP 2.0 생성
[2017-05-16 00:11:02] - 입점마켓팅 네이버EP 3.0 생성
[2017-05-16 00:11:02] - 입점마켓팅 리뷰EP 생성
[2017-05-16 01:07:43] - 회원 만료된 적립금 차감
[2017-05-16 01:07:43] - 회원 만료된 포인트 차감
[2017-05-16 01:07:43] - 쇼핑몰 분류 동기화
[2017-05-16 01:07:43] - 택배사 동기화
[2017-05-16 01:07:44] - 자동 주문 취소
[2017-05-16 01:07:44] - 장바구니 비우기
[2017-05-16 01:07:44] - 자동 구매확정
[2017-05-16 01:07:44] - 티켓상품 유효기간 체크 판매중지
[2017-05-16 01:07:44] - 티켓상품 자동 주문상태
[2017-05-16 01:07:44] - 통계데이터 삭제
[2017-05-16 01:07:44] - email log 삭제
[2017-05-16 01:07:44] - captcha 삭제
[2017-05-16 01:07:44] - naverpay 삭제
[2017-05-16 01:07:44] - 임시 필수옵션 및 추가구성옵션 데이터 삭제
[2017-05-16 01:07:44] - 배송지테이블 누락데이터 생성
[2017-05-16 01:07:44] - 회원정보다운로드데이터 삭제
[2017-05-16 01:07:44] - 할인혜택 금액 저장
[2017-05-16 01:07:44] - 굿스플로 배송정보처리
[2017-05-16 01:07:44] - 고객리마인드 쿠폰
[2017-05-16 01:07:44] - 고객리마인드 적립금
[2017-05-16 01:07:44] - 고객리마인드 장바구니
[2017-05-16 01:07:44] - 고객리마인드 회원등급
[2017-05-16 01:07:44] - 고객리마인드 타임세일
[2017-05-16 01:07:44] - 고객리마인드 후기
[2017-05-16 01:07:44] - 고객리마인드 생일
[2017-05-16 01:07:44] - 고객리마인드 기념일
[2017-05-16 01:07:44] - 미입금 시 입금요청내용 문자발송
[2017-05-16 01:07:44] - 집계테이블 생성
[2017-05-16 01:07:44] - 유입경로 통계에 referer_domain 추가
[2017-05-16 01:07:44] - 오래된 파일 삭제
[2017-05-16 01:07:44] - 상품디스플레이 캐시 파일 삭제
[2017-05-16 01:07:44] - 플래시 캐시 파일 삭제
[2017-05-16 01:07:44] - 임시파일 삭제
[2017-05-16 01:07:44] - 사용 용량 업데이트
[2017-05-16 01:07:44] - 관리자 중요행위 알림 캐시파일 생성
[2017-05-16 01:07:45] - 휴면계정 고지 문자발송
[2017-05-16 01:07:48] - 상품 통계
[2017-05-17 00:11:03] - 입점마켓팅 다음EP 생성
[2017-05-17 00:11:03] - 입점마켓팅 네이버EP 2.0 생성
[2017-05-17 00:11:03] - 입점마켓팅 네이버EP 3.0 생성
[2017-05-17 00:11:03] - 입점마켓팅 리뷰EP 생성
[2017-05-17 01:07:46] - 회원 만료된 적립금 차감
[2017-05-17 01:07:46] - 회원 만료된 포인트 차감
[2017-05-17 01:07:46] - 쇼핑몰 분류 동기화
[2017-05-17 01:07:46] - 택배사 동기화
[2017-05-17 01:07:46] - 자동 주문 취소
[2017-05-17 01:07:46] - 장바구니 비우기
[2017-05-17 01:07:46] - 자동 구매확정
[2017-05-17 01:07:46] - 티켓상품 유효기간 체크 판매중지
[2017-05-17 01:07:46] - 티켓상품 자동 주문상태
[2017-05-17 01:07:46] - 통계데이터 삭제
[2017-05-17 01:07:46] - email log 삭제
[2017-05-17 01:07:47] - captcha 삭제
[2017-05-17 01:07:47] - naverpay 삭제
[2017-05-17 01:07:47] - 임시 필수옵션 및 추가구성옵션 데이터 삭제
[2017-05-17 01:07:47] - 배송지테이블 누락데이터 생성
[2017-05-17 01:07:47] - 회원정보다운로드데이터 삭제
[2017-05-17 01:07:47] - 할인혜택 금액 저장
[2017-05-17 01:07:47] - 굿스플로 배송정보처리
[2017-05-17 01:07:47] - 고객리마인드 쿠폰
[2017-05-17 01:07:47] - 고객리마인드 적립금
[2017-05-17 01:07:47] - 고객리마인드 장바구니
[2017-05-17 01:07:47] - 고객리마인드 회원등급
[2017-05-17 01:07:47] - 고객리마인드 타임세일
[2017-05-17 01:07:47] - 고객리마인드 후기
[2017-05-17 01:07:47] - 고객리마인드 생일
[2017-05-17 01:07:47] - 고객리마인드 기념일
[2017-05-17 01:07:47] - 미입금 시 입금요청내용 문자발송
[2017-05-17 01:07:47] - 집계테이블 생성
[2017-05-17 01:07:47] - 유입경로 통계에 referer_domain 추가
[2017-05-17 01:07:47] - 오래된 파일 삭제
[2017-05-17 01:07:47] - 상품디스플레이 캐시 파일 삭제
[2017-05-17 01:07:47] - 플래시 캐시 파일 삭제
[2017-05-17 01:07:47] - 임시파일 삭제
[2017-05-17 01:07:47] - 사용 용량 업데이트
[2017-05-17 01:07:47] - 관리자 중요행위 알림 캐시파일 생성
[2017-05-17 01:07:47] - 휴면계정 고지 문자발송
[2017-05-17 01:07:50] - 상품 통계
[2017-05-18 00:11:03] - 입점마켓팅 다음EP 생성
[2017-05-18 00:11:03] - 입점마켓팅 네이버EP 2.0 생성
[2017-05-18 00:11:03] - 입점마켓팅 네이버EP 3.0 생성
[2017-05-18 00:11:03] - 입점마켓팅 리뷰EP 생성
[2017-05-18 01:07:36] - 회원 만료된 적립금 차감
[2017-05-18 01:07:36] - 회원 만료된 포인트 차감
[2017-05-18 01:07:36] - 쇼핑몰 분류 동기화
[2017-05-18 01:07:36] - 택배사 동기화
[2017-05-18 01:07:36] - 자동 주문 취소
[2017-05-18 01:07:36] - 장바구니 비우기
[2017-05-18 01:07:36] - 자동 구매확정
[2017-05-18 01:07:36] - 티켓상품 유효기간 체크 판매중지
[2017-05-18 01:07:36] - 티켓상품 자동 주문상태
[2017-05-18 01:07:36] - 통계데이터 삭제
[2017-05-18 01:07:36] - email log 삭제
[2017-05-18 01:07:36] - captcha 삭제
[2017-05-18 01:07:36] - naverpay 삭제
[2017-05-18 01:07:37] - 임시 필수옵션 및 추가구성옵션 데이터 삭제
[2017-05-18 01:07:37] - 배송지테이블 누락데이터 생성
[2017-05-18 01:07:37] - 회원정보다운로드데이터 삭제
[2017-05-18 01:07:37] - 할인혜택 금액 저장
[2017-05-18 01:07:37] - 굿스플로 배송정보처리
[2017-05-18 01:07:37] - 고객리마인드 쿠폰
[2017-05-18 01:07:37] - 고객리마인드 적립금
[2017-05-18 01:07:37] - 고객리마인드 장바구니
[2017-05-18 01:07:37] - 고객리마인드 회원등급
[2017-05-18 01:07:37] - 고객리마인드 타임세일
[2017-05-18 01:07:37] - 고객리마인드 후기
[2017-05-18 01:07:37] - 고객리마인드 생일
[2017-05-18 01:07:37] - 고객리마인드 기념일
[2017-05-18 01:07:37] - 미입금 시 입금요청내용 문자발송
[2017-05-18 01:07:37] - 집계테이블 생성
[2017-05-18 01:07:37] - 유입경로 통계에 referer_domain 추가
[2017-05-18 01:07:37] - 오래된 파일 삭제
[2017-05-18 01:07:37] - 상품디스플레이 캐시 파일 삭제
[2017-05-18 01:07:37] - 플래시 캐시 파일 삭제
[2017-05-18 01:07:37] - 임시파일 삭제
[2017-05-18 01:07:37] - 사용 용량 업데이트
[2017-05-18 01:07:37] - 관리자 중요행위 알림 캐시파일 생성
[2017-05-18 01:07:37] - 휴면계정 고지 문자발송
[2017-05-18 01:07:41] - 상품 통계
[2017-05-19 00:11:03] - 입점마켓팅 다음EP 생성
[2017-05-19 00:11:03] - 입점마켓팅 네이버EP 2.0 생성
[2017-05-19 00:11:03] - 입점마켓팅 네이버EP 3.0 생성
[2017-05-19 00:11:03] - 입점마켓팅 리뷰EP 생성
[2017-05-19 01:07:31] - 회원 만료된 적립금 차감
[2017-05-19 01:07:31] - 회원 만료된 포인트 차감
[2017-05-19 01:07:31] - 쇼핑몰 분류 동기화
[2017-05-19 01:07:31] - 택배사 동기화
[2017-05-19 01:07:31] - 자동 주문 취소
[2017-05-19 01:07:31] - 장바구니 비우기
[2017-05-19 01:07:31] - 자동 구매확정
[2017-05-19 01:07:31] - 티켓상품 유효기간 체크 판매중지
[2017-05-19 01:07:32] - 티켓상품 자동 주문상태
[2017-05-19 01:07:32] - 통계데이터 삭제
[2017-05-19 01:07:32] - email log 삭제
[2017-05-19 01:07:32] - captcha 삭제
[2017-05-19 01:07:32] - naverpay 삭제
[2017-05-19 01:07:32] - 임시 필수옵션 및 추가구성옵션 데이터 삭제
[2017-05-19 01:07:32] - 배송지테이블 누락데이터 생성
[2017-05-19 01:07:32] - 회원정보다운로드데이터 삭제
[2017-05-19 01:07:32] - 할인혜택 금액 저장
[2017-05-19 01:07:32] - 굿스플로 배송정보처리
[2017-05-19 01:07:32] - 고객리마인드 쿠폰
[2017-05-19 01:07:32] - 고객리마인드 적립금
[2017-05-19 01:07:32] - 고객리마인드 장바구니
[2017-05-19 01:07:32] - 고객리마인드 회원등급
[2017-05-19 01:07:32] - 고객리마인드 타임세일
[2017-05-19 01:07:32] - 고객리마인드 후기
[2017-05-19 01:07:32] - 고객리마인드 생일
[2017-05-19 01:07:32] - 고객리마인드 기념일
[2017-05-19 01:07:32] - 미입금 시 입금요청내용 문자발송
[2017-05-19 01:07:32] - 집계테이블 생성
[2017-05-19 01:07:32] - 유입경로 통계에 referer_domain 추가
[2017-05-19 01:07:32] - 오래된 파일 삭제
[2017-05-19 01:07:32] - 상품디스플레이 캐시 파일 삭제
[2017-05-19 01:07:32] - 플래시 캐시 파일 삭제
[2017-05-19 01:07:32] - 임시파일 삭제
[2017-05-19 01:07:32] - 사용 용량 업데이트
[2017-05-19 01:07:32] - 관리자 중요행위 알림 캐시파일 생성
[2017-05-19 01:07:32] - 휴면계정 고지 문자발송
[2017-05-19 01:07:35] - 상품 통계
[2017-05-20 00:11:02] - 입점마켓팅 다음EP 생성
[2017-05-20 00:11:02] - 입점마켓팅 네이버EP 2.0 생성
[2017-05-20 00:11:02] - 입점마켓팅 네이버EP 3.0 생성
[2017-05-20 00:11:02] - 입점마켓팅 리뷰EP 생성
[2017-05-20 01:07:36] - 회원 만료된 적립금 차감
[2017-05-20 01:07:36] - 회원 만료된 포인트 차감
[2017-05-20 01:07:36] - 쇼핑몰 분류 동기화
[2017-05-20 01:07:36] - 택배사 동기화
[2017-05-20 01:07:37] - 자동 주문 취소
[2017-05-20 01:07:37] - 장바구니 비우기
[2017-05-20 01:07:37] - 자동 구매확정
[2017-05-20 01:07:37] - 티켓상품 유효기간 체크 판매중지
[2017-05-20 01:07:37] - 티켓상품 자동 주문상태
[2017-05-20 01:07:37] - 통계데이터 삭제
[2017-05-20 01:07:37] - email log 삭제
[2017-05-20 01:07:37] - captcha 삭제
[2017-05-20 01:07:37] - naverpay 삭제
[2017-05-20 01:07:37] - 임시 필수옵션 및 추가구성옵션 데이터 삭제
[2017-05-20 01:07:37] - 배송지테이블 누락데이터 생성
[2017-05-20 01:07:37] - 회원정보다운로드데이터 삭제
[2017-05-20 01:07:37] - 할인혜택 금액 저장
[2017-05-20 01:07:37] - 굿스플로 배송정보처리
[2017-05-20 01:07:37] - 고객리마인드 쿠폰
[2017-05-20 01:07:37] - 고객리마인드 적립금
[2017-05-20 01:07:37] - 고객리마인드 장바구니
[2017-05-20 01:07:37] - 고객리마인드 회원등급
[2017-05-20 01:07:37] - 고객리마인드 타임세일
[2017-05-20 01:07:37] - 고객리마인드 후기
[2017-05-20 01:07:37] - 고객리마인드 생일
[2017-05-20 01:07:37] - 고객리마인드 기념일
[2017-05-20 01:07:37] - 미입금 시 입금요청내용 문자발송
[2017-05-20 01:07:37] - 집계테이블 생성
[2017-05-20 01:07:37] - 유입경로 통계에 referer_domain 추가
[2017-05-20 01:07:37] - 오래된 파일 삭제
[2017-05-20 01:07:37] - 상품디스플레이 캐시 파일 삭제
[2017-05-20 01:07:37] - 플래시 캐시 파일 삭제
[2017-05-20 01:07:37] - 임시파일 삭제
[2017-05-20 01:07:38] - 사용 용량 업데이트
[2017-05-20 01:07:38] - 관리자 중요행위 알림 캐시파일 생성
[2017-05-20 01:07:38] - 휴면계정 고지 문자발송
[2017-05-20 01:07:41] - 상품 통계
[2017-05-21 00:11:04] - 입점마켓팅 다음EP 생성
[2017-05-21 00:11:04] - 입점마켓팅 네이버EP 2.0 생성
[2017-05-21 00:11:04] - 입점마켓팅 네이버EP 3.0 생성
[2017-05-21 00:11:04] - 입점마켓팅 리뷰EP 생성
[2017-05-21 01:07:20] - 회원 만료된 적립금 차감
[2017-05-21 01:07:20] - 회원 만료된 포인트 차감
[2017-05-21 01:07:20] - 쇼핑몰 분류 동기화
[2017-05-21 01:07:20] - 택배사 동기화
[2017-05-21 01:07:20] - 자동 주문 취소
[2017-05-21 01:07:20] - 장바구니 비우기
[2017-05-21 01:07:20] - 자동 구매확정
[2017-05-21 01:07:20] - 티켓상품 유효기간 체크 판매중지
[2017-05-21 01:07:20] - 티켓상품 자동 주문상태
[2017-05-21 01:07:21] - 통계데이터 삭제
[2017-05-21 01:07:21] - email log 삭제
[2017-05-21 01:07:21] - captcha 삭제
[2017-05-21 01:07:21] - naverpay 삭제
[2017-05-21 01:07:21] - 임시 필수옵션 및 추가구성옵션 데이터 삭제
[2017-05-21 01:07:21] - 배송지테이블 누락데이터 생성
[2017-05-21 01:07:21] - 회원정보다운로드데이터 삭제
[2017-05-21 01:07:21] - 할인혜택 금액 저장
[2017-05-21 01:07:21] - 굿스플로 배송정보처리
[2017-05-21 01:07:21] - 고객리마인드 쿠폰
[2017-05-21 01:07:21] - 고객리마인드 적립금
[2017-05-21 01:07:21] - 고객리마인드 장바구니
[2017-05-21 01:07:21] - 고객리마인드 회원등급
[2017-05-21 01:07:21] - 고객리마인드 타임세일
[2017-05-21 01:07:21] - 고객리마인드 후기
[2017-05-21 01:07:21] - 고객리마인드 생일
[2017-05-21 01:07:21] - 고객리마인드 기념일
[2017-05-21 01:07:21] - 미입금 시 입금요청내용 문자발송
[2017-05-21 01:07:21] - 집계테이블 생성
[2017-05-21 01:07:21] - 유입경로 통계에 referer_domain 추가
[2017-05-21 01:07:21] - 오래된 파일 삭제
[2017-05-21 01:07:21] - 상품디스플레이 캐시 파일 삭제
[2017-05-21 01:07:21] - 플래시 캐시 파일 삭제
[2017-05-21 01:07:21] - 임시파일 삭제
[2017-05-21 01:07:21] - 사용 용량 업데이트
[2017-05-21 01:07:21] - 관리자 중요행위 알림 캐시파일 생성
[2017-05-21 01:07:21] - 휴면계정 고지 문자발송
[2017-05-21 01:07:25] - 상품 통계
[2017-05-22 00:11:05] - 입점마켓팅 다음EP 생성
[2017-05-22 00:11:05] - 입점마켓팅 네이버EP 2.0 생성
[2017-05-22 00:11:05] - 입점마켓팅 네이버EP 3.0 생성
[2017-05-22 00:11:05] - 입점마켓팅 리뷰EP 생성
[2017-05-22 01:07:44] - 회원 만료된 적립금 차감
[2017-05-22 01:07:44] - 회원 만료된 포인트 차감
[2017-05-22 01:07:44] - 쇼핑몰 분류 동기화
[2017-05-22 01:07:44] - 택배사 동기화
[2017-05-22 01:07:44] - 자동 주문 취소
[2017-05-22 01:07:44] - 장바구니 비우기
[2017-05-22 01:07:44] - 자동 구매확정
[2017-05-22 01:07:44] - 티켓상품 유효기간 체크 판매중지
[2017-05-22 01:07:44] - 티켓상품 자동 주문상태
[2017-05-22 01:07:44] - 통계데이터 삭제
[2017-05-22 01:07:44] - email log 삭제
[2017-05-22 01:07:44] - captcha 삭제
[2017-05-22 01:07:44] - naverpay 삭제
[2017-05-22 01:07:44] - 임시 필수옵션 및 추가구성옵션 데이터 삭제
[2017-05-22 01:07:44] - 배송지테이블 누락데이터 생성
[2017-05-22 01:07:44] - 회원정보다운로드데이터 삭제
[2017-05-22 01:07:44] - 할인혜택 금액 저장
[2017-05-22 01:07:44] - 굿스플로 배송정보처리
[2017-05-22 01:07:44] - 고객리마인드 쿠폰
[2017-05-22 01:07:44] - 고객리마인드 적립금
[2017-05-22 01:07:44] - 고객리마인드 장바구니
[2017-05-22 01:07:44] - 고객리마인드 회원등급
[2017-05-22 01:07:44] - 고객리마인드 타임세일
[2017-05-22 01:07:44] - 고객리마인드 후기
[2017-05-22 01:07:44] - 고객리마인드 생일
[2017-05-22 01:07:44] - 고객리마인드 기념일
[2017-05-22 01:07:44] - 미입금 시 입금요청내용 문자발송
[2017-05-22 01:07:44] - 집계테이블 생성
[2017-05-22 01:07:44] - 유입경로 통계에 referer_domain 추가
[2017-05-22 01:07:44] - 오래된 파일 삭제
[2017-05-22 01:07:44] - 상품디스플레이 캐시 파일 삭제
[2017-05-22 01:07:44] - 플래시 캐시 파일 삭제
[2017-05-22 01:07:44] - 임시파일 삭제
[2017-05-22 01:07:45] - 사용 용량 업데이트
[2017-05-22 01:07:45] - 관리자 중요행위 알림 캐시파일 생성
[2017-05-22 01:07:45] - 휴면계정 고지 문자발송
[2017-05-22 01:07:48] - 상품 통계
[2017-05-23 00:11:04] - 입점마켓팅 다음EP 생성
[2017-05-23 00:11:04] - 입점마켓팅 네이버EP 2.0 생성
[2017-05-23 00:11:04] - 입점마켓팅 네이버EP 3.0 생성
[2017-05-23 00:11:04] - 입점마켓팅 리뷰EP 생성
[2017-05-23 01:07:42] - 회원 만료된 적립금 차감
[2017-05-23 01:07:42] - 회원 만료된 포인트 차감
[2017-05-23 01:07:42] - 쇼핑몰 분류 동기화
[2017-05-23 01:07:42] - 택배사 동기화
[2017-05-23 01:07:42] - 자동 주문 취소
[2017-05-23 01:07:42] - 장바구니 비우기
[2017-05-23 01:07:42] - 자동 구매확정
[2017-05-23 01:07:42] - 티켓상품 유효기간 체크 판매중지
[2017-05-23 01:07:42] - 티켓상품 자동 주문상태
[2017-05-23 01:07:42] - 통계데이터 삭제
[2017-05-23 01:07:42] - email log 삭제
[2017-05-23 01:07:42] - captcha 삭제
[2017-05-23 01:07:42] - naverpay 삭제
[2017-05-23 01:07:42] - 임시 필수옵션 및 추가구성옵션 데이터 삭제
[2017-05-23 01:07:42] - 배송지테이블 누락데이터 생성
[2017-05-23 01:07:42] - 회원정보다운로드데이터 삭제
[2017-05-23 01:07:42] - 할인혜택 금액 저장
[2017-05-23 01:07:42] - 굿스플로 배송정보처리
[2017-05-23 01:07:42] - 고객리마인드 쿠폰
[2017-05-23 01:07:42] - 고객리마인드 적립금
[2017-05-23 01:07:42] - 고객리마인드 장바구니
[2017-05-23 01:07:42] - 고객리마인드 회원등급
[2017-05-23 01:07:42] - 고객리마인드 타임세일
[2017-05-23 01:07:42] - 고객리마인드 후기
[2017-05-23 01:07:42] - 고객리마인드 생일
[2017-05-23 01:07:42] - 고객리마인드 기념일
[2017-05-23 01:07:42] - 미입금 시 입금요청내용 문자발송
[2017-05-23 01:07:42] - 집계테이블 생성
[2017-05-23 01:07:42] - 유입경로 통계에 referer_domain 추가
[2017-05-23 01:07:42] - 오래된 파일 삭제
[2017-05-23 01:07:42] - 상품디스플레이 캐시 파일 삭제
[2017-05-23 01:07:42] - 플래시 캐시 파일 삭제
[2017-05-23 01:07:42] - 임시파일 삭제
[2017-05-23 01:07:42] - 사용 용량 업데이트
[2017-05-23 01:07:43] - 관리자 중요행위 알림 캐시파일 생성
[2017-05-23 01:07:43] - 휴면계정 고지 문자발송
[2017-05-23 01:07:46] - 상품 통계
[2017-05-24 00:11:04] - 입점마켓팅 다음EP 생성
[2017-05-24 00:11:04] - 입점마켓팅 네이버EP 2.0 생성
[2017-05-24 00:11:04] - 입점마켓팅 네이버EP 3.0 생성
[2017-05-24 00:11:04] - 입점마켓팅 리뷰EP 생성
[2017-05-24 01:07:43] - 회원 만료된 적립금 차감
[2017-05-24 01:07:43] - 회원 만료된 포인트 차감
[2017-05-24 01:07:43] - 쇼핑몰 분류 동기화
[2017-05-24 01:07:43] - 택배사 동기화
[2017-05-24 01:07:43] - 자동 주문 취소
[2017-05-24 01:07:43] - 장바구니 비우기
[2017-05-24 01:07:43] - 자동 구매확정
[2017-05-24 01:07:43] - 티켓상품 유효기간 체크 판매중지
[2017-05-24 01:07:43] - 티켓상품 자동 주문상태
[2017-05-24 01:07:43] - 통계데이터 삭제
[2017-05-24 01:07:43] - email log 삭제
[2017-05-24 01:07:43] - captcha 삭제
[2017-05-24 01:07:43] - naverpay 삭제
[2017-05-24 01:07:43] - 임시 필수옵션 및 추가구성옵션 데이터 삭제
[2017-05-24 01:07:43] - 배송지테이블 누락데이터 생성
[2017-05-24 01:07:43] - 회원정보다운로드데이터 삭제
[2017-05-24 01:07:43] - 할인혜택 금액 저장
[2017-05-24 01:07:43] - 굿스플로 배송정보처리
[2017-05-24 01:07:43] - 고객리마인드 쿠폰
[2017-05-24 01:07:43] - 고객리마인드 적립금
[2017-05-24 01:07:43] - 고객리마인드 장바구니
[2017-05-24 01:07:43] - 고객리마인드 회원등급
[2017-05-24 01:07:43] - 고객리마인드 타임세일
[2017-05-24 01:07:43] - 고객리마인드 후기
[2017-05-24 01:07:43] - 고객리마인드 생일
[2017-05-24 01:07:43] - 고객리마인드 기념일
[2017-05-24 01:07:43] - 미입금 시 입금요청내용 문자발송
[2017-05-24 01:07:43] - 집계테이블 생성
[2017-05-24 01:07:43] - 유입경로 통계에 referer_domain 추가
[2017-05-24 01:07:43] - 오래된 파일 삭제
[2017-05-24 01:07:43] - 상품디스플레이 캐시 파일 삭제
[2017-05-24 01:07:43] - 플래시 캐시 파일 삭제
[2017-05-24 01:07:43] - 임시파일 삭제
[2017-05-24 01:07:44] - 사용 용량 업데이트
[2017-05-24 01:07:44] - 관리자 중요행위 알림 캐시파일 생성
[2017-05-24 01:07:44] - 휴면계정 고지 문자발송
[2017-05-24 01:07:47] - 상품 통계
[2017-05-25 00:11:04] - 입점마켓팅 다음EP 생성
[2017-05-25 00:11:04] - 입점마켓팅 네이버EP 2.0 생성
[2017-05-25 00:11:04] - 입점마켓팅 네이버EP 3.0 생성
[2017-05-25 00:11:04] - 입점마켓팅 리뷰EP 생성
[2017-05-25 01:07:31] - 회원 만료된 적립금 차감
[2017-05-25 01:07:31] - 회원 만료된 포인트 차감
[2017-05-25 01:07:31] - 쇼핑몰 분류 동기화
[2017-05-25 01:07:31] - 택배사 동기화
[2017-05-25 01:07:31] - 자동 주문 취소
[2017-05-25 01:07:31] - 장바구니 비우기
[2017-05-25 01:07:31] - 자동 구매확정
[2017-05-25 01:07:31] - 티켓상품 유효기간 체크 판매중지
[2017-05-25 01:07:31] - 티켓상품 자동 주문상태
[2017-05-25 01:07:31] - 통계데이터 삭제
[2017-05-25 01:07:31] - email log 삭제
[2017-05-25 01:07:31] - captcha 삭제
[2017-05-25 01:07:31] - naverpay 삭제
[2017-05-25 01:07:31] - 임시 필수옵션 및 추가구성옵션 데이터 삭제
[2017-05-25 01:07:31] - 배송지테이블 누락데이터 생성
[2017-05-25 01:07:31] - 회원정보다운로드데이터 삭제
[2017-05-25 01:07:31] - 할인혜택 금액 저장
[2017-05-25 01:07:31] - 굿스플로 배송정보처리
[2017-05-25 01:07:31] - 고객리마인드 쿠폰
[2017-05-25 01:07:31] - 고객리마인드 적립금
[2017-05-25 01:07:31] - 고객리마인드 장바구니
[2017-05-25 01:07:31] - 고객리마인드 회원등급
[2017-05-25 01:07:31] - 고객리마인드 타임세일
[2017-05-25 01:07:31] - 고객리마인드 후기
[2017-05-25 01:07:31] - 고객리마인드 생일
[2017-05-25 01:07:31] - 고객리마인드 기념일
[2017-05-25 01:07:31] - 미입금 시 입금요청내용 문자발송
[2017-05-25 01:07:31] - 집계테이블 생성
[2017-05-25 01:07:31] - 유입경로 통계에 referer_domain 추가
[2017-05-25 01:07:31] - 오래된 파일 삭제
[2017-05-25 01:07:31] - 상품디스플레이 캐시 파일 삭제
[2017-05-25 01:07:31] - 플래시 캐시 파일 삭제
[2017-05-25 01:07:31] - 임시파일 삭제
[2017-05-25 01:07:31] - 사용 용량 업데이트
[2017-05-25 01:07:31] - 관리자 중요행위 알림 캐시파일 생성
[2017-05-25 01:07:32] - 휴면계정 고지 문자발송
[2017-05-25 01:07:34] - 상품 통계
[2017-05-26 00:11:03] - 입점마켓팅 다음EP 생성
[2017-05-26 00:11:03] - 입점마켓팅 네이버EP 2.0 생성
[2017-05-26 00:11:03] - 입점마켓팅 네이버EP 3.0 생성
[2017-05-26 00:11:03] - 입점마켓팅 리뷰EP 생성
[2017-05-26 01:07:25] - 회원 만료된 적립금 차감
[2017-05-26 01:07:25] - 회원 만료된 포인트 차감
[2017-05-26 01:07:25] - 쇼핑몰 분류 동기화
[2017-05-26 01:07:25] - 택배사 동기화
[2017-05-26 01:07:25] - 자동 주문 취소
[2017-05-26 01:07:25] - 장바구니 비우기
[2017-05-26 01:07:25] - 자동 구매확정
[2017-05-26 01:07:25] - 티켓상품 유효기간 체크 판매중지
[2017-05-26 01:07:25] - 티켓상품 자동 주문상태
[2017-05-26 01:07:25] - 통계데이터 삭제
[2017-05-26 01:07:25] - email log 삭제
[2017-05-26 01:07:25] - captcha 삭제
[2017-05-26 01:07:25] - naverpay 삭제
[2017-05-26 01:07:25] - 임시 필수옵션 및 추가구성옵션 데이터 삭제
[2017-05-26 01:07:25] - 배송지테이블 누락데이터 생성
[2017-05-26 01:07:25] - 회원정보다운로드데이터 삭제
[2017-05-26 01:07:25] - 할인혜택 금액 저장
[2017-05-26 01:07:25] - 굿스플로 배송정보처리
[2017-05-26 01:07:25] - 고객리마인드 쿠폰
[2017-05-26 01:07:25] - 고객리마인드 적립금
[2017-05-26 01:07:25] - 고객리마인드 장바구니
[2017-05-26 01:07:25] - 고객리마인드 회원등급
[2017-05-26 01:07:25] - 고객리마인드 타임세일
[2017-05-26 01:07:25] - 고객리마인드 후기
[2017-05-26 01:07:25] - 고객리마인드 생일
[2017-05-26 01:07:25] - 고객리마인드 기념일
[2017-05-26 01:07:25] - 미입금 시 입금요청내용 문자발송
[2017-05-26 01:07:25] - 집계테이블 생성
[2017-05-26 01:07:25] - 유입경로 통계에 referer_domain 추가
[2017-05-26 01:07:25] - 오래된 파일 삭제
[2017-05-26 01:07:25] - 상품디스플레이 캐시 파일 삭제
[2017-05-26 01:07:25] - 플래시 캐시 파일 삭제
[2017-05-26 01:07:25] - 임시파일 삭제
[2017-05-26 01:07:26] - 사용 용량 업데이트
[2017-05-26 01:07:26] - 관리자 중요행위 알림 캐시파일 생성
[2017-05-26 01:07:26] - 휴면계정 고지 문자발송
[2017-05-26 01:07:29] - 상품 통계
[2017-05-27 00:11:02] - 입점마켓팅 다음EP 생성
[2017-05-27 00:11:02] - 입점마켓팅 네이버EP 2.0 생성
[2017-05-27 00:11:02] - 입점마켓팅 네이버EP 3.0 생성
[2017-05-27 00:11:02] - 입점마켓팅 리뷰EP 생성
[2017-05-27 01:07:44] - 회원 만료된 적립금 차감
[2017-05-27 01:07:44] - 회원 만료된 포인트 차감
[2017-05-27 01:07:44] - 쇼핑몰 분류 동기화
[2017-05-27 01:07:44] - 택배사 동기화
[2017-05-27 01:07:44] - 자동 주문 취소
[2017-05-27 01:07:44] - 장바구니 비우기
[2017-05-27 01:07:44] - 자동 구매확정
[2017-05-27 01:07:44] - 티켓상품 유효기간 체크 판매중지
[2017-05-27 01:07:44] - 티켓상품 자동 주문상태
[2017-05-27 01:07:44] - 통계데이터 삭제
[2017-05-27 01:07:44] - email log 삭제
[2017-05-27 01:07:44] - captcha 삭제
[2017-05-27 01:07:44] - naverpay 삭제
[2017-05-27 01:07:44] - 임시 필수옵션 및 추가구성옵션 데이터 삭제
[2017-05-27 01:07:44] - 배송지테이블 누락데이터 생성
[2017-05-27 01:07:44] - 회원정보다운로드데이터 삭제
[2017-05-27 01:07:44] - 할인혜택 금액 저장
[2017-05-27 01:07:44] - 굿스플로 배송정보처리
[2017-05-27 01:07:44] - 고객리마인드 쿠폰
[2017-05-27 01:07:44] - 고객리마인드 적립금
[2017-05-27 01:07:44] - 고객리마인드 장바구니
[2017-05-27 01:07:44] - 고객리마인드 회원등급
[2017-05-27 01:07:44] - 고객리마인드 타임세일
[2017-05-27 01:07:44] - 고객리마인드 후기
[2017-05-27 01:07:44] - 고객리마인드 생일
[2017-05-27 01:07:44] - 고객리마인드 기념일
[2017-05-27 01:07:44] - 미입금 시 입금요청내용 문자발송
[2017-05-27 01:07:44] - 집계테이블 생성
[2017-05-27 01:07:45] - 유입경로 통계에 referer_domain 추가
[2017-05-27 01:07:45] - 오래된 파일 삭제
[2017-05-27 01:07:45] - 상품디스플레이 캐시 파일 삭제
[2017-05-27 01:07:45] - 플래시 캐시 파일 삭제
[2017-05-27 01:07:45] - 임시파일 삭제
[2017-05-27 01:07:45] - 사용 용량 업데이트
[2017-05-27 01:07:45] - 관리자 중요행위 알림 캐시파일 생성
[2017-05-27 01:07:45] - 휴면계정 고지 문자발송
[2017-05-27 01:07:48] - 상품 통계
[2017-05-28 00:11:04] - 입점마켓팅 다음EP 생성
[2017-05-28 00:11:04] - 입점마켓팅 네이버EP 2.0 생성
[2017-05-28 00:11:04] - 입점마켓팅 네이버EP 3.0 생성
[2017-05-28 00:11:04] - 입점마켓팅 리뷰EP 생성
[2017-05-28 01:07:34] - 회원 만료된 적립금 차감
[2017-05-28 01:07:34] - 회원 만료된 포인트 차감
[2017-05-28 01:07:34] - 쇼핑몰 분류 동기화
[2017-05-28 01:07:34] - 택배사 동기화
[2017-05-28 01:07:34] - 자동 주문 취소
[2017-05-28 01:07:34] - 장바구니 비우기
[2017-05-28 01:07:34] - 자동 구매확정
[2017-05-28 01:07:34] - 티켓상품 유효기간 체크 판매중지
[2017-05-28 01:07:34] - 티켓상품 자동 주문상태
[2017-05-28 01:07:34] - 통계데이터 삭제
[2017-05-28 01:07:34] - email log 삭제
[2017-05-28 01:07:34] - captcha 삭제
[2017-05-28 01:07:34] - naverpay 삭제
[2017-05-28 01:07:34] - 임시 필수옵션 및 추가구성옵션 데이터 삭제
[2017-05-28 01:07:34] - 배송지테이블 누락데이터 생성
[2017-05-28 01:07:34] - 회원정보다운로드데이터 삭제
[2017-05-28 01:07:34] - 할인혜택 금액 저장
[2017-05-28 01:07:34] - 굿스플로 배송정보처리
[2017-05-28 01:07:34] - 고객리마인드 쿠폰
[2017-05-28 01:07:34] - 고객리마인드 적립금
[2017-05-28 01:07:34] - 고객리마인드 장바구니
[2017-05-28 01:07:34] - 고객리마인드 회원등급
[2017-05-28 01:07:34] - 고객리마인드 타임세일
[2017-05-28 01:07:34] - 고객리마인드 후기
[2017-05-28 01:07:34] - 고객리마인드 생일
[2017-05-28 01:07:34] - 고객리마인드 기념일
[2017-05-28 01:07:34] - 미입금 시 입금요청내용 문자발송
[2017-05-28 01:07:35] - 집계테이블 생성
[2017-05-28 01:07:35] - 유입경로 통계에 referer_domain 추가
[2017-05-28 01:07:35] - 오래된 파일 삭제
[2017-05-28 01:07:35] - 상품디스플레이 캐시 파일 삭제
[2017-05-28 01:07:35] - 플래시 캐시 파일 삭제
[2017-05-28 01:07:35] - 임시파일 삭제
[2017-05-28 01:07:35] - 사용 용량 업데이트
[2017-05-28 01:07:35] - 관리자 중요행위 알림 캐시파일 생성
[2017-05-28 01:07:35] - 휴면계정 고지 문자발송
[2017-05-28 01:07:38] - 상품 통계
[2017-05-29 00:11:03] - 입점마켓팅 다음EP 생성
[2017-05-29 00:11:03] - 입점마켓팅 네이버EP 2.0 생성
[2017-05-29 00:11:03] - 입점마켓팅 네이버EP 3.0 생성
[2017-05-29 00:11:03] - 입점마켓팅 리뷰EP 생성
[2017-05-29 01:07:51] - 회원 만료된 적립금 차감
[2017-05-29 01:07:51] - 회원 만료된 포인트 차감
[2017-05-29 01:07:51] - 쇼핑몰 분류 동기화
[2017-05-29 01:07:51] - 택배사 동기화
[2017-05-29 01:07:51] - 자동 주문 취소
[2017-05-29 01:07:51] - 장바구니 비우기
[2017-05-29 01:07:51] - 자동 구매확정
[2017-05-29 01:07:51] - 티켓상품 유효기간 체크 판매중지
[2017-05-29 01:07:51] - 티켓상품 자동 주문상태
[2017-05-29 01:07:51] - 통계데이터 삭제
[2017-05-29 01:07:51] - email log 삭제
[2017-05-29 01:07:51] - captcha 삭제
[2017-05-29 01:07:51] - naverpay 삭제
[2017-05-29 01:07:51] - 임시 필수옵션 및 추가구성옵션 데이터 삭제
[2017-05-29 01:07:51] - 배송지테이블 누락데이터 생성
[2017-05-29 01:07:51] - 회원정보다운로드데이터 삭제
[2017-05-29 01:07:51] - 할인혜택 금액 저장
[2017-05-29 01:07:51] - 굿스플로 배송정보처리
[2017-05-29 01:07:51] - 고객리마인드 쿠폰
[2017-05-29 01:07:51] - 고객리마인드 적립금
[2017-05-29 01:07:51] - 고객리마인드 장바구니
[2017-05-29 01:07:51] - 고객리마인드 회원등급
[2017-05-29 01:07:51] - 고객리마인드 타임세일
[2017-05-29 01:07:51] - 고객리마인드 후기
[2017-05-29 01:07:51] - 고객리마인드 생일
[2017-05-29 01:07:51] - 고객리마인드 기념일
[2017-05-29 01:07:51] - 미입금 시 입금요청내용 문자발송
[2017-05-29 01:07:51] - 집계테이블 생성
[2017-05-29 01:07:51] - 유입경로 통계에 referer_domain 추가
[2017-05-29 01:07:51] - 오래된 파일 삭제
[2017-05-29 01:07:51] - 상품디스플레이 캐시 파일 삭제
[2017-05-29 01:07:51] - 플래시 캐시 파일 삭제
[2017-05-29 01:07:51] - 임시파일 삭제
[2017-05-29 01:07:52] - 사용 용량 업데이트
[2017-05-29 01:07:52] - 관리자 중요행위 알림 캐시파일 생성
[2017-05-29 01:07:52] - 휴면계정 고지 문자발송
[2017-05-29 01:07:55] - 상품 통계
[2017-05-30 00:11:04] - 입점마켓팅 다음EP 생성
[2017-05-30 00:11:04] - 입점마켓팅 네이버EP 2.0 생성
[2017-05-30 00:11:04] - 입점마켓팅 네이버EP 3.0 생성
[2017-05-30 00:11:04] - 입점마켓팅 리뷰EP 생성
[2017-05-30 01:07:38] - 회원 만료된 적립금 차감
[2017-05-30 01:07:39] - 회원 만료된 포인트 차감
[2017-05-30 01:07:39] - 쇼핑몰 분류 동기화
[2017-05-30 01:07:39] - 택배사 동기화
[2017-05-30 01:07:39] - 자동 주문 취소
[2017-05-30 01:07:39] - 장바구니 비우기
[2017-05-30 01:07:39] - 자동 구매확정
[2017-05-30 01:07:39] - 티켓상품 유효기간 체크 판매중지
[2017-05-30 01:07:39] - 티켓상품 자동 주문상태
[2017-05-30 01:07:39] - 통계데이터 삭제
[2017-05-30 01:07:39] - email log 삭제
[2017-05-30 01:07:39] - captcha 삭제
[2017-05-30 01:07:39] - naverpay 삭제
[2017-05-30 01:07:39] - 임시 필수옵션 및 추가구성옵션 데이터 삭제
[2017-05-30 01:07:39] - 배송지테이블 누락데이터 생성
[2017-05-30 01:07:39] - 회원정보다운로드데이터 삭제
[2017-05-30 01:07:39] - 할인혜택 금액 저장
[2017-05-30 01:07:39] - 굿스플로 배송정보처리
[2017-05-30 01:07:39] - 고객리마인드 쿠폰
[2017-05-30 01:07:39] - 고객리마인드 적립금
[2017-05-30 01:07:39] - 고객리마인드 장바구니
[2017-05-30 01:07:39] - 고객리마인드 회원등급
[2017-05-30 01:07:39] - 고객리마인드 타임세일
[2017-05-30 01:07:39] - 고객리마인드 후기
[2017-05-30 01:07:39] - 고객리마인드 생일
[2017-05-30 01:07:39] - 고객리마인드 기념일
[2017-05-30 01:07:39] - 미입금 시 입금요청내용 문자발송
[2017-05-30 01:07:39] - 집계테이블 생성
[2017-05-30 01:07:39] - 유입경로 통계에 referer_domain 추가
[2017-05-30 01:07:39] - 오래된 파일 삭제
[2017-05-30 01:07:39] - 상품디스플레이 캐시 파일 삭제
[2017-05-30 01:07:39] - 플래시 캐시 파일 삭제
[2017-05-30 01:07:39] - 임시파일 삭제
[2017-05-30 01:07:40] - 사용 용량 업데이트
[2017-05-30 01:07:40] - 관리자 중요행위 알림 캐시파일 생성
[2017-05-30 01:07:40] - 휴면계정 고지 문자발송
[2017-05-30 01:07:43] - 상품 통계
[2017-05-31 00:11:03] - 입점마켓팅 다음EP 생성
[2017-05-31 00:11:03] - 입점마켓팅 네이버EP 2.0 생성
[2017-05-31 00:11:03] - 입점마켓팅 네이버EP 3.0 생성
[2017-05-31 00:11:04] - 입점마켓팅 리뷰EP 생성
[2017-05-31 01:07:34] - 회원 만료된 적립금 차감
[2017-05-31 01:07:34] - 회원 만료된 포인트 차감
[2017-05-31 01:07:34] - 쇼핑몰 분류 동기화
[2017-05-31 01:07:34] - 택배사 동기화
[2017-05-31 01:07:34] - 자동 주문 취소
[2017-05-31 01:07:34] - 장바구니 비우기
[2017-05-31 01:07:34] - 자동 구매확정
[2017-05-31 01:07:34] - 티켓상품 유효기간 체크 판매중지
[2017-05-31 01:07:34] - 티켓상품 자동 주문상태
[2017-05-31 01:07:34] - 통계데이터 삭제
[2017-05-31 01:07:34] - email log 삭제
[2017-05-31 01:07:34] - captcha 삭제
[2017-05-31 01:07:34] - naverpay 삭제
[2017-05-31 01:07:34] - 임시 필수옵션 및 추가구성옵션 데이터 삭제
[2017-05-31 01:07:34] - 배송지테이블 누락데이터 생성
[2017-05-31 01:07:34] - 회원정보다운로드데이터 삭제
[2017-05-31 01:07:34] - 할인혜택 금액 저장
[2017-05-31 01:07:34] - 굿스플로 배송정보처리
[2017-05-31 01:07:34] - 고객리마인드 쿠폰
[2017-05-31 01:07:34] - 고객리마인드 적립금
[2017-05-31 01:07:34] - 고객리마인드 장바구니
[2017-05-31 01:07:34] - 고객리마인드 회원등급
[2017-05-31 01:07:34] - 고객리마인드 타임세일
[2017-05-31 01:07:34] - 고객리마인드 후기
[2017-05-31 01:07:34] - 고객리마인드 생일
[2017-05-31 01:07:34] - 고객리마인드 기념일
[2017-05-31 01:07:34] - 미입금 시 입금요청내용 문자발송
[2017-05-31 01:07:35] - 집계테이블 생성
[2017-05-31 01:07:35] - 유입경로 통계에 referer_domain 추가
[2017-05-31 01:07:35] - 오래된 파일 삭제
[2017-05-31 01:07:35] - 상품디스플레이 캐시 파일 삭제
[2017-05-31 01:07:35] - 플래시 캐시 파일 삭제
[2017-05-31 01:07:35] - 임시파일 삭제
[2017-05-31 01:07:35] - 사용 용량 업데이트
[2017-05-31 01:07:35] - 관리자 중요행위 알림 캐시파일 생성
[2017-05-31 01:07:35] - 휴면계정 고지 문자발송
[2017-05-31 01:07:38] - 상품 통계
