[2017-05-01 01:08:31] - 2017-04-30 - daily_order start
[2017-05-01 01:08:31] - 2017-04-30 - daily_order success
[2017-05-01 01:08:31] - 2017-04-30 - daily_fblike start
[2017-05-01 01:08:31] - 2017-04-30 - daily_fblike success
[2017-05-01 01:08:31] - 2017-04-30 - daily_review start
[2017-05-01 01:08:31] - 2017-04-30 - daily_review success
[2017-05-01 01:08:31] - 2017-04-30 - daily_restock_notify start
[2017-05-01 01:08:31] - 2017-04-30 - daily_restock_notify success
[2017-05-01 01:08:31] - 2017-04-30 - daily_wish start
[2017-05-01 01:08:31] - 2017-04-30 - daily_wish success
[2017-05-01 01:08:31] - 2017-04-30 - daily_cart start
[2017-05-01 01:08:32] - 2017-04-30 - daily_cart success
[2017-05-01 01:08:32] - 2017-04-30 - daily_view start
[2017-05-01 01:08:32] - 2017-04-30 - daily_view success
[2017-05-01 01:08:32] - 2017-04-30 - case1 start
[2017-05-01 01:08:32] - 2017-04-30 - case1 success
[2017-05-01 01:08:32] - 2017-04-30 - case2 start
[2017-05-01 01:08:35] - 2017-04-30 - case2 success
[2017-05-01 01:08:35] - 2017-04-30 - delete start
[2017-05-01 01:08:35] - 2017-04-30 - fm_daily_stats_fblike_vw start
[2017-05-01 01:08:35] - 2017-04-30 - fm_daily_stats_fblike_vw success
[2017-05-01 01:08:35] - 2017-04-30 - fm_daily_stats_review_vw start
[2017-05-01 01:08:35] - 2017-04-30 - fm_daily_stats_review_vw success
[2017-05-01 01:08:35] - 2017-04-30 - fm_daily_stats_restock_notify_vw start
[2017-05-01 01:08:35] - 2017-04-30 - fm_daily_stats_restock_notify_vw success
[2017-05-01 01:08:35] - 2017-04-30 - fm_daily_stats_wish_vw start
[2017-05-01 01:08:35] - 2017-04-30 - fm_daily_stats_wish_vw success
[2017-05-01 01:08:35] - 2017-04-30 - fm_daily_stats_cart_vw start
[2017-05-01 01:08:35] - 2017-04-30 - fm_daily_stats_cart_vw success
[2017-05-01 01:08:35] - 2017-04-30 - fm_daily_stats_order_vw start
[2017-05-01 01:08:35] - 2017-04-30 - fm_daily_stats_order_vw success
[2017-05-01 01:08:35] - 2017-04-30 - fm_daily_stats_view_vw start
[2017-05-01 01:08:35] - 2017-04-30 - fm_daily_stats_view_vw success
[2017-05-01 01:08:35] - 2017-04-30 - delete success
[2017-05-02 01:07:51] - 2017-05-01 - daily_order start
[2017-05-02 01:07:51] - 2017-05-01 - daily_order success
[2017-05-02 01:07:51] - 2017-05-01 - daily_fblike start
[2017-05-02 01:07:51] - 2017-05-01 - daily_fblike success
[2017-05-02 01:07:51] - 2017-05-01 - daily_review start
[2017-05-02 01:07:51] - 2017-05-01 - daily_review success
[2017-05-02 01:07:51] - 2017-05-01 - daily_restock_notify start
[2017-05-02 01:07:51] - 2017-05-01 - daily_restock_notify success
[2017-05-02 01:07:51] - 2017-05-01 - daily_wish start
[2017-05-02 01:07:51] - 2017-05-01 - daily_wish success
[2017-05-02 01:07:51] - 2017-05-01 - daily_cart start
[2017-05-02 01:07:51] - 2017-05-01 - daily_cart success
[2017-05-02 01:07:51] - 2017-05-01 - daily_view start
[2017-05-02 01:07:51] - 2017-05-01 - daily_view success
[2017-05-02 01:07:51] - 2017-05-01 - case1 start
[2017-05-02 01:07:51] - 2017-05-01 - case1 success
[2017-05-02 01:07:51] - 2017-05-01 - case2 start
[2017-05-02 01:07:54] - 2017-05-01 - case2 success
[2017-05-02 01:07:54] - 2017-05-01 - delete start
[2017-05-02 01:07:54] - 2017-05-01 - fm_daily_stats_fblike_vw start
[2017-05-02 01:07:54] - 2017-05-01 - fm_daily_stats_fblike_vw success
[2017-05-02 01:07:54] - 2017-05-01 - fm_daily_stats_review_vw start
[2017-05-02 01:07:54] - 2017-05-01 - fm_daily_stats_review_vw success
[2017-05-02 01:07:54] - 2017-05-01 - fm_daily_stats_restock_notify_vw start
[2017-05-02 01:07:54] - 2017-05-01 - fm_daily_stats_restock_notify_vw success
[2017-05-02 01:07:54] - 2017-05-01 - fm_daily_stats_wish_vw start
[2017-05-02 01:07:54] - 2017-05-01 - fm_daily_stats_wish_vw success
[2017-05-02 01:07:54] - 2017-05-01 - fm_daily_stats_cart_vw start
[2017-05-02 01:07:54] - 2017-05-01 - fm_daily_stats_cart_vw success
[2017-05-02 01:07:54] - 2017-05-01 - fm_daily_stats_order_vw start
[2017-05-02 01:07:54] - 2017-05-01 - fm_daily_stats_order_vw success
[2017-05-02 01:07:54] - 2017-05-01 - fm_daily_stats_view_vw start
[2017-05-02 01:07:54] - 2017-05-01 - fm_daily_stats_view_vw success
[2017-05-02 01:07:54] - 2017-05-01 - delete success
[2017-05-03 01:07:55] - 2017-05-02 - daily_order start
[2017-05-03 01:07:55] - 2017-05-02 - daily_order success
[2017-05-03 01:07:55] - 2017-05-02 - daily_fblike start
[2017-05-03 01:07:55] - 2017-05-02 - daily_fblike success
[2017-05-03 01:07:55] - 2017-05-02 - daily_review start
[2017-05-03 01:07:55] - 2017-05-02 - daily_review success
[2017-05-03 01:07:55] - 2017-05-02 - daily_restock_notify start
[2017-05-03 01:07:55] - 2017-05-02 - daily_restock_notify success
[2017-05-03 01:07:55] - 2017-05-02 - daily_wish start
[2017-05-03 01:07:55] - 2017-05-02 - daily_wish success
[2017-05-03 01:07:55] - 2017-05-02 - daily_cart start
[2017-05-03 01:07:55] - 2017-05-02 - daily_cart success
[2017-05-03 01:07:55] - 2017-05-02 - daily_view start
[2017-05-03 01:07:55] - 2017-05-02 - daily_view success
[2017-05-03 01:07:55] - 2017-05-02 - case1 start
[2017-05-03 01:07:56] - 2017-05-02 - case1 success
[2017-05-03 01:07:56] - 2017-05-02 - case2 start
[2017-05-03 01:07:59] - 2017-05-02 - case2 success
[2017-05-03 01:07:59] - 2017-05-02 - delete start
[2017-05-03 01:07:59] - 2017-05-02 - fm_daily_stats_fblike_vw start
[2017-05-03 01:07:59] - 2017-05-02 - fm_daily_stats_fblike_vw success
[2017-05-03 01:07:59] - 2017-05-02 - fm_daily_stats_review_vw start
[2017-05-03 01:07:59] - 2017-05-02 - fm_daily_stats_review_vw success
[2017-05-03 01:07:59] - 2017-05-02 - fm_daily_stats_restock_notify_vw start
[2017-05-03 01:07:59] - 2017-05-02 - fm_daily_stats_restock_notify_vw success
[2017-05-03 01:07:59] - 2017-05-02 - fm_daily_stats_wish_vw start
[2017-05-03 01:07:59] - 2017-05-02 - fm_daily_stats_wish_vw success
[2017-05-03 01:07:59] - 2017-05-02 - fm_daily_stats_cart_vw start
[2017-05-03 01:07:59] - 2017-05-02 - fm_daily_stats_cart_vw success
[2017-05-03 01:07:59] - 2017-05-02 - fm_daily_stats_order_vw start
[2017-05-03 01:07:59] - 2017-05-02 - fm_daily_stats_order_vw success
[2017-05-03 01:07:59] - 2017-05-02 - fm_daily_stats_view_vw start
[2017-05-03 01:07:59] - 2017-05-02 - fm_daily_stats_view_vw success
[2017-05-03 01:07:59] - 2017-05-02 - delete success
[2017-05-04 01:07:38] - 2017-05-03 - daily_order start
[2017-05-04 01:07:38] - 2017-05-03 - daily_order success
[2017-05-04 01:07:38] - 2017-05-03 - daily_fblike start
[2017-05-04 01:07:38] - 2017-05-03 - daily_fblike success
[2017-05-04 01:07:38] - 2017-05-03 - daily_review start
[2017-05-04 01:07:38] - 2017-05-03 - daily_review success
[2017-05-04 01:07:38] - 2017-05-03 - daily_restock_notify start
[2017-05-04 01:07:38] - 2017-05-03 - daily_restock_notify success
[2017-05-04 01:07:38] - 2017-05-03 - daily_wish start
[2017-05-04 01:07:38] - 2017-05-03 - daily_wish success
[2017-05-04 01:07:38] - 2017-05-03 - daily_cart start
[2017-05-04 01:07:38] - 2017-05-03 - daily_cart success
[2017-05-04 01:07:38] - 2017-05-03 - daily_view start
[2017-05-04 01:07:38] - 2017-05-03 - daily_view success
[2017-05-04 01:07:38] - 2017-05-03 - case1 start
[2017-05-04 01:07:38] - 2017-05-03 - case1 success
[2017-05-04 01:07:38] - 2017-05-03 - case2 start
[2017-05-04 01:07:41] - 2017-05-03 - case2 success
[2017-05-04 01:07:41] - 2017-05-03 - delete start
[2017-05-04 01:07:41] - 2017-05-03 - fm_daily_stats_fblike_vw start
[2017-05-04 01:07:41] - 2017-05-03 - fm_daily_stats_fblike_vw success
[2017-05-04 01:07:41] - 2017-05-03 - fm_daily_stats_review_vw start
[2017-05-04 01:07:41] - 2017-05-03 - fm_daily_stats_review_vw success
[2017-05-04 01:07:41] - 2017-05-03 - fm_daily_stats_restock_notify_vw start
[2017-05-04 01:07:41] - 2017-05-03 - fm_daily_stats_restock_notify_vw success
[2017-05-04 01:07:41] - 2017-05-03 - fm_daily_stats_wish_vw start
[2017-05-04 01:07:41] - 2017-05-03 - fm_daily_stats_wish_vw success
[2017-05-04 01:07:41] - 2017-05-03 - fm_daily_stats_cart_vw start
[2017-05-04 01:07:41] - 2017-05-03 - fm_daily_stats_cart_vw success
[2017-05-04 01:07:41] - 2017-05-03 - fm_daily_stats_order_vw start
[2017-05-04 01:07:41] - 2017-05-03 - fm_daily_stats_order_vw success
[2017-05-04 01:07:41] - 2017-05-03 - fm_daily_stats_view_vw start
[2017-05-04 01:07:41] - 2017-05-03 - fm_daily_stats_view_vw success
[2017-05-04 01:07:41] - 2017-05-03 - delete success
[2017-05-05 01:07:54] - 2017-05-04 - daily_order start
[2017-05-05 01:07:54] - 2017-05-04 - daily_order success
[2017-05-05 01:07:54] - 2017-05-04 - daily_fblike start
[2017-05-05 01:07:54] - 2017-05-04 - daily_fblike success
[2017-05-05 01:07:54] - 2017-05-04 - daily_review start
[2017-05-05 01:07:54] - 2017-05-04 - daily_review success
[2017-05-05 01:07:54] - 2017-05-04 - daily_restock_notify start
[2017-05-05 01:07:54] - 2017-05-04 - daily_restock_notify success
[2017-05-05 01:07:54] - 2017-05-04 - daily_wish start
[2017-05-05 01:07:54] - 2017-05-04 - daily_wish success
[2017-05-05 01:07:54] - 2017-05-04 - daily_cart start
[2017-05-05 01:07:54] - 2017-05-04 - daily_cart success
[2017-05-05 01:07:54] - 2017-05-04 - daily_view start
[2017-05-05 01:07:54] - 2017-05-04 - daily_view success
[2017-05-05 01:07:54] - 2017-05-04 - case1 start
[2017-05-05 01:07:54] - 2017-05-04 - case1 success
[2017-05-05 01:07:54] - 2017-05-04 - case2 start
[2017-05-05 01:07:57] - 2017-05-04 - case2 success
[2017-05-05 01:07:57] - 2017-05-04 - delete start
[2017-05-05 01:07:57] - 2017-05-04 - fm_daily_stats_fblike_vw start
[2017-05-05 01:07:57] - 2017-05-04 - fm_daily_stats_fblike_vw success
[2017-05-05 01:07:57] - 2017-05-04 - fm_daily_stats_review_vw start
[2017-05-05 01:07:57] - 2017-05-04 - fm_daily_stats_review_vw success
[2017-05-05 01:07:57] - 2017-05-04 - fm_daily_stats_restock_notify_vw start
[2017-05-05 01:07:57] - 2017-05-04 - fm_daily_stats_restock_notify_vw success
[2017-05-05 01:07:57] - 2017-05-04 - fm_daily_stats_wish_vw start
[2017-05-05 01:07:57] - 2017-05-04 - fm_daily_stats_wish_vw success
[2017-05-05 01:07:57] - 2017-05-04 - fm_daily_stats_cart_vw start
[2017-05-05 01:07:57] - 2017-05-04 - fm_daily_stats_cart_vw success
[2017-05-05 01:07:57] - 2017-05-04 - fm_daily_stats_order_vw start
[2017-05-05 01:07:57] - 2017-05-04 - fm_daily_stats_order_vw success
[2017-05-05 01:07:57] - 2017-05-04 - fm_daily_stats_view_vw start
[2017-05-05 01:07:57] - 2017-05-04 - fm_daily_stats_view_vw success
[2017-05-05 01:07:57] - 2017-05-04 - delete success
[2017-05-06 01:07:43] - 2017-05-05 - daily_order start
[2017-05-06 01:07:43] - 2017-05-05 - daily_order success
[2017-05-06 01:07:43] - 2017-05-05 - daily_fblike start
[2017-05-06 01:07:43] - 2017-05-05 - daily_fblike success
[2017-05-06 01:07:43] - 2017-05-05 - daily_review start
[2017-05-06 01:07:43] - 2017-05-05 - daily_review success
[2017-05-06 01:07:43] - 2017-05-05 - daily_restock_notify start
[2017-05-06 01:07:43] - 2017-05-05 - daily_restock_notify success
[2017-05-06 01:07:43] - 2017-05-05 - daily_wish start
[2017-05-06 01:07:43] - 2017-05-05 - daily_wish success
[2017-05-06 01:07:43] - 2017-05-05 - daily_cart start
[2017-05-06 01:07:43] - 2017-05-05 - daily_cart success
[2017-05-06 01:07:43] - 2017-05-05 - daily_view start
[2017-05-06 01:07:43] - 2017-05-05 - daily_view success
[2017-05-06 01:07:43] - 2017-05-05 - case1 start
[2017-05-06 01:07:43] - 2017-05-05 - case1 success
[2017-05-06 01:07:43] - 2017-05-05 - case2 start
[2017-05-06 01:07:46] - 2017-05-05 - case2 success
[2017-05-06 01:07:46] - 2017-05-05 - delete start
[2017-05-06 01:07:46] - 2017-05-05 - fm_daily_stats_fblike_vw start
[2017-05-06 01:07:46] - 2017-05-05 - fm_daily_stats_fblike_vw success
[2017-05-06 01:07:46] - 2017-05-05 - fm_daily_stats_review_vw start
[2017-05-06 01:07:46] - 2017-05-05 - fm_daily_stats_review_vw success
[2017-05-06 01:07:46] - 2017-05-05 - fm_daily_stats_restock_notify_vw start
[2017-05-06 01:07:46] - 2017-05-05 - fm_daily_stats_restock_notify_vw success
[2017-05-06 01:07:46] - 2017-05-05 - fm_daily_stats_wish_vw start
[2017-05-06 01:07:46] - 2017-05-05 - fm_daily_stats_wish_vw success
[2017-05-06 01:07:46] - 2017-05-05 - fm_daily_stats_cart_vw start
[2017-05-06 01:07:46] - 2017-05-05 - fm_daily_stats_cart_vw success
[2017-05-06 01:07:46] - 2017-05-05 - fm_daily_stats_order_vw start
[2017-05-06 01:07:46] - 2017-05-05 - fm_daily_stats_order_vw success
[2017-05-06 01:07:46] - 2017-05-05 - fm_daily_stats_view_vw start
[2017-05-06 01:07:46] - 2017-05-05 - fm_daily_stats_view_vw success
[2017-05-06 01:07:46] - 2017-05-05 - delete success
[2017-05-07 01:07:47] - 2017-05-06 - daily_order start
[2017-05-07 01:07:47] - 2017-05-06 - daily_order success
[2017-05-07 01:07:47] - 2017-05-06 - daily_fblike start
[2017-05-07 01:07:47] - 2017-05-06 - daily_fblike success
[2017-05-07 01:07:47] - 2017-05-06 - daily_review start
[2017-05-07 01:07:47] - 2017-05-06 - daily_review success
[2017-05-07 01:07:47] - 2017-05-06 - daily_restock_notify start
[2017-05-07 01:07:47] - 2017-05-06 - daily_restock_notify success
[2017-05-07 01:07:47] - 2017-05-06 - daily_wish start
[2017-05-07 01:07:47] - 2017-05-06 - daily_wish success
[2017-05-07 01:07:47] - 2017-05-06 - daily_cart start
[2017-05-07 01:07:47] - 2017-05-06 - daily_cart success
[2017-05-07 01:07:47] - 2017-05-06 - daily_view start
[2017-05-07 01:07:47] - 2017-05-06 - daily_view success
[2017-05-07 01:07:47] - 2017-05-06 - case1 start
[2017-05-07 01:07:48] - 2017-05-06 - case1 success
[2017-05-07 01:07:48] - 2017-05-06 - case2 start
[2017-05-07 01:07:51] - 2017-05-06 - case2 success
[2017-05-07 01:07:51] - 2017-05-06 - delete start
[2017-05-07 01:07:51] - 2017-05-06 - fm_daily_stats_fblike_vw start
[2017-05-07 01:07:51] - 2017-05-06 - fm_daily_stats_fblike_vw success
[2017-05-07 01:07:51] - 2017-05-06 - fm_daily_stats_review_vw start
[2017-05-07 01:07:51] - 2017-05-06 - fm_daily_stats_review_vw success
[2017-05-07 01:07:51] - 2017-05-06 - fm_daily_stats_restock_notify_vw start
[2017-05-07 01:07:51] - 2017-05-06 - fm_daily_stats_restock_notify_vw success
[2017-05-07 01:07:51] - 2017-05-06 - fm_daily_stats_wish_vw start
[2017-05-07 01:07:51] - 2017-05-06 - fm_daily_stats_wish_vw success
[2017-05-07 01:07:51] - 2017-05-06 - fm_daily_stats_cart_vw start
[2017-05-07 01:07:51] - 2017-05-06 - fm_daily_stats_cart_vw success
[2017-05-07 01:07:51] - 2017-05-06 - fm_daily_stats_order_vw start
[2017-05-07 01:07:51] - 2017-05-06 - fm_daily_stats_order_vw success
[2017-05-07 01:07:51] - 2017-05-06 - fm_daily_stats_view_vw start
[2017-05-07 01:07:51] - 2017-05-06 - fm_daily_stats_view_vw success
[2017-05-07 01:07:51] - 2017-05-06 - delete success
[2017-05-08 01:08:00] - 2017-05-07 - daily_order start
[2017-05-08 01:08:00] - 2017-05-07 - daily_order success
[2017-05-08 01:08:00] - 2017-05-07 - daily_fblike start
[2017-05-08 01:08:00] - 2017-05-07 - daily_fblike success
[2017-05-08 01:08:00] - 2017-05-07 - daily_review start
[2017-05-08 01:08:00] - 2017-05-07 - daily_review success
[2017-05-08 01:08:00] - 2017-05-07 - daily_restock_notify start
[2017-05-08 01:08:00] - 2017-05-07 - daily_restock_notify success
[2017-05-08 01:08:00] - 2017-05-07 - daily_wish start
[2017-05-08 01:08:00] - 2017-05-07 - daily_wish success
[2017-05-08 01:08:00] - 2017-05-07 - daily_cart start
[2017-05-08 01:08:00] - 2017-05-07 - daily_cart success
[2017-05-08 01:08:00] - 2017-05-07 - daily_view start
[2017-05-08 01:08:00] - 2017-05-07 - daily_view success
[2017-05-08 01:08:00] - 2017-05-07 - case1 start
[2017-05-08 01:08:00] - 2017-05-07 - case1 success
[2017-05-08 01:08:00] - 2017-05-07 - case2 start
[2017-05-08 01:08:03] - 2017-05-07 - case2 success
[2017-05-08 01:08:03] - 2017-05-07 - delete start
[2017-05-08 01:08:03] - 2017-05-07 - fm_daily_stats_fblike_vw start
[2017-05-08 01:08:03] - 2017-05-07 - fm_daily_stats_fblike_vw success
[2017-05-08 01:08:03] - 2017-05-07 - fm_daily_stats_review_vw start
[2017-05-08 01:08:03] - 2017-05-07 - fm_daily_stats_review_vw success
[2017-05-08 01:08:03] - 2017-05-07 - fm_daily_stats_restock_notify_vw start
[2017-05-08 01:08:03] - 2017-05-07 - fm_daily_stats_restock_notify_vw success
[2017-05-08 01:08:03] - 2017-05-07 - fm_daily_stats_wish_vw start
[2017-05-08 01:08:03] - 2017-05-07 - fm_daily_stats_wish_vw success
[2017-05-08 01:08:03] - 2017-05-07 - fm_daily_stats_cart_vw start
[2017-05-08 01:08:03] - 2017-05-07 - fm_daily_stats_cart_vw success
[2017-05-08 01:08:03] - 2017-05-07 - fm_daily_stats_order_vw start
[2017-05-08 01:08:03] - 2017-05-07 - fm_daily_stats_order_vw success
[2017-05-08 01:08:03] - 2017-05-07 - fm_daily_stats_view_vw start
[2017-05-08 01:08:03] - 2017-05-07 - fm_daily_stats_view_vw success
[2017-05-08 01:08:03] - 2017-05-07 - delete success
[2017-05-09 01:07:54] - 2017-05-08 - daily_order start
[2017-05-09 01:07:54] - 2017-05-08 - daily_order success
[2017-05-09 01:07:54] - 2017-05-08 - daily_fblike start
[2017-05-09 01:07:54] - 2017-05-08 - daily_fblike success
[2017-05-09 01:07:54] - 2017-05-08 - daily_review start
[2017-05-09 01:07:54] - 2017-05-08 - daily_review success
[2017-05-09 01:07:54] - 2017-05-08 - daily_restock_notify start
[2017-05-09 01:07:54] - 2017-05-08 - daily_restock_notify success
[2017-05-09 01:07:54] - 2017-05-08 - daily_wish start
[2017-05-09 01:07:54] - 2017-05-08 - daily_wish success
[2017-05-09 01:07:54] - 2017-05-08 - daily_cart start
[2017-05-09 01:07:54] - 2017-05-08 - daily_cart success
[2017-05-09 01:07:54] - 2017-05-08 - daily_view start
[2017-05-09 01:07:54] - 2017-05-08 - daily_view success
[2017-05-09 01:07:54] - 2017-05-08 - case1 start
[2017-05-09 01:07:54] - 2017-05-08 - case1 success
[2017-05-09 01:07:54] - 2017-05-08 - case2 start
[2017-05-09 01:07:57] - 2017-05-08 - case2 success
[2017-05-09 01:07:57] - 2017-05-08 - delete start
[2017-05-09 01:07:57] - 2017-05-08 - fm_daily_stats_fblike_vw start
[2017-05-09 01:07:57] - 2017-05-08 - fm_daily_stats_fblike_vw success
[2017-05-09 01:07:57] - 2017-05-08 - fm_daily_stats_review_vw start
[2017-05-09 01:07:57] - 2017-05-08 - fm_daily_stats_review_vw success
[2017-05-09 01:07:57] - 2017-05-08 - fm_daily_stats_restock_notify_vw start
[2017-05-09 01:07:57] - 2017-05-08 - fm_daily_stats_restock_notify_vw success
[2017-05-09 01:07:57] - 2017-05-08 - fm_daily_stats_wish_vw start
[2017-05-09 01:07:57] - 2017-05-08 - fm_daily_stats_wish_vw success
[2017-05-09 01:07:57] - 2017-05-08 - fm_daily_stats_cart_vw start
[2017-05-09 01:07:57] - 2017-05-08 - fm_daily_stats_cart_vw success
[2017-05-09 01:07:57] - 2017-05-08 - fm_daily_stats_order_vw start
[2017-05-09 01:07:57] - 2017-05-08 - fm_daily_stats_order_vw success
[2017-05-09 01:07:57] - 2017-05-08 - fm_daily_stats_view_vw start
[2017-05-09 01:07:57] - 2017-05-08 - fm_daily_stats_view_vw success
[2017-05-09 01:07:57] - 2017-05-08 - delete success
[2017-05-10 01:07:55] - 2017-05-09 - daily_order start
[2017-05-10 01:07:55] - 2017-05-09 - daily_order success
[2017-05-10 01:07:55] - 2017-05-09 - daily_fblike start
[2017-05-10 01:07:55] - 2017-05-09 - daily_fblike success
[2017-05-10 01:07:55] - 2017-05-09 - daily_review start
[2017-05-10 01:07:55] - 2017-05-09 - daily_review success
[2017-05-10 01:07:55] - 2017-05-09 - daily_restock_notify start
[2017-05-10 01:07:55] - 2017-05-09 - daily_restock_notify success
[2017-05-10 01:07:55] - 2017-05-09 - daily_wish start
[2017-05-10 01:07:55] - 2017-05-09 - daily_wish success
[2017-05-10 01:07:55] - 2017-05-09 - daily_cart start
[2017-05-10 01:07:55] - 2017-05-09 - daily_cart success
[2017-05-10 01:07:55] - 2017-05-09 - daily_view start
[2017-05-10 01:07:55] - 2017-05-09 - daily_view success
[2017-05-10 01:07:55] - 2017-05-09 - case1 start
[2017-05-10 01:07:55] - 2017-05-09 - case1 success
[2017-05-10 01:07:55] - 2017-05-09 - case2 start
[2017-05-10 01:07:58] - 2017-05-09 - case2 success
[2017-05-10 01:07:58] - 2017-05-09 - delete start
[2017-05-10 01:07:58] - 2017-05-09 - fm_daily_stats_fblike_vw start
[2017-05-10 01:07:58] - 2017-05-09 - fm_daily_stats_fblike_vw success
[2017-05-10 01:07:58] - 2017-05-09 - fm_daily_stats_review_vw start
[2017-05-10 01:07:58] - 2017-05-09 - fm_daily_stats_review_vw success
[2017-05-10 01:07:58] - 2017-05-09 - fm_daily_stats_restock_notify_vw start
[2017-05-10 01:07:58] - 2017-05-09 - fm_daily_stats_restock_notify_vw success
[2017-05-10 01:07:58] - 2017-05-09 - fm_daily_stats_wish_vw start
[2017-05-10 01:07:58] - 2017-05-09 - fm_daily_stats_wish_vw success
[2017-05-10 01:07:58] - 2017-05-09 - fm_daily_stats_cart_vw start
[2017-05-10 01:07:58] - 2017-05-09 - fm_daily_stats_cart_vw success
[2017-05-10 01:07:58] - 2017-05-09 - fm_daily_stats_order_vw start
[2017-05-10 01:07:58] - 2017-05-09 - fm_daily_stats_order_vw success
[2017-05-10 01:07:58] - 2017-05-09 - fm_daily_stats_view_vw start
[2017-05-10 01:07:58] - 2017-05-09 - fm_daily_stats_view_vw success
[2017-05-10 01:07:58] - 2017-05-09 - delete success
[2017-05-11 01:08:05] - 2017-05-10 - daily_order start
[2017-05-11 01:08:05] - 2017-05-10 - daily_order success
[2017-05-11 01:08:05] - 2017-05-10 - daily_fblike start
[2017-05-11 01:08:05] - 2017-05-10 - daily_fblike success
[2017-05-11 01:08:05] - 2017-05-10 - daily_review start
[2017-05-11 01:08:05] - 2017-05-10 - daily_review success
[2017-05-11 01:08:05] - 2017-05-10 - daily_restock_notify start
[2017-05-11 01:08:05] - 2017-05-10 - daily_restock_notify success
[2017-05-11 01:08:05] - 2017-05-10 - daily_wish start
[2017-05-11 01:08:05] - 2017-05-10 - daily_wish success
[2017-05-11 01:08:05] - 2017-05-10 - daily_cart start
[2017-05-11 01:08:05] - 2017-05-10 - daily_cart success
[2017-05-11 01:08:05] - 2017-05-10 - daily_view start
[2017-05-11 01:08:05] - 2017-05-10 - daily_view success
[2017-05-11 01:08:05] - 2017-05-10 - case1 start
[2017-05-11 01:08:05] - 2017-05-10 - case1 success
[2017-05-11 01:08:05] - 2017-05-10 - case2 start
[2017-05-11 01:08:09] - 2017-05-10 - case2 success
[2017-05-11 01:08:09] - 2017-05-10 - delete start
[2017-05-11 01:08:09] - 2017-05-10 - fm_daily_stats_fblike_vw start
[2017-05-11 01:08:09] - 2017-05-10 - fm_daily_stats_fblike_vw success
[2017-05-11 01:08:09] - 2017-05-10 - fm_daily_stats_review_vw start
[2017-05-11 01:08:09] - 2017-05-10 - fm_daily_stats_review_vw success
[2017-05-11 01:08:09] - 2017-05-10 - fm_daily_stats_restock_notify_vw start
[2017-05-11 01:08:09] - 2017-05-10 - fm_daily_stats_restock_notify_vw success
[2017-05-11 01:08:09] - 2017-05-10 - fm_daily_stats_wish_vw start
[2017-05-11 01:08:09] - 2017-05-10 - fm_daily_stats_wish_vw success
[2017-05-11 01:08:09] - 2017-05-10 - fm_daily_stats_cart_vw start
[2017-05-11 01:08:09] - 2017-05-10 - fm_daily_stats_cart_vw success
[2017-05-11 01:08:09] - 2017-05-10 - fm_daily_stats_order_vw start
[2017-05-11 01:08:09] - 2017-05-10 - fm_daily_stats_order_vw success
[2017-05-11 01:08:09] - 2017-05-10 - fm_daily_stats_view_vw start
[2017-05-11 01:08:09] - 2017-05-10 - fm_daily_stats_view_vw success
[2017-05-11 01:08:09] - 2017-05-10 - delete success
[2017-05-12 01:08:55] - 2017-05-11 - daily_order start
[2017-05-12 01:08:55] - 2017-05-11 - daily_order success
[2017-05-12 01:08:55] - 2017-05-11 - daily_fblike start
[2017-05-12 01:08:55] - 2017-05-11 - daily_fblike success
[2017-05-12 01:08:55] - 2017-05-11 - daily_review start
[2017-05-12 01:08:55] - 2017-05-11 - daily_review success
[2017-05-12 01:08:55] - 2017-05-11 - daily_restock_notify start
[2017-05-12 01:08:55] - 2017-05-11 - daily_restock_notify success
[2017-05-12 01:08:55] - 2017-05-11 - daily_wish start
[2017-05-12 01:08:55] - 2017-05-11 - daily_wish success
[2017-05-12 01:08:55] - 2017-05-11 - daily_cart start
[2017-05-12 01:08:55] - 2017-05-11 - daily_cart success
[2017-05-12 01:08:55] - 2017-05-11 - daily_view start
[2017-05-12 01:08:55] - 2017-05-11 - daily_view success
[2017-05-12 01:08:55] - 2017-05-11 - case1 start
[2017-05-12 01:08:55] - 2017-05-11 - case1 success
[2017-05-12 01:08:55] - 2017-05-11 - case2 start
[2017-05-12 01:08:58] - 2017-05-11 - case2 success
[2017-05-12 01:08:58] - 2017-05-11 - delete start
[2017-05-12 01:08:58] - 2017-05-11 - fm_daily_stats_fblike_vw start
[2017-05-12 01:08:58] - 2017-05-11 - fm_daily_stats_fblike_vw success
[2017-05-12 01:08:58] - 2017-05-11 - fm_daily_stats_review_vw start
[2017-05-12 01:08:58] - 2017-05-11 - fm_daily_stats_review_vw success
[2017-05-12 01:08:58] - 2017-05-11 - fm_daily_stats_restock_notify_vw start
[2017-05-12 01:08:58] - 2017-05-11 - fm_daily_stats_restock_notify_vw success
[2017-05-12 01:08:58] - 2017-05-11 - fm_daily_stats_wish_vw start
[2017-05-12 01:08:58] - 2017-05-11 - fm_daily_stats_wish_vw success
[2017-05-12 01:08:58] - 2017-05-11 - fm_daily_stats_cart_vw start
[2017-05-12 01:08:58] - 2017-05-11 - fm_daily_stats_cart_vw success
[2017-05-12 01:08:58] - 2017-05-11 - fm_daily_stats_order_vw start
[2017-05-12 01:08:58] - 2017-05-11 - fm_daily_stats_order_vw success
[2017-05-12 01:08:58] - 2017-05-11 - fm_daily_stats_view_vw start
[2017-05-12 01:08:58] - 2017-05-11 - fm_daily_stats_view_vw success
[2017-05-12 01:08:58] - 2017-05-11 - delete success
[2017-05-13 01:07:48] - 2017-05-12 - daily_order start
[2017-05-13 01:07:48] - 2017-05-12 - daily_order success
[2017-05-13 01:07:48] - 2017-05-12 - daily_fblike start
[2017-05-13 01:07:48] - 2017-05-12 - daily_fblike success
[2017-05-13 01:07:48] - 2017-05-12 - daily_review start
[2017-05-13 01:07:48] - 2017-05-12 - daily_review success
[2017-05-13 01:07:48] - 2017-05-12 - daily_restock_notify start
[2017-05-13 01:07:48] - 2017-05-12 - daily_restock_notify success
[2017-05-13 01:07:48] - 2017-05-12 - daily_wish start
[2017-05-13 01:07:49] - 2017-05-12 - daily_wish success
[2017-05-13 01:07:49] - 2017-05-12 - daily_cart start
[2017-05-13 01:07:49] - 2017-05-12 - daily_cart success
[2017-05-13 01:07:49] - 2017-05-12 - daily_view start
[2017-05-13 01:07:49] - 2017-05-12 - daily_view success
[2017-05-13 01:07:49] - 2017-05-12 - case1 start
[2017-05-13 01:07:49] - 2017-05-12 - case1 success
[2017-05-13 01:07:49] - 2017-05-12 - case2 start
[2017-05-13 01:07:52] - 2017-05-12 - case2 success
[2017-05-13 01:07:52] - 2017-05-12 - delete start
[2017-05-13 01:07:52] - 2017-05-12 - fm_daily_stats_fblike_vw start
[2017-05-13 01:07:52] - 2017-05-12 - fm_daily_stats_fblike_vw success
[2017-05-13 01:07:52] - 2017-05-12 - fm_daily_stats_review_vw start
[2017-05-13 01:07:52] - 2017-05-12 - fm_daily_stats_review_vw success
[2017-05-13 01:07:52] - 2017-05-12 - fm_daily_stats_restock_notify_vw start
[2017-05-13 01:07:52] - 2017-05-12 - fm_daily_stats_restock_notify_vw success
[2017-05-13 01:07:52] - 2017-05-12 - fm_daily_stats_wish_vw start
[2017-05-13 01:07:52] - 2017-05-12 - fm_daily_stats_wish_vw success
[2017-05-13 01:07:52] - 2017-05-12 - fm_daily_stats_cart_vw start
[2017-05-13 01:07:52] - 2017-05-12 - fm_daily_stats_cart_vw success
[2017-05-13 01:07:52] - 2017-05-12 - fm_daily_stats_order_vw start
[2017-05-13 01:07:52] - 2017-05-12 - fm_daily_stats_order_vw success
[2017-05-13 01:07:52] - 2017-05-12 - fm_daily_stats_view_vw start
[2017-05-13 01:07:52] - 2017-05-12 - fm_daily_stats_view_vw success
[2017-05-13 01:07:52] - 2017-05-12 - delete success
[2017-05-14 01:07:15] - 2017-05-13 - daily_order start
[2017-05-14 01:07:15] - 2017-05-13 - daily_order success
[2017-05-14 01:07:15] - 2017-05-13 - daily_fblike start
[2017-05-14 01:07:15] - 2017-05-13 - daily_fblike success
[2017-05-14 01:07:15] - 2017-05-13 - daily_review start
[2017-05-14 01:07:15] - 2017-05-13 - daily_review success
[2017-05-14 01:07:15] - 2017-05-13 - daily_restock_notify start
[2017-05-14 01:07:15] - 2017-05-13 - daily_restock_notify success
[2017-05-14 01:07:15] - 2017-05-13 - daily_wish start
[2017-05-14 01:07:15] - 2017-05-13 - daily_wish success
[2017-05-14 01:07:15] - 2017-05-13 - daily_cart start
[2017-05-14 01:07:15] - 2017-05-13 - daily_cart success
[2017-05-14 01:07:15] - 2017-05-13 - daily_view start
[2017-05-14 01:07:15] - 2017-05-13 - daily_view success
[2017-05-14 01:07:15] - 2017-05-13 - case1 start
[2017-05-14 01:07:15] - 2017-05-13 - case1 success
[2017-05-14 01:07:15] - 2017-05-13 - case2 start
[2017-05-14 01:07:18] - 2017-05-13 - case2 success
[2017-05-14 01:07:18] - 2017-05-13 - delete start
[2017-05-14 01:07:18] - 2017-05-13 - fm_daily_stats_fblike_vw start
[2017-05-14 01:07:18] - 2017-05-13 - fm_daily_stats_fblike_vw success
[2017-05-14 01:07:18] - 2017-05-13 - fm_daily_stats_review_vw start
[2017-05-14 01:07:18] - 2017-05-13 - fm_daily_stats_review_vw success
[2017-05-14 01:07:18] - 2017-05-13 - fm_daily_stats_restock_notify_vw start
[2017-05-14 01:07:18] - 2017-05-13 - fm_daily_stats_restock_notify_vw success
[2017-05-14 01:07:18] - 2017-05-13 - fm_daily_stats_wish_vw start
[2017-05-14 01:07:18] - 2017-05-13 - fm_daily_stats_wish_vw success
[2017-05-14 01:07:18] - 2017-05-13 - fm_daily_stats_cart_vw start
[2017-05-14 01:07:18] - 2017-05-13 - fm_daily_stats_cart_vw success
[2017-05-14 01:07:18] - 2017-05-13 - fm_daily_stats_order_vw start
[2017-05-14 01:07:18] - 2017-05-13 - fm_daily_stats_order_vw success
[2017-05-14 01:07:18] - 2017-05-13 - fm_daily_stats_view_vw start
[2017-05-14 01:07:18] - 2017-05-13 - fm_daily_stats_view_vw success
[2017-05-14 01:07:18] - 2017-05-13 - delete success
[2017-05-15 01:07:47] - 2017-05-14 - daily_order start
[2017-05-15 01:07:47] - 2017-05-14 - daily_order success
[2017-05-15 01:07:47] - 2017-05-14 - daily_fblike start
[2017-05-15 01:07:47] - 2017-05-14 - daily_fblike success
[2017-05-15 01:07:47] - 2017-05-14 - daily_review start
[2017-05-15 01:07:47] - 2017-05-14 - daily_review success
[2017-05-15 01:07:47] - 2017-05-14 - daily_restock_notify start
[2017-05-15 01:07:47] - 2017-05-14 - daily_restock_notify success
[2017-05-15 01:07:47] - 2017-05-14 - daily_wish start
[2017-05-15 01:07:47] - 2017-05-14 - daily_wish success
[2017-05-15 01:07:47] - 2017-05-14 - daily_cart start
[2017-05-15 01:07:47] - 2017-05-14 - daily_cart success
[2017-05-15 01:07:47] - 2017-05-14 - daily_view start
[2017-05-15 01:07:47] - 2017-05-14 - daily_view success
[2017-05-15 01:07:47] - 2017-05-14 - case1 start
[2017-05-15 01:07:47] - 2017-05-14 - case1 success
[2017-05-15 01:07:47] - 2017-05-14 - case2 start
[2017-05-15 01:07:50] - 2017-05-14 - case2 success
[2017-05-15 01:07:50] - 2017-05-14 - delete start
[2017-05-15 01:07:50] - 2017-05-14 - fm_daily_stats_fblike_vw start
[2017-05-15 01:07:50] - 2017-05-14 - fm_daily_stats_fblike_vw success
[2017-05-15 01:07:50] - 2017-05-14 - fm_daily_stats_review_vw start
[2017-05-15 01:07:50] - 2017-05-14 - fm_daily_stats_review_vw success
[2017-05-15 01:07:50] - 2017-05-14 - fm_daily_stats_restock_notify_vw start
[2017-05-15 01:07:50] - 2017-05-14 - fm_daily_stats_restock_notify_vw success
[2017-05-15 01:07:50] - 2017-05-14 - fm_daily_stats_wish_vw start
[2017-05-15 01:07:50] - 2017-05-14 - fm_daily_stats_wish_vw success
[2017-05-15 01:07:50] - 2017-05-14 - fm_daily_stats_cart_vw start
[2017-05-15 01:07:50] - 2017-05-14 - fm_daily_stats_cart_vw success
[2017-05-15 01:07:50] - 2017-05-14 - fm_daily_stats_order_vw start
[2017-05-15 01:07:50] - 2017-05-14 - fm_daily_stats_order_vw success
[2017-05-15 01:07:50] - 2017-05-14 - fm_daily_stats_view_vw start
[2017-05-15 01:07:50] - 2017-05-14 - fm_daily_stats_view_vw success
[2017-05-15 01:07:50] - 2017-05-14 - delete success
[2017-05-16 01:07:45] - 2017-05-15 - daily_order start
[2017-05-16 01:07:45] - 2017-05-15 - daily_order success
[2017-05-16 01:07:45] - 2017-05-15 - daily_fblike start
[2017-05-16 01:07:45] - 2017-05-15 - daily_fblike success
[2017-05-16 01:07:45] - 2017-05-15 - daily_review start
[2017-05-16 01:07:45] - 2017-05-15 - daily_review success
[2017-05-16 01:07:45] - 2017-05-15 - daily_restock_notify start
[2017-05-16 01:07:45] - 2017-05-15 - daily_restock_notify success
[2017-05-16 01:07:45] - 2017-05-15 - daily_wish start
[2017-05-16 01:07:45] - 2017-05-15 - daily_wish success
[2017-05-16 01:07:45] - 2017-05-15 - daily_cart start
[2017-05-16 01:07:45] - 2017-05-15 - daily_cart success
[2017-05-16 01:07:45] - 2017-05-15 - daily_view start
[2017-05-16 01:07:45] - 2017-05-15 - daily_view success
[2017-05-16 01:07:45] - 2017-05-15 - case1 start
[2017-05-16 01:07:45] - 2017-05-15 - case1 success
[2017-05-16 01:07:45] - 2017-05-15 - case2 start
[2017-05-16 01:07:48] - 2017-05-15 - case2 success
[2017-05-16 01:07:48] - 2017-05-15 - delete start
[2017-05-16 01:07:48] - 2017-05-15 - fm_daily_stats_fblike_vw start
[2017-05-16 01:07:48] - 2017-05-15 - fm_daily_stats_fblike_vw success
[2017-05-16 01:07:48] - 2017-05-15 - fm_daily_stats_review_vw start
[2017-05-16 01:07:48] - 2017-05-15 - fm_daily_stats_review_vw success
[2017-05-16 01:07:48] - 2017-05-15 - fm_daily_stats_restock_notify_vw start
[2017-05-16 01:07:48] - 2017-05-15 - fm_daily_stats_restock_notify_vw success
[2017-05-16 01:07:48] - 2017-05-15 - fm_daily_stats_wish_vw start
[2017-05-16 01:07:48] - 2017-05-15 - fm_daily_stats_wish_vw success
[2017-05-16 01:07:48] - 2017-05-15 - fm_daily_stats_cart_vw start
[2017-05-16 01:07:48] - 2017-05-15 - fm_daily_stats_cart_vw success
[2017-05-16 01:07:48] - 2017-05-15 - fm_daily_stats_order_vw start
[2017-05-16 01:07:48] - 2017-05-15 - fm_daily_stats_order_vw success
[2017-05-16 01:07:48] - 2017-05-15 - fm_daily_stats_view_vw start
[2017-05-16 01:07:48] - 2017-05-15 - fm_daily_stats_view_vw success
[2017-05-16 01:07:48] - 2017-05-15 - delete success
[2017-05-17 01:07:47] - 2017-05-16 - daily_order start
[2017-05-17 01:07:47] - 2017-05-16 - daily_order success
[2017-05-17 01:07:47] - 2017-05-16 - daily_fblike start
[2017-05-17 01:07:47] - 2017-05-16 - daily_fblike success
[2017-05-17 01:07:47] - 2017-05-16 - daily_review start
[2017-05-17 01:07:47] - 2017-05-16 - daily_review success
[2017-05-17 01:07:47] - 2017-05-16 - daily_restock_notify start
[2017-05-17 01:07:47] - 2017-05-16 - daily_restock_notify success
[2017-05-17 01:07:47] - 2017-05-16 - daily_wish start
[2017-05-17 01:07:47] - 2017-05-16 - daily_wish success
[2017-05-17 01:07:47] - 2017-05-16 - daily_cart start
[2017-05-17 01:07:47] - 2017-05-16 - daily_cart success
[2017-05-17 01:07:47] - 2017-05-16 - daily_view start
[2017-05-17 01:07:47] - 2017-05-16 - daily_view success
[2017-05-17 01:07:47] - 2017-05-16 - case1 start
[2017-05-17 01:07:47] - 2017-05-16 - case1 success
[2017-05-17 01:07:47] - 2017-05-16 - case2 start
[2017-05-17 01:07:50] - 2017-05-16 - case2 success
[2017-05-17 01:07:50] - 2017-05-16 - delete start
[2017-05-17 01:07:50] - 2017-05-16 - fm_daily_stats_fblike_vw start
[2017-05-17 01:07:50] - 2017-05-16 - fm_daily_stats_fblike_vw success
[2017-05-17 01:07:50] - 2017-05-16 - fm_daily_stats_review_vw start
[2017-05-17 01:07:50] - 2017-05-16 - fm_daily_stats_review_vw success
[2017-05-17 01:07:50] - 2017-05-16 - fm_daily_stats_restock_notify_vw start
[2017-05-17 01:07:50] - 2017-05-16 - fm_daily_stats_restock_notify_vw success
[2017-05-17 01:07:50] - 2017-05-16 - fm_daily_stats_wish_vw start
[2017-05-17 01:07:50] - 2017-05-16 - fm_daily_stats_wish_vw success
[2017-05-17 01:07:50] - 2017-05-16 - fm_daily_stats_cart_vw start
[2017-05-17 01:07:50] - 2017-05-16 - fm_daily_stats_cart_vw success
[2017-05-17 01:07:50] - 2017-05-16 - fm_daily_stats_order_vw start
[2017-05-17 01:07:50] - 2017-05-16 - fm_daily_stats_order_vw success
[2017-05-17 01:07:50] - 2017-05-16 - fm_daily_stats_view_vw start
[2017-05-17 01:07:50] - 2017-05-16 - fm_daily_stats_view_vw success
[2017-05-17 01:07:50] - 2017-05-16 - delete success
[2017-05-18 01:07:37] - 2017-05-17 - daily_order start
[2017-05-18 01:07:37] - 2017-05-17 - daily_order success
[2017-05-18 01:07:37] - 2017-05-17 - daily_fblike start
[2017-05-18 01:07:37] - 2017-05-17 - daily_fblike success
[2017-05-18 01:07:37] - 2017-05-17 - daily_review start
[2017-05-18 01:07:37] - 2017-05-17 - daily_review success
[2017-05-18 01:07:37] - 2017-05-17 - daily_restock_notify start
[2017-05-18 01:07:37] - 2017-05-17 - daily_restock_notify success
[2017-05-18 01:07:37] - 2017-05-17 - daily_wish start
[2017-05-18 01:07:37] - 2017-05-17 - daily_wish success
[2017-05-18 01:07:37] - 2017-05-17 - daily_cart start
[2017-05-18 01:07:37] - 2017-05-17 - daily_cart success
[2017-05-18 01:07:37] - 2017-05-17 - daily_view start
[2017-05-18 01:07:38] - 2017-05-17 - daily_view success
[2017-05-18 01:07:38] - 2017-05-17 - case1 start
[2017-05-18 01:07:38] - 2017-05-17 - case1 success
[2017-05-18 01:07:38] - 2017-05-17 - case2 start
[2017-05-18 01:07:41] - 2017-05-17 - case2 success
[2017-05-18 01:07:41] - 2017-05-17 - delete start
[2017-05-18 01:07:41] - 2017-05-17 - fm_daily_stats_fblike_vw start
[2017-05-18 01:07:41] - 2017-05-17 - fm_daily_stats_fblike_vw success
[2017-05-18 01:07:41] - 2017-05-17 - fm_daily_stats_review_vw start
[2017-05-18 01:07:41] - 2017-05-17 - fm_daily_stats_review_vw success
[2017-05-18 01:07:41] - 2017-05-17 - fm_daily_stats_restock_notify_vw start
[2017-05-18 01:07:41] - 2017-05-17 - fm_daily_stats_restock_notify_vw success
[2017-05-18 01:07:41] - 2017-05-17 - fm_daily_stats_wish_vw start
[2017-05-18 01:07:41] - 2017-05-17 - fm_daily_stats_wish_vw success
[2017-05-18 01:07:41] - 2017-05-17 - fm_daily_stats_cart_vw start
[2017-05-18 01:07:41] - 2017-05-17 - fm_daily_stats_cart_vw success
[2017-05-18 01:07:41] - 2017-05-17 - fm_daily_stats_order_vw start
[2017-05-18 01:07:41] - 2017-05-17 - fm_daily_stats_order_vw success
[2017-05-18 01:07:41] - 2017-05-17 - fm_daily_stats_view_vw start
[2017-05-18 01:07:41] - 2017-05-17 - fm_daily_stats_view_vw success
[2017-05-18 01:07:41] - 2017-05-17 - delete success
[2017-05-19 01:07:32] - 2017-05-18 - daily_order start
[2017-05-19 01:07:32] - 2017-05-18 - daily_order success
[2017-05-19 01:07:32] - 2017-05-18 - daily_fblike start
[2017-05-19 01:07:32] - 2017-05-18 - daily_fblike success
[2017-05-19 01:07:32] - 2017-05-18 - daily_review start
[2017-05-19 01:07:32] - 2017-05-18 - daily_review success
[2017-05-19 01:07:32] - 2017-05-18 - daily_restock_notify start
[2017-05-19 01:07:32] - 2017-05-18 - daily_restock_notify success
[2017-05-19 01:07:32] - 2017-05-18 - daily_wish start
[2017-05-19 01:07:32] - 2017-05-18 - daily_wish success
[2017-05-19 01:07:32] - 2017-05-18 - daily_cart start
[2017-05-19 01:07:32] - 2017-05-18 - daily_cart success
[2017-05-19 01:07:32] - 2017-05-18 - daily_view start
[2017-05-19 01:07:32] - 2017-05-18 - daily_view success
[2017-05-19 01:07:32] - 2017-05-18 - case1 start
[2017-05-19 01:07:33] - 2017-05-18 - case1 success
[2017-05-19 01:07:33] - 2017-05-18 - case2 start
[2017-05-19 01:07:35] - 2017-05-18 - case2 success
[2017-05-19 01:07:35] - 2017-05-18 - delete start
[2017-05-19 01:07:35] - 2017-05-18 - fm_daily_stats_fblike_vw start
[2017-05-19 01:07:35] - 2017-05-18 - fm_daily_stats_fblike_vw success
[2017-05-19 01:07:35] - 2017-05-18 - fm_daily_stats_review_vw start
[2017-05-19 01:07:35] - 2017-05-18 - fm_daily_stats_review_vw success
[2017-05-19 01:07:35] - 2017-05-18 - fm_daily_stats_restock_notify_vw start
[2017-05-19 01:07:35] - 2017-05-18 - fm_daily_stats_restock_notify_vw success
[2017-05-19 01:07:35] - 2017-05-18 - fm_daily_stats_wish_vw start
[2017-05-19 01:07:35] - 2017-05-18 - fm_daily_stats_wish_vw success
[2017-05-19 01:07:35] - 2017-05-18 - fm_daily_stats_cart_vw start
[2017-05-19 01:07:35] - 2017-05-18 - fm_daily_stats_cart_vw success
[2017-05-19 01:07:35] - 2017-05-18 - fm_daily_stats_order_vw start
[2017-05-19 01:07:35] - 2017-05-18 - fm_daily_stats_order_vw success
[2017-05-19 01:07:35] - 2017-05-18 - fm_daily_stats_view_vw start
[2017-05-19 01:07:35] - 2017-05-18 - fm_daily_stats_view_vw success
[2017-05-19 01:07:35] - 2017-05-18 - delete success
[2017-05-20 01:07:38] - 2017-05-19 - daily_order start
[2017-05-20 01:07:38] - 2017-05-19 - daily_order success
[2017-05-20 01:07:38] - 2017-05-19 - daily_fblike start
[2017-05-20 01:07:38] - 2017-05-19 - daily_fblike success
[2017-05-20 01:07:38] - 2017-05-19 - daily_review start
[2017-05-20 01:07:38] - 2017-05-19 - daily_review success
[2017-05-20 01:07:38] - 2017-05-19 - daily_restock_notify start
[2017-05-20 01:07:38] - 2017-05-19 - daily_restock_notify success
[2017-05-20 01:07:38] - 2017-05-19 - daily_wish start
[2017-05-20 01:07:38] - 2017-05-19 - daily_wish success
[2017-05-20 01:07:38] - 2017-05-19 - daily_cart start
[2017-05-20 01:07:38] - 2017-05-19 - daily_cart success
[2017-05-20 01:07:38] - 2017-05-19 - daily_view start
[2017-05-20 01:07:38] - 2017-05-19 - daily_view success
[2017-05-20 01:07:38] - 2017-05-19 - case1 start
[2017-05-20 01:07:38] - 2017-05-19 - case1 success
[2017-05-20 01:07:38] - 2017-05-19 - case2 start
[2017-05-20 01:07:41] - 2017-05-19 - case2 success
[2017-05-20 01:07:41] - 2017-05-19 - delete start
[2017-05-20 01:07:41] - 2017-05-19 - fm_daily_stats_fblike_vw start
[2017-05-20 01:07:41] - 2017-05-19 - fm_daily_stats_fblike_vw success
[2017-05-20 01:07:41] - 2017-05-19 - fm_daily_stats_review_vw start
[2017-05-20 01:07:41] - 2017-05-19 - fm_daily_stats_review_vw success
[2017-05-20 01:07:41] - 2017-05-19 - fm_daily_stats_restock_notify_vw start
[2017-05-20 01:07:41] - 2017-05-19 - fm_daily_stats_restock_notify_vw success
[2017-05-20 01:07:41] - 2017-05-19 - fm_daily_stats_wish_vw start
[2017-05-20 01:07:41] - 2017-05-19 - fm_daily_stats_wish_vw success
[2017-05-20 01:07:41] - 2017-05-19 - fm_daily_stats_cart_vw start
[2017-05-20 01:07:41] - 2017-05-19 - fm_daily_stats_cart_vw success
[2017-05-20 01:07:41] - 2017-05-19 - fm_daily_stats_order_vw start
[2017-05-20 01:07:41] - 2017-05-19 - fm_daily_stats_order_vw success
[2017-05-20 01:07:41] - 2017-05-19 - fm_daily_stats_view_vw start
[2017-05-20 01:07:41] - 2017-05-19 - fm_daily_stats_view_vw success
[2017-05-20 01:07:41] - 2017-05-19 - delete success
[2017-05-21 01:07:21] - 2017-05-20 - daily_order start
[2017-05-21 01:07:21] - 2017-05-20 - daily_order success
[2017-05-21 01:07:21] - 2017-05-20 - daily_fblike start
[2017-05-21 01:07:21] - 2017-05-20 - daily_fblike success
[2017-05-21 01:07:21] - 2017-05-20 - daily_review start
[2017-05-21 01:07:21] - 2017-05-20 - daily_review success
[2017-05-21 01:07:21] - 2017-05-20 - daily_restock_notify start
[2017-05-21 01:07:21] - 2017-05-20 - daily_restock_notify success
[2017-05-21 01:07:21] - 2017-05-20 - daily_wish start
[2017-05-21 01:07:21] - 2017-05-20 - daily_wish success
[2017-05-21 01:07:21] - 2017-05-20 - daily_cart start
[2017-05-21 01:07:22] - 2017-05-20 - daily_cart success
[2017-05-21 01:07:22] - 2017-05-20 - daily_view start
[2017-05-21 01:07:22] - 2017-05-20 - daily_view success
[2017-05-21 01:07:22] - 2017-05-20 - case1 start
[2017-05-21 01:07:22] - 2017-05-20 - case1 success
[2017-05-21 01:07:22] - 2017-05-20 - case2 start
[2017-05-21 01:07:25] - 2017-05-20 - case2 success
[2017-05-21 01:07:25] - 2017-05-20 - delete start
[2017-05-21 01:07:25] - 2017-05-20 - fm_daily_stats_fblike_vw start
[2017-05-21 01:07:25] - 2017-05-20 - fm_daily_stats_fblike_vw success
[2017-05-21 01:07:25] - 2017-05-20 - fm_daily_stats_review_vw start
[2017-05-21 01:07:25] - 2017-05-20 - fm_daily_stats_review_vw success
[2017-05-21 01:07:25] - 2017-05-20 - fm_daily_stats_restock_notify_vw start
[2017-05-21 01:07:25] - 2017-05-20 - fm_daily_stats_restock_notify_vw success
[2017-05-21 01:07:25] - 2017-05-20 - fm_daily_stats_wish_vw start
[2017-05-21 01:07:25] - 2017-05-20 - fm_daily_stats_wish_vw success
[2017-05-21 01:07:25] - 2017-05-20 - fm_daily_stats_cart_vw start
[2017-05-21 01:07:25] - 2017-05-20 - fm_daily_stats_cart_vw success
[2017-05-21 01:07:25] - 2017-05-20 - fm_daily_stats_order_vw start
[2017-05-21 01:07:25] - 2017-05-20 - fm_daily_stats_order_vw success
[2017-05-21 01:07:25] - 2017-05-20 - fm_daily_stats_view_vw start
[2017-05-21 01:07:25] - 2017-05-20 - fm_daily_stats_view_vw success
[2017-05-21 01:07:25] - 2017-05-20 - delete success
[2017-05-22 01:07:45] - 2017-05-21 - daily_order start
[2017-05-22 01:07:45] - 2017-05-21 - daily_order success
[2017-05-22 01:07:45] - 2017-05-21 - daily_fblike start
[2017-05-22 01:07:45] - 2017-05-21 - daily_fblike success
[2017-05-22 01:07:45] - 2017-05-21 - daily_review start
[2017-05-22 01:07:45] - 2017-05-21 - daily_review success
[2017-05-22 01:07:45] - 2017-05-21 - daily_restock_notify start
[2017-05-22 01:07:45] - 2017-05-21 - daily_restock_notify success
[2017-05-22 01:07:45] - 2017-05-21 - daily_wish start
[2017-05-22 01:07:45] - 2017-05-21 - daily_wish success
[2017-05-22 01:07:45] - 2017-05-21 - daily_cart start
[2017-05-22 01:07:45] - 2017-05-21 - daily_cart success
[2017-05-22 01:07:45] - 2017-05-21 - daily_view start
[2017-05-22 01:07:45] - 2017-05-21 - daily_view success
[2017-05-22 01:07:45] - 2017-05-21 - case1 start
[2017-05-22 01:07:45] - 2017-05-21 - case1 success
[2017-05-22 01:07:45] - 2017-05-21 - case2 start
[2017-05-22 01:07:48] - 2017-05-21 - case2 success
[2017-05-22 01:07:48] - 2017-05-21 - delete start
[2017-05-22 01:07:48] - 2017-05-21 - fm_daily_stats_fblike_vw start
[2017-05-22 01:07:48] - 2017-05-21 - fm_daily_stats_fblike_vw success
[2017-05-22 01:07:48] - 2017-05-21 - fm_daily_stats_review_vw start
[2017-05-22 01:07:48] - 2017-05-21 - fm_daily_stats_review_vw success
[2017-05-22 01:07:48] - 2017-05-21 - fm_daily_stats_restock_notify_vw start
[2017-05-22 01:07:48] - 2017-05-21 - fm_daily_stats_restock_notify_vw success
[2017-05-22 01:07:48] - 2017-05-21 - fm_daily_stats_wish_vw start
[2017-05-22 01:07:48] - 2017-05-21 - fm_daily_stats_wish_vw success
[2017-05-22 01:07:48] - 2017-05-21 - fm_daily_stats_cart_vw start
[2017-05-22 01:07:48] - 2017-05-21 - fm_daily_stats_cart_vw success
[2017-05-22 01:07:48] - 2017-05-21 - fm_daily_stats_order_vw start
[2017-05-22 01:07:48] - 2017-05-21 - fm_daily_stats_order_vw success
[2017-05-22 01:07:48] - 2017-05-21 - fm_daily_stats_view_vw start
[2017-05-22 01:07:48] - 2017-05-21 - fm_daily_stats_view_vw success
[2017-05-22 01:07:48] - 2017-05-21 - delete success
[2017-05-23 01:07:43] - 2017-05-22 - daily_order start
[2017-05-23 01:07:43] - 2017-05-22 - daily_order success
[2017-05-23 01:07:43] - 2017-05-22 - daily_fblike start
[2017-05-23 01:07:43] - 2017-05-22 - daily_fblike success
[2017-05-23 01:07:43] - 2017-05-22 - daily_review start
[2017-05-23 01:07:43] - 2017-05-22 - daily_review success
[2017-05-23 01:07:43] - 2017-05-22 - daily_restock_notify start
[2017-05-23 01:07:43] - 2017-05-22 - daily_restock_notify success
[2017-05-23 01:07:43] - 2017-05-22 - daily_wish start
[2017-05-23 01:07:43] - 2017-05-22 - daily_wish success
[2017-05-23 01:07:43] - 2017-05-22 - daily_cart start
[2017-05-23 01:07:43] - 2017-05-22 - daily_cart success
[2017-05-23 01:07:43] - 2017-05-22 - daily_view start
[2017-05-23 01:07:43] - 2017-05-22 - daily_view success
[2017-05-23 01:07:43] - 2017-05-22 - case1 start
[2017-05-23 01:07:43] - 2017-05-22 - case1 success
[2017-05-23 01:07:43] - 2017-05-22 - case2 start
[2017-05-23 01:07:46] - 2017-05-22 - case2 success
[2017-05-23 01:07:46] - 2017-05-22 - delete start
[2017-05-23 01:07:46] - 2017-05-22 - fm_daily_stats_fblike_vw start
[2017-05-23 01:07:46] - 2017-05-22 - fm_daily_stats_fblike_vw success
[2017-05-23 01:07:46] - 2017-05-22 - fm_daily_stats_review_vw start
[2017-05-23 01:07:46] - 2017-05-22 - fm_daily_stats_review_vw success
[2017-05-23 01:07:46] - 2017-05-22 - fm_daily_stats_restock_notify_vw start
[2017-05-23 01:07:46] - 2017-05-22 - fm_daily_stats_restock_notify_vw success
[2017-05-23 01:07:46] - 2017-05-22 - fm_daily_stats_wish_vw start
[2017-05-23 01:07:46] - 2017-05-22 - fm_daily_stats_wish_vw success
[2017-05-23 01:07:46] - 2017-05-22 - fm_daily_stats_cart_vw start
[2017-05-23 01:07:46] - 2017-05-22 - fm_daily_stats_cart_vw success
[2017-05-23 01:07:46] - 2017-05-22 - fm_daily_stats_order_vw start
[2017-05-23 01:07:46] - 2017-05-22 - fm_daily_stats_order_vw success
[2017-05-23 01:07:46] - 2017-05-22 - fm_daily_stats_view_vw start
[2017-05-23 01:07:46] - 2017-05-22 - fm_daily_stats_view_vw success
[2017-05-23 01:07:46] - 2017-05-22 - delete success
[2017-05-24 01:07:44] - 2017-05-23 - daily_order start
[2017-05-24 01:07:44] - 2017-05-23 - daily_order success
[2017-05-24 01:07:44] - 2017-05-23 - daily_fblike start
[2017-05-24 01:07:44] - 2017-05-23 - daily_fblike success
[2017-05-24 01:07:44] - 2017-05-23 - daily_review start
[2017-05-24 01:07:44] - 2017-05-23 - daily_review success
[2017-05-24 01:07:44] - 2017-05-23 - daily_restock_notify start
[2017-05-24 01:07:44] - 2017-05-23 - daily_restock_notify success
[2017-05-24 01:07:44] - 2017-05-23 - daily_wish start
[2017-05-24 01:07:44] - 2017-05-23 - daily_wish success
[2017-05-24 01:07:44] - 2017-05-23 - daily_cart start
[2017-05-24 01:07:44] - 2017-05-23 - daily_cart success
[2017-05-24 01:07:44] - 2017-05-23 - daily_view start
[2017-05-24 01:07:44] - 2017-05-23 - daily_view success
[2017-05-24 01:07:44] - 2017-05-23 - case1 start
[2017-05-24 01:07:44] - 2017-05-23 - case1 success
[2017-05-24 01:07:44] - 2017-05-23 - case2 start
[2017-05-24 01:07:47] - 2017-05-23 - case2 success
[2017-05-24 01:07:47] - 2017-05-23 - delete start
[2017-05-24 01:07:47] - 2017-05-23 - fm_daily_stats_fblike_vw start
[2017-05-24 01:07:47] - 2017-05-23 - fm_daily_stats_fblike_vw success
[2017-05-24 01:07:47] - 2017-05-23 - fm_daily_stats_review_vw start
[2017-05-24 01:07:47] - 2017-05-23 - fm_daily_stats_review_vw success
[2017-05-24 01:07:47] - 2017-05-23 - fm_daily_stats_restock_notify_vw start
[2017-05-24 01:07:47] - 2017-05-23 - fm_daily_stats_restock_notify_vw success
[2017-05-24 01:07:47] - 2017-05-23 - fm_daily_stats_wish_vw start
[2017-05-24 01:07:47] - 2017-05-23 - fm_daily_stats_wish_vw success
[2017-05-24 01:07:47] - 2017-05-23 - fm_daily_stats_cart_vw start
[2017-05-24 01:07:47] - 2017-05-23 - fm_daily_stats_cart_vw success
[2017-05-24 01:07:47] - 2017-05-23 - fm_daily_stats_order_vw start
[2017-05-24 01:07:47] - 2017-05-23 - fm_daily_stats_order_vw success
[2017-05-24 01:07:47] - 2017-05-23 - fm_daily_stats_view_vw start
[2017-05-24 01:07:47] - 2017-05-23 - fm_daily_stats_view_vw success
[2017-05-24 01:07:47] - 2017-05-23 - delete success
[2017-05-25 01:07:32] - 2017-05-24 - daily_order start
[2017-05-25 01:07:32] - 2017-05-24 - daily_order success
[2017-05-25 01:07:32] - 2017-05-24 - daily_fblike start
[2017-05-25 01:07:32] - 2017-05-24 - daily_fblike success
[2017-05-25 01:07:32] - 2017-05-24 - daily_review start
[2017-05-25 01:07:32] - 2017-05-24 - daily_review success
[2017-05-25 01:07:32] - 2017-05-24 - daily_restock_notify start
[2017-05-25 01:07:32] - 2017-05-24 - daily_restock_notify success
[2017-05-25 01:07:32] - 2017-05-24 - daily_wish start
[2017-05-25 01:07:32] - 2017-05-24 - daily_wish success
[2017-05-25 01:07:32] - 2017-05-24 - daily_cart start
[2017-05-25 01:07:32] - 2017-05-24 - daily_cart success
[2017-05-25 01:07:32] - 2017-05-24 - daily_view start
[2017-05-25 01:07:32] - 2017-05-24 - daily_view success
[2017-05-25 01:07:32] - 2017-05-24 - case1 start
[2017-05-25 01:07:32] - 2017-05-24 - case1 success
[2017-05-25 01:07:32] - 2017-05-24 - case2 start
[2017-05-25 01:07:34] - 2017-05-24 - case2 success
[2017-05-25 01:07:34] - 2017-05-24 - delete start
[2017-05-25 01:07:34] - 2017-05-24 - fm_daily_stats_fblike_vw start
[2017-05-25 01:07:34] - 2017-05-24 - fm_daily_stats_fblike_vw success
[2017-05-25 01:07:34] - 2017-05-24 - fm_daily_stats_review_vw start
[2017-05-25 01:07:34] - 2017-05-24 - fm_daily_stats_review_vw success
[2017-05-25 01:07:34] - 2017-05-24 - fm_daily_stats_restock_notify_vw start
[2017-05-25 01:07:34] - 2017-05-24 - fm_daily_stats_restock_notify_vw success
[2017-05-25 01:07:34] - 2017-05-24 - fm_daily_stats_wish_vw start
[2017-05-25 01:07:34] - 2017-05-24 - fm_daily_stats_wish_vw success
[2017-05-25 01:07:34] - 2017-05-24 - fm_daily_stats_cart_vw start
[2017-05-25 01:07:34] - 2017-05-24 - fm_daily_stats_cart_vw success
[2017-05-25 01:07:34] - 2017-05-24 - fm_daily_stats_order_vw start
[2017-05-25 01:07:34] - 2017-05-24 - fm_daily_stats_order_vw success
[2017-05-25 01:07:34] - 2017-05-24 - fm_daily_stats_view_vw start
[2017-05-25 01:07:34] - 2017-05-24 - fm_daily_stats_view_vw success
[2017-05-25 01:07:34] - 2017-05-24 - delete success
[2017-05-26 01:07:26] - 2017-05-25 - daily_order start
[2017-05-26 01:07:26] - 2017-05-25 - daily_order success
[2017-05-26 01:07:26] - 2017-05-25 - daily_fblike start
[2017-05-26 01:07:26] - 2017-05-25 - daily_fblike success
[2017-05-26 01:07:26] - 2017-05-25 - daily_review start
[2017-05-26 01:07:26] - 2017-05-25 - daily_review success
[2017-05-26 01:07:26] - 2017-05-25 - daily_restock_notify start
[2017-05-26 01:07:26] - 2017-05-25 - daily_restock_notify success
[2017-05-26 01:07:26] - 2017-05-25 - daily_wish start
[2017-05-26 01:07:26] - 2017-05-25 - daily_wish success
[2017-05-26 01:07:26] - 2017-05-25 - daily_cart start
[2017-05-26 01:07:26] - 2017-05-25 - daily_cart success
[2017-05-26 01:07:26] - 2017-05-25 - daily_view start
[2017-05-26 01:07:26] - 2017-05-25 - daily_view success
[2017-05-26 01:07:26] - 2017-05-25 - case1 start
[2017-05-26 01:07:26] - 2017-05-25 - case1 success
[2017-05-26 01:07:26] - 2017-05-25 - case2 start
[2017-05-26 01:07:29] - 2017-05-25 - case2 success
[2017-05-26 01:07:29] - 2017-05-25 - delete start
[2017-05-26 01:07:29] - 2017-05-25 - fm_daily_stats_fblike_vw start
[2017-05-26 01:07:29] - 2017-05-25 - fm_daily_stats_fblike_vw success
[2017-05-26 01:07:29] - 2017-05-25 - fm_daily_stats_review_vw start
[2017-05-26 01:07:29] - 2017-05-25 - fm_daily_stats_review_vw success
[2017-05-26 01:07:29] - 2017-05-25 - fm_daily_stats_restock_notify_vw start
[2017-05-26 01:07:29] - 2017-05-25 - fm_daily_stats_restock_notify_vw success
[2017-05-26 01:07:29] - 2017-05-25 - fm_daily_stats_wish_vw start
[2017-05-26 01:07:29] - 2017-05-25 - fm_daily_stats_wish_vw success
[2017-05-26 01:07:29] - 2017-05-25 - fm_daily_stats_cart_vw start
[2017-05-26 01:07:29] - 2017-05-25 - fm_daily_stats_cart_vw success
[2017-05-26 01:07:29] - 2017-05-25 - fm_daily_stats_order_vw start
[2017-05-26 01:07:29] - 2017-05-25 - fm_daily_stats_order_vw success
[2017-05-26 01:07:29] - 2017-05-25 - fm_daily_stats_view_vw start
[2017-05-26 01:07:29] - 2017-05-25 - fm_daily_stats_view_vw success
[2017-05-26 01:07:29] - 2017-05-25 - delete success
[2017-05-27 01:07:45] - 2017-05-26 - daily_order start
[2017-05-27 01:07:45] - 2017-05-26 - daily_order success
[2017-05-27 01:07:45] - 2017-05-26 - daily_fblike start
[2017-05-27 01:07:45] - 2017-05-26 - daily_fblike success
[2017-05-27 01:07:45] - 2017-05-26 - daily_review start
[2017-05-27 01:07:45] - 2017-05-26 - daily_review success
[2017-05-27 01:07:45] - 2017-05-26 - daily_restock_notify start
[2017-05-27 01:07:45] - 2017-05-26 - daily_restock_notify success
[2017-05-27 01:07:45] - 2017-05-26 - daily_wish start
[2017-05-27 01:07:45] - 2017-05-26 - daily_wish success
[2017-05-27 01:07:45] - 2017-05-26 - daily_cart start
[2017-05-27 01:07:45] - 2017-05-26 - daily_cart success
[2017-05-27 01:07:45] - 2017-05-26 - daily_view start
[2017-05-27 01:07:45] - 2017-05-26 - daily_view success
[2017-05-27 01:07:45] - 2017-05-26 - case1 start
[2017-05-27 01:07:45] - 2017-05-26 - case1 success
[2017-05-27 01:07:45] - 2017-05-26 - case2 start
[2017-05-27 01:07:48] - 2017-05-26 - case2 success
[2017-05-27 01:07:48] - 2017-05-26 - delete start
[2017-05-27 01:07:48] - 2017-05-26 - fm_daily_stats_fblike_vw start
[2017-05-27 01:07:48] - 2017-05-26 - fm_daily_stats_fblike_vw success
[2017-05-27 01:07:48] - 2017-05-26 - fm_daily_stats_review_vw start
[2017-05-27 01:07:48] - 2017-05-26 - fm_daily_stats_review_vw success
[2017-05-27 01:07:48] - 2017-05-26 - fm_daily_stats_restock_notify_vw start
[2017-05-27 01:07:48] - 2017-05-26 - fm_daily_stats_restock_notify_vw success
[2017-05-27 01:07:48] - 2017-05-26 - fm_daily_stats_wish_vw start
[2017-05-27 01:07:48] - 2017-05-26 - fm_daily_stats_wish_vw success
[2017-05-27 01:07:48] - 2017-05-26 - fm_daily_stats_cart_vw start
[2017-05-27 01:07:48] - 2017-05-26 - fm_daily_stats_cart_vw success
[2017-05-27 01:07:48] - 2017-05-26 - fm_daily_stats_order_vw start
[2017-05-27 01:07:48] - 2017-05-26 - fm_daily_stats_order_vw success
[2017-05-27 01:07:48] - 2017-05-26 - fm_daily_stats_view_vw start
[2017-05-27 01:07:48] - 2017-05-26 - fm_daily_stats_view_vw success
[2017-05-27 01:07:48] - 2017-05-26 - delete success
[2017-05-28 01:07:35] - 2017-05-27 - daily_order start
[2017-05-28 01:07:35] - 2017-05-27 - daily_order success
[2017-05-28 01:07:35] - 2017-05-27 - daily_fblike start
[2017-05-28 01:07:35] - 2017-05-27 - daily_fblike success
[2017-05-28 01:07:35] - 2017-05-27 - daily_review start
[2017-05-28 01:07:35] - 2017-05-27 - daily_review success
[2017-05-28 01:07:35] - 2017-05-27 - daily_restock_notify start
[2017-05-28 01:07:35] - 2017-05-27 - daily_restock_notify success
[2017-05-28 01:07:35] - 2017-05-27 - daily_wish start
[2017-05-28 01:07:35] - 2017-05-27 - daily_wish success
[2017-05-28 01:07:35] - 2017-05-27 - daily_cart start
[2017-05-28 01:07:35] - 2017-05-27 - daily_cart success
[2017-05-28 01:07:35] - 2017-05-27 - daily_view start
[2017-05-28 01:07:35] - 2017-05-27 - daily_view success
[2017-05-28 01:07:35] - 2017-05-27 - case1 start
[2017-05-28 01:07:35] - 2017-05-27 - case1 success
[2017-05-28 01:07:35] - 2017-05-27 - case2 start
[2017-05-28 01:07:38] - 2017-05-27 - case2 success
[2017-05-28 01:07:38] - 2017-05-27 - delete start
[2017-05-28 01:07:38] - 2017-05-27 - fm_daily_stats_fblike_vw start
[2017-05-28 01:07:38] - 2017-05-27 - fm_daily_stats_fblike_vw success
[2017-05-28 01:07:38] - 2017-05-27 - fm_daily_stats_review_vw start
[2017-05-28 01:07:38] - 2017-05-27 - fm_daily_stats_review_vw success
[2017-05-28 01:07:38] - 2017-05-27 - fm_daily_stats_restock_notify_vw start
[2017-05-28 01:07:38] - 2017-05-27 - fm_daily_stats_restock_notify_vw success
[2017-05-28 01:07:38] - 2017-05-27 - fm_daily_stats_wish_vw start
[2017-05-28 01:07:38] - 2017-05-27 - fm_daily_stats_wish_vw success
[2017-05-28 01:07:38] - 2017-05-27 - fm_daily_stats_cart_vw start
[2017-05-28 01:07:38] - 2017-05-27 - fm_daily_stats_cart_vw success
[2017-05-28 01:07:38] - 2017-05-27 - fm_daily_stats_order_vw start
[2017-05-28 01:07:38] - 2017-05-27 - fm_daily_stats_order_vw success
[2017-05-28 01:07:38] - 2017-05-27 - fm_daily_stats_view_vw start
[2017-05-28 01:07:38] - 2017-05-27 - fm_daily_stats_view_vw success
[2017-05-28 01:07:38] - 2017-05-27 - delete success
[2017-05-29 01:07:52] - 2017-05-28 - daily_order start
[2017-05-29 01:07:52] - 2017-05-28 - daily_order success
[2017-05-29 01:07:52] - 2017-05-28 - daily_fblike start
[2017-05-29 01:07:52] - 2017-05-28 - daily_fblike success
[2017-05-29 01:07:52] - 2017-05-28 - daily_review start
[2017-05-29 01:07:52] - 2017-05-28 - daily_review success
[2017-05-29 01:07:52] - 2017-05-28 - daily_restock_notify start
[2017-05-29 01:07:52] - 2017-05-28 - daily_restock_notify success
[2017-05-29 01:07:52] - 2017-05-28 - daily_wish start
[2017-05-29 01:07:52] - 2017-05-28 - daily_wish success
[2017-05-29 01:07:52] - 2017-05-28 - daily_cart start
[2017-05-29 01:07:52] - 2017-05-28 - daily_cart success
[2017-05-29 01:07:52] - 2017-05-28 - daily_view start
[2017-05-29 01:07:52] - 2017-05-28 - daily_view success
[2017-05-29 01:07:52] - 2017-05-28 - case1 start
[2017-05-29 01:07:52] - 2017-05-28 - case1 success
[2017-05-29 01:07:52] - 2017-05-28 - case2 start
[2017-05-29 01:07:55] - 2017-05-28 - case2 success
[2017-05-29 01:07:55] - 2017-05-28 - delete start
[2017-05-29 01:07:55] - 2017-05-28 - fm_daily_stats_fblike_vw start
[2017-05-29 01:07:55] - 2017-05-28 - fm_daily_stats_fblike_vw success
[2017-05-29 01:07:55] - 2017-05-28 - fm_daily_stats_review_vw start
[2017-05-29 01:07:55] - 2017-05-28 - fm_daily_stats_review_vw success
[2017-05-29 01:07:55] - 2017-05-28 - fm_daily_stats_restock_notify_vw start
[2017-05-29 01:07:55] - 2017-05-28 - fm_daily_stats_restock_notify_vw success
[2017-05-29 01:07:55] - 2017-05-28 - fm_daily_stats_wish_vw start
[2017-05-29 01:07:55] - 2017-05-28 - fm_daily_stats_wish_vw success
[2017-05-29 01:07:55] - 2017-05-28 - fm_daily_stats_cart_vw start
[2017-05-29 01:07:55] - 2017-05-28 - fm_daily_stats_cart_vw success
[2017-05-29 01:07:55] - 2017-05-28 - fm_daily_stats_order_vw start
[2017-05-29 01:07:55] - 2017-05-28 - fm_daily_stats_order_vw success
[2017-05-29 01:07:55] - 2017-05-28 - fm_daily_stats_view_vw start
[2017-05-29 01:07:55] - 2017-05-28 - fm_daily_stats_view_vw success
[2017-05-29 01:07:55] - 2017-05-28 - delete success
[2017-05-30 01:07:40] - 2017-05-29 - daily_order start
[2017-05-30 01:07:40] - 2017-05-29 - daily_order success
[2017-05-30 01:07:40] - 2017-05-29 - daily_fblike start
[2017-05-30 01:07:40] - 2017-05-29 - daily_fblike success
[2017-05-30 01:07:40] - 2017-05-29 - daily_review start
[2017-05-30 01:07:40] - 2017-05-29 - daily_review success
[2017-05-30 01:07:40] - 2017-05-29 - daily_restock_notify start
[2017-05-30 01:07:40] - 2017-05-29 - daily_restock_notify success
[2017-05-30 01:07:40] - 2017-05-29 - daily_wish start
[2017-05-30 01:07:40] - 2017-05-29 - daily_wish success
[2017-05-30 01:07:40] - 2017-05-29 - daily_cart start
[2017-05-30 01:07:40] - 2017-05-29 - daily_cart success
[2017-05-30 01:07:40] - 2017-05-29 - daily_view start
[2017-05-30 01:07:40] - 2017-05-29 - daily_view success
[2017-05-30 01:07:40] - 2017-05-29 - case1 start
[2017-05-30 01:07:40] - 2017-05-29 - case1 success
[2017-05-30 01:07:40] - 2017-05-29 - case2 start
[2017-05-30 01:07:43] - 2017-05-29 - case2 success
[2017-05-30 01:07:43] - 2017-05-29 - delete start
[2017-05-30 01:07:43] - 2017-05-29 - fm_daily_stats_fblike_vw start
[2017-05-30 01:07:43] - 2017-05-29 - fm_daily_stats_fblike_vw success
[2017-05-30 01:07:43] - 2017-05-29 - fm_daily_stats_review_vw start
[2017-05-30 01:07:43] - 2017-05-29 - fm_daily_stats_review_vw success
[2017-05-30 01:07:43] - 2017-05-29 - fm_daily_stats_restock_notify_vw start
[2017-05-30 01:07:43] - 2017-05-29 - fm_daily_stats_restock_notify_vw success
[2017-05-30 01:07:43] - 2017-05-29 - fm_daily_stats_wish_vw start
[2017-05-30 01:07:43] - 2017-05-29 - fm_daily_stats_wish_vw success
[2017-05-30 01:07:43] - 2017-05-29 - fm_daily_stats_cart_vw start
[2017-05-30 01:07:43] - 2017-05-29 - fm_daily_stats_cart_vw success
[2017-05-30 01:07:43] - 2017-05-29 - fm_daily_stats_order_vw start
[2017-05-30 01:07:43] - 2017-05-29 - fm_daily_stats_order_vw success
[2017-05-30 01:07:43] - 2017-05-29 - fm_daily_stats_view_vw start
[2017-05-30 01:07:43] - 2017-05-29 - fm_daily_stats_view_vw success
[2017-05-30 01:07:43] - 2017-05-29 - delete success
[2017-05-31 01:07:35] - 2017-05-30 - daily_order start
[2017-05-31 01:07:35] - 2017-05-30 - daily_order success
[2017-05-31 01:07:35] - 2017-05-30 - daily_fblike start
[2017-05-31 01:07:35] - 2017-05-30 - daily_fblike success
[2017-05-31 01:07:35] - 2017-05-30 - daily_review start
[2017-05-31 01:07:35] - 2017-05-30 - daily_review success
[2017-05-31 01:07:35] - 2017-05-30 - daily_restock_notify start
[2017-05-31 01:07:35] - 2017-05-30 - daily_restock_notify success
[2017-05-31 01:07:35] - 2017-05-30 - daily_wish start
[2017-05-31 01:07:35] - 2017-05-30 - daily_wish success
[2017-05-31 01:07:35] - 2017-05-30 - daily_cart start
[2017-05-31 01:07:35] - 2017-05-30 - daily_cart success
[2017-05-31 01:07:35] - 2017-05-30 - daily_view start
[2017-05-31 01:07:35] - 2017-05-30 - daily_view success
[2017-05-31 01:07:35] - 2017-05-30 - case1 start
[2017-05-31 01:07:35] - 2017-05-30 - case1 success
[2017-05-31 01:07:35] - 2017-05-30 - case2 start
[2017-05-31 01:07:38] - 2017-05-30 - case2 success
[2017-05-31 01:07:38] - 2017-05-30 - delete start
[2017-05-31 01:07:38] - 2017-05-30 - fm_daily_stats_fblike_vw start
[2017-05-31 01:07:38] - 2017-05-30 - fm_daily_stats_fblike_vw success
[2017-05-31 01:07:38] - 2017-05-30 - fm_daily_stats_review_vw start
[2017-05-31 01:07:38] - 2017-05-30 - fm_daily_stats_review_vw success
[2017-05-31 01:07:38] - 2017-05-30 - fm_daily_stats_restock_notify_vw start
[2017-05-31 01:07:38] - 2017-05-30 - fm_daily_stats_restock_notify_vw success
[2017-05-31 01:07:38] - 2017-05-30 - fm_daily_stats_wish_vw start
[2017-05-31 01:07:38] - 2017-05-30 - fm_daily_stats_wish_vw success
[2017-05-31 01:07:38] - 2017-05-30 - fm_daily_stats_cart_vw start
[2017-05-31 01:07:38] - 2017-05-30 - fm_daily_stats_cart_vw success
[2017-05-31 01:07:38] - 2017-05-30 - fm_daily_stats_order_vw start
[2017-05-31 01:07:38] - 2017-05-30 - fm_daily_stats_order_vw success
[2017-05-31 01:07:38] - 2017-05-30 - fm_daily_stats_view_vw start
[2017-05-31 01:07:38] - 2017-05-30 - fm_daily_stats_view_vw success
[2017-05-31 01:07:38] - 2017-05-30 - delete success
