[2017-03-01 00:11:01] - 입점마켓팅 다음EP 생성
[2017-03-01 00:11:01] - 입점마켓팅 네이버EP 2.0 생성
[2017-03-01 00:11:01] - 입점마켓팅 네이버EP 3.0 생성
[2017-03-01 00:11:01] - 입점마켓팅 리뷰EP 생성
[2017-03-01 01:06:05] - 회원 만료된 적립금 차감
[2017-03-01 01:06:05] - 회원 만료된 포인트 차감
[2017-03-01 01:06:05] - 쇼핑몰 분류 동기화
[2017-03-01 01:06:05] - 택배사 동기화
[2017-03-01 01:06:05] - 자동 주문 취소
[2017-03-01 01:06:05] - 장바구니 비우기
[2017-03-01 01:06:05] - 자동 구매확정
[2017-03-01 01:06:05] - 티켓상품 유효기간 체크 판매중지
[2017-03-01 01:06:05] - 티켓상품 자동 주문상태
[2017-03-01 01:06:05] - 통계데이터 삭제
[2017-03-01 01:06:05] - email log 삭제
[2017-03-01 01:06:05] - captcha 삭제
[2017-03-01 01:06:05] - naverpay 삭제
[2017-03-01 01:06:05] - 임시 필수옵션 및 추가구성옵션 데이터 삭제
[2017-03-01 01:06:05] - 배송지테이블 누락데이터 생성
[2017-03-01 01:06:05] - 회원정보다운로드데이터 삭제
[2017-03-01 01:06:05] - 할인혜택 금액 저장
[2017-03-01 01:06:05] - 회원 자동 등급
[2017-03-01 01:06:05] - 굿스플로 배송정보처리
[2017-03-01 01:06:05] - 고객리마인드 쿠폰
[2017-03-01 01:06:05] - 고객리마인드 적립금
[2017-03-01 01:06:05] - 고객리마인드 장바구니
[2017-03-01 01:06:05] - 고객리마인드 회원등급
[2017-03-01 01:06:05] - 고객리마인드 타임세일
[2017-03-01 01:06:05] - 고객리마인드 후기
[2017-03-01 01:06:05] - 고객리마인드 생일
[2017-03-01 01:06:05] - 고객리마인드 기념일
[2017-03-01 01:06:05] - 미입금 시 입금요청내용 문자발송
[2017-03-01 01:06:05] - 집계테이블 생성
[2017-03-01 01:06:05] - 유입경로 통계에 referer_domain 추가
[2017-03-01 01:06:05] - 오래된 파일 삭제
[2017-03-01 01:06:05] - 상품디스플레이 캐시 파일 삭제
[2017-03-01 01:06:05] - 플래시 캐시 파일 삭제
[2017-03-01 01:06:05] - 임시파일 삭제
[2017-03-01 01:06:06] - 사용 용량 업데이트
[2017-03-01 01:06:06] - 관리자 중요행위 알림 캐시파일 생성
[2017-03-01 01:06:06] - 이머니,포인트,적립금 통계 추가
[2017-03-01 01:06:06] - 휴면계정 고지 문자발송
[2017-03-01 01:06:09] - 상품 통계
[2017-03-02 00:11:01] - 입점마켓팅 다음EP 생성
[2017-03-02 00:11:01] - 입점마켓팅 네이버EP 2.0 생성
[2017-03-02 00:11:01] - 입점마켓팅 네이버EP 3.0 생성
[2017-03-02 00:11:01] - 입점마켓팅 리뷰EP 생성
[2017-03-02 01:05:30] - 회원 만료된 적립금 차감
[2017-03-02 01:05:30] - 회원 만료된 포인트 차감
[2017-03-02 01:05:30] - 쇼핑몰 분류 동기화
[2017-03-02 01:05:30] - 택배사 동기화
[2017-03-02 01:05:30] - 자동 주문 취소
[2017-03-02 01:05:30] - 장바구니 비우기
[2017-03-02 01:05:30] - 자동 구매확정
[2017-03-02 01:05:30] - 티켓상품 유효기간 체크 판매중지
[2017-03-02 01:05:30] - 티켓상품 자동 주문상태
[2017-03-02 01:05:30] - 통계데이터 삭제
[2017-03-02 01:05:30] - email log 삭제
[2017-03-02 01:05:30] - captcha 삭제
[2017-03-02 01:05:30] - naverpay 삭제
[2017-03-02 01:05:30] - 임시 필수옵션 및 추가구성옵션 데이터 삭제
[2017-03-02 01:05:30] - 배송지테이블 누락데이터 생성
[2017-03-02 01:05:30] - 회원정보다운로드데이터 삭제
[2017-03-02 01:05:30] - 할인혜택 금액 저장
[2017-03-02 01:05:30] - 굿스플로 배송정보처리
[2017-03-02 01:05:30] - 고객리마인드 쿠폰
[2017-03-02 01:05:30] - 고객리마인드 적립금
[2017-03-02 01:05:30] - 고객리마인드 장바구니
[2017-03-02 01:05:30] - 고객리마인드 회원등급
[2017-03-02 01:05:30] - 고객리마인드 타임세일
[2017-03-02 01:05:30] - 고객리마인드 후기
[2017-03-02 01:05:30] - 고객리마인드 생일
[2017-03-02 01:05:30] - 고객리마인드 기념일
[2017-03-02 01:05:30] - 미입금 시 입금요청내용 문자발송
[2017-03-02 01:05:31] - 집계테이블 생성
[2017-03-02 01:05:31] - 유입경로 통계에 referer_domain 추가
[2017-03-02 01:05:31] - 오래된 파일 삭제
[2017-03-02 01:05:31] - 상품디스플레이 캐시 파일 삭제
[2017-03-02 01:05:31] - 플래시 캐시 파일 삭제
[2017-03-02 01:05:31] - 임시파일 삭제
[2017-03-02 01:05:31] - 사용 용량 업데이트
[2017-03-02 01:05:31] - 관리자 중요행위 알림 캐시파일 생성
[2017-03-02 01:05:31] - 휴면계정 고지 문자발송
[2017-03-02 01:05:34] - 상품 통계
[2017-03-03 00:11:01] - 입점마켓팅 다음EP 생성
[2017-03-03 00:11:01] - 입점마켓팅 네이버EP 2.0 생성
[2017-03-03 00:11:01] - 입점마켓팅 네이버EP 3.0 생성
[2017-03-03 00:11:01] - 입점마켓팅 리뷰EP 생성
[2017-03-03 01:05:34] - 회원 만료된 적립금 차감
[2017-03-03 01:05:34] - 회원 만료된 포인트 차감
[2017-03-03 01:05:34] - 쇼핑몰 분류 동기화
[2017-03-03 01:05:34] - 택배사 동기화
[2017-03-03 01:05:34] - 자동 주문 취소
[2017-03-03 01:05:34] - 장바구니 비우기
[2017-03-03 01:05:34] - 자동 구매확정
[2017-03-03 01:05:34] - 티켓상품 유효기간 체크 판매중지
[2017-03-03 01:05:34] - 티켓상품 자동 주문상태
[2017-03-03 01:05:34] - 통계데이터 삭제
[2017-03-03 01:05:34] - email log 삭제
[2017-03-03 01:05:34] - captcha 삭제
[2017-03-03 01:05:34] - naverpay 삭제
[2017-03-03 01:05:34] - 임시 필수옵션 및 추가구성옵션 데이터 삭제
[2017-03-03 01:05:34] - 배송지테이블 누락데이터 생성
[2017-03-03 01:05:34] - 회원정보다운로드데이터 삭제
[2017-03-03 01:05:34] - 할인혜택 금액 저장
[2017-03-03 01:05:34] - 굿스플로 배송정보처리
[2017-03-03 01:05:34] - 고객리마인드 쿠폰
[2017-03-03 01:05:34] - 고객리마인드 적립금
[2017-03-03 01:05:34] - 고객리마인드 장바구니
[2017-03-03 01:05:34] - 고객리마인드 회원등급
[2017-03-03 01:05:34] - 고객리마인드 타임세일
[2017-03-03 01:05:34] - 고객리마인드 후기
[2017-03-03 01:05:34] - 고객리마인드 생일
[2017-03-03 01:05:34] - 고객리마인드 기념일
[2017-03-03 01:05:34] - 미입금 시 입금요청내용 문자발송
[2017-03-03 01:05:34] - 집계테이블 생성
[2017-03-03 01:05:34] - 유입경로 통계에 referer_domain 추가
[2017-03-03 01:05:35] - 오래된 파일 삭제
[2017-03-03 01:05:35] - 상품디스플레이 캐시 파일 삭제
[2017-03-03 01:05:35] - 플래시 캐시 파일 삭제
[2017-03-03 01:05:35] - 임시파일 삭제
[2017-03-03 01:05:35] - 사용 용량 업데이트
[2017-03-03 01:05:35] - 관리자 중요행위 알림 캐시파일 생성
[2017-03-03 01:05:35] - 휴면계정 고지 문자발송
[2017-03-03 01:05:38] - 상품 통계
[2017-03-04 00:11:01] - 입점마켓팅 다음EP 생성
[2017-03-04 00:11:01] - 입점마켓팅 네이버EP 2.0 생성
[2017-03-04 00:11:01] - 입점마켓팅 네이버EP 3.0 생성
[2017-03-04 00:11:01] - 입점마켓팅 리뷰EP 생성
[2017-03-04 01:05:21] - 회원 만료된 적립금 차감
[2017-03-04 01:05:21] - 회원 만료된 포인트 차감
[2017-03-04 01:05:21] - 쇼핑몰 분류 동기화
[2017-03-04 01:05:21] - 택배사 동기화
[2017-03-04 01:05:21] - 자동 주문 취소
[2017-03-04 01:05:21] - 장바구니 비우기
[2017-03-04 01:05:21] - 자동 구매확정
[2017-03-04 01:05:21] - 티켓상품 유효기간 체크 판매중지
[2017-03-04 01:05:21] - 티켓상품 자동 주문상태
[2017-03-04 01:05:21] - 통계데이터 삭제
[2017-03-04 01:05:21] - email log 삭제
[2017-03-04 01:05:21] - captcha 삭제
[2017-03-04 01:05:21] - naverpay 삭제
[2017-03-04 01:05:21] - 임시 필수옵션 및 추가구성옵션 데이터 삭제
[2017-03-04 01:05:21] - 배송지테이블 누락데이터 생성
[2017-03-04 01:05:21] - 회원정보다운로드데이터 삭제
[2017-03-04 01:05:21] - 할인혜택 금액 저장
[2017-03-04 01:05:21] - 굿스플로 배송정보처리
[2017-03-04 01:05:21] - 고객리마인드 쿠폰
[2017-03-04 01:05:21] - 고객리마인드 적립금
[2017-03-04 01:05:21] - 고객리마인드 장바구니
[2017-03-04 01:05:21] - 고객리마인드 회원등급
[2017-03-04 01:05:21] - 고객리마인드 타임세일
[2017-03-04 01:05:21] - 고객리마인드 후기
[2017-03-04 01:05:21] - 고객리마인드 생일
[2017-03-04 01:05:21] - 고객리마인드 기념일
[2017-03-04 01:05:21] - 미입금 시 입금요청내용 문자발송
[2017-03-04 01:05:21] - 집계테이블 생성
[2017-03-04 01:05:21] - 유입경로 통계에 referer_domain 추가
[2017-03-04 01:05:21] - 오래된 파일 삭제
[2017-03-04 01:05:21] - 상품디스플레이 캐시 파일 삭제
[2017-03-04 01:05:21] - 플래시 캐시 파일 삭제
[2017-03-04 01:05:21] - 임시파일 삭제
[2017-03-04 01:05:22] - 사용 용량 업데이트
[2017-03-04 01:05:22] - 관리자 중요행위 알림 캐시파일 생성
[2017-03-04 01:05:22] - 휴면계정 고지 문자발송
[2017-03-04 01:05:25] - 상품 통계
[2017-03-05 00:11:02] - 입점마켓팅 다음EP 생성
[2017-03-05 00:11:02] - 입점마켓팅 네이버EP 2.0 생성
[2017-03-05 00:11:02] - 입점마켓팅 네이버EP 3.0 생성
[2017-03-05 00:11:02] - 입점마켓팅 리뷰EP 생성
[2017-03-05 01:05:24] - 회원 만료된 적립금 차감
[2017-03-05 01:05:24] - 회원 만료된 포인트 차감
[2017-03-05 01:05:24] - 쇼핑몰 분류 동기화
[2017-03-05 01:05:24] - 택배사 동기화
[2017-03-05 01:05:24] - 자동 주문 취소
[2017-03-05 01:05:24] - 장바구니 비우기
[2017-03-05 01:05:24] - 자동 구매확정
[2017-03-05 01:05:24] - 티켓상품 유효기간 체크 판매중지
[2017-03-05 01:05:24] - 티켓상품 자동 주문상태
[2017-03-05 01:05:24] - 통계데이터 삭제
[2017-03-05 01:05:24] - email log 삭제
[2017-03-05 01:05:24] - captcha 삭제
[2017-03-05 01:05:24] - naverpay 삭제
[2017-03-05 01:05:24] - 임시 필수옵션 및 추가구성옵션 데이터 삭제
[2017-03-05 01:05:24] - 배송지테이블 누락데이터 생성
[2017-03-05 01:05:24] - 회원정보다운로드데이터 삭제
[2017-03-05 01:05:24] - 할인혜택 금액 저장
[2017-03-05 01:05:24] - 굿스플로 배송정보처리
[2017-03-05 01:05:24] - 고객리마인드 쿠폰
[2017-03-05 01:05:24] - 고객리마인드 적립금
[2017-03-05 01:05:24] - 고객리마인드 장바구니
[2017-03-05 01:05:24] - 고객리마인드 회원등급
[2017-03-05 01:05:24] - 고객리마인드 타임세일
[2017-03-05 01:05:24] - 고객리마인드 후기
[2017-03-05 01:05:24] - 고객리마인드 생일
[2017-03-05 01:05:24] - 고객리마인드 기념일
[2017-03-05 01:05:24] - 미입금 시 입금요청내용 문자발송
[2017-03-05 01:05:24] - 집계테이블 생성
[2017-03-05 01:05:24] - 유입경로 통계에 referer_domain 추가
[2017-03-05 01:05:24] - 오래된 파일 삭제
[2017-03-05 01:05:24] - 상품디스플레이 캐시 파일 삭제
[2017-03-05 01:05:24] - 플래시 캐시 파일 삭제
[2017-03-05 01:05:24] - 임시파일 삭제
[2017-03-05 01:05:25] - 사용 용량 업데이트
[2017-03-05 01:05:25] - 관리자 중요행위 알림 캐시파일 생성
[2017-03-05 01:05:25] - 휴면계정 고지 문자발송
[2017-03-05 01:05:28] - 상품 통계
[2017-03-06 00:11:01] - 입점마켓팅 다음EP 생성
[2017-03-06 00:11:01] - 입점마켓팅 네이버EP 2.0 생성
[2017-03-06 00:11:01] - 입점마켓팅 네이버EP 3.0 생성
[2017-03-06 00:11:01] - 입점마켓팅 리뷰EP 생성
[2017-03-06 01:05:33] - 회원 만료된 적립금 차감
[2017-03-06 01:05:33] - 회원 만료된 포인트 차감
[2017-03-06 01:05:33] - 쇼핑몰 분류 동기화
[2017-03-06 01:05:33] - 택배사 동기화
[2017-03-06 01:05:33] - 자동 주문 취소
[2017-03-06 01:05:33] - 장바구니 비우기
[2017-03-06 01:05:33] - 자동 구매확정
[2017-03-06 01:05:33] - 티켓상품 유효기간 체크 판매중지
[2017-03-06 01:05:33] - 티켓상품 자동 주문상태
[2017-03-06 01:05:33] - 통계데이터 삭제
[2017-03-06 01:05:33] - email log 삭제
[2017-03-06 01:05:33] - captcha 삭제
[2017-03-06 01:05:33] - naverpay 삭제
[2017-03-06 01:05:33] - 임시 필수옵션 및 추가구성옵션 데이터 삭제
[2017-03-06 01:05:33] - 배송지테이블 누락데이터 생성
[2017-03-06 01:05:33] - 회원정보다운로드데이터 삭제
[2017-03-06 01:05:33] - 할인혜택 금액 저장
[2017-03-06 01:05:33] - 굿스플로 배송정보처리
[2017-03-06 01:05:33] - 고객리마인드 쿠폰
[2017-03-06 01:05:33] - 고객리마인드 적립금
[2017-03-06 01:05:33] - 고객리마인드 장바구니
[2017-03-06 01:05:33] - 고객리마인드 회원등급
[2017-03-06 01:05:33] - 고객리마인드 타임세일
[2017-03-06 01:05:33] - 고객리마인드 후기
[2017-03-06 01:05:33] - 고객리마인드 생일
[2017-03-06 01:05:33] - 고객리마인드 기념일
[2017-03-06 01:05:33] - 미입금 시 입금요청내용 문자발송
[2017-03-06 01:05:33] - 집계테이블 생성
[2017-03-06 01:05:33] - 유입경로 통계에 referer_domain 추가
[2017-03-06 01:05:33] - 오래된 파일 삭제
[2017-03-06 01:05:34] - 상품디스플레이 캐시 파일 삭제
[2017-03-06 01:05:34] - 플래시 캐시 파일 삭제
[2017-03-06 01:05:34] - 임시파일 삭제
[2017-03-06 01:05:34] - 사용 용량 업데이트
[2017-03-06 01:05:34] - 관리자 중요행위 알림 캐시파일 생성
[2017-03-06 01:05:34] - 휴면계정 고지 문자발송
[2017-03-06 01:05:37] - 상품 통계
[2017-03-07 00:11:00] - 입점마켓팅 다음EP 생성
[2017-03-07 00:11:00] - 입점마켓팅 네이버EP 2.0 생성
[2017-03-07 00:11:00] - 입점마켓팅 네이버EP 3.0 생성
[2017-03-07 00:11:00] - 입점마켓팅 리뷰EP 생성
[2017-03-07 01:05:35] - 회원 만료된 적립금 차감
[2017-03-07 01:05:35] - 회원 만료된 포인트 차감
[2017-03-07 01:05:35] - 쇼핑몰 분류 동기화
[2017-03-07 01:05:35] - 택배사 동기화
[2017-03-07 01:05:35] - 자동 주문 취소
[2017-03-07 01:05:35] - 장바구니 비우기
[2017-03-07 01:05:35] - 자동 구매확정
[2017-03-07 01:05:35] - 티켓상품 유효기간 체크 판매중지
[2017-03-07 01:05:35] - 티켓상품 자동 주문상태
[2017-03-07 01:05:35] - 통계데이터 삭제
[2017-03-07 01:05:35] - email log 삭제
[2017-03-07 01:05:35] - captcha 삭제
[2017-03-07 01:05:35] - naverpay 삭제
[2017-03-07 01:05:35] - 임시 필수옵션 및 추가구성옵션 데이터 삭제
[2017-03-07 01:05:35] - 배송지테이블 누락데이터 생성
[2017-03-07 01:05:35] - 회원정보다운로드데이터 삭제
[2017-03-07 01:05:35] - 할인혜택 금액 저장
[2017-03-07 01:05:35] - 굿스플로 배송정보처리
[2017-03-07 01:05:35] - 고객리마인드 쿠폰
[2017-03-07 01:05:35] - 고객리마인드 적립금
[2017-03-07 01:05:35] - 고객리마인드 장바구니
[2017-03-07 01:05:35] - 고객리마인드 회원등급
[2017-03-07 01:05:35] - 고객리마인드 타임세일
[2017-03-07 01:05:35] - 고객리마인드 후기
[2017-03-07 01:05:35] - 고객리마인드 생일
[2017-03-07 01:05:35] - 고객리마인드 기념일
[2017-03-07 01:05:35] - 미입금 시 입금요청내용 문자발송
[2017-03-07 01:05:35] - 집계테이블 생성
[2017-03-07 01:05:35] - 유입경로 통계에 referer_domain 추가
[2017-03-07 01:05:35] - 오래된 파일 삭제
[2017-03-07 01:05:35] - 상품디스플레이 캐시 파일 삭제
[2017-03-07 01:05:35] - 플래시 캐시 파일 삭제
[2017-03-07 01:05:35] - 임시파일 삭제
[2017-03-07 01:05:36] - 사용 용량 업데이트
[2017-03-07 01:05:36] - 관리자 중요행위 알림 캐시파일 생성
[2017-03-07 01:05:36] - 휴면계정 고지 문자발송
[2017-03-07 01:05:39] - 상품 통계
[2017-03-08 00:11:01] - 입점마켓팅 다음EP 생성
[2017-03-08 00:11:01] - 입점마켓팅 네이버EP 2.0 생성
[2017-03-08 00:11:01] - 입점마켓팅 네이버EP 3.0 생성
[2017-03-08 00:11:01] - 입점마켓팅 리뷰EP 생성
[2017-03-08 01:05:19] - 회원 만료된 적립금 차감
[2017-03-08 01:05:19] - 회원 만료된 포인트 차감
[2017-03-08 01:05:19] - 쇼핑몰 분류 동기화
[2017-03-08 01:05:19] - 택배사 동기화
[2017-03-08 01:05:19] - 자동 주문 취소
[2017-03-08 01:05:19] - 장바구니 비우기
[2017-03-08 01:05:19] - 자동 구매확정
[2017-03-08 01:05:19] - 티켓상품 유효기간 체크 판매중지
[2017-03-08 01:05:20] - 티켓상품 자동 주문상태
[2017-03-08 01:05:20] - 통계데이터 삭제
[2017-03-08 01:05:20] - email log 삭제
[2017-03-08 01:05:20] - captcha 삭제
[2017-03-08 01:05:20] - naverpay 삭제
[2017-03-08 01:05:20] - 임시 필수옵션 및 추가구성옵션 데이터 삭제
[2017-03-08 01:05:20] - 배송지테이블 누락데이터 생성
[2017-03-08 01:05:20] - 회원정보다운로드데이터 삭제
[2017-03-08 01:05:20] - 할인혜택 금액 저장
[2017-03-08 01:05:20] - 굿스플로 배송정보처리
[2017-03-08 01:05:20] - 고객리마인드 쿠폰
[2017-03-08 01:05:20] - 고객리마인드 적립금
[2017-03-08 01:05:20] - 고객리마인드 장바구니
[2017-03-08 01:05:20] - 고객리마인드 회원등급
[2017-03-08 01:05:20] - 고객리마인드 타임세일
[2017-03-08 01:05:20] - 고객리마인드 후기
[2017-03-08 01:05:20] - 고객리마인드 생일
[2017-03-08 01:05:20] - 고객리마인드 기념일
[2017-03-08 01:05:20] - 미입금 시 입금요청내용 문자발송
[2017-03-08 01:05:20] - 집계테이블 생성
[2017-03-08 01:05:20] - 유입경로 통계에 referer_domain 추가
[2017-03-08 01:05:20] - 오래된 파일 삭제
[2017-03-08 01:05:20] - 상품디스플레이 캐시 파일 삭제
[2017-03-08 01:05:20] - 플래시 캐시 파일 삭제
[2017-03-08 01:05:20] - 임시파일 삭제
[2017-03-08 01:05:20] - 사용 용량 업데이트
[2017-03-08 01:05:20] - 관리자 중요행위 알림 캐시파일 생성
[2017-03-08 01:05:20] - 휴면계정 고지 문자발송
[2017-03-08 01:05:23] - 상품 통계
[2017-03-09 00:11:00] - 입점마켓팅 다음EP 생성
[2017-03-09 00:11:00] - 입점마켓팅 네이버EP 2.0 생성
[2017-03-09 00:11:00] - 입점마켓팅 네이버EP 3.0 생성
[2017-03-09 00:11:00] - 입점마켓팅 리뷰EP 생성
[2017-03-09 01:05:29] - 회원 만료된 적립금 차감
[2017-03-09 01:05:29] - 회원 만료된 포인트 차감
[2017-03-09 01:05:29] - 쇼핑몰 분류 동기화
[2017-03-09 01:05:29] - 택배사 동기화
[2017-03-09 01:05:29] - 자동 주문 취소
[2017-03-09 01:05:29] - 장바구니 비우기
[2017-03-09 01:05:29] - 자동 구매확정
[2017-03-09 01:05:29] - 티켓상품 유효기간 체크 판매중지
[2017-03-09 01:05:29] - 티켓상품 자동 주문상태
[2017-03-09 01:05:29] - 통계데이터 삭제
[2017-03-09 01:05:29] - email log 삭제
[2017-03-09 01:05:29] - captcha 삭제
[2017-03-09 01:05:29] - naverpay 삭제
[2017-03-09 01:05:29] - 임시 필수옵션 및 추가구성옵션 데이터 삭제
[2017-03-09 01:05:29] - 배송지테이블 누락데이터 생성
[2017-03-09 01:05:29] - 회원정보다운로드데이터 삭제
[2017-03-09 01:05:29] - 할인혜택 금액 저장
[2017-03-09 01:05:29] - 굿스플로 배송정보처리
[2017-03-09 01:05:29] - 고객리마인드 쿠폰
[2017-03-09 01:05:29] - 고객리마인드 적립금
[2017-03-09 01:05:29] - 고객리마인드 장바구니
[2017-03-09 01:05:29] - 고객리마인드 회원등급
[2017-03-09 01:05:29] - 고객리마인드 타임세일
[2017-03-09 01:05:29] - 고객리마인드 후기
[2017-03-09 01:05:29] - 고객리마인드 생일
[2017-03-09 01:05:29] - 고객리마인드 기념일
[2017-03-09 01:05:29] - 미입금 시 입금요청내용 문자발송
[2017-03-09 01:05:29] - 집계테이블 생성
[2017-03-09 01:05:29] - 유입경로 통계에 referer_domain 추가
[2017-03-09 01:05:29] - 오래된 파일 삭제
[2017-03-09 01:05:29] - 상품디스플레이 캐시 파일 삭제
[2017-03-09 01:05:29] - 플래시 캐시 파일 삭제
[2017-03-09 01:05:29] - 임시파일 삭제
[2017-03-09 01:05:30] - 사용 용량 업데이트
[2017-03-09 01:05:30] - 관리자 중요행위 알림 캐시파일 생성
[2017-03-09 01:05:30] - 휴면계정 고지 문자발송
[2017-03-09 01:05:33] - 상품 통계
[2017-03-10 00:11:01] - 입점마켓팅 다음EP 생성
[2017-03-10 00:11:01] - 입점마켓팅 네이버EP 2.0 생성
[2017-03-10 00:11:01] - 입점마켓팅 네이버EP 3.0 생성
[2017-03-10 00:11:01] - 입점마켓팅 리뷰EP 생성
[2017-03-10 01:05:40] - 회원 만료된 적립금 차감
[2017-03-10 01:05:40] - 회원 만료된 포인트 차감
[2017-03-10 01:05:40] - 쇼핑몰 분류 동기화
[2017-03-10 01:05:40] - 택배사 동기화
[2017-03-10 01:05:40] - 자동 주문 취소
[2017-03-10 01:05:40] - 장바구니 비우기
[2017-03-10 01:05:40] - 자동 구매확정
[2017-03-10 01:05:40] - 티켓상품 유효기간 체크 판매중지
[2017-03-10 01:05:40] - 티켓상품 자동 주문상태
[2017-03-10 01:05:40] - 통계데이터 삭제
[2017-03-10 01:05:40] - email log 삭제
[2017-03-10 01:05:40] - captcha 삭제
[2017-03-10 01:05:40] - naverpay 삭제
[2017-03-10 01:05:40] - 임시 필수옵션 및 추가구성옵션 데이터 삭제
[2017-03-10 01:05:40] - 배송지테이블 누락데이터 생성
[2017-03-10 01:05:40] - 회원정보다운로드데이터 삭제
[2017-03-10 01:05:40] - 할인혜택 금액 저장
[2017-03-10 01:05:40] - 굿스플로 배송정보처리
[2017-03-10 01:05:40] - 고객리마인드 쿠폰
[2017-03-10 01:05:40] - 고객리마인드 적립금
[2017-03-10 01:05:40] - 고객리마인드 장바구니
[2017-03-10 01:05:40] - 고객리마인드 회원등급
[2017-03-10 01:05:40] - 고객리마인드 타임세일
[2017-03-10 01:05:40] - 고객리마인드 후기
[2017-03-10 01:05:40] - 고객리마인드 생일
[2017-03-10 01:05:40] - 고객리마인드 기념일
[2017-03-10 01:05:40] - 미입금 시 입금요청내용 문자발송
[2017-03-10 01:05:40] - 집계테이블 생성
[2017-03-10 01:05:40] - 유입경로 통계에 referer_domain 추가
[2017-03-10 01:05:40] - 오래된 파일 삭제
[2017-03-10 01:05:40] - 상품디스플레이 캐시 파일 삭제
[2017-03-10 01:05:40] - 플래시 캐시 파일 삭제
[2017-03-10 01:05:40] - 임시파일 삭제
[2017-03-10 01:05:41] - 사용 용량 업데이트
[2017-03-10 01:05:41] - 관리자 중요행위 알림 캐시파일 생성
[2017-03-10 01:05:41] - 휴면계정 고지 문자발송
[2017-03-10 01:05:43] - 상품 통계
[2017-03-11 00:11:02] - 입점마켓팅 다음EP 생성
[2017-03-11 00:11:02] - 입점마켓팅 네이버EP 2.0 생성
[2017-03-11 00:11:02] - 입점마켓팅 네이버EP 3.0 생성
[2017-03-11 00:11:02] - 입점마켓팅 리뷰EP 생성
[2017-03-11 01:05:45] - 회원 만료된 적립금 차감
[2017-03-11 01:05:45] - 회원 만료된 포인트 차감
[2017-03-11 01:05:45] - 쇼핑몰 분류 동기화
[2017-03-11 01:05:45] - 택배사 동기화
[2017-03-11 01:05:45] - 자동 주문 취소
[2017-03-11 01:05:45] - 장바구니 비우기
[2017-03-11 01:05:45] - 자동 구매확정
[2017-03-11 01:05:45] - 티켓상품 유효기간 체크 판매중지
[2017-03-11 01:05:45] - 티켓상품 자동 주문상태
[2017-03-11 01:05:45] - 통계데이터 삭제
[2017-03-11 01:05:45] - email log 삭제
[2017-03-11 01:05:45] - captcha 삭제
[2017-03-11 01:05:45] - naverpay 삭제
[2017-03-11 01:05:45] - 임시 필수옵션 및 추가구성옵션 데이터 삭제
[2017-03-11 01:05:45] - 배송지테이블 누락데이터 생성
[2017-03-11 01:05:45] - 회원정보다운로드데이터 삭제
[2017-03-11 01:05:45] - 할인혜택 금액 저장
[2017-03-11 01:05:45] - 굿스플로 배송정보처리
[2017-03-11 01:05:45] - 고객리마인드 쿠폰
[2017-03-11 01:05:45] - 고객리마인드 적립금
[2017-03-11 01:05:45] - 고객리마인드 장바구니
[2017-03-11 01:05:45] - 고객리마인드 회원등급
[2017-03-11 01:05:45] - 고객리마인드 타임세일
[2017-03-11 01:05:45] - 고객리마인드 후기
[2017-03-11 01:05:45] - 고객리마인드 생일
[2017-03-11 01:05:45] - 고객리마인드 기념일
[2017-03-11 01:05:45] - 미입금 시 입금요청내용 문자발송
[2017-03-11 01:05:45] - 집계테이블 생성
[2017-03-11 01:05:45] - 유입경로 통계에 referer_domain 추가
[2017-03-11 01:05:45] - 오래된 파일 삭제
[2017-03-11 01:05:45] - 상품디스플레이 캐시 파일 삭제
[2017-03-11 01:05:45] - 플래시 캐시 파일 삭제
[2017-03-11 01:05:45] - 임시파일 삭제
[2017-03-11 01:05:45] - 사용 용량 업데이트
[2017-03-11 01:05:45] - 관리자 중요행위 알림 캐시파일 생성
[2017-03-11 01:05:46] - 휴면계정 고지 문자발송
[2017-03-11 01:05:48] - 상품 통계
[2017-03-12 00:11:01] - 입점마켓팅 다음EP 생성
[2017-03-12 00:11:01] - 입점마켓팅 네이버EP 2.0 생성
[2017-03-12 00:11:01] - 입점마켓팅 네이버EP 3.0 생성
[2017-03-12 00:11:01] - 입점마켓팅 리뷰EP 생성
[2017-03-12 01:05:34] - 회원 만료된 적립금 차감
[2017-03-12 01:05:34] - 회원 만료된 포인트 차감
[2017-03-12 01:05:34] - 쇼핑몰 분류 동기화
[2017-03-12 01:05:34] - 택배사 동기화
[2017-03-12 01:05:34] - 자동 주문 취소
[2017-03-12 01:05:34] - 장바구니 비우기
[2017-03-12 01:05:34] - 자동 구매확정
[2017-03-12 01:05:34] - 티켓상품 유효기간 체크 판매중지
[2017-03-12 01:05:34] - 티켓상품 자동 주문상태
[2017-03-12 01:05:34] - 통계데이터 삭제
[2017-03-12 01:05:34] - email log 삭제
[2017-03-12 01:05:34] - captcha 삭제
[2017-03-12 01:05:34] - naverpay 삭제
[2017-03-12 01:05:34] - 임시 필수옵션 및 추가구성옵션 데이터 삭제
[2017-03-12 01:05:34] - 배송지테이블 누락데이터 생성
[2017-03-12 01:05:34] - 회원정보다운로드데이터 삭제
[2017-03-12 01:05:34] - 할인혜택 금액 저장
[2017-03-12 01:05:34] - 굿스플로 배송정보처리
[2017-03-12 01:05:34] - 고객리마인드 쿠폰
[2017-03-12 01:05:34] - 고객리마인드 적립금
[2017-03-12 01:05:34] - 고객리마인드 장바구니
[2017-03-12 01:05:34] - 고객리마인드 회원등급
[2017-03-12 01:05:34] - 고객리마인드 타임세일
[2017-03-12 01:05:34] - 고객리마인드 후기
[2017-03-12 01:05:34] - 고객리마인드 생일
[2017-03-12 01:05:34] - 고객리마인드 기념일
[2017-03-12 01:05:34] - 미입금 시 입금요청내용 문자발송
[2017-03-12 01:05:34] - 집계테이블 생성
[2017-03-12 01:05:34] - 유입경로 통계에 referer_domain 추가
[2017-03-12 01:05:34] - 오래된 파일 삭제
[2017-03-12 01:05:34] - 상품디스플레이 캐시 파일 삭제
[2017-03-12 01:05:34] - 플래시 캐시 파일 삭제
[2017-03-12 01:05:34] - 임시파일 삭제
[2017-03-12 01:05:34] - 사용 용량 업데이트
[2017-03-12 01:05:34] - 관리자 중요행위 알림 캐시파일 생성
[2017-03-12 01:05:35] - 휴면계정 고지 문자발송
[2017-03-12 01:05:38] - 상품 통계
[2017-03-13 00:11:02] - 입점마켓팅 다음EP 생성
[2017-03-13 00:11:02] - 입점마켓팅 네이버EP 2.0 생성
[2017-03-13 00:11:02] - 입점마켓팅 네이버EP 3.0 생성
[2017-03-13 00:11:02] - 입점마켓팅 리뷰EP 생성
[2017-03-13 01:05:40] - 회원 만료된 적립금 차감
[2017-03-13 01:05:40] - 회원 만료된 포인트 차감
[2017-03-13 01:05:40] - 쇼핑몰 분류 동기화
[2017-03-13 01:05:40] - 택배사 동기화
[2017-03-13 01:05:40] - 자동 주문 취소
[2017-03-13 01:05:40] - 장바구니 비우기
[2017-03-13 01:05:40] - 자동 구매확정
[2017-03-13 01:05:40] - 티켓상품 유효기간 체크 판매중지
[2017-03-13 01:05:40] - 티켓상품 자동 주문상태
[2017-03-13 01:05:41] - 통계데이터 삭제
[2017-03-13 01:05:41] - email log 삭제
[2017-03-13 01:05:41] - captcha 삭제
[2017-03-13 01:05:41] - naverpay 삭제
[2017-03-13 01:05:41] - 임시 필수옵션 및 추가구성옵션 데이터 삭제
[2017-03-13 01:05:41] - 배송지테이블 누락데이터 생성
[2017-03-13 01:05:41] - 회원정보다운로드데이터 삭제
[2017-03-13 01:05:41] - 할인혜택 금액 저장
[2017-03-13 01:05:41] - 굿스플로 배송정보처리
[2017-03-13 01:05:41] - 고객리마인드 쿠폰
[2017-03-13 01:05:41] - 고객리마인드 적립금
[2017-03-13 01:05:41] - 고객리마인드 장바구니
[2017-03-13 01:05:41] - 고객리마인드 회원등급
[2017-03-13 01:05:41] - 고객리마인드 타임세일
[2017-03-13 01:05:41] - 고객리마인드 후기
[2017-03-13 01:05:41] - 고객리마인드 생일
[2017-03-13 01:05:41] - 고객리마인드 기념일
[2017-03-13 01:05:41] - 미입금 시 입금요청내용 문자발송
[2017-03-13 01:05:41] - 집계테이블 생성
[2017-03-13 01:05:41] - 유입경로 통계에 referer_domain 추가
[2017-03-13 01:05:41] - 오래된 파일 삭제
[2017-03-13 01:05:41] - 상품디스플레이 캐시 파일 삭제
[2017-03-13 01:05:41] - 플래시 캐시 파일 삭제
[2017-03-13 01:05:41] - 임시파일 삭제
[2017-03-13 01:05:41] - 사용 용량 업데이트
[2017-03-13 01:05:41] - 관리자 중요행위 알림 캐시파일 생성
[2017-03-13 01:05:41] - 휴면계정 고지 문자발송
[2017-03-13 01:05:44] - 상품 통계
[2017-03-14 00:11:02] - 입점마켓팅 다음EP 생성
[2017-03-14 00:11:02] - 입점마켓팅 네이버EP 2.0 생성
[2017-03-14 00:11:02] - 입점마켓팅 네이버EP 3.0 생성
[2017-03-14 00:11:02] - 입점마켓팅 리뷰EP 생성
[2017-03-14 01:05:39] - 회원 만료된 적립금 차감
[2017-03-14 01:05:39] - 회원 만료된 포인트 차감
[2017-03-14 01:05:39] - 쇼핑몰 분류 동기화
[2017-03-14 01:05:39] - 택배사 동기화
[2017-03-14 01:05:39] - 자동 주문 취소
[2017-03-14 01:05:39] - 장바구니 비우기
[2017-03-14 01:05:39] - 자동 구매확정
[2017-03-14 01:05:39] - 티켓상품 유효기간 체크 판매중지
[2017-03-14 01:05:39] - 티켓상품 자동 주문상태
[2017-03-14 01:05:39] - 통계데이터 삭제
[2017-03-14 01:05:39] - email log 삭제
[2017-03-14 01:05:39] - captcha 삭제
[2017-03-14 01:05:39] - naverpay 삭제
[2017-03-14 01:05:39] - 임시 필수옵션 및 추가구성옵션 데이터 삭제
[2017-03-14 01:05:39] - 배송지테이블 누락데이터 생성
[2017-03-14 01:05:39] - 회원정보다운로드데이터 삭제
[2017-03-14 01:05:39] - 할인혜택 금액 저장
[2017-03-14 01:05:39] - 굿스플로 배송정보처리
[2017-03-14 01:05:39] - 고객리마인드 쿠폰
[2017-03-14 01:05:39] - 고객리마인드 적립금
[2017-03-14 01:05:39] - 고객리마인드 장바구니
[2017-03-14 01:05:39] - 고객리마인드 회원등급
[2017-03-14 01:05:39] - 고객리마인드 타임세일
[2017-03-14 01:05:39] - 고객리마인드 후기
[2017-03-14 01:05:39] - 고객리마인드 생일
[2017-03-14 01:05:39] - 고객리마인드 기념일
[2017-03-14 01:05:39] - 미입금 시 입금요청내용 문자발송
[2017-03-14 01:05:39] - 집계테이블 생성
[2017-03-14 01:05:39] - 유입경로 통계에 referer_domain 추가
[2017-03-14 01:05:39] - 오래된 파일 삭제
[2017-03-14 01:05:39] - 상품디스플레이 캐시 파일 삭제
[2017-03-14 01:05:39] - 플래시 캐시 파일 삭제
[2017-03-14 01:05:39] - 임시파일 삭제
[2017-03-14 01:05:40] - 사용 용량 업데이트
[2017-03-14 01:05:40] - 관리자 중요행위 알림 캐시파일 생성
[2017-03-14 01:05:40] - 휴면계정 고지 문자발송
[2017-03-14 01:05:43] - 상품 통계
[2017-03-15 00:11:01] - 입점마켓팅 다음EP 생성
[2017-03-15 00:11:01] - 입점마켓팅 네이버EP 2.0 생성
[2017-03-15 00:11:01] - 입점마켓팅 네이버EP 3.0 생성
[2017-03-15 00:11:01] - 입점마켓팅 리뷰EP 생성
[2017-03-15 01:05:25] - 회원 만료된 적립금 차감
[2017-03-15 01:05:25] - 회원 만료된 포인트 차감
[2017-03-15 01:05:25] - 쇼핑몰 분류 동기화
[2017-03-15 01:05:25] - 택배사 동기화
[2017-03-15 01:05:25] - 자동 주문 취소
[2017-03-15 01:05:25] - 장바구니 비우기
[2017-03-15 01:05:25] - 자동 구매확정
[2017-03-15 01:05:25] - 티켓상품 유효기간 체크 판매중지
[2017-03-15 01:05:25] - 티켓상품 자동 주문상태
[2017-03-15 01:05:25] - 통계데이터 삭제
[2017-03-15 01:05:25] - email log 삭제
[2017-03-15 01:05:25] - captcha 삭제
[2017-03-15 01:05:25] - naverpay 삭제
[2017-03-15 01:05:25] - 임시 필수옵션 및 추가구성옵션 데이터 삭제
[2017-03-15 01:05:25] - 배송지테이블 누락데이터 생성
[2017-03-15 01:05:25] - 회원정보다운로드데이터 삭제
[2017-03-15 01:05:25] - 할인혜택 금액 저장
[2017-03-15 01:05:25] - 회원 자동 등급
[2017-03-15 01:05:25] - 굿스플로 배송정보처리
[2017-03-15 01:05:25] - 고객리마인드 쿠폰
[2017-03-15 01:05:25] - 고객리마인드 적립금
[2017-03-15 01:05:25] - 고객리마인드 장바구니
[2017-03-15 01:05:25] - 고객리마인드 회원등급
[2017-03-15 01:05:25] - 고객리마인드 타임세일
[2017-03-15 01:05:25] - 고객리마인드 후기
[2017-03-15 01:05:25] - 고객리마인드 생일
[2017-03-15 01:05:25] - 고객리마인드 기념일
[2017-03-15 01:05:25] - 미입금 시 입금요청내용 문자발송
[2017-03-15 01:05:25] - 집계테이블 생성
[2017-03-15 01:05:25] - 유입경로 통계에 referer_domain 추가
[2017-03-15 01:05:25] - 오래된 파일 삭제
[2017-03-15 01:05:25] - 상품디스플레이 캐시 파일 삭제
[2017-03-15 01:05:25] - 플래시 캐시 파일 삭제
[2017-03-15 01:05:25] - 임시파일 삭제
[2017-03-15 01:05:26] - 사용 용량 업데이트
[2017-03-15 01:05:26] - 관리자 중요행위 알림 캐시파일 생성
[2017-03-15 01:05:26] - 휴면계정 고지 문자발송
[2017-03-15 01:05:29] - 상품 통계
[2017-03-16 00:11:01] - 입점마켓팅 다음EP 생성
[2017-03-16 00:11:01] - 입점마켓팅 네이버EP 2.0 생성
[2017-03-16 00:11:01] - 입점마켓팅 네이버EP 3.0 생성
[2017-03-16 00:11:01] - 입점마켓팅 리뷰EP 생성
[2017-03-16 01:05:43] - 회원 만료된 적립금 차감
[2017-03-16 01:05:43] - 회원 만료된 포인트 차감
[2017-03-16 01:05:43] - 쇼핑몰 분류 동기화
[2017-03-16 01:05:43] - 택배사 동기화
[2017-03-16 01:05:43] - 자동 주문 취소
[2017-03-16 01:05:43] - 장바구니 비우기
[2017-03-16 01:05:43] - 자동 구매확정
[2017-03-16 01:05:43] - 티켓상품 유효기간 체크 판매중지
[2017-03-16 01:05:43] - 티켓상품 자동 주문상태
[2017-03-16 01:05:43] - 통계데이터 삭제
[2017-03-16 01:05:43] - email log 삭제
[2017-03-16 01:05:43] - captcha 삭제
[2017-03-16 01:05:43] - naverpay 삭제
[2017-03-16 01:05:43] - 임시 필수옵션 및 추가구성옵션 데이터 삭제
[2017-03-16 01:05:43] - 배송지테이블 누락데이터 생성
[2017-03-16 01:05:43] - 회원정보다운로드데이터 삭제
[2017-03-16 01:05:43] - 할인혜택 금액 저장
[2017-03-16 01:05:43] - 굿스플로 배송정보처리
[2017-03-16 01:05:44] - 고객리마인드 쿠폰
[2017-03-16 01:05:44] - 고객리마인드 적립금
[2017-03-16 01:05:44] - 고객리마인드 장바구니
[2017-03-16 01:05:44] - 고객리마인드 회원등급
[2017-03-16 01:05:44] - 고객리마인드 타임세일
[2017-03-16 01:05:44] - 고객리마인드 후기
[2017-03-16 01:05:44] - 고객리마인드 생일
[2017-03-16 01:05:44] - 고객리마인드 기념일
[2017-03-16 01:05:44] - 미입금 시 입금요청내용 문자발송
[2017-03-16 01:05:44] - 집계테이블 생성
[2017-03-16 01:05:44] - 유입경로 통계에 referer_domain 추가
[2017-03-16 01:05:44] - 오래된 파일 삭제
[2017-03-16 01:05:44] - 상품디스플레이 캐시 파일 삭제
[2017-03-16 01:05:44] - 플래시 캐시 파일 삭제
[2017-03-16 01:05:44] - 임시파일 삭제
[2017-03-16 01:05:44] - 사용 용량 업데이트
[2017-03-16 01:05:44] - 관리자 중요행위 알림 캐시파일 생성
[2017-03-16 01:05:44] - 휴면계정 고지 문자발송
[2017-03-16 01:05:47] - 상품 통계
[2017-03-17 00:11:02] - 입점마켓팅 다음EP 생성
[2017-03-17 00:11:02] - 입점마켓팅 네이버EP 2.0 생성
[2017-03-17 00:11:02] - 입점마켓팅 네이버EP 3.0 생성
[2017-03-17 00:11:02] - 입점마켓팅 리뷰EP 생성
[2017-03-17 01:05:39] - 회원 만료된 적립금 차감
[2017-03-17 01:05:39] - 회원 만료된 포인트 차감
[2017-03-17 01:05:39] - 쇼핑몰 분류 동기화
[2017-03-17 01:05:39] - 택배사 동기화
[2017-03-17 01:05:39] - 자동 주문 취소
[2017-03-17 01:05:39] - 장바구니 비우기
[2017-03-17 01:05:39] - 자동 구매확정
[2017-03-17 01:05:39] - 티켓상품 유효기간 체크 판매중지
[2017-03-17 01:05:39] - 티켓상품 자동 주문상태
[2017-03-17 01:05:39] - 통계데이터 삭제
[2017-03-17 01:05:39] - email log 삭제
[2017-03-17 01:05:39] - captcha 삭제
[2017-03-17 01:05:39] - naverpay 삭제
[2017-03-17 01:05:39] - 임시 필수옵션 및 추가구성옵션 데이터 삭제
[2017-03-17 01:05:39] - 배송지테이블 누락데이터 생성
[2017-03-17 01:05:39] - 회원정보다운로드데이터 삭제
[2017-03-17 01:05:39] - 할인혜택 금액 저장
[2017-03-17 01:05:39] - 굿스플로 배송정보처리
[2017-03-17 01:05:39] - 고객리마인드 쿠폰
[2017-03-17 01:05:39] - 고객리마인드 적립금
[2017-03-17 01:05:39] - 고객리마인드 장바구니
[2017-03-17 01:05:39] - 고객리마인드 회원등급
[2017-03-17 01:05:39] - 고객리마인드 타임세일
[2017-03-17 01:05:39] - 고객리마인드 후기
[2017-03-17 01:05:39] - 고객리마인드 생일
[2017-03-17 01:05:39] - 고객리마인드 기념일
[2017-03-17 01:05:39] - 미입금 시 입금요청내용 문자발송
[2017-03-17 01:05:39] - 집계테이블 생성
[2017-03-17 01:05:39] - 유입경로 통계에 referer_domain 추가
[2017-03-17 01:05:39] - 오래된 파일 삭제
[2017-03-17 01:05:39] - 상품디스플레이 캐시 파일 삭제
[2017-03-17 01:05:39] - 플래시 캐시 파일 삭제
[2017-03-17 01:05:39] - 임시파일 삭제
[2017-03-17 01:05:40] - 사용 용량 업데이트
[2017-03-17 01:05:40] - 관리자 중요행위 알림 캐시파일 생성
[2017-03-17 01:05:40] - 휴면계정 고지 문자발송
[2017-03-17 01:05:43] - 상품 통계
[2017-03-18 00:11:01] - 입점마켓팅 다음EP 생성
[2017-03-18 00:11:01] - 입점마켓팅 네이버EP 2.0 생성
[2017-03-18 00:11:01] - 입점마켓팅 네이버EP 3.0 생성
[2017-03-18 00:11:01] - 입점마켓팅 리뷰EP 생성
[2017-03-18 01:05:30] - 회원 만료된 적립금 차감
[2017-03-18 01:05:30] - 회원 만료된 포인트 차감
[2017-03-18 01:05:30] - 쇼핑몰 분류 동기화
[2017-03-18 01:05:30] - 택배사 동기화
[2017-03-18 01:05:30] - 자동 주문 취소
[2017-03-18 01:05:30] - 장바구니 비우기
[2017-03-18 01:05:30] - 자동 구매확정
[2017-03-18 01:05:30] - 티켓상품 유효기간 체크 판매중지
[2017-03-18 01:05:31] - 티켓상품 자동 주문상태
[2017-03-18 01:05:31] - 통계데이터 삭제
[2017-03-18 01:05:31] - email log 삭제
[2017-03-18 01:05:31] - captcha 삭제
[2017-03-18 01:05:31] - naverpay 삭제
[2017-03-18 01:05:31] - 임시 필수옵션 및 추가구성옵션 데이터 삭제
[2017-03-18 01:05:31] - 배송지테이블 누락데이터 생성
[2017-03-18 01:05:31] - 회원정보다운로드데이터 삭제
[2017-03-18 01:05:31] - 할인혜택 금액 저장
[2017-03-18 01:05:31] - 굿스플로 배송정보처리
[2017-03-18 01:05:31] - 고객리마인드 쿠폰
[2017-03-18 01:05:31] - 고객리마인드 적립금
[2017-03-18 01:05:31] - 고객리마인드 장바구니
[2017-03-18 01:05:31] - 고객리마인드 회원등급
[2017-03-18 01:05:31] - 고객리마인드 타임세일
[2017-03-18 01:05:31] - 고객리마인드 후기
[2017-03-18 01:05:31] - 고객리마인드 생일
[2017-03-18 01:05:31] - 고객리마인드 기념일
[2017-03-18 01:05:31] - 미입금 시 입금요청내용 문자발송
[2017-03-18 01:05:31] - 집계테이블 생성
[2017-03-18 01:05:31] - 유입경로 통계에 referer_domain 추가
[2017-03-18 01:05:31] - 오래된 파일 삭제
[2017-03-18 01:05:31] - 상품디스플레이 캐시 파일 삭제
[2017-03-18 01:05:31] - 플래시 캐시 파일 삭제
[2017-03-18 01:05:31] - 임시파일 삭제
[2017-03-18 01:05:31] - 사용 용량 업데이트
[2017-03-18 01:05:31] - 관리자 중요행위 알림 캐시파일 생성
[2017-03-18 01:05:31] - 휴면계정 고지 문자발송
[2017-03-18 01:05:34] - 상품 통계
[2017-03-19 00:11:01] - 입점마켓팅 다음EP 생성
[2017-03-19 00:11:01] - 입점마켓팅 네이버EP 2.0 생성
[2017-03-19 00:11:01] - 입점마켓팅 네이버EP 3.0 생성
[2017-03-19 00:11:01] - 입점마켓팅 리뷰EP 생성
[2017-03-19 01:05:24] - 회원 만료된 적립금 차감
[2017-03-19 01:05:24] - 회원 만료된 포인트 차감
[2017-03-19 01:05:24] - 쇼핑몰 분류 동기화
[2017-03-19 01:05:24] - 택배사 동기화
[2017-03-19 01:05:24] - 자동 주문 취소
[2017-03-19 01:05:24] - 장바구니 비우기
[2017-03-19 01:05:24] - 자동 구매확정
[2017-03-19 01:05:25] - 티켓상품 유효기간 체크 판매중지
[2017-03-19 01:05:25] - 티켓상품 자동 주문상태
[2017-03-19 01:05:25] - 통계데이터 삭제
[2017-03-19 01:05:25] - email log 삭제
[2017-03-19 01:05:25] - captcha 삭제
[2017-03-19 01:05:25] - naverpay 삭제
[2017-03-19 01:05:25] - 임시 필수옵션 및 추가구성옵션 데이터 삭제
[2017-03-19 01:05:25] - 배송지테이블 누락데이터 생성
[2017-03-19 01:05:25] - 회원정보다운로드데이터 삭제
[2017-03-19 01:05:25] - 할인혜택 금액 저장
[2017-03-19 01:05:25] - 굿스플로 배송정보처리
[2017-03-19 01:05:25] - 고객리마인드 쿠폰
[2017-03-19 01:05:25] - 고객리마인드 적립금
[2017-03-19 01:05:25] - 고객리마인드 장바구니
[2017-03-19 01:05:25] - 고객리마인드 회원등급
[2017-03-19 01:05:25] - 고객리마인드 타임세일
[2017-03-19 01:05:25] - 고객리마인드 후기
[2017-03-19 01:05:25] - 고객리마인드 생일
[2017-03-19 01:05:25] - 고객리마인드 기념일
[2017-03-19 01:05:25] - 미입금 시 입금요청내용 문자발송
[2017-03-19 01:05:25] - 집계테이블 생성
[2017-03-19 01:05:25] - 유입경로 통계에 referer_domain 추가
[2017-03-19 01:05:25] - 오래된 파일 삭제
[2017-03-19 01:05:25] - 상품디스플레이 캐시 파일 삭제
[2017-03-19 01:05:25] - 플래시 캐시 파일 삭제
[2017-03-19 01:05:25] - 임시파일 삭제
[2017-03-19 01:05:25] - 사용 용량 업데이트
[2017-03-19 01:05:25] - 관리자 중요행위 알림 캐시파일 생성
[2017-03-19 01:05:25] - 휴면계정 고지 문자발송
[2017-03-19 01:05:28] - 상품 통계
[2017-03-20 00:11:02] - 입점마켓팅 다음EP 생성
[2017-03-20 00:11:02] - 입점마켓팅 네이버EP 2.0 생성
[2017-03-20 00:11:02] - 입점마켓팅 네이버EP 3.0 생성
[2017-03-20 00:11:02] - 입점마켓팅 리뷰EP 생성
[2017-03-20 01:05:37] - 회원 만료된 적립금 차감
[2017-03-20 01:05:37] - 회원 만료된 포인트 차감
[2017-03-20 01:05:37] - 쇼핑몰 분류 동기화
[2017-03-20 01:05:37] - 택배사 동기화
[2017-03-20 01:05:37] - 자동 주문 취소
[2017-03-20 01:05:37] - 장바구니 비우기
[2017-03-20 01:05:37] - 자동 구매확정
[2017-03-20 01:05:37] - 티켓상품 유효기간 체크 판매중지
[2017-03-20 01:05:37] - 티켓상품 자동 주문상태
[2017-03-20 01:05:37] - 통계데이터 삭제
[2017-03-20 01:05:37] - email log 삭제
[2017-03-20 01:05:37] - captcha 삭제
[2017-03-20 01:05:37] - naverpay 삭제
[2017-03-20 01:05:37] - 임시 필수옵션 및 추가구성옵션 데이터 삭제
[2017-03-20 01:05:37] - 배송지테이블 누락데이터 생성
[2017-03-20 01:05:37] - 회원정보다운로드데이터 삭제
[2017-03-20 01:05:37] - 할인혜택 금액 저장
[2017-03-20 01:05:37] - 굿스플로 배송정보처리
[2017-03-20 01:05:37] - 고객리마인드 쿠폰
[2017-03-20 01:05:37] - 고객리마인드 적립금
[2017-03-20 01:05:37] - 고객리마인드 장바구니
[2017-03-20 01:05:37] - 고객리마인드 회원등급
[2017-03-20 01:05:37] - 고객리마인드 타임세일
[2017-03-20 01:05:37] - 고객리마인드 후기
[2017-03-20 01:05:37] - 고객리마인드 생일
[2017-03-20 01:05:37] - 고객리마인드 기념일
[2017-03-20 01:05:37] - 미입금 시 입금요청내용 문자발송
[2017-03-20 01:05:37] - 집계테이블 생성
[2017-03-20 01:05:37] - 유입경로 통계에 referer_domain 추가
[2017-03-20 01:05:38] - 오래된 파일 삭제
[2017-03-20 01:05:38] - 상품디스플레이 캐시 파일 삭제
[2017-03-20 01:05:38] - 플래시 캐시 파일 삭제
[2017-03-20 01:05:38] - 임시파일 삭제
[2017-03-20 01:05:38] - 사용 용량 업데이트
[2017-03-20 01:05:38] - 관리자 중요행위 알림 캐시파일 생성
[2017-03-20 01:05:38] - 휴면계정 고지 문자발송
[2017-03-20 01:05:41] - 상품 통계
[2017-03-21 00:11:02] - 입점마켓팅 다음EP 생성
[2017-03-21 00:11:02] - 입점마켓팅 네이버EP 2.0 생성
[2017-03-21 00:11:02] - 입점마켓팅 네이버EP 3.0 생성
[2017-03-21 00:11:02] - 입점마켓팅 리뷰EP 생성
[2017-03-21 01:05:31] - 회원 만료된 적립금 차감
[2017-03-21 01:05:31] - 회원 만료된 포인트 차감
[2017-03-21 01:05:31] - 쇼핑몰 분류 동기화
[2017-03-21 01:05:31] - 택배사 동기화
[2017-03-21 01:05:31] - 자동 주문 취소
[2017-03-21 01:05:31] - 장바구니 비우기
[2017-03-21 01:05:31] - 자동 구매확정
[2017-03-21 01:05:31] - 티켓상품 유효기간 체크 판매중지
[2017-03-21 01:05:31] - 티켓상품 자동 주문상태
[2017-03-21 01:05:32] - 통계데이터 삭제
[2017-03-21 01:05:32] - email log 삭제
[2017-03-21 01:05:32] - captcha 삭제
[2017-03-21 01:05:32] - naverpay 삭제
[2017-03-21 01:05:32] - 임시 필수옵션 및 추가구성옵션 데이터 삭제
[2017-03-21 01:05:32] - 배송지테이블 누락데이터 생성
[2017-03-21 01:05:32] - 회원정보다운로드데이터 삭제
[2017-03-21 01:05:32] - 할인혜택 금액 저장
[2017-03-21 01:05:32] - 굿스플로 배송정보처리
[2017-03-21 01:05:32] - 고객리마인드 쿠폰
[2017-03-21 01:05:32] - 고객리마인드 적립금
[2017-03-21 01:05:32] - 고객리마인드 장바구니
[2017-03-21 01:05:32] - 고객리마인드 회원등급
[2017-03-21 01:05:32] - 고객리마인드 타임세일
[2017-03-21 01:05:32] - 고객리마인드 후기
[2017-03-21 01:05:32] - 고객리마인드 생일
[2017-03-21 01:05:32] - 고객리마인드 기념일
[2017-03-21 01:05:32] - 미입금 시 입금요청내용 문자발송
[2017-03-21 01:05:32] - 집계테이블 생성
[2017-03-21 01:05:32] - 유입경로 통계에 referer_domain 추가
[2017-03-21 01:05:32] - 오래된 파일 삭제
[2017-03-21 01:05:32] - 상품디스플레이 캐시 파일 삭제
[2017-03-21 01:05:32] - 플래시 캐시 파일 삭제
[2017-03-21 01:05:32] - 임시파일 삭제
[2017-03-21 01:05:32] - 사용 용량 업데이트
[2017-03-21 01:05:32] - 관리자 중요행위 알림 캐시파일 생성
[2017-03-21 01:05:32] - 휴면계정 고지 문자발송
[2017-03-21 01:05:35] - 상품 통계
[2017-03-22 00:11:02] - 입점마켓팅 다음EP 생성
[2017-03-22 00:11:02] - 입점마켓팅 네이버EP 2.0 생성
[2017-03-22 00:11:02] - 입점마켓팅 네이버EP 3.0 생성
[2017-03-22 00:11:02] - 입점마켓팅 리뷰EP 생성
[2017-03-22 01:05:33] - 회원 만료된 적립금 차감
[2017-03-22 01:05:33] - 회원 만료된 포인트 차감
[2017-03-22 01:05:33] - 쇼핑몰 분류 동기화
[2017-03-22 01:05:33] - 택배사 동기화
[2017-03-22 01:05:34] - 자동 주문 취소
[2017-03-22 01:05:34] - 장바구니 비우기
[2017-03-22 01:05:34] - 자동 구매확정
[2017-03-22 01:05:34] - 티켓상품 유효기간 체크 판매중지
[2017-03-22 01:05:34] - 티켓상품 자동 주문상태
[2017-03-22 01:05:34] - 통계데이터 삭제
[2017-03-22 01:05:34] - email log 삭제
[2017-03-22 01:05:34] - captcha 삭제
[2017-03-22 01:05:34] - naverpay 삭제
[2017-03-22 01:05:34] - 임시 필수옵션 및 추가구성옵션 데이터 삭제
[2017-03-22 01:05:34] - 배송지테이블 누락데이터 생성
[2017-03-22 01:05:34] - 회원정보다운로드데이터 삭제
[2017-03-22 01:05:34] - 할인혜택 금액 저장
[2017-03-22 01:05:34] - 굿스플로 배송정보처리
[2017-03-22 01:05:34] - 고객리마인드 쿠폰
[2017-03-22 01:05:34] - 고객리마인드 적립금
[2017-03-22 01:05:34] - 고객리마인드 장바구니
[2017-03-22 01:05:34] - 고객리마인드 회원등급
[2017-03-22 01:05:34] - 고객리마인드 타임세일
[2017-03-22 01:05:34] - 고객리마인드 후기
[2017-03-22 01:05:34] - 고객리마인드 생일
[2017-03-22 01:05:34] - 고객리마인드 기념일
[2017-03-22 01:05:34] - 미입금 시 입금요청내용 문자발송
[2017-03-22 01:05:34] - 집계테이블 생성
[2017-03-22 01:05:34] - 유입경로 통계에 referer_domain 추가
[2017-03-22 01:05:34] - 오래된 파일 삭제
[2017-03-22 01:05:34] - 상품디스플레이 캐시 파일 삭제
[2017-03-22 01:05:34] - 플래시 캐시 파일 삭제
[2017-03-22 01:05:34] - 임시파일 삭제
[2017-03-22 01:05:34] - 사용 용량 업데이트
[2017-03-22 01:05:34] - 관리자 중요행위 알림 캐시파일 생성
[2017-03-22 01:05:34] - 휴면계정 고지 문자발송
[2017-03-22 01:05:37] - 상품 통계
[2017-03-23 00:11:01] - 입점마켓팅 다음EP 생성
[2017-03-23 00:11:01] - 입점마켓팅 네이버EP 2.0 생성
[2017-03-23 00:11:01] - 입점마켓팅 네이버EP 3.0 생성
[2017-03-23 00:11:01] - 입점마켓팅 리뷰EP 생성
[2017-03-23 01:05:48] - 회원 만료된 적립금 차감
[2017-03-23 01:05:48] - 회원 만료된 포인트 차감
[2017-03-23 01:05:48] - 쇼핑몰 분류 동기화
[2017-03-23 01:05:48] - 택배사 동기화
[2017-03-23 01:05:48] - 자동 주문 취소
[2017-03-23 01:05:48] - 장바구니 비우기
[2017-03-23 01:05:48] - 자동 구매확정
[2017-03-23 01:05:48] - 티켓상품 유효기간 체크 판매중지
[2017-03-23 01:05:48] - 티켓상품 자동 주문상태
[2017-03-23 01:05:48] - 통계데이터 삭제
[2017-03-23 01:05:48] - email log 삭제
[2017-03-23 01:05:48] - captcha 삭제
[2017-03-23 01:05:48] - naverpay 삭제
[2017-03-23 01:05:48] - 임시 필수옵션 및 추가구성옵션 데이터 삭제
[2017-03-23 01:05:48] - 배송지테이블 누락데이터 생성
[2017-03-23 01:05:48] - 회원정보다운로드데이터 삭제
[2017-03-23 01:05:48] - 할인혜택 금액 저장
[2017-03-23 01:05:48] - 굿스플로 배송정보처리
[2017-03-23 01:05:48] - 고객리마인드 쿠폰
[2017-03-23 01:05:48] - 고객리마인드 적립금
[2017-03-23 01:05:48] - 고객리마인드 장바구니
[2017-03-23 01:05:48] - 고객리마인드 회원등급
[2017-03-23 01:05:48] - 고객리마인드 타임세일
[2017-03-23 01:05:48] - 고객리마인드 후기
[2017-03-23 01:05:48] - 고객리마인드 생일
[2017-03-23 01:05:48] - 고객리마인드 기념일
[2017-03-23 01:05:48] - 미입금 시 입금요청내용 문자발송
[2017-03-23 01:05:48] - 집계테이블 생성
[2017-03-23 01:05:48] - 유입경로 통계에 referer_domain 추가
[2017-03-23 01:05:48] - 오래된 파일 삭제
[2017-03-23 01:05:48] - 상품디스플레이 캐시 파일 삭제
[2017-03-23 01:05:48] - 플래시 캐시 파일 삭제
[2017-03-23 01:05:48] - 임시파일 삭제
[2017-03-23 01:05:49] - 사용 용량 업데이트
[2017-03-23 01:05:49] - 관리자 중요행위 알림 캐시파일 생성
[2017-03-23 01:05:49] - 휴면계정 고지 문자발송
[2017-03-23 01:05:52] - 상품 통계
[2017-03-24 00:11:01] - 입점마켓팅 다음EP 생성
[2017-03-24 00:11:01] - 입점마켓팅 네이버EP 2.0 생성
[2017-03-24 00:11:01] - 입점마켓팅 네이버EP 3.0 생성
[2017-03-24 00:11:01] - 입점마켓팅 리뷰EP 생성
[2017-03-24 01:05:27] - 회원 만료된 적립금 차감
[2017-03-24 01:05:27] - 회원 만료된 포인트 차감
[2017-03-24 01:05:27] - 쇼핑몰 분류 동기화
[2017-03-24 01:05:27] - 택배사 동기화
[2017-03-24 01:05:27] - 자동 주문 취소
[2017-03-24 01:05:27] - 장바구니 비우기
[2017-03-24 01:05:27] - 자동 구매확정
[2017-03-24 01:05:27] - 티켓상품 유효기간 체크 판매중지
[2017-03-24 01:05:27] - 티켓상품 자동 주문상태
[2017-03-24 01:05:27] - 통계데이터 삭제
[2017-03-24 01:05:27] - email log 삭제
[2017-03-24 01:05:27] - captcha 삭제
[2017-03-24 01:05:27] - naverpay 삭제
[2017-03-24 01:05:27] - 임시 필수옵션 및 추가구성옵션 데이터 삭제
[2017-03-24 01:05:27] - 배송지테이블 누락데이터 생성
[2017-03-24 01:05:27] - 회원정보다운로드데이터 삭제
[2017-03-24 01:05:27] - 할인혜택 금액 저장
[2017-03-24 01:05:27] - 굿스플로 배송정보처리
[2017-03-24 01:05:27] - 고객리마인드 쿠폰
[2017-03-24 01:05:27] - 고객리마인드 적립금
[2017-03-24 01:05:27] - 고객리마인드 장바구니
[2017-03-24 01:05:27] - 고객리마인드 회원등급
[2017-03-24 01:05:27] - 고객리마인드 타임세일
[2017-03-24 01:05:27] - 고객리마인드 후기
[2017-03-24 01:05:27] - 고객리마인드 생일
[2017-03-24 01:05:27] - 고객리마인드 기념일
[2017-03-24 01:05:27] - 미입금 시 입금요청내용 문자발송
[2017-03-24 01:05:27] - 집계테이블 생성
[2017-03-24 01:05:27] - 유입경로 통계에 referer_domain 추가
[2017-03-24 01:05:27] - 오래된 파일 삭제
[2017-03-24 01:05:27] - 상품디스플레이 캐시 파일 삭제
[2017-03-24 01:05:27] - 플래시 캐시 파일 삭제
[2017-03-24 01:05:27] - 임시파일 삭제
[2017-03-24 01:05:27] - 사용 용량 업데이트
[2017-03-24 01:05:27] - 관리자 중요행위 알림 캐시파일 생성
[2017-03-24 01:05:28] - 휴면계정 고지 문자발송
[2017-03-24 01:05:31] - 상품 통계
[2017-03-25 00:11:00] - 입점마켓팅 다음EP 생성
[2017-03-25 00:11:00] - 입점마켓팅 네이버EP 2.0 생성
[2017-03-25 00:11:00] - 입점마켓팅 네이버EP 3.0 생성
[2017-03-25 00:11:00] - 입점마켓팅 리뷰EP 생성
[2017-03-25 01:05:22] - 회원 만료된 적립금 차감
[2017-03-25 01:05:22] - 회원 만료된 포인트 차감
[2017-03-25 01:05:22] - 쇼핑몰 분류 동기화
[2017-03-25 01:05:22] - 택배사 동기화
[2017-03-25 01:05:22] - 자동 주문 취소
[2017-03-25 01:05:22] - 장바구니 비우기
[2017-03-25 01:05:22] - 자동 구매확정
[2017-03-25 01:05:22] - 티켓상품 유효기간 체크 판매중지
[2017-03-25 01:05:22] - 티켓상품 자동 주문상태
[2017-03-25 01:05:22] - 통계데이터 삭제
[2017-03-25 01:05:22] - email log 삭제
[2017-03-25 01:05:22] - captcha 삭제
[2017-03-25 01:05:22] - naverpay 삭제
[2017-03-25 01:05:22] - 임시 필수옵션 및 추가구성옵션 데이터 삭제
[2017-03-25 01:05:22] - 배송지테이블 누락데이터 생성
[2017-03-25 01:05:22] - 회원정보다운로드데이터 삭제
[2017-03-25 01:05:22] - 할인혜택 금액 저장
[2017-03-25 01:05:22] - 굿스플로 배송정보처리
[2017-03-25 01:05:22] - 고객리마인드 쿠폰
[2017-03-25 01:05:22] - 고객리마인드 적립금
[2017-03-25 01:05:22] - 고객리마인드 장바구니
[2017-03-25 01:05:22] - 고객리마인드 회원등급
[2017-03-25 01:05:22] - 고객리마인드 타임세일
[2017-03-25 01:05:22] - 고객리마인드 후기
[2017-03-25 01:05:22] - 고객리마인드 생일
[2017-03-25 01:05:22] - 고객리마인드 기념일
[2017-03-25 01:05:22] - 미입금 시 입금요청내용 문자발송
[2017-03-25 01:05:22] - 집계테이블 생성
[2017-03-25 01:05:22] - 유입경로 통계에 referer_domain 추가
[2017-03-25 01:05:22] - 오래된 파일 삭제
[2017-03-25 01:05:22] - 상품디스플레이 캐시 파일 삭제
[2017-03-25 01:05:22] - 플래시 캐시 파일 삭제
[2017-03-25 01:05:22] - 임시파일 삭제
[2017-03-25 01:05:22] - 사용 용량 업데이트
[2017-03-25 01:05:22] - 관리자 중요행위 알림 캐시파일 생성
[2017-03-25 01:05:23] - 휴면계정 고지 문자발송
[2017-03-25 01:05:26] - 상품 통계
[2017-03-26 00:11:01] - 입점마켓팅 다음EP 생성
[2017-03-26 00:11:01] - 입점마켓팅 네이버EP 2.0 생성
[2017-03-26 00:11:01] - 입점마켓팅 네이버EP 3.0 생성
[2017-03-26 00:11:01] - 입점마켓팅 리뷰EP 생성
[2017-03-26 01:05:24] - 회원 만료된 적립금 차감
[2017-03-26 01:05:24] - 회원 만료된 포인트 차감
[2017-03-26 01:05:24] - 쇼핑몰 분류 동기화
[2017-03-26 01:05:24] - 택배사 동기화
[2017-03-26 01:05:25] - 자동 주문 취소
[2017-03-26 01:05:25] - 장바구니 비우기
[2017-03-26 01:05:25] - 자동 구매확정
[2017-03-26 01:05:25] - 티켓상품 유효기간 체크 판매중지
[2017-03-26 01:05:25] - 티켓상품 자동 주문상태
[2017-03-26 01:05:25] - 통계데이터 삭제
[2017-03-26 01:05:25] - email log 삭제
[2017-03-26 01:05:25] - captcha 삭제
[2017-03-26 01:05:25] - naverpay 삭제
[2017-03-26 01:05:25] - 임시 필수옵션 및 추가구성옵션 데이터 삭제
[2017-03-26 01:05:25] - 배송지테이블 누락데이터 생성
[2017-03-26 01:05:25] - 회원정보다운로드데이터 삭제
[2017-03-26 01:05:25] - 할인혜택 금액 저장
[2017-03-26 01:05:25] - 굿스플로 배송정보처리
[2017-03-26 01:05:25] - 고객리마인드 쿠폰
[2017-03-26 01:05:25] - 고객리마인드 적립금
[2017-03-26 01:05:25] - 고객리마인드 장바구니
[2017-03-26 01:05:25] - 고객리마인드 회원등급
[2017-03-26 01:05:25] - 고객리마인드 타임세일
[2017-03-26 01:05:25] - 고객리마인드 후기
[2017-03-26 01:05:25] - 고객리마인드 생일
[2017-03-26 01:05:25] - 고객리마인드 기념일
[2017-03-26 01:05:25] - 미입금 시 입금요청내용 문자발송
[2017-03-26 01:05:25] - 집계테이블 생성
[2017-03-26 01:05:25] - 유입경로 통계에 referer_domain 추가
[2017-03-26 01:05:25] - 오래된 파일 삭제
[2017-03-26 01:05:25] - 상품디스플레이 캐시 파일 삭제
[2017-03-26 01:05:25] - 플래시 캐시 파일 삭제
[2017-03-26 01:05:25] - 임시파일 삭제
[2017-03-26 01:05:25] - 사용 용량 업데이트
[2017-03-26 01:05:25] - 관리자 중요행위 알림 캐시파일 생성
[2017-03-26 01:05:25] - 휴면계정 고지 문자발송
[2017-03-26 01:05:28] - 상품 통계
[2017-03-27 00:11:02] - 입점마켓팅 다음EP 생성
[2017-03-27 00:11:02] - 입점마켓팅 네이버EP 2.0 생성
[2017-03-27 00:11:02] - 입점마켓팅 네이버EP 3.0 생성
[2017-03-27 00:11:02] - 입점마켓팅 리뷰EP 생성
[2017-03-27 01:05:39] - 회원 만료된 적립금 차감
[2017-03-27 01:05:39] - 회원 만료된 포인트 차감
[2017-03-27 01:05:39] - 쇼핑몰 분류 동기화
[2017-03-27 01:05:39] - 택배사 동기화
[2017-03-27 01:05:39] - 자동 주문 취소
[2017-03-27 01:05:39] - 장바구니 비우기
[2017-03-27 01:05:39] - 자동 구매확정
[2017-03-27 01:05:39] - 티켓상품 유효기간 체크 판매중지
[2017-03-27 01:05:39] - 티켓상품 자동 주문상태
[2017-03-27 01:05:39] - 통계데이터 삭제
[2017-03-27 01:05:39] - email log 삭제
[2017-03-27 01:05:39] - captcha 삭제
[2017-03-27 01:05:39] - naverpay 삭제
[2017-03-27 01:05:39] - 임시 필수옵션 및 추가구성옵션 데이터 삭제
[2017-03-27 01:05:39] - 배송지테이블 누락데이터 생성
[2017-03-27 01:05:39] - 회원정보다운로드데이터 삭제
[2017-03-27 01:05:39] - 할인혜택 금액 저장
[2017-03-27 01:05:39] - 굿스플로 배송정보처리
[2017-03-27 01:05:39] - 고객리마인드 쿠폰
[2017-03-27 01:05:39] - 고객리마인드 적립금
[2017-03-27 01:05:39] - 고객리마인드 장바구니
[2017-03-27 01:05:39] - 고객리마인드 회원등급
[2017-03-27 01:05:39] - 고객리마인드 타임세일
[2017-03-27 01:05:39] - 고객리마인드 후기
[2017-03-27 01:05:39] - 고객리마인드 생일
[2017-03-27 01:05:39] - 고객리마인드 기념일
[2017-03-27 01:05:39] - 미입금 시 입금요청내용 문자발송
[2017-03-27 01:05:39] - 집계테이블 생성
[2017-03-27 01:05:39] - 유입경로 통계에 referer_domain 추가
[2017-03-27 01:05:39] - 오래된 파일 삭제
[2017-03-27 01:05:39] - 상품디스플레이 캐시 파일 삭제
[2017-03-27 01:05:39] - 플래시 캐시 파일 삭제
[2017-03-27 01:05:39] - 임시파일 삭제
[2017-03-27 01:05:40] - 사용 용량 업데이트
[2017-03-27 01:05:40] - 관리자 중요행위 알림 캐시파일 생성
[2017-03-27 01:05:40] - 휴면계정 고지 문자발송
[2017-03-27 01:05:43] - 상품 통계
[2017-03-28 00:11:00] - 입점마켓팅 다음EP 생성
[2017-03-28 00:11:00] - 입점마켓팅 네이버EP 2.0 생성
[2017-03-28 00:11:00] - 입점마켓팅 네이버EP 3.0 생성
[2017-03-28 00:11:00] - 입점마켓팅 리뷰EP 생성
[2017-03-28 01:05:29] - 회원 만료된 적립금 차감
[2017-03-28 01:05:29] - 회원 만료된 포인트 차감
[2017-03-28 01:05:29] - 쇼핑몰 분류 동기화
[2017-03-28 01:05:29] - 택배사 동기화
[2017-03-28 01:05:29] - 자동 주문 취소
[2017-03-28 01:05:29] - 장바구니 비우기
[2017-03-28 01:05:29] - 자동 구매확정
[2017-03-28 01:05:29] - 티켓상품 유효기간 체크 판매중지
[2017-03-28 01:05:30] - 티켓상품 자동 주문상태
[2017-03-28 01:05:30] - 통계데이터 삭제
[2017-03-28 01:05:30] - email log 삭제
[2017-03-28 01:05:30] - captcha 삭제
[2017-03-28 01:05:30] - naverpay 삭제
[2017-03-28 01:05:30] - 임시 필수옵션 및 추가구성옵션 데이터 삭제
[2017-03-28 01:05:30] - 배송지테이블 누락데이터 생성
[2017-03-28 01:05:30] - 회원정보다운로드데이터 삭제
[2017-03-28 01:05:30] - 할인혜택 금액 저장
[2017-03-28 01:05:30] - 굿스플로 배송정보처리
[2017-03-28 01:05:30] - 고객리마인드 쿠폰
[2017-03-28 01:05:30] - 고객리마인드 적립금
[2017-03-28 01:05:30] - 고객리마인드 장바구니
[2017-03-28 01:05:30] - 고객리마인드 회원등급
[2017-03-28 01:05:30] - 고객리마인드 타임세일
[2017-03-28 01:05:30] - 고객리마인드 후기
[2017-03-28 01:05:30] - 고객리마인드 생일
[2017-03-28 01:05:30] - 고객리마인드 기념일
[2017-03-28 01:05:30] - 미입금 시 입금요청내용 문자발송
[2017-03-28 01:05:30] - 집계테이블 생성
[2017-03-28 01:05:30] - 유입경로 통계에 referer_domain 추가
[2017-03-28 01:05:30] - 오래된 파일 삭제
[2017-03-28 01:05:30] - 상품디스플레이 캐시 파일 삭제
[2017-03-28 01:05:30] - 플래시 캐시 파일 삭제
[2017-03-28 01:05:30] - 임시파일 삭제
[2017-03-28 01:05:30] - 사용 용량 업데이트
[2017-03-28 01:05:30] - 관리자 중요행위 알림 캐시파일 생성
[2017-03-28 01:05:30] - 휴면계정 고지 문자발송
[2017-03-28 01:05:33] - 상품 통계
[2017-03-29 00:11:00] - 입점마켓팅 다음EP 생성
[2017-03-29 00:11:00] - 입점마켓팅 네이버EP 2.0 생성
[2017-03-29 00:11:00] - 입점마켓팅 네이버EP 3.0 생성
[2017-03-29 00:11:00] - 입점마켓팅 리뷰EP 생성
[2017-03-29 01:05:36] - 회원 만료된 적립금 차감
[2017-03-29 01:05:36] - 회원 만료된 포인트 차감
[2017-03-29 01:05:37] - 쇼핑몰 분류 동기화
[2017-03-29 01:05:37] - 택배사 동기화
[2017-03-29 01:05:37] - 자동 주문 취소
[2017-03-29 01:05:37] - 장바구니 비우기
[2017-03-29 01:05:37] - 자동 구매확정
[2017-03-29 01:05:37] - 티켓상품 유효기간 체크 판매중지
[2017-03-29 01:05:37] - 티켓상품 자동 주문상태
[2017-03-29 01:05:37] - 통계데이터 삭제
[2017-03-29 01:05:37] - email log 삭제
[2017-03-29 01:05:37] - captcha 삭제
[2017-03-29 01:05:37] - naverpay 삭제
[2017-03-29 01:05:37] - 임시 필수옵션 및 추가구성옵션 데이터 삭제
[2017-03-29 01:05:37] - 배송지테이블 누락데이터 생성
[2017-03-29 01:05:37] - 회원정보다운로드데이터 삭제
[2017-03-29 01:05:37] - 할인혜택 금액 저장
[2017-03-29 01:05:37] - 굿스플로 배송정보처리
[2017-03-29 01:05:37] - 고객리마인드 쿠폰
[2017-03-29 01:05:37] - 고객리마인드 적립금
[2017-03-29 01:05:37] - 고객리마인드 장바구니
[2017-03-29 01:05:37] - 고객리마인드 회원등급
[2017-03-29 01:05:37] - 고객리마인드 타임세일
[2017-03-29 01:05:37] - 고객리마인드 후기
[2017-03-29 01:05:37] - 고객리마인드 생일
[2017-03-29 01:05:37] - 고객리마인드 기념일
[2017-03-29 01:05:37] - 미입금 시 입금요청내용 문자발송
[2017-03-29 01:05:37] - 집계테이블 생성
[2017-03-29 01:05:37] - 유입경로 통계에 referer_domain 추가
[2017-03-29 01:05:37] - 오래된 파일 삭제
[2017-03-29 01:05:37] - 상품디스플레이 캐시 파일 삭제
[2017-03-29 01:05:37] - 플래시 캐시 파일 삭제
[2017-03-29 01:05:37] - 임시파일 삭제
[2017-03-29 01:05:37] - 사용 용량 업데이트
[2017-03-29 01:05:37] - 관리자 중요행위 알림 캐시파일 생성
[2017-03-29 01:05:37] - 휴면계정 고지 문자발송
[2017-03-29 01:05:41] - 상품 통계
[2017-03-30 00:11:00] - 입점마켓팅 다음EP 생성
[2017-03-30 00:11:00] - 입점마켓팅 네이버EP 2.0 생성
[2017-03-30 00:11:00] - 입점마켓팅 네이버EP 3.0 생성
[2017-03-30 00:11:00] - 입점마켓팅 리뷰EP 생성
[2017-03-30 01:05:34] - 회원 만료된 적립금 차감
[2017-03-30 01:05:34] - 회원 만료된 포인트 차감
[2017-03-30 01:05:34] - 쇼핑몰 분류 동기화
[2017-03-30 01:05:34] - 택배사 동기화
[2017-03-30 01:05:34] - 자동 주문 취소
[2017-03-30 01:05:34] - 장바구니 비우기
[2017-03-30 01:05:34] - 자동 구매확정
[2017-03-30 01:05:34] - 티켓상품 유효기간 체크 판매중지
[2017-03-30 01:05:34] - 티켓상품 자동 주문상태
[2017-03-30 01:05:34] - 통계데이터 삭제
[2017-03-30 01:05:34] - email log 삭제
[2017-03-30 01:05:34] - captcha 삭제
[2017-03-30 01:05:34] - naverpay 삭제
[2017-03-30 01:05:34] - 임시 필수옵션 및 추가구성옵션 데이터 삭제
[2017-03-30 01:05:34] - 배송지테이블 누락데이터 생성
[2017-03-30 01:05:34] - 회원정보다운로드데이터 삭제
[2017-03-30 01:05:34] - 할인혜택 금액 저장
[2017-03-30 01:05:34] - 굿스플로 배송정보처리
[2017-03-30 01:05:34] - 고객리마인드 쿠폰
[2017-03-30 01:05:34] - 고객리마인드 적립금
[2017-03-30 01:05:34] - 고객리마인드 장바구니
[2017-03-30 01:05:34] - 고객리마인드 회원등급
[2017-03-30 01:05:34] - 고객리마인드 타임세일
[2017-03-30 01:05:34] - 고객리마인드 후기
[2017-03-30 01:05:34] - 고객리마인드 생일
[2017-03-30 01:05:34] - 고객리마인드 기념일
[2017-03-30 01:05:34] - 미입금 시 입금요청내용 문자발송
[2017-03-30 01:05:34] - 집계테이블 생성
[2017-03-30 01:05:34] - 유입경로 통계에 referer_domain 추가
[2017-03-30 01:05:34] - 오래된 파일 삭제
[2017-03-30 01:05:34] - 상품디스플레이 캐시 파일 삭제
[2017-03-30 01:05:34] - 플래시 캐시 파일 삭제
[2017-03-30 01:05:34] - 임시파일 삭제
[2017-03-30 01:05:35] - 사용 용량 업데이트
[2017-03-30 01:05:35] - 관리자 중요행위 알림 캐시파일 생성
[2017-03-30 01:05:35] - 휴면계정 고지 문자발송
[2017-03-30 01:05:38] - 상품 통계
[2017-03-31 00:11:00] - 입점마켓팅 다음EP 생성
[2017-03-31 00:11:00] - 입점마켓팅 네이버EP 2.0 생성
[2017-03-31 00:11:00] - 입점마켓팅 네이버EP 3.0 생성
[2017-03-31 00:11:00] - 입점마켓팅 리뷰EP 생성
[2017-03-31 01:05:27] - 회원 만료된 적립금 차감
[2017-03-31 01:05:27] - 회원 만료된 포인트 차감
[2017-03-31 01:05:27] - 쇼핑몰 분류 동기화
[2017-03-31 01:05:27] - 택배사 동기화
[2017-03-31 01:05:27] - 자동 주문 취소
[2017-03-31 01:05:27] - 장바구니 비우기
[2017-03-31 01:05:27] - 자동 구매확정
[2017-03-31 01:05:27] - 티켓상품 유효기간 체크 판매중지
[2017-03-31 01:05:27] - 티켓상품 자동 주문상태
[2017-03-31 01:05:27] - 통계데이터 삭제
[2017-03-31 01:05:27] - email log 삭제
[2017-03-31 01:05:27] - captcha 삭제
[2017-03-31 01:05:27] - naverpay 삭제
[2017-03-31 01:05:28] - 임시 필수옵션 및 추가구성옵션 데이터 삭제
[2017-03-31 01:05:28] - 배송지테이블 누락데이터 생성
[2017-03-31 01:05:28] - 회원정보다운로드데이터 삭제
[2017-03-31 01:05:28] - 할인혜택 금액 저장
[2017-03-31 01:05:28] - 굿스플로 배송정보처리
[2017-03-31 01:05:28] - 고객리마인드 쿠폰
[2017-03-31 01:05:28] - 고객리마인드 적립금
[2017-03-31 01:05:28] - 고객리마인드 장바구니
[2017-03-31 01:05:28] - 고객리마인드 회원등급
[2017-03-31 01:05:28] - 고객리마인드 타임세일
[2017-03-31 01:05:28] - 고객리마인드 후기
[2017-03-31 01:05:28] - 고객리마인드 생일
[2017-03-31 01:05:28] - 고객리마인드 기념일
[2017-03-31 01:05:28] - 미입금 시 입금요청내용 문자발송
[2017-03-31 01:05:28] - 집계테이블 생성
[2017-03-31 01:05:28] - 유입경로 통계에 referer_domain 추가
[2017-03-31 01:05:28] - 오래된 파일 삭제
[2017-03-31 01:05:28] - 상품디스플레이 캐시 파일 삭제
[2017-03-31 01:05:28] - 플래시 캐시 파일 삭제
[2017-03-31 01:05:28] - 임시파일 삭제
[2017-03-31 01:05:28] - 사용 용량 업데이트
[2017-03-31 01:05:28] - 관리자 중요행위 알림 캐시파일 생성
[2017-03-31 01:05:28] - 휴면계정 고지 문자발송
[2017-03-31 01:05:31] - 상품 통계
