[2017-02-01 01:06:09] - 2017-01-31 - daily_order start
[2017-02-01 01:06:09] - 2017-01-31 - daily_order success
[2017-02-01 01:06:09] - 2017-01-31 - daily_fblike start
[2017-02-01 01:06:09] - 2017-01-31 - daily_fblike success
[2017-02-01 01:06:09] - 2017-01-31 - daily_review start
[2017-02-01 01:06:09] - 2017-01-31 - daily_review success
[2017-02-01 01:06:09] - 2017-01-31 - daily_restock_notify start
[2017-02-01 01:06:09] - 2017-01-31 - daily_restock_notify success
[2017-02-01 01:06:09] - 2017-01-31 - daily_wish start
[2017-02-01 01:06:09] - 2017-01-31 - daily_wish success
[2017-02-01 01:06:09] - 2017-01-31 - daily_cart start
[2017-02-01 01:06:09] - 2017-01-31 - daily_cart success
[2017-02-01 01:06:09] - 2017-01-31 - daily_view start
[2017-02-01 01:06:09] - 2017-01-31 - daily_view success
[2017-02-01 01:06:09] - 2017-01-31 - case1 start
[2017-02-01 01:06:09] - 2017-01-31 - case1 success
[2017-02-01 01:06:09] - 2017-01-31 - case2 start
[2017-02-01 01:06:12] - 2017-01-31 - case2 success
[2017-02-01 01:06:12] - 2017-01-31 - delete start
[2017-02-01 01:06:12] - 2017-01-31 - fm_daily_stats_fblike_vw start
[2017-02-01 01:06:12] - 2017-01-31 - fm_daily_stats_fblike_vw success
[2017-02-01 01:06:12] - 2017-01-31 - fm_daily_stats_review_vw start
[2017-02-01 01:06:12] - 2017-01-31 - fm_daily_stats_review_vw success
[2017-02-01 01:06:12] - 2017-01-31 - fm_daily_stats_restock_notify_vw start
[2017-02-01 01:06:12] - 2017-01-31 - fm_daily_stats_restock_notify_vw success
[2017-02-01 01:06:12] - 2017-01-31 - fm_daily_stats_wish_vw start
[2017-02-01 01:06:12] - 2017-01-31 - fm_daily_stats_wish_vw success
[2017-02-01 01:06:12] - 2017-01-31 - fm_daily_stats_cart_vw start
[2017-02-01 01:06:12] - 2017-01-31 - fm_daily_stats_cart_vw success
[2017-02-01 01:06:12] - 2017-01-31 - fm_daily_stats_order_vw start
[2017-02-01 01:06:12] - 2017-01-31 - fm_daily_stats_order_vw success
[2017-02-01 01:06:12] - 2017-01-31 - fm_daily_stats_view_vw start
[2017-02-01 01:06:12] - 2017-01-31 - fm_daily_stats_view_vw success
[2017-02-01 01:06:12] - 2017-01-31 - delete success
[2017-02-02 01:05:29] - 2017-02-01 - daily_order start
[2017-02-02 01:05:29] - 2017-02-01 - daily_order success
[2017-02-02 01:05:29] - 2017-02-01 - daily_fblike start
[2017-02-02 01:05:29] - 2017-02-01 - daily_fblike success
[2017-02-02 01:05:29] - 2017-02-01 - daily_review start
[2017-02-02 01:05:29] - 2017-02-01 - daily_review success
[2017-02-02 01:05:29] - 2017-02-01 - daily_restock_notify start
[2017-02-02 01:05:29] - 2017-02-01 - daily_restock_notify success
[2017-02-02 01:05:29] - 2017-02-01 - daily_wish start
[2017-02-02 01:05:29] - 2017-02-01 - daily_wish success
[2017-02-02 01:05:29] - 2017-02-01 - daily_cart start
[2017-02-02 01:05:29] - 2017-02-01 - daily_cart success
[2017-02-02 01:05:29] - 2017-02-01 - daily_view start
[2017-02-02 01:05:29] - 2017-02-01 - daily_view success
[2017-02-02 01:05:29] - 2017-02-01 - case1 start
[2017-02-02 01:05:29] - 2017-02-01 - case1 success
[2017-02-02 01:05:29] - 2017-02-01 - case2 start
[2017-02-02 01:05:32] - 2017-02-01 - case2 success
[2017-02-02 01:05:32] - 2017-02-01 - delete start
[2017-02-02 01:05:32] - 2017-02-01 - fm_daily_stats_fblike_vw start
[2017-02-02 01:05:32] - 2017-02-01 - fm_daily_stats_fblike_vw success
[2017-02-02 01:05:32] - 2017-02-01 - fm_daily_stats_review_vw start
[2017-02-02 01:05:32] - 2017-02-01 - fm_daily_stats_review_vw success
[2017-02-02 01:05:32] - 2017-02-01 - fm_daily_stats_restock_notify_vw start
[2017-02-02 01:05:32] - 2017-02-01 - fm_daily_stats_restock_notify_vw success
[2017-02-02 01:05:32] - 2017-02-01 - fm_daily_stats_wish_vw start
[2017-02-02 01:05:32] - 2017-02-01 - fm_daily_stats_wish_vw success
[2017-02-02 01:05:32] - 2017-02-01 - fm_daily_stats_cart_vw start
[2017-02-02 01:05:32] - 2017-02-01 - fm_daily_stats_cart_vw success
[2017-02-02 01:05:32] - 2017-02-01 - fm_daily_stats_order_vw start
[2017-02-02 01:05:32] - 2017-02-01 - fm_daily_stats_order_vw success
[2017-02-02 01:05:32] - 2017-02-01 - fm_daily_stats_view_vw start
[2017-02-02 01:05:32] - 2017-02-01 - fm_daily_stats_view_vw success
[2017-02-02 01:05:32] - 2017-02-01 - delete success
[2017-02-03 01:05:34] - 2017-02-02 - daily_order start
[2017-02-03 01:05:34] - 2017-02-02 - daily_order success
[2017-02-03 01:05:34] - 2017-02-02 - daily_fblike start
[2017-02-03 01:05:34] - 2017-02-02 - daily_fblike success
[2017-02-03 01:05:34] - 2017-02-02 - daily_review start
[2017-02-03 01:05:34] - 2017-02-02 - daily_review success
[2017-02-03 01:05:34] - 2017-02-02 - daily_restock_notify start
[2017-02-03 01:05:34] - 2017-02-02 - daily_restock_notify success
[2017-02-03 01:05:34] - 2017-02-02 - daily_wish start
[2017-02-03 01:05:34] - 2017-02-02 - daily_wish success
[2017-02-03 01:05:34] - 2017-02-02 - daily_cart start
[2017-02-03 01:05:34] - 2017-02-02 - daily_cart success
[2017-02-03 01:05:34] - 2017-02-02 - daily_view start
[2017-02-03 01:05:34] - 2017-02-02 - daily_view success
[2017-02-03 01:05:34] - 2017-02-02 - case1 start
[2017-02-03 01:05:34] - 2017-02-02 - case1 success
[2017-02-03 01:05:34] - 2017-02-02 - case2 start
[2017-02-03 01:05:37] - 2017-02-02 - case2 success
[2017-02-03 01:05:37] - 2017-02-02 - delete start
[2017-02-03 01:05:37] - 2017-02-02 - fm_daily_stats_fblike_vw start
[2017-02-03 01:05:37] - 2017-02-02 - fm_daily_stats_fblike_vw success
[2017-02-03 01:05:37] - 2017-02-02 - fm_daily_stats_review_vw start
[2017-02-03 01:05:37] - 2017-02-02 - fm_daily_stats_review_vw success
[2017-02-03 01:05:37] - 2017-02-02 - fm_daily_stats_restock_notify_vw start
[2017-02-03 01:05:37] - 2017-02-02 - fm_daily_stats_restock_notify_vw success
[2017-02-03 01:05:37] - 2017-02-02 - fm_daily_stats_wish_vw start
[2017-02-03 01:05:37] - 2017-02-02 - fm_daily_stats_wish_vw success
[2017-02-03 01:05:37] - 2017-02-02 - fm_daily_stats_cart_vw start
[2017-02-03 01:05:37] - 2017-02-02 - fm_daily_stats_cart_vw success
[2017-02-03 01:05:37] - 2017-02-02 - fm_daily_stats_order_vw start
[2017-02-03 01:05:37] - 2017-02-02 - fm_daily_stats_order_vw success
[2017-02-03 01:05:37] - 2017-02-02 - fm_daily_stats_view_vw start
[2017-02-03 01:05:37] - 2017-02-02 - fm_daily_stats_view_vw success
[2017-02-03 01:05:37] - 2017-02-02 - delete success
[2017-02-04 01:05:27] - 2017-02-03 - daily_order start
[2017-02-04 01:05:27] - 2017-02-03 - daily_order success
[2017-02-04 01:05:27] - 2017-02-03 - daily_fblike start
[2017-02-04 01:05:27] - 2017-02-03 - daily_fblike success
[2017-02-04 01:05:27] - 2017-02-03 - daily_review start
[2017-02-04 01:05:27] - 2017-02-03 - daily_review success
[2017-02-04 01:05:27] - 2017-02-03 - daily_restock_notify start
[2017-02-04 01:05:27] - 2017-02-03 - daily_restock_notify success
[2017-02-04 01:05:27] - 2017-02-03 - daily_wish start
[2017-02-04 01:05:27] - 2017-02-03 - daily_wish success
[2017-02-04 01:05:27] - 2017-02-03 - daily_cart start
[2017-02-04 01:05:27] - 2017-02-03 - daily_cart success
[2017-02-04 01:05:27] - 2017-02-03 - daily_view start
[2017-02-04 01:05:27] - 2017-02-03 - daily_view success
[2017-02-04 01:05:27] - 2017-02-03 - case1 start
[2017-02-04 01:05:27] - 2017-02-03 - case1 success
[2017-02-04 01:05:27] - 2017-02-03 - case2 start
[2017-02-04 01:05:29] - 2017-02-03 - case2 success
[2017-02-04 01:05:29] - 2017-02-03 - delete start
[2017-02-04 01:05:29] - 2017-02-03 - fm_daily_stats_fblike_vw start
[2017-02-04 01:05:29] - 2017-02-03 - fm_daily_stats_fblike_vw success
[2017-02-04 01:05:29] - 2017-02-03 - fm_daily_stats_review_vw start
[2017-02-04 01:05:29] - 2017-02-03 - fm_daily_stats_review_vw success
[2017-02-04 01:05:29] - 2017-02-03 - fm_daily_stats_restock_notify_vw start
[2017-02-04 01:05:29] - 2017-02-03 - fm_daily_stats_restock_notify_vw success
[2017-02-04 01:05:29] - 2017-02-03 - fm_daily_stats_wish_vw start
[2017-02-04 01:05:29] - 2017-02-03 - fm_daily_stats_wish_vw success
[2017-02-04 01:05:29] - 2017-02-03 - fm_daily_stats_cart_vw start
[2017-02-04 01:05:29] - 2017-02-03 - fm_daily_stats_cart_vw success
[2017-02-04 01:05:29] - 2017-02-03 - fm_daily_stats_order_vw start
[2017-02-04 01:05:29] - 2017-02-03 - fm_daily_stats_order_vw success
[2017-02-04 01:05:29] - 2017-02-03 - fm_daily_stats_view_vw start
[2017-02-04 01:05:29] - 2017-02-03 - fm_daily_stats_view_vw success
[2017-02-04 01:05:29] - 2017-02-03 - delete success
[2017-02-05 01:05:23] - 2017-02-04 - daily_order start
[2017-02-05 01:05:23] - 2017-02-04 - daily_order success
[2017-02-05 01:05:23] - 2017-02-04 - daily_fblike start
[2017-02-05 01:05:23] - 2017-02-04 - daily_fblike success
[2017-02-05 01:05:23] - 2017-02-04 - daily_review start
[2017-02-05 01:05:23] - 2017-02-04 - daily_review success
[2017-02-05 01:05:23] - 2017-02-04 - daily_restock_notify start
[2017-02-05 01:05:23] - 2017-02-04 - daily_restock_notify success
[2017-02-05 01:05:23] - 2017-02-04 - daily_wish start
[2017-02-05 01:05:23] - 2017-02-04 - daily_wish success
[2017-02-05 01:05:23] - 2017-02-04 - daily_cart start
[2017-02-05 01:05:23] - 2017-02-04 - daily_cart success
[2017-02-05 01:05:23] - 2017-02-04 - daily_view start
[2017-02-05 01:05:23] - 2017-02-04 - daily_view success
[2017-02-05 01:05:23] - 2017-02-04 - case1 start
[2017-02-05 01:05:23] - 2017-02-04 - case1 success
[2017-02-05 01:05:23] - 2017-02-04 - case2 start
[2017-02-05 01:05:26] - 2017-02-04 - case2 success
[2017-02-05 01:05:26] - 2017-02-04 - delete start
[2017-02-05 01:05:26] - 2017-02-04 - fm_daily_stats_fblike_vw start
[2017-02-05 01:05:26] - 2017-02-04 - fm_daily_stats_fblike_vw success
[2017-02-05 01:05:26] - 2017-02-04 - fm_daily_stats_review_vw start
[2017-02-05 01:05:26] - 2017-02-04 - fm_daily_stats_review_vw success
[2017-02-05 01:05:26] - 2017-02-04 - fm_daily_stats_restock_notify_vw start
[2017-02-05 01:05:26] - 2017-02-04 - fm_daily_stats_restock_notify_vw success
[2017-02-05 01:05:26] - 2017-02-04 - fm_daily_stats_wish_vw start
[2017-02-05 01:05:26] - 2017-02-04 - fm_daily_stats_wish_vw success
[2017-02-05 01:05:26] - 2017-02-04 - fm_daily_stats_cart_vw start
[2017-02-05 01:05:26] - 2017-02-04 - fm_daily_stats_cart_vw success
[2017-02-05 01:05:26] - 2017-02-04 - fm_daily_stats_order_vw start
[2017-02-05 01:05:26] - 2017-02-04 - fm_daily_stats_order_vw success
[2017-02-05 01:05:26] - 2017-02-04 - fm_daily_stats_view_vw start
[2017-02-05 01:05:26] - 2017-02-04 - fm_daily_stats_view_vw success
[2017-02-05 01:05:26] - 2017-02-04 - delete success
[2017-02-06 01:05:38] - 2017-02-05 - daily_order start
[2017-02-06 01:05:38] - 2017-02-05 - daily_order success
[2017-02-06 01:05:38] - 2017-02-05 - daily_fblike start
[2017-02-06 01:05:38] - 2017-02-05 - daily_fblike success
[2017-02-06 01:05:38] - 2017-02-05 - daily_review start
[2017-02-06 01:05:38] - 2017-02-05 - daily_review success
[2017-02-06 01:05:38] - 2017-02-05 - daily_restock_notify start
[2017-02-06 01:05:38] - 2017-02-05 - daily_restock_notify success
[2017-02-06 01:05:38] - 2017-02-05 - daily_wish start
[2017-02-06 01:05:38] - 2017-02-05 - daily_wish success
[2017-02-06 01:05:38] - 2017-02-05 - daily_cart start
[2017-02-06 01:05:38] - 2017-02-05 - daily_cart success
[2017-02-06 01:05:38] - 2017-02-05 - daily_view start
[2017-02-06 01:05:38] - 2017-02-05 - daily_view success
[2017-02-06 01:05:38] - 2017-02-05 - case1 start
[2017-02-06 01:05:38] - 2017-02-05 - case1 success
[2017-02-06 01:05:38] - 2017-02-05 - case2 start
[2017-02-06 01:05:41] - 2017-02-05 - case2 success
[2017-02-06 01:05:41] - 2017-02-05 - delete start
[2017-02-06 01:05:41] - 2017-02-05 - fm_daily_stats_fblike_vw start
[2017-02-06 01:05:41] - 2017-02-05 - fm_daily_stats_fblike_vw success
[2017-02-06 01:05:41] - 2017-02-05 - fm_daily_stats_review_vw start
[2017-02-06 01:05:41] - 2017-02-05 - fm_daily_stats_review_vw success
[2017-02-06 01:05:41] - 2017-02-05 - fm_daily_stats_restock_notify_vw start
[2017-02-06 01:05:41] - 2017-02-05 - fm_daily_stats_restock_notify_vw success
[2017-02-06 01:05:41] - 2017-02-05 - fm_daily_stats_wish_vw start
[2017-02-06 01:05:41] - 2017-02-05 - fm_daily_stats_wish_vw success
[2017-02-06 01:05:41] - 2017-02-05 - fm_daily_stats_cart_vw start
[2017-02-06 01:05:41] - 2017-02-05 - fm_daily_stats_cart_vw success
[2017-02-06 01:05:41] - 2017-02-05 - fm_daily_stats_order_vw start
[2017-02-06 01:05:41] - 2017-02-05 - fm_daily_stats_order_vw success
[2017-02-06 01:05:41] - 2017-02-05 - fm_daily_stats_view_vw start
[2017-02-06 01:05:41] - 2017-02-05 - fm_daily_stats_view_vw success
[2017-02-06 01:05:41] - 2017-02-05 - delete success
[2017-02-07 01:05:26] - 2017-02-06 - daily_order start
[2017-02-07 01:05:26] - 2017-02-06 - daily_order success
[2017-02-07 01:05:26] - 2017-02-06 - daily_fblike start
[2017-02-07 01:05:26] - 2017-02-06 - daily_fblike success
[2017-02-07 01:05:26] - 2017-02-06 - daily_review start
[2017-02-07 01:05:26] - 2017-02-06 - daily_review success
[2017-02-07 01:05:26] - 2017-02-06 - daily_restock_notify start
[2017-02-07 01:05:26] - 2017-02-06 - daily_restock_notify success
[2017-02-07 01:05:26] - 2017-02-06 - daily_wish start
[2017-02-07 01:05:26] - 2017-02-06 - daily_wish success
[2017-02-07 01:05:26] - 2017-02-06 - daily_cart start
[2017-02-07 01:05:26] - 2017-02-06 - daily_cart success
[2017-02-07 01:05:26] - 2017-02-06 - daily_view start
[2017-02-07 01:05:26] - 2017-02-06 - daily_view success
[2017-02-07 01:05:26] - 2017-02-06 - case1 start
[2017-02-07 01:05:26] - 2017-02-06 - case1 success
[2017-02-07 01:05:26] - 2017-02-06 - case2 start
[2017-02-07 01:05:29] - 2017-02-06 - case2 success
[2017-02-07 01:05:29] - 2017-02-06 - delete start
[2017-02-07 01:05:29] - 2017-02-06 - fm_daily_stats_fblike_vw start
[2017-02-07 01:05:29] - 2017-02-06 - fm_daily_stats_fblike_vw success
[2017-02-07 01:05:29] - 2017-02-06 - fm_daily_stats_review_vw start
[2017-02-07 01:05:29] - 2017-02-06 - fm_daily_stats_review_vw success
[2017-02-07 01:05:29] - 2017-02-06 - fm_daily_stats_restock_notify_vw start
[2017-02-07 01:05:29] - 2017-02-06 - fm_daily_stats_restock_notify_vw success
[2017-02-07 01:05:29] - 2017-02-06 - fm_daily_stats_wish_vw start
[2017-02-07 01:05:29] - 2017-02-06 - fm_daily_stats_wish_vw success
[2017-02-07 01:05:29] - 2017-02-06 - fm_daily_stats_cart_vw start
[2017-02-07 01:05:29] - 2017-02-06 - fm_daily_stats_cart_vw success
[2017-02-07 01:05:29] - 2017-02-06 - fm_daily_stats_order_vw start
[2017-02-07 01:05:29] - 2017-02-06 - fm_daily_stats_order_vw success
[2017-02-07 01:05:29] - 2017-02-06 - fm_daily_stats_view_vw start
[2017-02-07 01:05:29] - 2017-02-06 - fm_daily_stats_view_vw success
[2017-02-07 01:05:29] - 2017-02-06 - delete success
[2017-02-08 01:05:32] - 2017-02-07 - daily_order start
[2017-02-08 01:05:32] - 2017-02-07 - daily_order success
[2017-02-08 01:05:32] - 2017-02-07 - daily_fblike start
[2017-02-08 01:05:32] - 2017-02-07 - daily_fblike success
[2017-02-08 01:05:32] - 2017-02-07 - daily_review start
[2017-02-08 01:05:32] - 2017-02-07 - daily_review success
[2017-02-08 01:05:32] - 2017-02-07 - daily_restock_notify start
[2017-02-08 01:05:32] - 2017-02-07 - daily_restock_notify success
[2017-02-08 01:05:32] - 2017-02-07 - daily_wish start
[2017-02-08 01:05:32] - 2017-02-07 - daily_wish success
[2017-02-08 01:05:32] - 2017-02-07 - daily_cart start
[2017-02-08 01:05:32] - 2017-02-07 - daily_cart success
[2017-02-08 01:05:32] - 2017-02-07 - daily_view start
[2017-02-08 01:05:32] - 2017-02-07 - daily_view success
[2017-02-08 01:05:32] - 2017-02-07 - case1 start
[2017-02-08 01:05:32] - 2017-02-07 - case1 success
[2017-02-08 01:05:32] - 2017-02-07 - case2 start
[2017-02-08 01:05:34] - 2017-02-07 - case2 success
[2017-02-08 01:05:34] - 2017-02-07 - delete start
[2017-02-08 01:05:34] - 2017-02-07 - fm_daily_stats_fblike_vw start
[2017-02-08 01:05:34] - 2017-02-07 - fm_daily_stats_fblike_vw success
[2017-02-08 01:05:34] - 2017-02-07 - fm_daily_stats_review_vw start
[2017-02-08 01:05:34] - 2017-02-07 - fm_daily_stats_review_vw success
[2017-02-08 01:05:34] - 2017-02-07 - fm_daily_stats_restock_notify_vw start
[2017-02-08 01:05:34] - 2017-02-07 - fm_daily_stats_restock_notify_vw success
[2017-02-08 01:05:34] - 2017-02-07 - fm_daily_stats_wish_vw start
[2017-02-08 01:05:34] - 2017-02-07 - fm_daily_stats_wish_vw success
[2017-02-08 01:05:34] - 2017-02-07 - fm_daily_stats_cart_vw start
[2017-02-08 01:05:34] - 2017-02-07 - fm_daily_stats_cart_vw success
[2017-02-08 01:05:34] - 2017-02-07 - fm_daily_stats_order_vw start
[2017-02-08 01:05:34] - 2017-02-07 - fm_daily_stats_order_vw success
[2017-02-08 01:05:34] - 2017-02-07 - fm_daily_stats_view_vw start
[2017-02-08 01:05:34] - 2017-02-07 - fm_daily_stats_view_vw success
[2017-02-08 01:05:34] - 2017-02-07 - delete success
[2017-02-09 01:05:25] - 2017-02-08 - daily_order start
[2017-02-09 01:05:25] - 2017-02-08 - daily_order success
[2017-02-09 01:05:25] - 2017-02-08 - daily_fblike start
[2017-02-09 01:05:25] - 2017-02-08 - daily_fblike success
[2017-02-09 01:05:25] - 2017-02-08 - daily_review start
[2017-02-09 01:05:25] - 2017-02-08 - daily_review success
[2017-02-09 01:05:25] - 2017-02-08 - daily_restock_notify start
[2017-02-09 01:05:25] - 2017-02-08 - daily_restock_notify success
[2017-02-09 01:05:25] - 2017-02-08 - daily_wish start
[2017-02-09 01:05:25] - 2017-02-08 - daily_wish success
[2017-02-09 01:05:25] - 2017-02-08 - daily_cart start
[2017-02-09 01:05:25] - 2017-02-08 - daily_cart success
[2017-02-09 01:05:25] - 2017-02-08 - daily_view start
[2017-02-09 01:05:25] - 2017-02-08 - daily_view success
[2017-02-09 01:05:25] - 2017-02-08 - case1 start
[2017-02-09 01:05:25] - 2017-02-08 - case1 success
[2017-02-09 01:05:25] - 2017-02-08 - case2 start
[2017-02-09 01:05:28] - 2017-02-08 - case2 success
[2017-02-09 01:05:28] - 2017-02-08 - delete start
[2017-02-09 01:05:28] - 2017-02-08 - fm_daily_stats_fblike_vw start
[2017-02-09 01:05:28] - 2017-02-08 - fm_daily_stats_fblike_vw success
[2017-02-09 01:05:28] - 2017-02-08 - fm_daily_stats_review_vw start
[2017-02-09 01:05:28] - 2017-02-08 - fm_daily_stats_review_vw success
[2017-02-09 01:05:28] - 2017-02-08 - fm_daily_stats_restock_notify_vw start
[2017-02-09 01:05:28] - 2017-02-08 - fm_daily_stats_restock_notify_vw success
[2017-02-09 01:05:28] - 2017-02-08 - fm_daily_stats_wish_vw start
[2017-02-09 01:05:28] - 2017-02-08 - fm_daily_stats_wish_vw success
[2017-02-09 01:05:28] - 2017-02-08 - fm_daily_stats_cart_vw start
[2017-02-09 01:05:28] - 2017-02-08 - fm_daily_stats_cart_vw success
[2017-02-09 01:05:28] - 2017-02-08 - fm_daily_stats_order_vw start
[2017-02-09 01:05:28] - 2017-02-08 - fm_daily_stats_order_vw success
[2017-02-09 01:05:28] - 2017-02-08 - fm_daily_stats_view_vw start
[2017-02-09 01:05:28] - 2017-02-08 - fm_daily_stats_view_vw success
[2017-02-09 01:05:28] - 2017-02-08 - delete success
[2017-02-10 01:05:25] - 2017-02-09 - daily_order start
[2017-02-10 01:05:25] - 2017-02-09 - daily_order success
[2017-02-10 01:05:25] - 2017-02-09 - daily_fblike start
[2017-02-10 01:05:25] - 2017-02-09 - daily_fblike success
[2017-02-10 01:05:25] - 2017-02-09 - daily_review start
[2017-02-10 01:05:25] - 2017-02-09 - daily_review success
[2017-02-10 01:05:25] - 2017-02-09 - daily_restock_notify start
[2017-02-10 01:05:25] - 2017-02-09 - daily_restock_notify success
[2017-02-10 01:05:25] - 2017-02-09 - daily_wish start
[2017-02-10 01:05:25] - 2017-02-09 - daily_wish success
[2017-02-10 01:05:25] - 2017-02-09 - daily_cart start
[2017-02-10 01:05:25] - 2017-02-09 - daily_cart success
[2017-02-10 01:05:25] - 2017-02-09 - daily_view start
[2017-02-10 01:05:25] - 2017-02-09 - daily_view success
[2017-02-10 01:05:25] - 2017-02-09 - case1 start
[2017-02-10 01:05:25] - 2017-02-09 - case1 success
[2017-02-10 01:05:25] - 2017-02-09 - case2 start
[2017-02-10 01:05:28] - 2017-02-09 - case2 success
[2017-02-10 01:05:28] - 2017-02-09 - delete start
[2017-02-10 01:05:28] - 2017-02-09 - fm_daily_stats_fblike_vw start
[2017-02-10 01:05:28] - 2017-02-09 - fm_daily_stats_fblike_vw success
[2017-02-10 01:05:28] - 2017-02-09 - fm_daily_stats_review_vw start
[2017-02-10 01:05:28] - 2017-02-09 - fm_daily_stats_review_vw success
[2017-02-10 01:05:28] - 2017-02-09 - fm_daily_stats_restock_notify_vw start
[2017-02-10 01:05:28] - 2017-02-09 - fm_daily_stats_restock_notify_vw success
[2017-02-10 01:05:28] - 2017-02-09 - fm_daily_stats_wish_vw start
[2017-02-10 01:05:28] - 2017-02-09 - fm_daily_stats_wish_vw success
[2017-02-10 01:05:28] - 2017-02-09 - fm_daily_stats_cart_vw start
[2017-02-10 01:05:28] - 2017-02-09 - fm_daily_stats_cart_vw success
[2017-02-10 01:05:28] - 2017-02-09 - fm_daily_stats_order_vw start
[2017-02-10 01:05:28] - 2017-02-09 - fm_daily_stats_order_vw success
[2017-02-10 01:05:28] - 2017-02-09 - fm_daily_stats_view_vw start
[2017-02-10 01:05:28] - 2017-02-09 - fm_daily_stats_view_vw success
[2017-02-10 01:05:28] - 2017-02-09 - delete success
[2017-02-11 01:05:34] - 2017-02-10 - daily_order start
[2017-02-11 01:05:34] - 2017-02-10 - daily_order success
[2017-02-11 01:05:34] - 2017-02-10 - daily_fblike start
[2017-02-11 01:05:34] - 2017-02-10 - daily_fblike success
[2017-02-11 01:05:34] - 2017-02-10 - daily_review start
[2017-02-11 01:05:34] - 2017-02-10 - daily_review success
[2017-02-11 01:05:34] - 2017-02-10 - daily_restock_notify start
[2017-02-11 01:05:34] - 2017-02-10 - daily_restock_notify success
[2017-02-11 01:05:34] - 2017-02-10 - daily_wish start
[2017-02-11 01:05:34] - 2017-02-10 - daily_wish success
[2017-02-11 01:05:34] - 2017-02-10 - daily_cart start
[2017-02-11 01:05:34] - 2017-02-10 - daily_cart success
[2017-02-11 01:05:34] - 2017-02-10 - daily_view start
[2017-02-11 01:05:34] - 2017-02-10 - daily_view success
[2017-02-11 01:05:34] - 2017-02-10 - case1 start
[2017-02-11 01:05:34] - 2017-02-10 - case1 success
[2017-02-11 01:05:34] - 2017-02-10 - case2 start
[2017-02-11 01:05:36] - 2017-02-10 - case2 success
[2017-02-11 01:05:36] - 2017-02-10 - delete start
[2017-02-11 01:05:36] - 2017-02-10 - fm_daily_stats_fblike_vw start
[2017-02-11 01:05:36] - 2017-02-10 - fm_daily_stats_fblike_vw success
[2017-02-11 01:05:36] - 2017-02-10 - fm_daily_stats_review_vw start
[2017-02-11 01:05:36] - 2017-02-10 - fm_daily_stats_review_vw success
[2017-02-11 01:05:36] - 2017-02-10 - fm_daily_stats_restock_notify_vw start
[2017-02-11 01:05:36] - 2017-02-10 - fm_daily_stats_restock_notify_vw success
[2017-02-11 01:05:36] - 2017-02-10 - fm_daily_stats_wish_vw start
[2017-02-11 01:05:36] - 2017-02-10 - fm_daily_stats_wish_vw success
[2017-02-11 01:05:36] - 2017-02-10 - fm_daily_stats_cart_vw start
[2017-02-11 01:05:36] - 2017-02-10 - fm_daily_stats_cart_vw success
[2017-02-11 01:05:36] - 2017-02-10 - fm_daily_stats_order_vw start
[2017-02-11 01:05:36] - 2017-02-10 - fm_daily_stats_order_vw success
[2017-02-11 01:05:36] - 2017-02-10 - fm_daily_stats_view_vw start
[2017-02-11 01:05:36] - 2017-02-10 - fm_daily_stats_view_vw success
[2017-02-11 01:05:36] - 2017-02-10 - delete success
[2017-02-12 01:05:17] - 2017-02-11 - daily_order start
[2017-02-12 01:05:17] - 2017-02-11 - daily_order success
[2017-02-12 01:05:17] - 2017-02-11 - daily_fblike start
[2017-02-12 01:05:17] - 2017-02-11 - daily_fblike success
[2017-02-12 01:05:17] - 2017-02-11 - daily_review start
[2017-02-12 01:05:17] - 2017-02-11 - daily_review success
[2017-02-12 01:05:17] - 2017-02-11 - daily_restock_notify start
[2017-02-12 01:05:17] - 2017-02-11 - daily_restock_notify success
[2017-02-12 01:05:17] - 2017-02-11 - daily_wish start
[2017-02-12 01:05:17] - 2017-02-11 - daily_wish success
[2017-02-12 01:05:17] - 2017-02-11 - daily_cart start
[2017-02-12 01:05:17] - 2017-02-11 - daily_cart success
[2017-02-12 01:05:17] - 2017-02-11 - daily_view start
[2017-02-12 01:05:17] - 2017-02-11 - daily_view success
[2017-02-12 01:05:17] - 2017-02-11 - case1 start
[2017-02-12 01:05:17] - 2017-02-11 - case1 success
[2017-02-12 01:05:17] - 2017-02-11 - case2 start
[2017-02-12 01:05:20] - 2017-02-11 - case2 success
[2017-02-12 01:05:20] - 2017-02-11 - delete start
[2017-02-12 01:05:20] - 2017-02-11 - fm_daily_stats_fblike_vw start
[2017-02-12 01:05:20] - 2017-02-11 - fm_daily_stats_fblike_vw success
[2017-02-12 01:05:20] - 2017-02-11 - fm_daily_stats_review_vw start
[2017-02-12 01:05:20] - 2017-02-11 - fm_daily_stats_review_vw success
[2017-02-12 01:05:20] - 2017-02-11 - fm_daily_stats_restock_notify_vw start
[2017-02-12 01:05:20] - 2017-02-11 - fm_daily_stats_restock_notify_vw success
[2017-02-12 01:05:20] - 2017-02-11 - fm_daily_stats_wish_vw start
[2017-02-12 01:05:20] - 2017-02-11 - fm_daily_stats_wish_vw success
[2017-02-12 01:05:20] - 2017-02-11 - fm_daily_stats_cart_vw start
[2017-02-12 01:05:20] - 2017-02-11 - fm_daily_stats_cart_vw success
[2017-02-12 01:05:20] - 2017-02-11 - fm_daily_stats_order_vw start
[2017-02-12 01:05:20] - 2017-02-11 - fm_daily_stats_order_vw success
[2017-02-12 01:05:20] - 2017-02-11 - fm_daily_stats_view_vw start
[2017-02-12 01:05:20] - 2017-02-11 - fm_daily_stats_view_vw success
[2017-02-12 01:05:20] - 2017-02-11 - delete success
[2017-02-13 01:05:35] - 2017-02-12 - daily_order start
[2017-02-13 01:05:35] - 2017-02-12 - daily_order success
[2017-02-13 01:05:35] - 2017-02-12 - daily_fblike start
[2017-02-13 01:05:35] - 2017-02-12 - daily_fblike success
[2017-02-13 01:05:35] - 2017-02-12 - daily_review start
[2017-02-13 01:05:35] - 2017-02-12 - daily_review success
[2017-02-13 01:05:35] - 2017-02-12 - daily_restock_notify start
[2017-02-13 01:05:35] - 2017-02-12 - daily_restock_notify success
[2017-02-13 01:05:35] - 2017-02-12 - daily_wish start
[2017-02-13 01:05:35] - 2017-02-12 - daily_wish success
[2017-02-13 01:05:35] - 2017-02-12 - daily_cart start
[2017-02-13 01:05:36] - 2017-02-12 - daily_cart success
[2017-02-13 01:05:36] - 2017-02-12 - daily_view start
[2017-02-13 01:05:36] - 2017-02-12 - daily_view success
[2017-02-13 01:05:36] - 2017-02-12 - case1 start
[2017-02-13 01:05:36] - 2017-02-12 - case1 success
[2017-02-13 01:05:36] - 2017-02-12 - case2 start
[2017-02-13 01:05:38] - 2017-02-12 - case2 success
[2017-02-13 01:05:38] - 2017-02-12 - delete start
[2017-02-13 01:05:38] - 2017-02-12 - fm_daily_stats_fblike_vw start
[2017-02-13 01:05:38] - 2017-02-12 - fm_daily_stats_fblike_vw success
[2017-02-13 01:05:38] - 2017-02-12 - fm_daily_stats_review_vw start
[2017-02-13 01:05:38] - 2017-02-12 - fm_daily_stats_review_vw success
[2017-02-13 01:05:38] - 2017-02-12 - fm_daily_stats_restock_notify_vw start
[2017-02-13 01:05:38] - 2017-02-12 - fm_daily_stats_restock_notify_vw success
[2017-02-13 01:05:38] - 2017-02-12 - fm_daily_stats_wish_vw start
[2017-02-13 01:05:38] - 2017-02-12 - fm_daily_stats_wish_vw success
[2017-02-13 01:05:38] - 2017-02-12 - fm_daily_stats_cart_vw start
[2017-02-13 01:05:38] - 2017-02-12 - fm_daily_stats_cart_vw success
[2017-02-13 01:05:38] - 2017-02-12 - fm_daily_stats_order_vw start
[2017-02-13 01:05:38] - 2017-02-12 - fm_daily_stats_order_vw success
[2017-02-13 01:05:38] - 2017-02-12 - fm_daily_stats_view_vw start
[2017-02-13 01:05:38] - 2017-02-12 - fm_daily_stats_view_vw success
[2017-02-13 01:05:38] - 2017-02-12 - delete success
[2017-02-14 01:05:28] - 2017-02-13 - daily_order start
[2017-02-14 01:05:28] - 2017-02-13 - daily_order success
[2017-02-14 01:05:28] - 2017-02-13 - daily_fblike start
[2017-02-14 01:05:28] - 2017-02-13 - daily_fblike success
[2017-02-14 01:05:28] - 2017-02-13 - daily_review start
[2017-02-14 01:05:28] - 2017-02-13 - daily_review success
[2017-02-14 01:05:28] - 2017-02-13 - daily_restock_notify start
[2017-02-14 01:05:28] - 2017-02-13 - daily_restock_notify success
[2017-02-14 01:05:28] - 2017-02-13 - daily_wish start
[2017-02-14 01:05:28] - 2017-02-13 - daily_wish success
[2017-02-14 01:05:28] - 2017-02-13 - daily_cart start
[2017-02-14 01:05:28] - 2017-02-13 - daily_cart success
[2017-02-14 01:05:28] - 2017-02-13 - daily_view start
[2017-02-14 01:05:28] - 2017-02-13 - daily_view success
[2017-02-14 01:05:28] - 2017-02-13 - case1 start
[2017-02-14 01:05:28] - 2017-02-13 - case1 success
[2017-02-14 01:05:28] - 2017-02-13 - case2 start
[2017-02-14 01:05:31] - 2017-02-13 - case2 success
[2017-02-14 01:05:31] - 2017-02-13 - delete start
[2017-02-14 01:05:31] - 2017-02-13 - fm_daily_stats_fblike_vw start
[2017-02-14 01:05:31] - 2017-02-13 - fm_daily_stats_fblike_vw success
[2017-02-14 01:05:31] - 2017-02-13 - fm_daily_stats_review_vw start
[2017-02-14 01:05:31] - 2017-02-13 - fm_daily_stats_review_vw success
[2017-02-14 01:05:31] - 2017-02-13 - fm_daily_stats_restock_notify_vw start
[2017-02-14 01:05:31] - 2017-02-13 - fm_daily_stats_restock_notify_vw success
[2017-02-14 01:05:31] - 2017-02-13 - fm_daily_stats_wish_vw start
[2017-02-14 01:05:31] - 2017-02-13 - fm_daily_stats_wish_vw success
[2017-02-14 01:05:31] - 2017-02-13 - fm_daily_stats_cart_vw start
[2017-02-14 01:05:31] - 2017-02-13 - fm_daily_stats_cart_vw success
[2017-02-14 01:05:31] - 2017-02-13 - fm_daily_stats_order_vw start
[2017-02-14 01:05:31] - 2017-02-13 - fm_daily_stats_order_vw success
[2017-02-14 01:05:31] - 2017-02-13 - fm_daily_stats_view_vw start
[2017-02-14 01:05:31] - 2017-02-13 - fm_daily_stats_view_vw success
[2017-02-14 01:05:31] - 2017-02-13 - delete success
[2017-02-15 01:05:22] - 2017-02-14 - daily_order start
[2017-02-15 01:05:22] - 2017-02-14 - daily_order success
[2017-02-15 01:05:22] - 2017-02-14 - daily_fblike start
[2017-02-15 01:05:22] - 2017-02-14 - daily_fblike success
[2017-02-15 01:05:22] - 2017-02-14 - daily_review start
[2017-02-15 01:05:22] - 2017-02-14 - daily_review success
[2017-02-15 01:05:22] - 2017-02-14 - daily_restock_notify start
[2017-02-15 01:05:22] - 2017-02-14 - daily_restock_notify success
[2017-02-15 01:05:22] - 2017-02-14 - daily_wish start
[2017-02-15 01:05:22] - 2017-02-14 - daily_wish success
[2017-02-15 01:05:22] - 2017-02-14 - daily_cart start
[2017-02-15 01:05:22] - 2017-02-14 - daily_cart success
[2017-02-15 01:05:22] - 2017-02-14 - daily_view start
[2017-02-15 01:05:22] - 2017-02-14 - daily_view success
[2017-02-15 01:05:22] - 2017-02-14 - case1 start
[2017-02-15 01:05:22] - 2017-02-14 - case1 success
[2017-02-15 01:05:22] - 2017-02-14 - case2 start
[2017-02-15 01:05:24] - 2017-02-14 - case2 success
[2017-02-15 01:05:24] - 2017-02-14 - delete start
[2017-02-15 01:05:24] - 2017-02-14 - fm_daily_stats_fblike_vw start
[2017-02-15 01:05:24] - 2017-02-14 - fm_daily_stats_fblike_vw success
[2017-02-15 01:05:24] - 2017-02-14 - fm_daily_stats_review_vw start
[2017-02-15 01:05:24] - 2017-02-14 - fm_daily_stats_review_vw success
[2017-02-15 01:05:24] - 2017-02-14 - fm_daily_stats_restock_notify_vw start
[2017-02-15 01:05:24] - 2017-02-14 - fm_daily_stats_restock_notify_vw success
[2017-02-15 01:05:24] - 2017-02-14 - fm_daily_stats_wish_vw start
[2017-02-15 01:05:24] - 2017-02-14 - fm_daily_stats_wish_vw success
[2017-02-15 01:05:24] - 2017-02-14 - fm_daily_stats_cart_vw start
[2017-02-15 01:05:24] - 2017-02-14 - fm_daily_stats_cart_vw success
[2017-02-15 01:05:24] - 2017-02-14 - fm_daily_stats_order_vw start
[2017-02-15 01:05:24] - 2017-02-14 - fm_daily_stats_order_vw success
[2017-02-15 01:05:24] - 2017-02-14 - fm_daily_stats_view_vw start
[2017-02-15 01:05:24] - 2017-02-14 - fm_daily_stats_view_vw success
[2017-02-15 01:05:24] - 2017-02-14 - delete success
[2017-02-16 01:05:21] - 2017-02-15 - daily_order start
[2017-02-16 01:05:21] - 2017-02-15 - daily_order success
[2017-02-16 01:05:21] - 2017-02-15 - daily_fblike start
[2017-02-16 01:05:21] - 2017-02-15 - daily_fblike success
[2017-02-16 01:05:21] - 2017-02-15 - daily_review start
[2017-02-16 01:05:21] - 2017-02-15 - daily_review success
[2017-02-16 01:05:21] - 2017-02-15 - daily_restock_notify start
[2017-02-16 01:05:21] - 2017-02-15 - daily_restock_notify success
[2017-02-16 01:05:21] - 2017-02-15 - daily_wish start
[2017-02-16 01:05:21] - 2017-02-15 - daily_wish success
[2017-02-16 01:05:21] - 2017-02-15 - daily_cart start
[2017-02-16 01:05:21] - 2017-02-15 - daily_cart success
[2017-02-16 01:05:21] - 2017-02-15 - daily_view start
[2017-02-16 01:05:21] - 2017-02-15 - daily_view success
[2017-02-16 01:05:21] - 2017-02-15 - case1 start
[2017-02-16 01:05:21] - 2017-02-15 - case1 success
[2017-02-16 01:05:21] - 2017-02-15 - case2 start
[2017-02-16 01:05:24] - 2017-02-15 - case2 success
[2017-02-16 01:05:24] - 2017-02-15 - delete start
[2017-02-16 01:05:24] - 2017-02-15 - fm_daily_stats_fblike_vw start
[2017-02-16 01:05:24] - 2017-02-15 - fm_daily_stats_fblike_vw success
[2017-02-16 01:05:24] - 2017-02-15 - fm_daily_stats_review_vw start
[2017-02-16 01:05:24] - 2017-02-15 - fm_daily_stats_review_vw success
[2017-02-16 01:05:24] - 2017-02-15 - fm_daily_stats_restock_notify_vw start
[2017-02-16 01:05:24] - 2017-02-15 - fm_daily_stats_restock_notify_vw success
[2017-02-16 01:05:24] - 2017-02-15 - fm_daily_stats_wish_vw start
[2017-02-16 01:05:24] - 2017-02-15 - fm_daily_stats_wish_vw success
[2017-02-16 01:05:24] - 2017-02-15 - fm_daily_stats_cart_vw start
[2017-02-16 01:05:24] - 2017-02-15 - fm_daily_stats_cart_vw success
[2017-02-16 01:05:24] - 2017-02-15 - fm_daily_stats_order_vw start
[2017-02-16 01:05:24] - 2017-02-15 - fm_daily_stats_order_vw success
[2017-02-16 01:05:24] - 2017-02-15 - fm_daily_stats_view_vw start
[2017-02-16 01:05:24] - 2017-02-15 - fm_daily_stats_view_vw success
[2017-02-16 01:05:24] - 2017-02-15 - delete success
[2017-02-17 01:05:21] - 2017-02-16 - daily_order start
[2017-02-17 01:05:21] - 2017-02-16 - daily_order success
[2017-02-17 01:05:21] - 2017-02-16 - daily_fblike start
[2017-02-17 01:05:21] - 2017-02-16 - daily_fblike success
[2017-02-17 01:05:21] - 2017-02-16 - daily_review start
[2017-02-17 01:05:21] - 2017-02-16 - daily_review success
[2017-02-17 01:05:21] - 2017-02-16 - daily_restock_notify start
[2017-02-17 01:05:21] - 2017-02-16 - daily_restock_notify success
[2017-02-17 01:05:21] - 2017-02-16 - daily_wish start
[2017-02-17 01:05:21] - 2017-02-16 - daily_wish success
[2017-02-17 01:05:21] - 2017-02-16 - daily_cart start
[2017-02-17 01:05:21] - 2017-02-16 - daily_cart success
[2017-02-17 01:05:21] - 2017-02-16 - daily_view start
[2017-02-17 01:05:21] - 2017-02-16 - daily_view success
[2017-02-17 01:05:21] - 2017-02-16 - case1 start
[2017-02-17 01:05:21] - 2017-02-16 - case1 success
[2017-02-17 01:05:21] - 2017-02-16 - case2 start
[2017-02-17 01:05:24] - 2017-02-16 - case2 success
[2017-02-17 01:05:24] - 2017-02-16 - delete start
[2017-02-17 01:05:24] - 2017-02-16 - fm_daily_stats_fblike_vw start
[2017-02-17 01:05:24] - 2017-02-16 - fm_daily_stats_fblike_vw success
[2017-02-17 01:05:24] - 2017-02-16 - fm_daily_stats_review_vw start
[2017-02-17 01:05:24] - 2017-02-16 - fm_daily_stats_review_vw success
[2017-02-17 01:05:24] - 2017-02-16 - fm_daily_stats_restock_notify_vw start
[2017-02-17 01:05:24] - 2017-02-16 - fm_daily_stats_restock_notify_vw success
[2017-02-17 01:05:24] - 2017-02-16 - fm_daily_stats_wish_vw start
[2017-02-17 01:05:24] - 2017-02-16 - fm_daily_stats_wish_vw success
[2017-02-17 01:05:24] - 2017-02-16 - fm_daily_stats_cart_vw start
[2017-02-17 01:05:24] - 2017-02-16 - fm_daily_stats_cart_vw success
[2017-02-17 01:05:24] - 2017-02-16 - fm_daily_stats_order_vw start
[2017-02-17 01:05:24] - 2017-02-16 - fm_daily_stats_order_vw success
[2017-02-17 01:05:24] - 2017-02-16 - fm_daily_stats_view_vw start
[2017-02-17 01:05:24] - 2017-02-16 - fm_daily_stats_view_vw success
[2017-02-17 01:05:24] - 2017-02-16 - delete success
[2017-02-18 01:05:53] - 2017-02-17 - daily_order start
[2017-02-18 01:05:53] - 2017-02-17 - daily_order success
[2017-02-18 01:05:53] - 2017-02-17 - daily_fblike start
[2017-02-18 01:05:53] - 2017-02-17 - daily_fblike success
[2017-02-18 01:05:53] - 2017-02-17 - daily_review start
[2017-02-18 01:05:53] - 2017-02-17 - daily_review success
[2017-02-18 01:05:53] - 2017-02-17 - daily_restock_notify start
[2017-02-18 01:05:53] - 2017-02-17 - daily_restock_notify success
[2017-02-18 01:05:53] - 2017-02-17 - daily_wish start
[2017-02-18 01:05:53] - 2017-02-17 - daily_wish success
[2017-02-18 01:05:53] - 2017-02-17 - daily_cart start
[2017-02-18 01:05:53] - 2017-02-17 - daily_cart success
[2017-02-18 01:05:53] - 2017-02-17 - daily_view start
[2017-02-18 01:05:53] - 2017-02-17 - daily_view success
[2017-02-18 01:05:53] - 2017-02-17 - case1 start
[2017-02-18 01:05:53] - 2017-02-17 - case1 success
[2017-02-18 01:05:53] - 2017-02-17 - case2 start
[2017-02-18 01:05:56] - 2017-02-17 - case2 success
[2017-02-18 01:05:56] - 2017-02-17 - delete start
[2017-02-18 01:05:56] - 2017-02-17 - fm_daily_stats_fblike_vw start
[2017-02-18 01:05:56] - 2017-02-17 - fm_daily_stats_fblike_vw success
[2017-02-18 01:05:56] - 2017-02-17 - fm_daily_stats_review_vw start
[2017-02-18 01:05:56] - 2017-02-17 - fm_daily_stats_review_vw success
[2017-02-18 01:05:56] - 2017-02-17 - fm_daily_stats_restock_notify_vw start
[2017-02-18 01:05:56] - 2017-02-17 - fm_daily_stats_restock_notify_vw success
[2017-02-18 01:05:56] - 2017-02-17 - fm_daily_stats_wish_vw start
[2017-02-18 01:05:56] - 2017-02-17 - fm_daily_stats_wish_vw success
[2017-02-18 01:05:56] - 2017-02-17 - fm_daily_stats_cart_vw start
[2017-02-18 01:05:56] - 2017-02-17 - fm_daily_stats_cart_vw success
[2017-02-18 01:05:56] - 2017-02-17 - fm_daily_stats_order_vw start
[2017-02-18 01:05:56] - 2017-02-17 - fm_daily_stats_order_vw success
[2017-02-18 01:05:56] - 2017-02-17 - fm_daily_stats_view_vw start
[2017-02-18 01:05:56] - 2017-02-17 - fm_daily_stats_view_vw success
[2017-02-18 01:05:56] - 2017-02-17 - delete success
[2017-02-19 01:05:18] - 2017-02-18 - daily_order start
[2017-02-19 01:05:18] - 2017-02-18 - daily_order success
[2017-02-19 01:05:18] - 2017-02-18 - daily_fblike start
[2017-02-19 01:05:18] - 2017-02-18 - daily_fblike success
[2017-02-19 01:05:18] - 2017-02-18 - daily_review start
[2017-02-19 01:05:18] - 2017-02-18 - daily_review success
[2017-02-19 01:05:18] - 2017-02-18 - daily_restock_notify start
[2017-02-19 01:05:18] - 2017-02-18 - daily_restock_notify success
[2017-02-19 01:05:18] - 2017-02-18 - daily_wish start
[2017-02-19 01:05:18] - 2017-02-18 - daily_wish success
[2017-02-19 01:05:18] - 2017-02-18 - daily_cart start
[2017-02-19 01:05:18] - 2017-02-18 - daily_cart success
[2017-02-19 01:05:18] - 2017-02-18 - daily_view start
[2017-02-19 01:05:18] - 2017-02-18 - daily_view success
[2017-02-19 01:05:18] - 2017-02-18 - case1 start
[2017-02-19 01:05:18] - 2017-02-18 - case1 success
[2017-02-19 01:05:18] - 2017-02-18 - case2 start
[2017-02-19 01:05:21] - 2017-02-18 - case2 success
[2017-02-19 01:05:21] - 2017-02-18 - delete start
[2017-02-19 01:05:21] - 2017-02-18 - fm_daily_stats_fblike_vw start
[2017-02-19 01:05:21] - 2017-02-18 - fm_daily_stats_fblike_vw success
[2017-02-19 01:05:21] - 2017-02-18 - fm_daily_stats_review_vw start
[2017-02-19 01:05:21] - 2017-02-18 - fm_daily_stats_review_vw success
[2017-02-19 01:05:21] - 2017-02-18 - fm_daily_stats_restock_notify_vw start
[2017-02-19 01:05:21] - 2017-02-18 - fm_daily_stats_restock_notify_vw success
[2017-02-19 01:05:21] - 2017-02-18 - fm_daily_stats_wish_vw start
[2017-02-19 01:05:21] - 2017-02-18 - fm_daily_stats_wish_vw success
[2017-02-19 01:05:21] - 2017-02-18 - fm_daily_stats_cart_vw start
[2017-02-19 01:05:21] - 2017-02-18 - fm_daily_stats_cart_vw success
[2017-02-19 01:05:21] - 2017-02-18 - fm_daily_stats_order_vw start
[2017-02-19 01:05:21] - 2017-02-18 - fm_daily_stats_order_vw success
[2017-02-19 01:05:21] - 2017-02-18 - fm_daily_stats_view_vw start
[2017-02-19 01:05:21] - 2017-02-18 - fm_daily_stats_view_vw success
[2017-02-19 01:05:21] - 2017-02-18 - delete success
[2017-02-20 01:05:22] - 2017-02-19 - daily_order start
[2017-02-20 01:05:22] - 2017-02-19 - daily_order success
[2017-02-20 01:05:22] - 2017-02-19 - daily_fblike start
[2017-02-20 01:05:22] - 2017-02-19 - daily_fblike success
[2017-02-20 01:05:22] - 2017-02-19 - daily_review start
[2017-02-20 01:05:22] - 2017-02-19 - daily_review success
[2017-02-20 01:05:22] - 2017-02-19 - daily_restock_notify start
[2017-02-20 01:05:22] - 2017-02-19 - daily_restock_notify success
[2017-02-20 01:05:22] - 2017-02-19 - daily_wish start
[2017-02-20 01:05:22] - 2017-02-19 - daily_wish success
[2017-02-20 01:05:22] - 2017-02-19 - daily_cart start
[2017-02-20 01:05:22] - 2017-02-19 - daily_cart success
[2017-02-20 01:05:22] - 2017-02-19 - daily_view start
[2017-02-20 01:05:22] - 2017-02-19 - daily_view success
[2017-02-20 01:05:22] - 2017-02-19 - case1 start
[2017-02-20 01:05:22] - 2017-02-19 - case1 success
[2017-02-20 01:05:22] - 2017-02-19 - case2 start
[2017-02-20 01:05:25] - 2017-02-19 - case2 success
[2017-02-20 01:05:25] - 2017-02-19 - delete start
[2017-02-20 01:05:25] - 2017-02-19 - fm_daily_stats_fblike_vw start
[2017-02-20 01:05:25] - 2017-02-19 - fm_daily_stats_fblike_vw success
[2017-02-20 01:05:25] - 2017-02-19 - fm_daily_stats_review_vw start
[2017-02-20 01:05:25] - 2017-02-19 - fm_daily_stats_review_vw success
[2017-02-20 01:05:25] - 2017-02-19 - fm_daily_stats_restock_notify_vw start
[2017-02-20 01:05:25] - 2017-02-19 - fm_daily_stats_restock_notify_vw success
[2017-02-20 01:05:25] - 2017-02-19 - fm_daily_stats_wish_vw start
[2017-02-20 01:05:25] - 2017-02-19 - fm_daily_stats_wish_vw success
[2017-02-20 01:05:25] - 2017-02-19 - fm_daily_stats_cart_vw start
[2017-02-20 01:05:25] - 2017-02-19 - fm_daily_stats_cart_vw success
[2017-02-20 01:05:25] - 2017-02-19 - fm_daily_stats_order_vw start
[2017-02-20 01:05:25] - 2017-02-19 - fm_daily_stats_order_vw success
[2017-02-20 01:05:25] - 2017-02-19 - fm_daily_stats_view_vw start
[2017-02-20 01:05:25] - 2017-02-19 - fm_daily_stats_view_vw success
[2017-02-20 01:05:25] - 2017-02-19 - delete success
[2017-02-21 01:05:19] - 2017-02-20 - daily_order start
[2017-02-21 01:05:19] - 2017-02-20 - daily_order success
[2017-02-21 01:05:19] - 2017-02-20 - daily_fblike start
[2017-02-21 01:05:19] - 2017-02-20 - daily_fblike success
[2017-02-21 01:05:19] - 2017-02-20 - daily_review start
[2017-02-21 01:05:19] - 2017-02-20 - daily_review success
[2017-02-21 01:05:19] - 2017-02-20 - daily_restock_notify start
[2017-02-21 01:05:19] - 2017-02-20 - daily_restock_notify success
[2017-02-21 01:05:19] - 2017-02-20 - daily_wish start
[2017-02-21 01:05:19] - 2017-02-20 - daily_wish success
[2017-02-21 01:05:19] - 2017-02-20 - daily_cart start
[2017-02-21 01:05:19] - 2017-02-20 - daily_cart success
[2017-02-21 01:05:19] - 2017-02-20 - daily_view start
[2017-02-21 01:05:19] - 2017-02-20 - daily_view success
[2017-02-21 01:05:19] - 2017-02-20 - case1 start
[2017-02-21 01:05:19] - 2017-02-20 - case1 success
[2017-02-21 01:05:19] - 2017-02-20 - case2 start
[2017-02-21 01:05:22] - 2017-02-20 - case2 success
[2017-02-21 01:05:22] - 2017-02-20 - delete start
[2017-02-21 01:05:22] - 2017-02-20 - fm_daily_stats_fblike_vw start
[2017-02-21 01:05:22] - 2017-02-20 - fm_daily_stats_fblike_vw success
[2017-02-21 01:05:22] - 2017-02-20 - fm_daily_stats_review_vw start
[2017-02-21 01:05:22] - 2017-02-20 - fm_daily_stats_review_vw success
[2017-02-21 01:05:22] - 2017-02-20 - fm_daily_stats_restock_notify_vw start
[2017-02-21 01:05:22] - 2017-02-20 - fm_daily_stats_restock_notify_vw success
[2017-02-21 01:05:22] - 2017-02-20 - fm_daily_stats_wish_vw start
[2017-02-21 01:05:22] - 2017-02-20 - fm_daily_stats_wish_vw success
[2017-02-21 01:05:22] - 2017-02-20 - fm_daily_stats_cart_vw start
[2017-02-21 01:05:22] - 2017-02-20 - fm_daily_stats_cart_vw success
[2017-02-21 01:05:22] - 2017-02-20 - fm_daily_stats_order_vw start
[2017-02-21 01:05:22] - 2017-02-20 - fm_daily_stats_order_vw success
[2017-02-21 01:05:22] - 2017-02-20 - fm_daily_stats_view_vw start
[2017-02-21 01:05:22] - 2017-02-20 - fm_daily_stats_view_vw success
[2017-02-21 01:05:22] - 2017-02-20 - delete success
[2017-02-22 01:05:20] - 2017-02-21 - daily_order start
[2017-02-22 01:05:20] - 2017-02-21 - daily_order success
[2017-02-22 01:05:20] - 2017-02-21 - daily_fblike start
[2017-02-22 01:05:20] - 2017-02-21 - daily_fblike success
[2017-02-22 01:05:20] - 2017-02-21 - daily_review start
[2017-02-22 01:05:20] - 2017-02-21 - daily_review success
[2017-02-22 01:05:20] - 2017-02-21 - daily_restock_notify start
[2017-02-22 01:05:20] - 2017-02-21 - daily_restock_notify success
[2017-02-22 01:05:20] - 2017-02-21 - daily_wish start
[2017-02-22 01:05:20] - 2017-02-21 - daily_wish success
[2017-02-22 01:05:20] - 2017-02-21 - daily_cart start
[2017-02-22 01:05:20] - 2017-02-21 - daily_cart success
[2017-02-22 01:05:20] - 2017-02-21 - daily_view start
[2017-02-22 01:05:20] - 2017-02-21 - daily_view success
[2017-02-22 01:05:20] - 2017-02-21 - case1 start
[2017-02-22 01:05:20] - 2017-02-21 - case1 success
[2017-02-22 01:05:20] - 2017-02-21 - case2 start
[2017-02-22 01:05:23] - 2017-02-21 - case2 success
[2017-02-22 01:05:23] - 2017-02-21 - delete start
[2017-02-22 01:05:23] - 2017-02-21 - fm_daily_stats_fblike_vw start
[2017-02-22 01:05:23] - 2017-02-21 - fm_daily_stats_fblike_vw success
[2017-02-22 01:05:23] - 2017-02-21 - fm_daily_stats_review_vw start
[2017-02-22 01:05:23] - 2017-02-21 - fm_daily_stats_review_vw success
[2017-02-22 01:05:23] - 2017-02-21 - fm_daily_stats_restock_notify_vw start
[2017-02-22 01:05:23] - 2017-02-21 - fm_daily_stats_restock_notify_vw success
[2017-02-22 01:05:23] - 2017-02-21 - fm_daily_stats_wish_vw start
[2017-02-22 01:05:23] - 2017-02-21 - fm_daily_stats_wish_vw success
[2017-02-22 01:05:23] - 2017-02-21 - fm_daily_stats_cart_vw start
[2017-02-22 01:05:23] - 2017-02-21 - fm_daily_stats_cart_vw success
[2017-02-22 01:05:23] - 2017-02-21 - fm_daily_stats_order_vw start
[2017-02-22 01:05:23] - 2017-02-21 - fm_daily_stats_order_vw success
[2017-02-22 01:05:23] - 2017-02-21 - fm_daily_stats_view_vw start
[2017-02-22 01:05:23] - 2017-02-21 - fm_daily_stats_view_vw success
[2017-02-22 01:05:23] - 2017-02-21 - delete success
[2017-02-23 01:05:28] - 2017-02-22 - daily_order start
[2017-02-23 01:05:28] - 2017-02-22 - daily_order success
[2017-02-23 01:05:28] - 2017-02-22 - daily_fblike start
[2017-02-23 01:05:28] - 2017-02-22 - daily_fblike success
[2017-02-23 01:05:28] - 2017-02-22 - daily_review start
[2017-02-23 01:05:28] - 2017-02-22 - daily_review success
[2017-02-23 01:05:28] - 2017-02-22 - daily_restock_notify start
[2017-02-23 01:05:28] - 2017-02-22 - daily_restock_notify success
[2017-02-23 01:05:28] - 2017-02-22 - daily_wish start
[2017-02-23 01:05:28] - 2017-02-22 - daily_wish success
[2017-02-23 01:05:28] - 2017-02-22 - daily_cart start
[2017-02-23 01:05:28] - 2017-02-22 - daily_cart success
[2017-02-23 01:05:28] - 2017-02-22 - daily_view start
[2017-02-23 01:05:28] - 2017-02-22 - daily_view success
[2017-02-23 01:05:28] - 2017-02-22 - case1 start
[2017-02-23 01:05:28] - 2017-02-22 - case1 success
[2017-02-23 01:05:28] - 2017-02-22 - case2 start
[2017-02-23 01:05:30] - 2017-02-22 - case2 success
[2017-02-23 01:05:30] - 2017-02-22 - delete start
[2017-02-23 01:05:30] - 2017-02-22 - fm_daily_stats_fblike_vw start
[2017-02-23 01:05:30] - 2017-02-22 - fm_daily_stats_fblike_vw success
[2017-02-23 01:05:30] - 2017-02-22 - fm_daily_stats_review_vw start
[2017-02-23 01:05:30] - 2017-02-22 - fm_daily_stats_review_vw success
[2017-02-23 01:05:30] - 2017-02-22 - fm_daily_stats_restock_notify_vw start
[2017-02-23 01:05:30] - 2017-02-22 - fm_daily_stats_restock_notify_vw success
[2017-02-23 01:05:30] - 2017-02-22 - fm_daily_stats_wish_vw start
[2017-02-23 01:05:30] - 2017-02-22 - fm_daily_stats_wish_vw success
[2017-02-23 01:05:30] - 2017-02-22 - fm_daily_stats_cart_vw start
[2017-02-23 01:05:30] - 2017-02-22 - fm_daily_stats_cart_vw success
[2017-02-23 01:05:30] - 2017-02-22 - fm_daily_stats_order_vw start
[2017-02-23 01:05:30] - 2017-02-22 - fm_daily_stats_order_vw success
[2017-02-23 01:05:30] - 2017-02-22 - fm_daily_stats_view_vw start
[2017-02-23 01:05:30] - 2017-02-22 - fm_daily_stats_view_vw success
[2017-02-23 01:05:30] - 2017-02-22 - delete success
[2017-02-24 01:05:20] - 2017-02-23 - daily_order start
[2017-02-24 01:05:20] - 2017-02-23 - daily_order success
[2017-02-24 01:05:20] - 2017-02-23 - daily_fblike start
[2017-02-24 01:05:20] - 2017-02-23 - daily_fblike success
[2017-02-24 01:05:20] - 2017-02-23 - daily_review start
[2017-02-24 01:05:20] - 2017-02-23 - daily_review success
[2017-02-24 01:05:20] - 2017-02-23 - daily_restock_notify start
[2017-02-24 01:05:20] - 2017-02-23 - daily_restock_notify success
[2017-02-24 01:05:20] - 2017-02-23 - daily_wish start
[2017-02-24 01:05:20] - 2017-02-23 - daily_wish success
[2017-02-24 01:05:20] - 2017-02-23 - daily_cart start
[2017-02-24 01:05:20] - 2017-02-23 - daily_cart success
[2017-02-24 01:05:20] - 2017-02-23 - daily_view start
[2017-02-24 01:05:20] - 2017-02-23 - daily_view success
[2017-02-24 01:05:20] - 2017-02-23 - case1 start
[2017-02-24 01:05:20] - 2017-02-23 - case1 success
[2017-02-24 01:05:20] - 2017-02-23 - case2 start
[2017-02-24 01:05:22] - 2017-02-23 - case2 success
[2017-02-24 01:05:22] - 2017-02-23 - delete start
[2017-02-24 01:05:22] - 2017-02-23 - fm_daily_stats_fblike_vw start
[2017-02-24 01:05:22] - 2017-02-23 - fm_daily_stats_fblike_vw success
[2017-02-24 01:05:22] - 2017-02-23 - fm_daily_stats_review_vw start
[2017-02-24 01:05:22] - 2017-02-23 - fm_daily_stats_review_vw success
[2017-02-24 01:05:22] - 2017-02-23 - fm_daily_stats_restock_notify_vw start
[2017-02-24 01:05:22] - 2017-02-23 - fm_daily_stats_restock_notify_vw success
[2017-02-24 01:05:22] - 2017-02-23 - fm_daily_stats_wish_vw start
[2017-02-24 01:05:22] - 2017-02-23 - fm_daily_stats_wish_vw success
[2017-02-24 01:05:22] - 2017-02-23 - fm_daily_stats_cart_vw start
[2017-02-24 01:05:22] - 2017-02-23 - fm_daily_stats_cart_vw success
[2017-02-24 01:05:22] - 2017-02-23 - fm_daily_stats_order_vw start
[2017-02-24 01:05:22] - 2017-02-23 - fm_daily_stats_order_vw success
[2017-02-24 01:05:22] - 2017-02-23 - fm_daily_stats_view_vw start
[2017-02-24 01:05:22] - 2017-02-23 - fm_daily_stats_view_vw success
[2017-02-24 01:05:22] - 2017-02-23 - delete success
[2017-02-25 01:05:27] - 2017-02-24 - daily_order start
[2017-02-25 01:05:27] - 2017-02-24 - daily_order success
[2017-02-25 01:05:27] - 2017-02-24 - daily_fblike start
[2017-02-25 01:05:27] - 2017-02-24 - daily_fblike success
[2017-02-25 01:05:27] - 2017-02-24 - daily_review start
[2017-02-25 01:05:27] - 2017-02-24 - daily_review success
[2017-02-25 01:05:27] - 2017-02-24 - daily_restock_notify start
[2017-02-25 01:05:27] - 2017-02-24 - daily_restock_notify success
[2017-02-25 01:05:27] - 2017-02-24 - daily_wish start
[2017-02-25 01:05:27] - 2017-02-24 - daily_wish success
[2017-02-25 01:05:27] - 2017-02-24 - daily_cart start
[2017-02-25 01:05:27] - 2017-02-24 - daily_cart success
[2017-02-25 01:05:27] - 2017-02-24 - daily_view start
[2017-02-25 01:05:27] - 2017-02-24 - daily_view success
[2017-02-25 01:05:27] - 2017-02-24 - case1 start
[2017-02-25 01:05:27] - 2017-02-24 - case1 success
[2017-02-25 01:05:27] - 2017-02-24 - case2 start
[2017-02-25 01:05:29] - 2017-02-24 - case2 success
[2017-02-25 01:05:29] - 2017-02-24 - delete start
[2017-02-25 01:05:29] - 2017-02-24 - fm_daily_stats_fblike_vw start
[2017-02-25 01:05:29] - 2017-02-24 - fm_daily_stats_fblike_vw success
[2017-02-25 01:05:29] - 2017-02-24 - fm_daily_stats_review_vw start
[2017-02-25 01:05:29] - 2017-02-24 - fm_daily_stats_review_vw success
[2017-02-25 01:05:29] - 2017-02-24 - fm_daily_stats_restock_notify_vw start
[2017-02-25 01:05:29] - 2017-02-24 - fm_daily_stats_restock_notify_vw success
[2017-02-25 01:05:29] - 2017-02-24 - fm_daily_stats_wish_vw start
[2017-02-25 01:05:29] - 2017-02-24 - fm_daily_stats_wish_vw success
[2017-02-25 01:05:29] - 2017-02-24 - fm_daily_stats_cart_vw start
[2017-02-25 01:05:29] - 2017-02-24 - fm_daily_stats_cart_vw success
[2017-02-25 01:05:29] - 2017-02-24 - fm_daily_stats_order_vw start
[2017-02-25 01:05:29] - 2017-02-24 - fm_daily_stats_order_vw success
[2017-02-25 01:05:29] - 2017-02-24 - fm_daily_stats_view_vw start
[2017-02-25 01:05:29] - 2017-02-24 - fm_daily_stats_view_vw success
[2017-02-25 01:05:29] - 2017-02-24 - delete success
[2017-02-26 01:05:21] - 2017-02-25 - daily_order start
[2017-02-26 01:05:21] - 2017-02-25 - daily_order success
[2017-02-26 01:05:21] - 2017-02-25 - daily_fblike start
[2017-02-26 01:05:21] - 2017-02-25 - daily_fblike success
[2017-02-26 01:05:21] - 2017-02-25 - daily_review start
[2017-02-26 01:05:21] - 2017-02-25 - daily_review success
[2017-02-26 01:05:21] - 2017-02-25 - daily_restock_notify start
[2017-02-26 01:05:21] - 2017-02-25 - daily_restock_notify success
[2017-02-26 01:05:21] - 2017-02-25 - daily_wish start
[2017-02-26 01:05:21] - 2017-02-25 - daily_wish success
[2017-02-26 01:05:21] - 2017-02-25 - daily_cart start
[2017-02-26 01:05:21] - 2017-02-25 - daily_cart success
[2017-02-26 01:05:21] - 2017-02-25 - daily_view start
[2017-02-26 01:05:21] - 2017-02-25 - daily_view success
[2017-02-26 01:05:21] - 2017-02-25 - case1 start
[2017-02-26 01:05:21] - 2017-02-25 - case1 success
[2017-02-26 01:05:21] - 2017-02-25 - case2 start
[2017-02-26 01:05:23] - 2017-02-25 - case2 success
[2017-02-26 01:05:23] - 2017-02-25 - delete start
[2017-02-26 01:05:23] - 2017-02-25 - fm_daily_stats_fblike_vw start
[2017-02-26 01:05:23] - 2017-02-25 - fm_daily_stats_fblike_vw success
[2017-02-26 01:05:23] - 2017-02-25 - fm_daily_stats_review_vw start
[2017-02-26 01:05:23] - 2017-02-25 - fm_daily_stats_review_vw success
[2017-02-26 01:05:23] - 2017-02-25 - fm_daily_stats_restock_notify_vw start
[2017-02-26 01:05:23] - 2017-02-25 - fm_daily_stats_restock_notify_vw success
[2017-02-26 01:05:23] - 2017-02-25 - fm_daily_stats_wish_vw start
[2017-02-26 01:05:23] - 2017-02-25 - fm_daily_stats_wish_vw success
[2017-02-26 01:05:23] - 2017-02-25 - fm_daily_stats_cart_vw start
[2017-02-26 01:05:23] - 2017-02-25 - fm_daily_stats_cart_vw success
[2017-02-26 01:05:23] - 2017-02-25 - fm_daily_stats_order_vw start
[2017-02-26 01:05:23] - 2017-02-25 - fm_daily_stats_order_vw success
[2017-02-26 01:05:23] - 2017-02-25 - fm_daily_stats_view_vw start
[2017-02-26 01:05:23] - 2017-02-25 - fm_daily_stats_view_vw success
[2017-02-26 01:05:23] - 2017-02-25 - delete success
[2017-02-27 01:05:34] - 2017-02-26 - daily_order start
[2017-02-27 01:05:34] - 2017-02-26 - daily_order success
[2017-02-27 01:05:34] - 2017-02-26 - daily_fblike start
[2017-02-27 01:05:34] - 2017-02-26 - daily_fblike success
[2017-02-27 01:05:34] - 2017-02-26 - daily_review start
[2017-02-27 01:05:35] - 2017-02-26 - daily_review success
[2017-02-27 01:05:35] - 2017-02-26 - daily_restock_notify start
[2017-02-27 01:05:35] - 2017-02-26 - daily_restock_notify success
[2017-02-27 01:05:35] - 2017-02-26 - daily_wish start
[2017-02-27 01:05:35] - 2017-02-26 - daily_wish success
[2017-02-27 01:05:35] - 2017-02-26 - daily_cart start
[2017-02-27 01:05:35] - 2017-02-26 - daily_cart success
[2017-02-27 01:05:35] - 2017-02-26 - daily_view start
[2017-02-27 01:05:35] - 2017-02-26 - daily_view success
[2017-02-27 01:05:35] - 2017-02-26 - case1 start
[2017-02-27 01:05:35] - 2017-02-26 - case1 success
[2017-02-27 01:05:35] - 2017-02-26 - case2 start
[2017-02-27 01:05:37] - 2017-02-26 - case2 success
[2017-02-27 01:05:37] - 2017-02-26 - delete start
[2017-02-27 01:05:37] - 2017-02-26 - fm_daily_stats_fblike_vw start
[2017-02-27 01:05:37] - 2017-02-26 - fm_daily_stats_fblike_vw success
[2017-02-27 01:05:37] - 2017-02-26 - fm_daily_stats_review_vw start
[2017-02-27 01:05:37] - 2017-02-26 - fm_daily_stats_review_vw success
[2017-02-27 01:05:37] - 2017-02-26 - fm_daily_stats_restock_notify_vw start
[2017-02-27 01:05:37] - 2017-02-26 - fm_daily_stats_restock_notify_vw success
[2017-02-27 01:05:37] - 2017-02-26 - fm_daily_stats_wish_vw start
[2017-02-27 01:05:37] - 2017-02-26 - fm_daily_stats_wish_vw success
[2017-02-27 01:05:37] - 2017-02-26 - fm_daily_stats_cart_vw start
[2017-02-27 01:05:37] - 2017-02-26 - fm_daily_stats_cart_vw success
[2017-02-27 01:05:37] - 2017-02-26 - fm_daily_stats_order_vw start
[2017-02-27 01:05:37] - 2017-02-26 - fm_daily_stats_order_vw success
[2017-02-27 01:05:37] - 2017-02-26 - fm_daily_stats_view_vw start
[2017-02-27 01:05:37] - 2017-02-26 - fm_daily_stats_view_vw success
[2017-02-27 01:05:37] - 2017-02-26 - delete success
[2017-02-28 01:05:29] - 2017-02-27 - daily_order start
[2017-02-28 01:05:29] - 2017-02-27 - daily_order success
[2017-02-28 01:05:29] - 2017-02-27 - daily_fblike start
[2017-02-28 01:05:29] - 2017-02-27 - daily_fblike success
[2017-02-28 01:05:29] - 2017-02-27 - daily_review start
[2017-02-28 01:05:29] - 2017-02-27 - daily_review success
[2017-02-28 01:05:29] - 2017-02-27 - daily_restock_notify start
[2017-02-28 01:05:29] - 2017-02-27 - daily_restock_notify success
[2017-02-28 01:05:29] - 2017-02-27 - daily_wish start
[2017-02-28 01:05:29] - 2017-02-27 - daily_wish success
[2017-02-28 01:05:29] - 2017-02-27 - daily_cart start
[2017-02-28 01:05:29] - 2017-02-27 - daily_cart success
[2017-02-28 01:05:29] - 2017-02-27 - daily_view start
[2017-02-28 01:05:29] - 2017-02-27 - daily_view success
[2017-02-28 01:05:29] - 2017-02-27 - case1 start
[2017-02-28 01:05:29] - 2017-02-27 - case1 success
[2017-02-28 01:05:29] - 2017-02-27 - case2 start
[2017-02-28 01:05:33] - 2017-02-27 - case2 success
[2017-02-28 01:05:33] - 2017-02-27 - delete start
[2017-02-28 01:05:33] - 2017-02-27 - fm_daily_stats_fblike_vw start
[2017-02-28 01:05:33] - 2017-02-27 - fm_daily_stats_fblike_vw success
[2017-02-28 01:05:33] - 2017-02-27 - fm_daily_stats_review_vw start
[2017-02-28 01:05:33] - 2017-02-27 - fm_daily_stats_review_vw success
[2017-02-28 01:05:33] - 2017-02-27 - fm_daily_stats_restock_notify_vw start
[2017-02-28 01:05:33] - 2017-02-27 - fm_daily_stats_restock_notify_vw success
[2017-02-28 01:05:33] - 2017-02-27 - fm_daily_stats_wish_vw start
[2017-02-28 01:05:33] - 2017-02-27 - fm_daily_stats_wish_vw success
[2017-02-28 01:05:33] - 2017-02-27 - fm_daily_stats_cart_vw start
[2017-02-28 01:05:33] - 2017-02-27 - fm_daily_stats_cart_vw success
[2017-02-28 01:05:33] - 2017-02-27 - fm_daily_stats_order_vw start
[2017-02-28 01:05:33] - 2017-02-27 - fm_daily_stats_order_vw success
[2017-02-28 01:05:33] - 2017-02-27 - fm_daily_stats_view_vw start
[2017-02-28 01:05:33] - 2017-02-27 - fm_daily_stats_view_vw success
[2017-02-28 01:05:33] - 2017-02-27 - delete success
