[2017-04-01 00:11:01] - 입점마켓팅 다음EP 생성
[2017-04-01 00:11:01] - 입점마켓팅 네이버EP 2.0 생성
[2017-04-01 00:11:01] - 입점마켓팅 네이버EP 3.0 생성
[2017-04-01 00:11:01] - 입점마켓팅 리뷰EP 생성
[2017-04-01 01:06:25] - 회원 만료된 적립금 차감
[2017-04-01 01:06:25] - 회원 만료된 포인트 차감
[2017-04-01 01:06:25] - 쇼핑몰 분류 동기화
[2017-04-01 01:06:25] - 택배사 동기화
[2017-04-01 01:06:25] - 자동 주문 취소
[2017-04-01 01:06:25] - 장바구니 비우기
[2017-04-01 01:06:25] - 자동 구매확정
[2017-04-01 01:06:25] - 티켓상품 유효기간 체크 판매중지
[2017-04-01 01:06:25] - 티켓상품 자동 주문상태
[2017-04-01 01:06:25] - 통계데이터 삭제
[2017-04-01 01:06:25] - email log 삭제
[2017-04-01 01:06:25] - captcha 삭제
[2017-04-01 01:06:25] - naverpay 삭제
[2017-04-01 01:06:25] - 임시 필수옵션 및 추가구성옵션 데이터 삭제
[2017-04-01 01:06:25] - 배송지테이블 누락데이터 생성
[2017-04-01 01:06:25] - 회원정보다운로드데이터 삭제
[2017-04-01 01:06:25] - 할인혜택 금액 저장
[2017-04-01 01:06:25] - 회원 자동 등급
[2017-04-01 01:06:25] - 굿스플로 배송정보처리
[2017-04-01 01:06:25] - 고객리마인드 쿠폰
[2017-04-01 01:06:25] - 고객리마인드 적립금
[2017-04-01 01:06:25] - 고객리마인드 장바구니
[2017-04-01 01:06:25] - 고객리마인드 회원등급
[2017-04-01 01:06:25] - 고객리마인드 타임세일
[2017-04-01 01:06:25] - 고객리마인드 후기
[2017-04-01 01:06:25] - 고객리마인드 생일
[2017-04-01 01:06:25] - 고객리마인드 기념일
[2017-04-01 01:06:25] - 미입금 시 입금요청내용 문자발송
[2017-04-01 01:06:25] - 집계테이블 생성
[2017-04-01 01:06:25] - 유입경로 통계에 referer_domain 추가
[2017-04-01 01:06:25] - 오래된 파일 삭제
[2017-04-01 01:06:25] - 상품디스플레이 캐시 파일 삭제
[2017-04-01 01:06:25] - 플래시 캐시 파일 삭제
[2017-04-01 01:06:25] - 임시파일 삭제
[2017-04-01 01:06:26] - 사용 용량 업데이트
[2017-04-01 01:06:26] - 관리자 중요행위 알림 캐시파일 생성
[2017-04-01 01:06:26] - 이머니,포인트,적립금 통계 추가
[2017-04-01 01:06:26] - 휴면계정 고지 문자발송
[2017-04-01 01:06:29] - 상품 통계
[2017-04-02 00:11:00] - 입점마켓팅 다음EP 생성
[2017-04-02 00:11:00] - 입점마켓팅 네이버EP 2.0 생성
[2017-04-02 00:11:00] - 입점마켓팅 네이버EP 3.0 생성
[2017-04-02 00:11:00] - 입점마켓팅 리뷰EP 생성
[2017-04-02 01:05:34] - 회원 만료된 적립금 차감
[2017-04-02 01:05:34] - 회원 만료된 포인트 차감
[2017-04-02 01:05:34] - 쇼핑몰 분류 동기화
[2017-04-02 01:05:34] - 택배사 동기화
[2017-04-02 01:05:35] - 자동 주문 취소
[2017-04-02 01:05:35] - 장바구니 비우기
[2017-04-02 01:05:35] - 자동 구매확정
[2017-04-02 01:05:35] - 티켓상품 유효기간 체크 판매중지
[2017-04-02 01:05:35] - 티켓상품 자동 주문상태
[2017-04-02 01:05:35] - 통계데이터 삭제
[2017-04-02 01:05:35] - email log 삭제
[2017-04-02 01:05:35] - captcha 삭제
[2017-04-02 01:05:35] - naverpay 삭제
[2017-04-02 01:05:35] - 임시 필수옵션 및 추가구성옵션 데이터 삭제
[2017-04-02 01:05:35] - 배송지테이블 누락데이터 생성
[2017-04-02 01:05:35] - 회원정보다운로드데이터 삭제
[2017-04-02 01:05:35] - 할인혜택 금액 저장
[2017-04-02 01:05:35] - 굿스플로 배송정보처리
[2017-04-02 01:05:35] - 고객리마인드 쿠폰
[2017-04-02 01:05:35] - 고객리마인드 적립금
[2017-04-02 01:05:35] - 고객리마인드 장바구니
[2017-04-02 01:05:35] - 고객리마인드 회원등급
[2017-04-02 01:05:35] - 고객리마인드 타임세일
[2017-04-02 01:05:35] - 고객리마인드 후기
[2017-04-02 01:05:35] - 고객리마인드 생일
[2017-04-02 01:05:35] - 고객리마인드 기념일
[2017-04-02 01:05:35] - 미입금 시 입금요청내용 문자발송
[2017-04-02 01:05:35] - 집계테이블 생성
[2017-04-02 01:05:35] - 유입경로 통계에 referer_domain 추가
[2017-04-02 01:05:35] - 오래된 파일 삭제
[2017-04-02 01:05:35] - 상품디스플레이 캐시 파일 삭제
[2017-04-02 01:05:35] - 플래시 캐시 파일 삭제
[2017-04-02 01:05:35] - 임시파일 삭제
[2017-04-02 01:05:35] - 사용 용량 업데이트
[2017-04-02 01:05:35] - 관리자 중요행위 알림 캐시파일 생성
[2017-04-02 01:05:35] - 휴면계정 고지 문자발송
[2017-04-02 01:05:38] - 상품 통계
[2017-04-03 00:11:02] - 입점마켓팅 다음EP 생성
[2017-04-03 00:11:02] - 입점마켓팅 네이버EP 2.0 생성
[2017-04-03 00:11:02] - 입점마켓팅 네이버EP 3.0 생성
[2017-04-03 00:11:02] - 입점마켓팅 리뷰EP 생성
[2017-04-03 01:05:48] - 회원 만료된 적립금 차감
[2017-04-03 01:05:48] - 회원 만료된 포인트 차감
[2017-04-03 01:05:48] - 쇼핑몰 분류 동기화
[2017-04-03 01:05:48] - 택배사 동기화
[2017-04-03 01:05:49] - 자동 주문 취소
[2017-04-03 01:05:49] - 장바구니 비우기
[2017-04-03 01:05:49] - 자동 구매확정
[2017-04-03 01:05:49] - 티켓상품 유효기간 체크 판매중지
[2017-04-03 01:05:49] - 티켓상품 자동 주문상태
[2017-04-03 01:05:49] - 통계데이터 삭제
[2017-04-03 01:05:49] - email log 삭제
[2017-04-03 01:05:49] - captcha 삭제
[2017-04-03 01:05:49] - naverpay 삭제
[2017-04-03 01:05:49] - 임시 필수옵션 및 추가구성옵션 데이터 삭제
[2017-04-03 01:05:49] - 배송지테이블 누락데이터 생성
[2017-04-03 01:05:49] - 회원정보다운로드데이터 삭제
[2017-04-03 01:05:49] - 할인혜택 금액 저장
[2017-04-03 01:05:49] - 굿스플로 배송정보처리
[2017-04-03 01:05:49] - 고객리마인드 쿠폰
[2017-04-03 01:05:49] - 고객리마인드 적립금
[2017-04-03 01:05:49] - 고객리마인드 장바구니
[2017-04-03 01:05:49] - 고객리마인드 회원등급
[2017-04-03 01:05:49] - 고객리마인드 타임세일
[2017-04-03 01:05:49] - 고객리마인드 후기
[2017-04-03 01:05:49] - 고객리마인드 생일
[2017-04-03 01:05:49] - 고객리마인드 기념일
[2017-04-03 01:05:49] - 미입금 시 입금요청내용 문자발송
[2017-04-03 01:05:49] - 집계테이블 생성
[2017-04-03 01:05:49] - 유입경로 통계에 referer_domain 추가
[2017-04-03 01:05:49] - 오래된 파일 삭제
[2017-04-03 01:05:49] - 상품디스플레이 캐시 파일 삭제
[2017-04-03 01:05:49] - 플래시 캐시 파일 삭제
[2017-04-03 01:05:49] - 임시파일 삭제
[2017-04-03 01:05:49] - 사용 용량 업데이트
[2017-04-03 01:05:49] - 관리자 중요행위 알림 캐시파일 생성
[2017-04-03 01:05:49] - 휴면계정 고지 문자발송
[2017-04-03 01:05:53] - 상품 통계
[2017-04-04 00:11:00] - 입점마켓팅 다음EP 생성
[2017-04-04 00:11:00] - 입점마켓팅 네이버EP 2.0 생성
[2017-04-04 00:11:00] - 입점마켓팅 네이버EP 3.0 생성
[2017-04-04 00:11:00] - 입점마켓팅 리뷰EP 생성
[2017-04-04 01:05:46] - 회원 만료된 적립금 차감
[2017-04-04 01:05:46] - 회원 만료된 포인트 차감
[2017-04-04 01:05:46] - 쇼핑몰 분류 동기화
[2017-04-04 01:05:46] - 택배사 동기화
[2017-04-04 01:05:46] - 자동 주문 취소
[2017-04-04 01:05:46] - 장바구니 비우기
[2017-04-04 01:05:46] - 자동 구매확정
[2017-04-04 01:05:46] - 티켓상품 유효기간 체크 판매중지
[2017-04-04 01:05:46] - 티켓상품 자동 주문상태
[2017-04-04 01:05:46] - 통계데이터 삭제
[2017-04-04 01:05:46] - email log 삭제
[2017-04-04 01:05:46] - captcha 삭제
[2017-04-04 01:05:46] - naverpay 삭제
[2017-04-04 01:05:46] - 임시 필수옵션 및 추가구성옵션 데이터 삭제
[2017-04-04 01:05:46] - 배송지테이블 누락데이터 생성
[2017-04-04 01:05:46] - 회원정보다운로드데이터 삭제
[2017-04-04 01:05:46] - 할인혜택 금액 저장
[2017-04-04 01:05:46] - 굿스플로 배송정보처리
[2017-04-04 01:05:46] - 고객리마인드 쿠폰
[2017-04-04 01:05:46] - 고객리마인드 적립금
[2017-04-04 01:05:46] - 고객리마인드 장바구니
[2017-04-04 01:05:46] - 고객리마인드 회원등급
[2017-04-04 01:05:46] - 고객리마인드 타임세일
[2017-04-04 01:05:46] - 고객리마인드 후기
[2017-04-04 01:05:46] - 고객리마인드 생일
[2017-04-04 01:05:46] - 고객리마인드 기념일
[2017-04-04 01:05:46] - 미입금 시 입금요청내용 문자발송
[2017-04-04 01:05:46] - 집계테이블 생성
[2017-04-04 01:05:46] - 유입경로 통계에 referer_domain 추가
[2017-04-04 01:05:46] - 오래된 파일 삭제
[2017-04-04 01:05:47] - 상품디스플레이 캐시 파일 삭제
[2017-04-04 01:05:47] - 플래시 캐시 파일 삭제
[2017-04-04 01:05:47] - 임시파일 삭제
[2017-04-04 01:05:47] - 사용 용량 업데이트
[2017-04-04 01:05:47] - 관리자 중요행위 알림 캐시파일 생성
[2017-04-04 01:05:47] - 휴면계정 고지 문자발송
[2017-04-04 01:05:50] - 상품 통계
[2017-04-05 00:11:01] - 입점마켓팅 다음EP 생성
[2017-04-05 00:11:01] - 입점마켓팅 네이버EP 2.0 생성
[2017-04-05 00:11:01] - 입점마켓팅 네이버EP 3.0 생성
[2017-04-05 00:11:01] - 입점마켓팅 리뷰EP 생성
[2017-04-05 01:05:52] - 회원 만료된 적립금 차감
[2017-04-05 01:05:52] - 회원 만료된 포인트 차감
[2017-04-05 01:05:52] - 쇼핑몰 분류 동기화
[2017-04-05 01:05:52] - 택배사 동기화
[2017-04-05 01:05:52] - 자동 주문 취소
[2017-04-05 01:05:52] - 장바구니 비우기
[2017-04-05 01:05:52] - 자동 구매확정
[2017-04-05 01:05:52] - 티켓상품 유효기간 체크 판매중지
[2017-04-05 01:05:52] - 티켓상품 자동 주문상태
[2017-04-05 01:05:52] - 통계데이터 삭제
[2017-04-05 01:05:52] - email log 삭제
[2017-04-05 01:05:52] - captcha 삭제
[2017-04-05 01:05:52] - naverpay 삭제
[2017-04-05 01:05:52] - 임시 필수옵션 및 추가구성옵션 데이터 삭제
[2017-04-05 01:05:52] - 배송지테이블 누락데이터 생성
[2017-04-05 01:05:52] - 회원정보다운로드데이터 삭제
[2017-04-05 01:05:52] - 할인혜택 금액 저장
[2017-04-05 01:05:52] - 굿스플로 배송정보처리
[2017-04-05 01:05:52] - 고객리마인드 쿠폰
[2017-04-05 01:05:52] - 고객리마인드 적립금
[2017-04-05 01:05:52] - 고객리마인드 장바구니
[2017-04-05 01:05:52] - 고객리마인드 회원등급
[2017-04-05 01:05:52] - 고객리마인드 타임세일
[2017-04-05 01:05:52] - 고객리마인드 후기
[2017-04-05 01:05:52] - 고객리마인드 생일
[2017-04-05 01:05:52] - 고객리마인드 기념일
[2017-04-05 01:05:52] - 미입금 시 입금요청내용 문자발송
[2017-04-05 01:05:52] - 집계테이블 생성
[2017-04-05 01:05:52] - 유입경로 통계에 referer_domain 추가
[2017-04-05 01:05:52] - 오래된 파일 삭제
[2017-04-05 01:05:52] - 상품디스플레이 캐시 파일 삭제
[2017-04-05 01:05:52] - 플래시 캐시 파일 삭제
[2017-04-05 01:05:52] - 임시파일 삭제
[2017-04-05 01:05:53] - 사용 용량 업데이트
[2017-04-05 01:05:53] - 관리자 중요행위 알림 캐시파일 생성
[2017-04-05 01:05:53] - 휴면계정 고지 문자발송
[2017-04-05 01:05:56] - 상품 통계
[2017-04-06 00:11:01] - 입점마켓팅 다음EP 생성
[2017-04-06 00:11:01] - 입점마켓팅 네이버EP 2.0 생성
[2017-04-06 00:11:01] - 입점마켓팅 네이버EP 3.0 생성
[2017-04-06 00:11:01] - 입점마켓팅 리뷰EP 생성
[2017-04-06 01:05:42] - 회원 만료된 적립금 차감
[2017-04-06 01:05:42] - 회원 만료된 포인트 차감
[2017-04-06 01:05:42] - 쇼핑몰 분류 동기화
[2017-04-06 01:05:42] - 택배사 동기화
[2017-04-06 01:05:42] - 자동 주문 취소
[2017-04-06 01:05:42] - 장바구니 비우기
[2017-04-06 01:05:42] - 자동 구매확정
[2017-04-06 01:05:42] - 티켓상품 유효기간 체크 판매중지
[2017-04-06 01:05:42] - 티켓상품 자동 주문상태
[2017-04-06 01:05:42] - 통계데이터 삭제
[2017-04-06 01:05:42] - email log 삭제
[2017-04-06 01:05:42] - captcha 삭제
[2017-04-06 01:05:42] - naverpay 삭제
[2017-04-06 01:05:42] - 임시 필수옵션 및 추가구성옵션 데이터 삭제
[2017-04-06 01:05:42] - 배송지테이블 누락데이터 생성
[2017-04-06 01:05:42] - 회원정보다운로드데이터 삭제
[2017-04-06 01:05:42] - 할인혜택 금액 저장
[2017-04-06 01:05:42] - 굿스플로 배송정보처리
[2017-04-06 01:05:42] - 고객리마인드 쿠폰
[2017-04-06 01:05:42] - 고객리마인드 적립금
[2017-04-06 01:05:42] - 고객리마인드 장바구니
[2017-04-06 01:05:42] - 고객리마인드 회원등급
[2017-04-06 01:05:42] - 고객리마인드 타임세일
[2017-04-06 01:05:42] - 고객리마인드 후기
[2017-04-06 01:05:42] - 고객리마인드 생일
[2017-04-06 01:05:42] - 고객리마인드 기념일
[2017-04-06 01:05:42] - 미입금 시 입금요청내용 문자발송
[2017-04-06 01:05:42] - 집계테이블 생성
[2017-04-06 01:05:42] - 유입경로 통계에 referer_domain 추가
[2017-04-06 01:05:42] - 오래된 파일 삭제
[2017-04-06 01:05:42] - 상품디스플레이 캐시 파일 삭제
[2017-04-06 01:05:42] - 플래시 캐시 파일 삭제
[2017-04-06 01:05:42] - 임시파일 삭제
[2017-04-06 01:05:43] - 사용 용량 업데이트
[2017-04-06 01:05:43] - 관리자 중요행위 알림 캐시파일 생성
[2017-04-06 01:05:43] - 휴면계정 고지 문자발송
[2017-04-06 01:05:46] - 상품 통계
[2017-04-07 00:11:00] - 입점마켓팅 다음EP 생성
[2017-04-07 00:11:00] - 입점마켓팅 네이버EP 2.0 생성
[2017-04-07 00:11:00] - 입점마켓팅 네이버EP 3.0 생성
[2017-04-07 00:11:00] - 입점마켓팅 리뷰EP 생성
[2017-04-07 01:05:41] - 회원 만료된 적립금 차감
[2017-04-07 01:05:41] - 회원 만료된 포인트 차감
[2017-04-07 01:05:41] - 쇼핑몰 분류 동기화
[2017-04-07 01:05:41] - 택배사 동기화
[2017-04-07 01:05:41] - 자동 주문 취소
[2017-04-07 01:05:41] - 장바구니 비우기
[2017-04-07 01:05:41] - 자동 구매확정
[2017-04-07 01:05:41] - 티켓상품 유효기간 체크 판매중지
[2017-04-07 01:05:41] - 티켓상품 자동 주문상태
[2017-04-07 01:05:41] - 통계데이터 삭제
[2017-04-07 01:05:41] - email log 삭제
[2017-04-07 01:05:41] - captcha 삭제
[2017-04-07 01:05:41] - naverpay 삭제
[2017-04-07 01:05:41] - 임시 필수옵션 및 추가구성옵션 데이터 삭제
[2017-04-07 01:05:41] - 배송지테이블 누락데이터 생성
[2017-04-07 01:05:41] - 회원정보다운로드데이터 삭제
[2017-04-07 01:05:41] - 할인혜택 금액 저장
[2017-04-07 01:05:41] - 굿스플로 배송정보처리
[2017-04-07 01:05:41] - 고객리마인드 쿠폰
[2017-04-07 01:05:41] - 고객리마인드 적립금
[2017-04-07 01:05:41] - 고객리마인드 장바구니
[2017-04-07 01:05:41] - 고객리마인드 회원등급
[2017-04-07 01:05:41] - 고객리마인드 타임세일
[2017-04-07 01:05:41] - 고객리마인드 후기
[2017-04-07 01:05:41] - 고객리마인드 생일
[2017-04-07 01:05:41] - 고객리마인드 기념일
[2017-04-07 01:05:41] - 미입금 시 입금요청내용 문자발송
[2017-04-07 01:05:41] - 집계테이블 생성
[2017-04-07 01:05:41] - 유입경로 통계에 referer_domain 추가
[2017-04-07 01:05:41] - 오래된 파일 삭제
[2017-04-07 01:05:41] - 상품디스플레이 캐시 파일 삭제
[2017-04-07 01:05:41] - 플래시 캐시 파일 삭제
[2017-04-07 01:05:41] - 임시파일 삭제
[2017-04-07 01:05:41] - 사용 용량 업데이트
[2017-04-07 01:05:41] - 관리자 중요행위 알림 캐시파일 생성
[2017-04-07 01:05:42] - 휴면계정 고지 문자발송
[2017-04-07 01:05:45] - 상품 통계
[2017-04-08 00:11:01] - 입점마켓팅 다음EP 생성
[2017-04-08 00:11:01] - 입점마켓팅 네이버EP 2.0 생성
[2017-04-08 00:11:01] - 입점마켓팅 네이버EP 3.0 생성
[2017-04-08 00:11:01] - 입점마켓팅 리뷰EP 생성
[2017-04-08 01:05:39] - 회원 만료된 적립금 차감
[2017-04-08 01:05:39] - 회원 만료된 포인트 차감
[2017-04-08 01:05:39] - 쇼핑몰 분류 동기화
[2017-04-08 01:05:39] - 택배사 동기화
[2017-04-08 01:05:39] - 자동 주문 취소
[2017-04-08 01:05:39] - 장바구니 비우기
[2017-04-08 01:05:39] - 자동 구매확정
[2017-04-08 01:05:39] - 티켓상품 유효기간 체크 판매중지
[2017-04-08 01:05:39] - 티켓상품 자동 주문상태
[2017-04-08 01:05:39] - 통계데이터 삭제
[2017-04-08 01:05:39] - email log 삭제
[2017-04-08 01:05:39] - captcha 삭제
[2017-04-08 01:05:39] - naverpay 삭제
[2017-04-08 01:05:39] - 임시 필수옵션 및 추가구성옵션 데이터 삭제
[2017-04-08 01:05:39] - 배송지테이블 누락데이터 생성
[2017-04-08 01:05:39] - 회원정보다운로드데이터 삭제
[2017-04-08 01:05:39] - 할인혜택 금액 저장
[2017-04-08 01:05:39] - 굿스플로 배송정보처리
[2017-04-08 01:05:39] - 고객리마인드 쿠폰
[2017-04-08 01:05:39] - 고객리마인드 적립금
[2017-04-08 01:05:39] - 고객리마인드 장바구니
[2017-04-08 01:05:39] - 고객리마인드 회원등급
[2017-04-08 01:05:39] - 고객리마인드 타임세일
[2017-04-08 01:05:39] - 고객리마인드 후기
[2017-04-08 01:05:39] - 고객리마인드 생일
[2017-04-08 01:05:39] - 고객리마인드 기념일
[2017-04-08 01:05:39] - 미입금 시 입금요청내용 문자발송
[2017-04-08 01:05:39] - 집계테이블 생성
[2017-04-08 01:05:39] - 유입경로 통계에 referer_domain 추가
[2017-04-08 01:05:39] - 오래된 파일 삭제
[2017-04-08 01:05:39] - 상품디스플레이 캐시 파일 삭제
[2017-04-08 01:05:39] - 플래시 캐시 파일 삭제
[2017-04-08 01:05:39] - 임시파일 삭제
[2017-04-08 01:05:40] - 사용 용량 업데이트
[2017-04-08 01:05:40] - 관리자 중요행위 알림 캐시파일 생성
[2017-04-08 01:05:40] - 휴면계정 고지 문자발송
[2017-04-08 01:05:43] - 상품 통계
[2017-04-09 00:11:00] - 입점마켓팅 다음EP 생성
[2017-04-09 00:11:00] - 입점마켓팅 네이버EP 2.0 생성
[2017-04-09 00:11:00] - 입점마켓팅 네이버EP 3.0 생성
[2017-04-09 00:11:00] - 입점마켓팅 리뷰EP 생성
[2017-04-09 01:05:36] - 회원 만료된 적립금 차감
[2017-04-09 01:05:36] - 회원 만료된 포인트 차감
[2017-04-09 01:05:36] - 쇼핑몰 분류 동기화
[2017-04-09 01:05:36] - 택배사 동기화
[2017-04-09 01:05:36] - 자동 주문 취소
[2017-04-09 01:05:36] - 장바구니 비우기
[2017-04-09 01:05:36] - 자동 구매확정
[2017-04-09 01:05:36] - 티켓상품 유효기간 체크 판매중지
[2017-04-09 01:05:36] - 티켓상품 자동 주문상태
[2017-04-09 01:05:36] - 통계데이터 삭제
[2017-04-09 01:05:36] - email log 삭제
[2017-04-09 01:05:36] - captcha 삭제
[2017-04-09 01:05:36] - naverpay 삭제
[2017-04-09 01:05:36] - 임시 필수옵션 및 추가구성옵션 데이터 삭제
[2017-04-09 01:05:36] - 배송지테이블 누락데이터 생성
[2017-04-09 01:05:36] - 회원정보다운로드데이터 삭제
[2017-04-09 01:05:36] - 할인혜택 금액 저장
[2017-04-09 01:05:36] - 굿스플로 배송정보처리
[2017-04-09 01:05:36] - 고객리마인드 쿠폰
[2017-04-09 01:05:36] - 고객리마인드 적립금
[2017-04-09 01:05:36] - 고객리마인드 장바구니
[2017-04-09 01:05:36] - 고객리마인드 회원등급
[2017-04-09 01:05:36] - 고객리마인드 타임세일
[2017-04-09 01:05:36] - 고객리마인드 후기
[2017-04-09 01:05:36] - 고객리마인드 생일
[2017-04-09 01:05:36] - 고객리마인드 기념일
[2017-04-09 01:05:36] - 미입금 시 입금요청내용 문자발송
[2017-04-09 01:05:36] - 집계테이블 생성
[2017-04-09 01:05:36] - 유입경로 통계에 referer_domain 추가
[2017-04-09 01:05:36] - 오래된 파일 삭제
[2017-04-09 01:05:36] - 상품디스플레이 캐시 파일 삭제
[2017-04-09 01:05:36] - 플래시 캐시 파일 삭제
[2017-04-09 01:05:36] - 임시파일 삭제
[2017-04-09 01:05:36] - 사용 용량 업데이트
[2017-04-09 01:05:36] - 관리자 중요행위 알림 캐시파일 생성
[2017-04-09 01:05:36] - 휴면계정 고지 문자발송
[2017-04-09 01:05:40] - 상품 통계
[2017-04-10 00:11:01] - 입점마켓팅 다음EP 생성
[2017-04-10 00:11:01] - 입점마켓팅 네이버EP 2.0 생성
[2017-04-10 00:11:01] - 입점마켓팅 네이버EP 3.0 생성
[2017-04-10 00:11:01] - 입점마켓팅 리뷰EP 생성
[2017-04-10 01:05:41] - 회원 만료된 적립금 차감
[2017-04-10 01:05:41] - 회원 만료된 포인트 차감
[2017-04-10 01:05:41] - 쇼핑몰 분류 동기화
[2017-04-10 01:05:42] - 택배사 동기화
[2017-04-10 01:05:42] - 자동 주문 취소
[2017-04-10 01:05:42] - 장바구니 비우기
[2017-04-10 01:05:42] - 자동 구매확정
[2017-04-10 01:05:42] - 티켓상품 유효기간 체크 판매중지
[2017-04-10 01:05:42] - 티켓상품 자동 주문상태
[2017-04-10 01:05:42] - 통계데이터 삭제
[2017-04-10 01:05:42] - email log 삭제
[2017-04-10 01:05:42] - captcha 삭제
[2017-04-10 01:05:42] - naverpay 삭제
[2017-04-10 01:05:42] - 임시 필수옵션 및 추가구성옵션 데이터 삭제
[2017-04-10 01:05:42] - 배송지테이블 누락데이터 생성
[2017-04-10 01:05:42] - 회원정보다운로드데이터 삭제
[2017-04-10 01:05:42] - 할인혜택 금액 저장
[2017-04-10 01:05:42] - 굿스플로 배송정보처리
[2017-04-10 01:05:42] - 고객리마인드 쿠폰
[2017-04-10 01:05:42] - 고객리마인드 적립금
[2017-04-10 01:05:42] - 고객리마인드 장바구니
[2017-04-10 01:05:42] - 고객리마인드 회원등급
[2017-04-10 01:05:42] - 고객리마인드 타임세일
[2017-04-10 01:05:42] - 고객리마인드 후기
[2017-04-10 01:05:42] - 고객리마인드 생일
[2017-04-10 01:05:42] - 고객리마인드 기념일
[2017-04-10 01:05:42] - 미입금 시 입금요청내용 문자발송
[2017-04-10 01:05:42] - 집계테이블 생성
[2017-04-10 01:05:42] - 유입경로 통계에 referer_domain 추가
[2017-04-10 01:05:42] - 오래된 파일 삭제
[2017-04-10 01:05:42] - 상품디스플레이 캐시 파일 삭제
[2017-04-10 01:05:42] - 플래시 캐시 파일 삭제
[2017-04-10 01:05:42] - 임시파일 삭제
[2017-04-10 01:05:42] - 사용 용량 업데이트
[2017-04-10 01:05:42] - 관리자 중요행위 알림 캐시파일 생성
[2017-04-10 01:05:43] - 휴면계정 고지 문자발송
[2017-04-10 01:05:46] - 상품 통계
[2017-04-11 00:11:00] - 입점마켓팅 다음EP 생성
[2017-04-11 00:11:00] - 입점마켓팅 네이버EP 2.0 생성
[2017-04-11 00:11:00] - 입점마켓팅 네이버EP 3.0 생성
[2017-04-11 00:11:00] - 입점마켓팅 리뷰EP 생성
[2017-04-11 01:05:38] - 회원 만료된 적립금 차감
[2017-04-11 01:05:38] - 회원 만료된 포인트 차감
[2017-04-11 01:05:38] - 쇼핑몰 분류 동기화
[2017-04-11 01:05:39] - 택배사 동기화
[2017-04-11 01:05:39] - 자동 주문 취소
[2017-04-11 01:05:39] - 장바구니 비우기
[2017-04-11 01:05:39] - 자동 구매확정
[2017-04-11 01:05:39] - 티켓상품 유효기간 체크 판매중지
[2017-04-11 01:05:39] - 티켓상품 자동 주문상태
[2017-04-11 01:05:39] - 통계데이터 삭제
[2017-04-11 01:05:39] - email log 삭제
[2017-04-11 01:05:39] - captcha 삭제
[2017-04-11 01:05:39] - naverpay 삭제
[2017-04-11 01:05:39] - 임시 필수옵션 및 추가구성옵션 데이터 삭제
[2017-04-11 01:05:39] - 배송지테이블 누락데이터 생성
[2017-04-11 01:05:39] - 회원정보다운로드데이터 삭제
[2017-04-11 01:05:39] - 할인혜택 금액 저장
[2017-04-11 01:05:39] - 굿스플로 배송정보처리
[2017-04-11 01:05:39] - 고객리마인드 쿠폰
[2017-04-11 01:05:39] - 고객리마인드 적립금
[2017-04-11 01:05:39] - 고객리마인드 장바구니
[2017-04-11 01:05:39] - 고객리마인드 회원등급
[2017-04-11 01:05:39] - 고객리마인드 타임세일
[2017-04-11 01:05:39] - 고객리마인드 후기
[2017-04-11 01:05:39] - 고객리마인드 생일
[2017-04-11 01:05:39] - 고객리마인드 기념일
[2017-04-11 01:05:39] - 미입금 시 입금요청내용 문자발송
[2017-04-11 01:05:39] - 집계테이블 생성
[2017-04-11 01:05:39] - 유입경로 통계에 referer_domain 추가
[2017-04-11 01:05:39] - 오래된 파일 삭제
[2017-04-11 01:05:39] - 상품디스플레이 캐시 파일 삭제
[2017-04-11 01:05:39] - 플래시 캐시 파일 삭제
[2017-04-11 01:05:39] - 임시파일 삭제
[2017-04-11 01:05:39] - 사용 용량 업데이트
[2017-04-11 01:05:39] - 관리자 중요행위 알림 캐시파일 생성
[2017-04-11 01:05:39] - 휴면계정 고지 문자발송
[2017-04-11 01:05:43] - 상품 통계
[2017-04-12 00:11:01] - 입점마켓팅 다음EP 생성
[2017-04-12 00:11:01] - 입점마켓팅 네이버EP 2.0 생성
[2017-04-12 00:11:01] - 입점마켓팅 네이버EP 3.0 생성
[2017-04-12 00:11:01] - 입점마켓팅 리뷰EP 생성
[2017-04-12 01:05:37] - 회원 만료된 적립금 차감
[2017-04-12 01:05:37] - 회원 만료된 포인트 차감
[2017-04-12 01:05:37] - 쇼핑몰 분류 동기화
[2017-04-12 01:05:38] - 택배사 동기화
[2017-04-12 01:05:38] - 자동 주문 취소
[2017-04-12 01:05:38] - 장바구니 비우기
[2017-04-12 01:05:38] - 자동 구매확정
[2017-04-12 01:05:38] - 티켓상품 유효기간 체크 판매중지
[2017-04-12 01:05:38] - 티켓상품 자동 주문상태
[2017-04-12 01:05:38] - 통계데이터 삭제
[2017-04-12 01:05:38] - email log 삭제
[2017-04-12 01:05:38] - captcha 삭제
[2017-04-12 01:05:38] - naverpay 삭제
[2017-04-12 01:05:38] - 임시 필수옵션 및 추가구성옵션 데이터 삭제
[2017-04-12 01:05:38] - 배송지테이블 누락데이터 생성
[2017-04-12 01:05:38] - 회원정보다운로드데이터 삭제
[2017-04-12 01:05:38] - 할인혜택 금액 저장
[2017-04-12 01:05:38] - 굿스플로 배송정보처리
[2017-04-12 01:05:38] - 고객리마인드 쿠폰
[2017-04-12 01:05:38] - 고객리마인드 적립금
[2017-04-12 01:05:38] - 고객리마인드 장바구니
[2017-04-12 01:05:38] - 고객리마인드 회원등급
[2017-04-12 01:05:38] - 고객리마인드 타임세일
[2017-04-12 01:05:38] - 고객리마인드 후기
[2017-04-12 01:05:38] - 고객리마인드 생일
[2017-04-12 01:05:38] - 고객리마인드 기념일
[2017-04-12 01:05:38] - 미입금 시 입금요청내용 문자발송
[2017-04-12 01:05:38] - 집계테이블 생성
[2017-04-12 01:05:38] - 유입경로 통계에 referer_domain 추가
[2017-04-12 01:05:38] - 오래된 파일 삭제
[2017-04-12 01:05:38] - 상품디스플레이 캐시 파일 삭제
[2017-04-12 01:05:38] - 플래시 캐시 파일 삭제
[2017-04-12 01:05:38] - 임시파일 삭제
[2017-04-12 01:05:38] - 사용 용량 업데이트
[2017-04-12 01:05:38] - 관리자 중요행위 알림 캐시파일 생성
[2017-04-12 01:05:39] - 휴면계정 고지 문자발송
[2017-04-12 01:05:42] - 상품 통계
[2017-04-13 00:11:00] - 입점마켓팅 다음EP 생성
[2017-04-13 00:11:00] - 입점마켓팅 네이버EP 2.0 생성
[2017-04-13 00:11:00] - 입점마켓팅 네이버EP 3.0 생성
[2017-04-13 00:11:00] - 입점마켓팅 리뷰EP 생성
[2017-04-13 01:05:37] - 회원 만료된 적립금 차감
[2017-04-13 01:05:37] - 회원 만료된 포인트 차감
[2017-04-13 01:05:37] - 쇼핑몰 분류 동기화
[2017-04-13 01:05:37] - 택배사 동기화
[2017-04-13 01:05:38] - 자동 주문 취소
[2017-04-13 01:05:38] - 장바구니 비우기
[2017-04-13 01:05:38] - 자동 구매확정
[2017-04-13 01:05:38] - 티켓상품 유효기간 체크 판매중지
[2017-04-13 01:05:38] - 티켓상품 자동 주문상태
[2017-04-13 01:05:38] - 통계데이터 삭제
[2017-04-13 01:05:38] - email log 삭제
[2017-04-13 01:05:38] - captcha 삭제
[2017-04-13 01:05:38] - naverpay 삭제
[2017-04-13 01:05:38] - 임시 필수옵션 및 추가구성옵션 데이터 삭제
[2017-04-13 01:05:38] - 배송지테이블 누락데이터 생성
[2017-04-13 01:05:38] - 회원정보다운로드데이터 삭제
[2017-04-13 01:05:38] - 할인혜택 금액 저장
[2017-04-13 01:05:38] - 굿스플로 배송정보처리
[2017-04-13 01:05:38] - 고객리마인드 쿠폰
[2017-04-13 01:05:38] - 고객리마인드 적립금
[2017-04-13 01:05:38] - 고객리마인드 장바구니
[2017-04-13 01:05:38] - 고객리마인드 회원등급
[2017-04-13 01:05:38] - 고객리마인드 타임세일
[2017-04-13 01:05:38] - 고객리마인드 후기
[2017-04-13 01:05:38] - 고객리마인드 생일
[2017-04-13 01:05:38] - 고객리마인드 기념일
[2017-04-13 01:05:38] - 미입금 시 입금요청내용 문자발송
[2017-04-13 01:05:38] - 집계테이블 생성
[2017-04-13 01:05:38] - 유입경로 통계에 referer_domain 추가
[2017-04-13 01:05:38] - 오래된 파일 삭제
[2017-04-13 01:05:38] - 상품디스플레이 캐시 파일 삭제
[2017-04-13 01:05:38] - 플래시 캐시 파일 삭제
[2017-04-13 01:05:38] - 임시파일 삭제
[2017-04-13 01:05:38] - 사용 용량 업데이트
[2017-04-13 01:05:38] - 관리자 중요행위 알림 캐시파일 생성
[2017-04-13 01:05:38] - 휴면계정 고지 문자발송
[2017-04-13 01:05:41] - 상품 통계
[2017-04-14 00:11:01] - 입점마켓팅 다음EP 생성
[2017-04-14 00:11:01] - 입점마켓팅 네이버EP 2.0 생성
[2017-04-14 00:11:01] - 입점마켓팅 네이버EP 3.0 생성
[2017-04-14 00:11:01] - 입점마켓팅 리뷰EP 생성
[2017-04-14 01:05:43] - 회원 만료된 적립금 차감
[2017-04-14 01:05:43] - 회원 만료된 포인트 차감
[2017-04-14 01:05:43] - 쇼핑몰 분류 동기화
[2017-04-14 01:05:43] - 택배사 동기화
[2017-04-14 01:05:43] - 자동 주문 취소
[2017-04-14 01:05:43] - 장바구니 비우기
[2017-04-14 01:05:43] - 자동 구매확정
[2017-04-14 01:05:43] - 티켓상품 유효기간 체크 판매중지
[2017-04-14 01:05:43] - 티켓상품 자동 주문상태
[2017-04-14 01:05:43] - 통계데이터 삭제
[2017-04-14 01:05:43] - email log 삭제
[2017-04-14 01:05:43] - captcha 삭제
[2017-04-14 01:05:43] - naverpay 삭제
[2017-04-14 01:05:43] - 임시 필수옵션 및 추가구성옵션 데이터 삭제
[2017-04-14 01:05:43] - 배송지테이블 누락데이터 생성
[2017-04-14 01:05:43] - 회원정보다운로드데이터 삭제
[2017-04-14 01:05:43] - 할인혜택 금액 저장
[2017-04-14 01:05:43] - 굿스플로 배송정보처리
[2017-04-14 01:05:43] - 고객리마인드 쿠폰
[2017-04-14 01:05:43] - 고객리마인드 적립금
[2017-04-14 01:05:43] - 고객리마인드 장바구니
[2017-04-14 01:05:43] - 고객리마인드 회원등급
[2017-04-14 01:05:43] - 고객리마인드 타임세일
[2017-04-14 01:05:43] - 고객리마인드 후기
[2017-04-14 01:05:43] - 고객리마인드 생일
[2017-04-14 01:05:43] - 고객리마인드 기념일
[2017-04-14 01:05:43] - 미입금 시 입금요청내용 문자발송
[2017-04-14 01:05:43] - 집계테이블 생성
[2017-04-14 01:05:43] - 유입경로 통계에 referer_domain 추가
[2017-04-14 01:05:43] - 오래된 파일 삭제
[2017-04-14 01:05:43] - 상품디스플레이 캐시 파일 삭제
[2017-04-14 01:05:43] - 플래시 캐시 파일 삭제
[2017-04-14 01:05:43] - 임시파일 삭제
[2017-04-14 01:05:43] - 사용 용량 업데이트
[2017-04-14 01:05:43] - 관리자 중요행위 알림 캐시파일 생성
[2017-04-14 01:05:44] - 휴면계정 고지 문자발송
[2017-04-14 01:05:47] - 상품 통계
[2017-04-15 00:11:00] - 입점마켓팅 다음EP 생성
[2017-04-15 00:11:00] - 입점마켓팅 네이버EP 2.0 생성
[2017-04-15 00:11:00] - 입점마켓팅 네이버EP 3.0 생성
[2017-04-15 00:11:00] - 입점마켓팅 리뷰EP 생성
[2017-04-15 01:05:45] - 회원 만료된 적립금 차감
[2017-04-15 01:05:45] - 회원 만료된 포인트 차감
[2017-04-15 01:05:45] - 쇼핑몰 분류 동기화
[2017-04-15 01:05:45] - 택배사 동기화
[2017-04-15 01:05:45] - 자동 주문 취소
[2017-04-15 01:05:45] - 장바구니 비우기
[2017-04-15 01:05:45] - 자동 구매확정
[2017-04-15 01:05:45] - 티켓상품 유효기간 체크 판매중지
[2017-04-15 01:05:45] - 티켓상품 자동 주문상태
[2017-04-15 01:05:45] - 통계데이터 삭제
[2017-04-15 01:05:45] - email log 삭제
[2017-04-15 01:05:45] - captcha 삭제
[2017-04-15 01:05:45] - naverpay 삭제
[2017-04-15 01:05:45] - 임시 필수옵션 및 추가구성옵션 데이터 삭제
[2017-04-15 01:05:45] - 배송지테이블 누락데이터 생성
[2017-04-15 01:05:45] - 회원정보다운로드데이터 삭제
[2017-04-15 01:05:45] - 할인혜택 금액 저장
[2017-04-15 01:05:45] - 회원 자동 등급
[2017-04-15 01:05:45] - 굿스플로 배송정보처리
[2017-04-15 01:05:45] - 고객리마인드 쿠폰
[2017-04-15 01:05:45] - 고객리마인드 적립금
[2017-04-15 01:05:45] - 고객리마인드 장바구니
[2017-04-15 01:05:45] - 고객리마인드 회원등급
[2017-04-15 01:05:45] - 고객리마인드 타임세일
[2017-04-15 01:05:45] - 고객리마인드 후기
[2017-04-15 01:05:45] - 고객리마인드 생일
[2017-04-15 01:05:45] - 고객리마인드 기념일
[2017-04-15 01:05:45] - 미입금 시 입금요청내용 문자발송
[2017-04-15 01:05:45] - 집계테이블 생성
[2017-04-15 01:05:45] - 유입경로 통계에 referer_domain 추가
[2017-04-15 01:05:45] - 오래된 파일 삭제
[2017-04-15 01:05:45] - 상품디스플레이 캐시 파일 삭제
[2017-04-15 01:05:45] - 플래시 캐시 파일 삭제
[2017-04-15 01:05:45] - 임시파일 삭제
[2017-04-15 01:05:46] - 사용 용량 업데이트
[2017-04-15 01:05:46] - 관리자 중요행위 알림 캐시파일 생성
[2017-04-15 01:05:46] - 휴면계정 고지 문자발송
[2017-04-15 01:05:49] - 상품 통계
[2017-04-16 00:11:00] - 입점마켓팅 다음EP 생성
[2017-04-16 00:11:00] - 입점마켓팅 네이버EP 2.0 생성
[2017-04-16 00:11:00] - 입점마켓팅 네이버EP 3.0 생성
[2017-04-16 00:11:00] - 입점마켓팅 리뷰EP 생성
[2017-04-16 01:05:45] - 회원 만료된 적립금 차감
[2017-04-16 01:05:45] - 회원 만료된 포인트 차감
[2017-04-16 01:05:45] - 쇼핑몰 분류 동기화
[2017-04-16 01:05:45] - 택배사 동기화
[2017-04-16 01:05:45] - 자동 주문 취소
[2017-04-16 01:05:45] - 장바구니 비우기
[2017-04-16 01:05:45] - 자동 구매확정
[2017-04-16 01:05:45] - 티켓상품 유효기간 체크 판매중지
[2017-04-16 01:05:46] - 티켓상품 자동 주문상태
[2017-04-16 01:05:46] - 통계데이터 삭제
[2017-04-16 01:05:46] - email log 삭제
[2017-04-16 01:05:46] - captcha 삭제
[2017-04-16 01:05:46] - naverpay 삭제
[2017-04-16 01:05:46] - 임시 필수옵션 및 추가구성옵션 데이터 삭제
[2017-04-16 01:05:46] - 배송지테이블 누락데이터 생성
[2017-04-16 01:05:46] - 회원정보다운로드데이터 삭제
[2017-04-16 01:05:46] - 할인혜택 금액 저장
[2017-04-16 01:05:46] - 굿스플로 배송정보처리
[2017-04-16 01:05:46] - 고객리마인드 쿠폰
[2017-04-16 01:05:46] - 고객리마인드 적립금
[2017-04-16 01:05:46] - 고객리마인드 장바구니
[2017-04-16 01:05:46] - 고객리마인드 회원등급
[2017-04-16 01:05:46] - 고객리마인드 타임세일
[2017-04-16 01:05:46] - 고객리마인드 후기
[2017-04-16 01:05:46] - 고객리마인드 생일
[2017-04-16 01:05:46] - 고객리마인드 기념일
[2017-04-16 01:05:46] - 미입금 시 입금요청내용 문자발송
[2017-04-16 01:05:46] - 집계테이블 생성
[2017-04-16 01:05:46] - 유입경로 통계에 referer_domain 추가
[2017-04-16 01:05:46] - 오래된 파일 삭제
[2017-04-16 01:05:46] - 상품디스플레이 캐시 파일 삭제
[2017-04-16 01:05:46] - 플래시 캐시 파일 삭제
[2017-04-16 01:05:46] - 임시파일 삭제
[2017-04-16 01:05:46] - 사용 용량 업데이트
[2017-04-16 01:05:46] - 관리자 중요행위 알림 캐시파일 생성
[2017-04-16 01:05:46] - 휴면계정 고지 문자발송
[2017-04-16 01:05:49] - 상품 통계
[2017-04-17 00:11:02] - 입점마켓팅 다음EP 생성
[2017-04-17 00:11:02] - 입점마켓팅 네이버EP 2.0 생성
[2017-04-17 00:11:02] - 입점마켓팅 네이버EP 3.0 생성
[2017-04-17 00:11:02] - 입점마켓팅 리뷰EP 생성
[2017-04-17 01:05:45] - 회원 만료된 적립금 차감
[2017-04-17 01:05:45] - 회원 만료된 포인트 차감
[2017-04-17 01:05:45] - 쇼핑몰 분류 동기화
[2017-04-17 01:05:45] - 택배사 동기화
[2017-04-17 01:05:46] - 자동 주문 취소
[2017-04-17 01:05:46] - 장바구니 비우기
[2017-04-17 01:05:46] - 자동 구매확정
[2017-04-17 01:05:46] - 티켓상품 유효기간 체크 판매중지
[2017-04-17 01:05:46] - 티켓상품 자동 주문상태
[2017-04-17 01:05:46] - 통계데이터 삭제
[2017-04-17 01:05:46] - email log 삭제
[2017-04-17 01:05:46] - captcha 삭제
[2017-04-17 01:05:46] - naverpay 삭제
[2017-04-17 01:05:46] - 임시 필수옵션 및 추가구성옵션 데이터 삭제
[2017-04-17 01:05:46] - 배송지테이블 누락데이터 생성
[2017-04-17 01:05:46] - 회원정보다운로드데이터 삭제
[2017-04-17 01:05:46] - 할인혜택 금액 저장
[2017-04-17 01:05:46] - 굿스플로 배송정보처리
[2017-04-17 01:05:46] - 고객리마인드 쿠폰
[2017-04-17 01:05:46] - 고객리마인드 적립금
[2017-04-17 01:05:46] - 고객리마인드 장바구니
[2017-04-17 01:05:46] - 고객리마인드 회원등급
[2017-04-17 01:05:46] - 고객리마인드 타임세일
[2017-04-17 01:05:46] - 고객리마인드 후기
[2017-04-17 01:05:46] - 고객리마인드 생일
[2017-04-17 01:05:46] - 고객리마인드 기념일
[2017-04-17 01:05:46] - 미입금 시 입금요청내용 문자발송
[2017-04-17 01:05:46] - 집계테이블 생성
[2017-04-17 01:05:46] - 유입경로 통계에 referer_domain 추가
[2017-04-17 01:05:46] - 오래된 파일 삭제
[2017-04-17 01:05:46] - 상품디스플레이 캐시 파일 삭제
[2017-04-17 01:05:46] - 플래시 캐시 파일 삭제
[2017-04-17 01:05:46] - 임시파일 삭제
[2017-04-17 01:05:46] - 사용 용량 업데이트
[2017-04-17 01:05:46] - 관리자 중요행위 알림 캐시파일 생성
[2017-04-17 01:05:47] - 휴면계정 고지 문자발송
[2017-04-17 01:05:50] - 상품 통계
[2017-04-18 00:11:03] - 입점마켓팅 다음EP 생성
[2017-04-18 00:11:03] - 입점마켓팅 네이버EP 2.0 생성
[2017-04-18 00:11:03] - 입점마켓팅 네이버EP 3.0 생성
[2017-04-18 00:11:03] - 입점마켓팅 리뷰EP 생성
[2017-04-18 01:06:46] - 회원 만료된 적립금 차감
[2017-04-18 01:06:46] - 회원 만료된 포인트 차감
[2017-04-18 01:06:46] - 쇼핑몰 분류 동기화
[2017-04-18 01:06:46] - 택배사 동기화
[2017-04-18 01:06:46] - 자동 주문 취소
[2017-04-18 01:06:46] - 장바구니 비우기
[2017-04-18 01:06:46] - 자동 구매확정
[2017-04-18 01:06:46] - 티켓상품 유효기간 체크 판매중지
[2017-04-18 01:06:46] - 티켓상품 자동 주문상태
[2017-04-18 01:06:46] - 통계데이터 삭제
[2017-04-18 01:06:46] - email log 삭제
[2017-04-18 01:06:46] - captcha 삭제
[2017-04-18 01:06:46] - naverpay 삭제
[2017-04-18 01:06:47] - 임시 필수옵션 및 추가구성옵션 데이터 삭제
[2017-04-18 01:06:47] - 배송지테이블 누락데이터 생성
[2017-04-18 01:06:47] - 회원정보다운로드데이터 삭제
[2017-04-18 01:06:47] - 할인혜택 금액 저장
[2017-04-18 01:06:47] - 굿스플로 배송정보처리
[2017-04-18 01:06:47] - 고객리마인드 쿠폰
[2017-04-18 01:06:47] - 고객리마인드 적립금
[2017-04-18 01:06:47] - 고객리마인드 장바구니
[2017-04-18 01:06:47] - 고객리마인드 회원등급
[2017-04-18 01:06:47] - 고객리마인드 타임세일
[2017-04-18 01:06:47] - 고객리마인드 후기
[2017-04-18 01:06:47] - 고객리마인드 생일
[2017-04-18 01:06:47] - 고객리마인드 기념일
[2017-04-18 01:06:47] - 미입금 시 입금요청내용 문자발송
[2017-04-18 01:06:47] - 집계테이블 생성
[2017-04-18 01:06:47] - 유입경로 통계에 referer_domain 추가
[2017-04-18 01:06:47] - 오래된 파일 삭제
[2017-04-18 01:06:47] - 상품디스플레이 캐시 파일 삭제
[2017-04-18 01:06:47] - 플래시 캐시 파일 삭제
[2017-04-18 01:06:47] - 임시파일 삭제
[2017-04-18 01:06:47] - 사용 용량 업데이트
[2017-04-18 01:06:47] - 관리자 중요행위 알림 캐시파일 생성
[2017-04-18 01:06:47] - 휴면계정 고지 문자발송
[2017-04-18 01:06:50] - 상품 통계
[2017-04-19 00:11:02] - 입점마켓팅 다음EP 생성
[2017-04-19 00:11:02] - 입점마켓팅 네이버EP 2.0 생성
[2017-04-19 00:11:02] - 입점마켓팅 네이버EP 3.0 생성
[2017-04-19 00:11:02] - 입점마켓팅 리뷰EP 생성
[2017-04-19 01:06:53] - 회원 만료된 적립금 차감
[2017-04-19 01:06:53] - 회원 만료된 포인트 차감
[2017-04-19 01:06:53] - 쇼핑몰 분류 동기화
[2017-04-19 01:06:53] - 택배사 동기화
[2017-04-19 01:06:53] - 자동 주문 취소
[2017-04-19 01:06:53] - 장바구니 비우기
[2017-04-19 01:06:53] - 자동 구매확정
[2017-04-19 01:06:53] - 티켓상품 유효기간 체크 판매중지
[2017-04-19 01:06:53] - 티켓상품 자동 주문상태
[2017-04-19 01:06:53] - 통계데이터 삭제
[2017-04-19 01:06:53] - email log 삭제
[2017-04-19 01:06:53] - captcha 삭제
[2017-04-19 01:06:53] - naverpay 삭제
[2017-04-19 01:06:53] - 임시 필수옵션 및 추가구성옵션 데이터 삭제
[2017-04-19 01:06:53] - 배송지테이블 누락데이터 생성
[2017-04-19 01:06:53] - 회원정보다운로드데이터 삭제
[2017-04-19 01:06:53] - 할인혜택 금액 저장
[2017-04-19 01:06:53] - 굿스플로 배송정보처리
[2017-04-19 01:06:53] - 고객리마인드 쿠폰
[2017-04-19 01:06:53] - 고객리마인드 적립금
[2017-04-19 01:06:53] - 고객리마인드 장바구니
[2017-04-19 01:06:53] - 고객리마인드 회원등급
[2017-04-19 01:06:53] - 고객리마인드 타임세일
[2017-04-19 01:06:53] - 고객리마인드 후기
[2017-04-19 01:06:53] - 고객리마인드 생일
[2017-04-19 01:06:53] - 고객리마인드 기념일
[2017-04-19 01:06:53] - 미입금 시 입금요청내용 문자발송
[2017-04-19 01:06:53] - 집계테이블 생성
[2017-04-19 01:06:53] - 유입경로 통계에 referer_domain 추가
[2017-04-19 01:06:53] - 오래된 파일 삭제
[2017-04-19 01:06:53] - 상품디스플레이 캐시 파일 삭제
[2017-04-19 01:06:53] - 플래시 캐시 파일 삭제
[2017-04-19 01:06:53] - 임시파일 삭제
[2017-04-19 01:06:54] - 사용 용량 업데이트
[2017-04-19 01:06:54] - 관리자 중요행위 알림 캐시파일 생성
[2017-04-19 01:06:54] - 휴면계정 고지 문자발송
[2017-04-19 01:06:57] - 상품 통계
[2017-04-20 00:11:02] - 입점마켓팅 다음EP 생성
[2017-04-20 00:11:02] - 입점마켓팅 네이버EP 2.0 생성
[2017-04-20 00:11:02] - 입점마켓팅 네이버EP 3.0 생성
[2017-04-20 00:11:02] - 입점마켓팅 리뷰EP 생성
[2017-04-20 01:06:59] - 회원 만료된 적립금 차감
[2017-04-20 01:06:59] - 회원 만료된 포인트 차감
[2017-04-20 01:06:59] - 쇼핑몰 분류 동기화
[2017-04-20 01:06:59] - 택배사 동기화
[2017-04-20 01:06:59] - 자동 주문 취소
[2017-04-20 01:06:59] - 장바구니 비우기
[2017-04-20 01:06:59] - 자동 구매확정
[2017-04-20 01:06:59] - 티켓상품 유효기간 체크 판매중지
[2017-04-20 01:06:59] - 티켓상품 자동 주문상태
[2017-04-20 01:06:59] - 통계데이터 삭제
[2017-04-20 01:06:59] - email log 삭제
[2017-04-20 01:06:59] - captcha 삭제
[2017-04-20 01:06:59] - naverpay 삭제
[2017-04-20 01:06:59] - 임시 필수옵션 및 추가구성옵션 데이터 삭제
[2017-04-20 01:06:59] - 배송지테이블 누락데이터 생성
[2017-04-20 01:06:59] - 회원정보다운로드데이터 삭제
[2017-04-20 01:06:59] - 할인혜택 금액 저장
[2017-04-20 01:06:59] - 굿스플로 배송정보처리
[2017-04-20 01:06:59] - 고객리마인드 쿠폰
[2017-04-20 01:06:59] - 고객리마인드 적립금
[2017-04-20 01:06:59] - 고객리마인드 장바구니
[2017-04-20 01:06:59] - 고객리마인드 회원등급
[2017-04-20 01:06:59] - 고객리마인드 타임세일
[2017-04-20 01:06:59] - 고객리마인드 후기
[2017-04-20 01:06:59] - 고객리마인드 생일
[2017-04-20 01:06:59] - 고객리마인드 기념일
[2017-04-20 01:06:59] - 미입금 시 입금요청내용 문자발송
[2017-04-20 01:06:59] - 집계테이블 생성
[2017-04-20 01:06:59] - 유입경로 통계에 referer_domain 추가
[2017-04-20 01:06:59] - 오래된 파일 삭제
[2017-04-20 01:06:59] - 상품디스플레이 캐시 파일 삭제
[2017-04-20 01:06:59] - 플래시 캐시 파일 삭제
[2017-04-20 01:06:59] - 임시파일 삭제
[2017-04-20 01:07:00] - 사용 용량 업데이트
[2017-04-20 01:07:00] - 관리자 중요행위 알림 캐시파일 생성
[2017-04-20 01:07:00] - 휴면계정 고지 문자발송
[2017-04-20 01:07:03] - 상품 통계
[2017-04-21 00:11:01] - 입점마켓팅 다음EP 생성
[2017-04-21 00:11:01] - 입점마켓팅 네이버EP 2.0 생성
[2017-04-21 00:11:01] - 입점마켓팅 네이버EP 3.0 생성
[2017-04-21 00:11:01] - 입점마켓팅 리뷰EP 생성
[2017-04-21 01:06:55] - 회원 만료된 적립금 차감
[2017-04-21 01:06:55] - 회원 만료된 포인트 차감
[2017-04-21 01:06:55] - 쇼핑몰 분류 동기화
[2017-04-21 01:06:55] - 택배사 동기화
[2017-04-21 01:06:55] - 자동 주문 취소
[2017-04-21 01:06:55] - 장바구니 비우기
[2017-04-21 01:06:55] - 자동 구매확정
[2017-04-21 01:06:55] - 티켓상품 유효기간 체크 판매중지
[2017-04-21 01:06:55] - 티켓상품 자동 주문상태
[2017-04-21 01:06:55] - 통계데이터 삭제
[2017-04-21 01:06:55] - email log 삭제
[2017-04-21 01:06:55] - captcha 삭제
[2017-04-21 01:06:55] - naverpay 삭제
[2017-04-21 01:06:55] - 임시 필수옵션 및 추가구성옵션 데이터 삭제
[2017-04-21 01:06:55] - 배송지테이블 누락데이터 생성
[2017-04-21 01:06:55] - 회원정보다운로드데이터 삭제
[2017-04-21 01:06:55] - 할인혜택 금액 저장
[2017-04-21 01:06:55] - 굿스플로 배송정보처리
[2017-04-21 01:06:55] - 고객리마인드 쿠폰
[2017-04-21 01:06:55] - 고객리마인드 적립금
[2017-04-21 01:06:55] - 고객리마인드 장바구니
[2017-04-21 01:06:55] - 고객리마인드 회원등급
[2017-04-21 01:06:55] - 고객리마인드 타임세일
[2017-04-21 01:06:55] - 고객리마인드 후기
[2017-04-21 01:06:55] - 고객리마인드 생일
[2017-04-21 01:06:55] - 고객리마인드 기념일
[2017-04-21 01:06:55] - 미입금 시 입금요청내용 문자발송
[2017-04-21 01:06:55] - 집계테이블 생성
[2017-04-21 01:06:55] - 유입경로 통계에 referer_domain 추가
[2017-04-21 01:06:55] - 오래된 파일 삭제
[2017-04-21 01:06:55] - 상품디스플레이 캐시 파일 삭제
[2017-04-21 01:06:55] - 플래시 캐시 파일 삭제
[2017-04-21 01:06:55] - 임시파일 삭제
[2017-04-21 01:06:56] - 사용 용량 업데이트
[2017-04-21 01:06:56] - 관리자 중요행위 알림 캐시파일 생성
[2017-04-21 01:06:56] - 휴면계정 고지 문자발송
[2017-04-21 01:06:59] - 상품 통계
[2017-04-22 00:11:03] - 입점마켓팅 다음EP 생성
[2017-04-22 00:11:03] - 입점마켓팅 네이버EP 2.0 생성
[2017-04-22 00:11:03] - 입점마켓팅 네이버EP 3.0 생성
[2017-04-22 00:11:03] - 입점마켓팅 리뷰EP 생성
[2017-04-22 01:07:01] - 회원 만료된 적립금 차감
[2017-04-22 01:07:01] - 회원 만료된 포인트 차감
[2017-04-22 01:07:01] - 쇼핑몰 분류 동기화
[2017-04-22 01:07:01] - 택배사 동기화
[2017-04-22 01:07:01] - 자동 주문 취소
[2017-04-22 01:07:01] - 장바구니 비우기
[2017-04-22 01:07:01] - 자동 구매확정
[2017-04-22 01:07:01] - 티켓상품 유효기간 체크 판매중지
[2017-04-22 01:07:01] - 티켓상품 자동 주문상태
[2017-04-22 01:07:01] - 통계데이터 삭제
[2017-04-22 01:07:01] - email log 삭제
[2017-04-22 01:07:01] - captcha 삭제
[2017-04-22 01:07:01] - naverpay 삭제
[2017-04-22 01:07:01] - 임시 필수옵션 및 추가구성옵션 데이터 삭제
[2017-04-22 01:07:01] - 배송지테이블 누락데이터 생성
[2017-04-22 01:07:01] - 회원정보다운로드데이터 삭제
[2017-04-22 01:07:01] - 할인혜택 금액 저장
[2017-04-22 01:07:01] - 굿스플로 배송정보처리
[2017-04-22 01:07:01] - 고객리마인드 쿠폰
[2017-04-22 01:07:01] - 고객리마인드 적립금
[2017-04-22 01:07:01] - 고객리마인드 장바구니
[2017-04-22 01:07:01] - 고객리마인드 회원등급
[2017-04-22 01:07:01] - 고객리마인드 타임세일
[2017-04-22 01:07:01] - 고객리마인드 후기
[2017-04-22 01:07:01] - 고객리마인드 생일
[2017-04-22 01:07:01] - 고객리마인드 기념일
[2017-04-22 01:07:01] - 미입금 시 입금요청내용 문자발송
[2017-04-22 01:07:01] - 집계테이블 생성
[2017-04-22 01:07:01] - 유입경로 통계에 referer_domain 추가
[2017-04-22 01:07:01] - 오래된 파일 삭제
[2017-04-22 01:07:01] - 상품디스플레이 캐시 파일 삭제
[2017-04-22 01:07:01] - 플래시 캐시 파일 삭제
[2017-04-22 01:07:01] - 임시파일 삭제
[2017-04-22 01:07:02] - 사용 용량 업데이트
[2017-04-22 01:07:02] - 관리자 중요행위 알림 캐시파일 생성
[2017-04-22 01:07:02] - 휴면계정 고지 문자발송
[2017-04-22 01:07:05] - 상품 통계
[2017-04-23 00:11:02] - 입점마켓팅 다음EP 생성
[2017-04-23 00:11:02] - 입점마켓팅 네이버EP 2.0 생성
[2017-04-23 00:11:02] - 입점마켓팅 네이버EP 3.0 생성
[2017-04-23 00:11:02] - 입점마켓팅 리뷰EP 생성
[2017-04-23 01:07:56] - 회원 만료된 적립금 차감
[2017-04-23 01:07:56] - 회원 만료된 포인트 차감
[2017-04-23 01:07:56] - 쇼핑몰 분류 동기화
[2017-04-23 01:07:56] - 택배사 동기화
[2017-04-23 01:07:56] - 자동 주문 취소
[2017-04-23 01:07:56] - 장바구니 비우기
[2017-04-23 01:07:56] - 자동 구매확정
[2017-04-23 01:07:56] - 티켓상품 유효기간 체크 판매중지
[2017-04-23 01:07:56] - 티켓상품 자동 주문상태
[2017-04-23 01:07:56] - 통계데이터 삭제
[2017-04-23 01:07:56] - email log 삭제
[2017-04-23 01:07:56] - captcha 삭제
[2017-04-23 01:07:56] - naverpay 삭제
[2017-04-23 01:07:56] - 임시 필수옵션 및 추가구성옵션 데이터 삭제
[2017-04-23 01:07:56] - 배송지테이블 누락데이터 생성
[2017-04-23 01:07:56] - 회원정보다운로드데이터 삭제
[2017-04-23 01:07:56] - 할인혜택 금액 저장
[2017-04-23 01:07:56] - 굿스플로 배송정보처리
[2017-04-23 01:07:56] - 고객리마인드 쿠폰
[2017-04-23 01:07:56] - 고객리마인드 적립금
[2017-04-23 01:07:56] - 고객리마인드 장바구니
[2017-04-23 01:07:56] - 고객리마인드 회원등급
[2017-04-23 01:07:56] - 고객리마인드 타임세일
[2017-04-23 01:07:56] - 고객리마인드 후기
[2017-04-23 01:07:56] - 고객리마인드 생일
[2017-04-23 01:07:56] - 고객리마인드 기념일
[2017-04-23 01:07:56] - 미입금 시 입금요청내용 문자발송
[2017-04-23 01:07:56] - 집계테이블 생성
[2017-04-23 01:07:56] - 유입경로 통계에 referer_domain 추가
[2017-04-23 01:07:56] - 오래된 파일 삭제
[2017-04-23 01:07:56] - 상품디스플레이 캐시 파일 삭제
[2017-04-23 01:07:56] - 플래시 캐시 파일 삭제
[2017-04-23 01:07:56] - 임시파일 삭제
[2017-04-23 01:07:57] - 사용 용량 업데이트
[2017-04-23 01:07:57] - 관리자 중요행위 알림 캐시파일 생성
[2017-04-23 01:07:57] - 휴면계정 고지 문자발송
[2017-04-23 01:08:00] - 상품 통계
[2017-04-24 00:11:02] - 입점마켓팅 다음EP 생성
[2017-04-24 00:11:02] - 입점마켓팅 네이버EP 2.0 생성
[2017-04-24 00:11:02] - 입점마켓팅 네이버EP 3.0 생성
[2017-04-24 00:11:02] - 입점마켓팅 리뷰EP 생성
[2017-04-24 01:08:00] - 회원 만료된 적립금 차감
[2017-04-24 01:08:00] - 회원 만료된 포인트 차감
[2017-04-24 01:08:00] - 쇼핑몰 분류 동기화
[2017-04-24 01:08:00] - 택배사 동기화
[2017-04-24 01:08:00] - 자동 주문 취소
[2017-04-24 01:08:00] - 장바구니 비우기
[2017-04-24 01:08:00] - 자동 구매확정
[2017-04-24 01:08:00] - 티켓상품 유효기간 체크 판매중지
[2017-04-24 01:08:00] - 티켓상품 자동 주문상태
[2017-04-24 01:08:00] - 통계데이터 삭제
[2017-04-24 01:08:00] - email log 삭제
[2017-04-24 01:08:00] - captcha 삭제
[2017-04-24 01:08:00] - naverpay 삭제
[2017-04-24 01:08:00] - 임시 필수옵션 및 추가구성옵션 데이터 삭제
[2017-04-24 01:08:00] - 배송지테이블 누락데이터 생성
[2017-04-24 01:08:00] - 회원정보다운로드데이터 삭제
[2017-04-24 01:08:00] - 할인혜택 금액 저장
[2017-04-24 01:08:00] - 굿스플로 배송정보처리
[2017-04-24 01:08:00] - 고객리마인드 쿠폰
[2017-04-24 01:08:00] - 고객리마인드 적립금
[2017-04-24 01:08:00] - 고객리마인드 장바구니
[2017-04-24 01:08:00] - 고객리마인드 회원등급
[2017-04-24 01:08:00] - 고객리마인드 타임세일
[2017-04-24 01:08:00] - 고객리마인드 후기
[2017-04-24 01:08:00] - 고객리마인드 생일
[2017-04-24 01:08:00] - 고객리마인드 기념일
[2017-04-24 01:08:00] - 미입금 시 입금요청내용 문자발송
[2017-04-24 01:08:00] - 집계테이블 생성
[2017-04-24 01:08:00] - 유입경로 통계에 referer_domain 추가
[2017-04-24 01:08:01] - 오래된 파일 삭제
[2017-04-24 01:08:01] - 상품디스플레이 캐시 파일 삭제
[2017-04-24 01:08:01] - 플래시 캐시 파일 삭제
[2017-04-24 01:08:01] - 임시파일 삭제
[2017-04-24 01:08:01] - 사용 용량 업데이트
[2017-04-24 01:08:01] - 관리자 중요행위 알림 캐시파일 생성
[2017-04-24 01:08:01] - 휴면계정 고지 문자발송
[2017-04-24 01:08:05] - 상품 통계
[2017-04-25 00:11:04] - 입점마켓팅 다음EP 생성
[2017-04-25 00:11:04] - 입점마켓팅 네이버EP 2.0 생성
[2017-04-25 00:11:04] - 입점마켓팅 네이버EP 3.0 생성
[2017-04-25 00:11:04] - 입점마켓팅 리뷰EP 생성
[2017-04-25 01:07:50] - 회원 만료된 적립금 차감
[2017-04-25 01:07:50] - 회원 만료된 포인트 차감
[2017-04-25 01:07:50] - 쇼핑몰 분류 동기화
[2017-04-25 01:07:50] - 택배사 동기화
[2017-04-25 01:07:50] - 자동 주문 취소
[2017-04-25 01:07:50] - 장바구니 비우기
[2017-04-25 01:07:50] - 자동 구매확정
[2017-04-25 01:07:50] - 티켓상품 유효기간 체크 판매중지
[2017-04-25 01:07:50] - 티켓상품 자동 주문상태
[2017-04-25 01:07:50] - 통계데이터 삭제
[2017-04-25 01:07:50] - email log 삭제
[2017-04-25 01:07:50] - captcha 삭제
[2017-04-25 01:07:50] - naverpay 삭제
[2017-04-25 01:07:50] - 임시 필수옵션 및 추가구성옵션 데이터 삭제
[2017-04-25 01:07:50] - 배송지테이블 누락데이터 생성
[2017-04-25 01:07:50] - 회원정보다운로드데이터 삭제
[2017-04-25 01:07:50] - 할인혜택 금액 저장
[2017-04-25 01:07:50] - 굿스플로 배송정보처리
[2017-04-25 01:07:50] - 고객리마인드 쿠폰
[2017-04-25 01:07:50] - 고객리마인드 적립금
[2017-04-25 01:07:50] - 고객리마인드 장바구니
[2017-04-25 01:07:50] - 고객리마인드 회원등급
[2017-04-25 01:07:50] - 고객리마인드 타임세일
[2017-04-25 01:07:50] - 고객리마인드 후기
[2017-04-25 01:07:50] - 고객리마인드 생일
[2017-04-25 01:07:50] - 고객리마인드 기념일
[2017-04-25 01:07:50] - 미입금 시 입금요청내용 문자발송
[2017-04-25 01:07:50] - 집계테이블 생성
[2017-04-25 01:07:50] - 유입경로 통계에 referer_domain 추가
[2017-04-25 01:07:50] - 오래된 파일 삭제
[2017-04-25 01:07:50] - 상품디스플레이 캐시 파일 삭제
[2017-04-25 01:07:50] - 플래시 캐시 파일 삭제
[2017-04-25 01:07:50] - 임시파일 삭제
[2017-04-25 01:07:51] - 사용 용량 업데이트
[2017-04-25 01:07:51] - 관리자 중요행위 알림 캐시파일 생성
[2017-04-25 01:07:51] - 휴면계정 고지 문자발송
[2017-04-25 01:07:54] - 상품 통계
[2017-04-26 00:11:03] - 입점마켓팅 다음EP 생성
[2017-04-26 00:11:03] - 입점마켓팅 네이버EP 2.0 생성
[2017-04-26 00:11:03] - 입점마켓팅 네이버EP 3.0 생성
[2017-04-26 00:11:03] - 입점마켓팅 리뷰EP 생성
[2017-04-26 01:07:55] - 회원 만료된 적립금 차감
[2017-04-26 01:07:55] - 회원 만료된 포인트 차감
[2017-04-26 01:07:55] - 쇼핑몰 분류 동기화
[2017-04-26 01:07:55] - 택배사 동기화
[2017-04-26 01:07:55] - 자동 주문 취소
[2017-04-26 01:07:55] - 장바구니 비우기
[2017-04-26 01:07:55] - 자동 구매확정
[2017-04-26 01:07:55] - 티켓상품 유효기간 체크 판매중지
[2017-04-26 01:07:55] - 티켓상품 자동 주문상태
[2017-04-26 01:07:55] - 통계데이터 삭제
[2017-04-26 01:07:55] - email log 삭제
[2017-04-26 01:07:55] - captcha 삭제
[2017-04-26 01:07:55] - naverpay 삭제
[2017-04-26 01:07:55] - 임시 필수옵션 및 추가구성옵션 데이터 삭제
[2017-04-26 01:07:55] - 배송지테이블 누락데이터 생성
[2017-04-26 01:07:55] - 회원정보다운로드데이터 삭제
[2017-04-26 01:07:55] - 할인혜택 금액 저장
[2017-04-26 01:07:55] - 굿스플로 배송정보처리
[2017-04-26 01:07:55] - 고객리마인드 쿠폰
[2017-04-26 01:07:55] - 고객리마인드 적립금
[2017-04-26 01:07:55] - 고객리마인드 장바구니
[2017-04-26 01:07:55] - 고객리마인드 회원등급
[2017-04-26 01:07:55] - 고객리마인드 타임세일
[2017-04-26 01:07:55] - 고객리마인드 후기
[2017-04-26 01:07:55] - 고객리마인드 생일
[2017-04-26 01:07:55] - 고객리마인드 기념일
[2017-04-26 01:07:55] - 미입금 시 입금요청내용 문자발송
[2017-04-26 01:07:55] - 집계테이블 생성
[2017-04-26 01:07:55] - 유입경로 통계에 referer_domain 추가
[2017-04-26 01:07:55] - 오래된 파일 삭제
[2017-04-26 01:07:55] - 상품디스플레이 캐시 파일 삭제
[2017-04-26 01:07:55] - 플래시 캐시 파일 삭제
[2017-04-26 01:07:55] - 임시파일 삭제
[2017-04-26 01:07:56] - 사용 용량 업데이트
[2017-04-26 01:07:56] - 관리자 중요행위 알림 캐시파일 생성
[2017-04-26 01:07:56] - 휴면계정 고지 문자발송
[2017-04-26 01:07:59] - 상품 통계
[2017-04-27 00:11:03] - 입점마켓팅 다음EP 생성
[2017-04-27 00:11:03] - 입점마켓팅 네이버EP 2.0 생성
[2017-04-27 00:11:03] - 입점마켓팅 네이버EP 3.0 생성
[2017-04-27 00:11:03] - 입점마켓팅 리뷰EP 생성
[2017-04-27 01:08:20] - 회원 만료된 적립금 차감
[2017-04-27 01:08:20] - 회원 만료된 포인트 차감
[2017-04-27 01:08:20] - 쇼핑몰 분류 동기화
[2017-04-27 01:08:20] - 택배사 동기화
[2017-04-27 01:08:20] - 자동 주문 취소
[2017-04-27 01:08:20] - 장바구니 비우기
[2017-04-27 01:08:20] - 자동 구매확정
[2017-04-27 01:08:20] - 티켓상품 유효기간 체크 판매중지
[2017-04-27 01:08:20] - 티켓상품 자동 주문상태
[2017-04-27 01:08:20] - 통계데이터 삭제
[2017-04-27 01:08:20] - email log 삭제
[2017-04-27 01:08:20] - captcha 삭제
[2017-04-27 01:08:20] - naverpay 삭제
[2017-04-27 01:08:20] - 임시 필수옵션 및 추가구성옵션 데이터 삭제
[2017-04-27 01:08:20] - 배송지테이블 누락데이터 생성
[2017-04-27 01:08:20] - 회원정보다운로드데이터 삭제
[2017-04-27 01:08:20] - 할인혜택 금액 저장
[2017-04-27 01:08:20] - 굿스플로 배송정보처리
[2017-04-27 01:08:20] - 고객리마인드 쿠폰
[2017-04-27 01:08:20] - 고객리마인드 적립금
[2017-04-27 01:08:20] - 고객리마인드 장바구니
[2017-04-27 01:08:20] - 고객리마인드 회원등급
[2017-04-27 01:08:20] - 고객리마인드 타임세일
[2017-04-27 01:08:20] - 고객리마인드 후기
[2017-04-27 01:08:20] - 고객리마인드 생일
[2017-04-27 01:08:20] - 고객리마인드 기념일
[2017-04-27 01:08:20] - 미입금 시 입금요청내용 문자발송
[2017-04-27 01:08:21] - 집계테이블 생성
[2017-04-27 01:08:21] - 유입경로 통계에 referer_domain 추가
[2017-04-27 01:08:21] - 오래된 파일 삭제
[2017-04-27 01:08:21] - 상품디스플레이 캐시 파일 삭제
[2017-04-27 01:08:21] - 플래시 캐시 파일 삭제
[2017-04-27 01:08:21] - 임시파일 삭제
[2017-04-27 01:08:21] - 사용 용량 업데이트
[2017-04-27 01:08:21] - 관리자 중요행위 알림 캐시파일 생성
[2017-04-27 01:08:21] - 휴면계정 고지 문자발송
[2017-04-27 01:08:24] - 상품 통계
[2017-04-28 00:11:02] - 입점마켓팅 다음EP 생성
[2017-04-28 00:11:02] - 입점마켓팅 네이버EP 2.0 생성
[2017-04-28 00:11:02] - 입점마켓팅 네이버EP 3.0 생성
[2017-04-28 00:11:02] - 입점마켓팅 리뷰EP 생성
[2017-04-28 01:07:51] - 회원 만료된 적립금 차감
[2017-04-28 01:07:51] - 회원 만료된 포인트 차감
[2017-04-28 01:07:51] - 쇼핑몰 분류 동기화
[2017-04-28 01:07:51] - 택배사 동기화
[2017-04-28 01:07:51] - 자동 주문 취소
[2017-04-28 01:07:51] - 장바구니 비우기
[2017-04-28 01:07:51] - 자동 구매확정
[2017-04-28 01:07:51] - 티켓상품 유효기간 체크 판매중지
[2017-04-28 01:07:51] - 티켓상품 자동 주문상태
[2017-04-28 01:07:52] - 통계데이터 삭제
[2017-04-28 01:07:52] - email log 삭제
[2017-04-28 01:07:52] - captcha 삭제
[2017-04-28 01:07:52] - naverpay 삭제
[2017-04-28 01:07:52] - 임시 필수옵션 및 추가구성옵션 데이터 삭제
[2017-04-28 01:07:52] - 배송지테이블 누락데이터 생성
[2017-04-28 01:07:52] - 회원정보다운로드데이터 삭제
[2017-04-28 01:07:52] - 할인혜택 금액 저장
[2017-04-28 01:07:52] - 굿스플로 배송정보처리
[2017-04-28 01:07:52] - 고객리마인드 쿠폰
[2017-04-28 01:07:52] - 고객리마인드 적립금
[2017-04-28 01:07:52] - 고객리마인드 장바구니
[2017-04-28 01:07:52] - 고객리마인드 회원등급
[2017-04-28 01:07:52] - 고객리마인드 타임세일
[2017-04-28 01:07:52] - 고객리마인드 후기
[2017-04-28 01:07:52] - 고객리마인드 생일
[2017-04-28 01:07:52] - 고객리마인드 기념일
[2017-04-28 01:07:52] - 미입금 시 입금요청내용 문자발송
[2017-04-28 01:07:52] - 집계테이블 생성
[2017-04-28 01:07:52] - 유입경로 통계에 referer_domain 추가
[2017-04-28 01:07:52] - 오래된 파일 삭제
[2017-04-28 01:07:52] - 상품디스플레이 캐시 파일 삭제
[2017-04-28 01:07:52] - 플래시 캐시 파일 삭제
[2017-04-28 01:07:52] - 임시파일 삭제
[2017-04-28 01:07:52] - 사용 용량 업데이트
[2017-04-28 01:07:52] - 관리자 중요행위 알림 캐시파일 생성
[2017-04-28 01:07:52] - 휴면계정 고지 문자발송
[2017-04-28 01:07:56] - 상품 통계
[2017-04-29 00:11:02] - 입점마켓팅 다음EP 생성
[2017-04-29 00:11:02] - 입점마켓팅 네이버EP 2.0 생성
[2017-04-29 00:11:02] - 입점마켓팅 네이버EP 3.0 생성
[2017-04-29 00:11:02] - 입점마켓팅 리뷰EP 생성
[2017-04-29 01:07:57] - 회원 만료된 적립금 차감
[2017-04-29 01:07:57] - 회원 만료된 포인트 차감
[2017-04-29 01:07:57] - 쇼핑몰 분류 동기화
[2017-04-29 01:07:57] - 택배사 동기화
[2017-04-29 01:07:57] - 자동 주문 취소
[2017-04-29 01:07:57] - 장바구니 비우기
[2017-04-29 01:07:57] - 자동 구매확정
[2017-04-29 01:07:57] - 티켓상품 유효기간 체크 판매중지
[2017-04-29 01:07:57] - 티켓상품 자동 주문상태
[2017-04-29 01:07:57] - 통계데이터 삭제
[2017-04-29 01:07:57] - email log 삭제
[2017-04-29 01:07:57] - captcha 삭제
[2017-04-29 01:07:57] - naverpay 삭제
[2017-04-29 01:07:57] - 임시 필수옵션 및 추가구성옵션 데이터 삭제
[2017-04-29 01:07:57] - 배송지테이블 누락데이터 생성
[2017-04-29 01:07:57] - 회원정보다운로드데이터 삭제
[2017-04-29 01:07:57] - 할인혜택 금액 저장
[2017-04-29 01:07:57] - 굿스플로 배송정보처리
[2017-04-29 01:07:57] - 고객리마인드 쿠폰
[2017-04-29 01:07:57] - 고객리마인드 적립금
[2017-04-29 01:07:57] - 고객리마인드 장바구니
[2017-04-29 01:07:57] - 고객리마인드 회원등급
[2017-04-29 01:07:57] - 고객리마인드 타임세일
[2017-04-29 01:07:57] - 고객리마인드 후기
[2017-04-29 01:07:57] - 고객리마인드 생일
[2017-04-29 01:07:57] - 고객리마인드 기념일
[2017-04-29 01:07:57] - 미입금 시 입금요청내용 문자발송
[2017-04-29 01:07:57] - 집계테이블 생성
[2017-04-29 01:07:57] - 유입경로 통계에 referer_domain 추가
[2017-04-29 01:07:57] - 오래된 파일 삭제
[2017-04-29 01:07:57] - 상품디스플레이 캐시 파일 삭제
[2017-04-29 01:07:57] - 플래시 캐시 파일 삭제
[2017-04-29 01:07:57] - 임시파일 삭제
[2017-04-29 01:07:58] - 사용 용량 업데이트
[2017-04-29 01:07:58] - 관리자 중요행위 알림 캐시파일 생성
[2017-04-29 01:07:58] - 휴면계정 고지 문자발송
[2017-04-29 01:08:01] - 상품 통계
[2017-04-30 00:11:03] - 입점마켓팅 다음EP 생성
[2017-04-30 00:11:03] - 입점마켓팅 네이버EP 2.0 생성
[2017-04-30 00:11:03] - 입점마켓팅 네이버EP 3.0 생성
[2017-04-30 00:11:03] - 입점마켓팅 리뷰EP 생성
[2017-04-30 01:08:09] - 회원 만료된 적립금 차감
[2017-04-30 01:08:09] - 회원 만료된 포인트 차감
[2017-04-30 01:08:09] - 쇼핑몰 분류 동기화
[2017-04-30 01:08:10] - 택배사 동기화
[2017-04-30 01:08:10] - 자동 주문 취소
[2017-04-30 01:08:10] - 장바구니 비우기
[2017-04-30 01:08:10] - 자동 구매확정
[2017-04-30 01:08:10] - 티켓상품 유효기간 체크 판매중지
[2017-04-30 01:08:10] - 티켓상품 자동 주문상태
[2017-04-30 01:08:10] - 통계데이터 삭제
[2017-04-30 01:08:10] - email log 삭제
[2017-04-30 01:08:10] - captcha 삭제
[2017-04-30 01:08:10] - naverpay 삭제
[2017-04-30 01:08:10] - 임시 필수옵션 및 추가구성옵션 데이터 삭제
[2017-04-30 01:08:10] - 배송지테이블 누락데이터 생성
[2017-04-30 01:08:10] - 회원정보다운로드데이터 삭제
[2017-04-30 01:08:10] - 할인혜택 금액 저장
[2017-04-30 01:08:10] - 굿스플로 배송정보처리
[2017-04-30 01:08:10] - 고객리마인드 쿠폰
[2017-04-30 01:08:10] - 고객리마인드 적립금
[2017-04-30 01:08:10] - 고객리마인드 장바구니
[2017-04-30 01:08:10] - 고객리마인드 회원등급
[2017-04-30 01:08:10] - 고객리마인드 타임세일
[2017-04-30 01:08:10] - 고객리마인드 후기
[2017-04-30 01:08:10] - 고객리마인드 생일
[2017-04-30 01:08:10] - 고객리마인드 기념일
[2017-04-30 01:08:10] - 미입금 시 입금요청내용 문자발송
[2017-04-30 01:08:10] - 집계테이블 생성
[2017-04-30 01:08:10] - 유입경로 통계에 referer_domain 추가
[2017-04-30 01:08:10] - 오래된 파일 삭제
[2017-04-30 01:08:10] - 상품디스플레이 캐시 파일 삭제
[2017-04-30 01:08:10] - 플래시 캐시 파일 삭제
[2017-04-30 01:08:10] - 임시파일 삭제
[2017-04-30 01:08:11] - 사용 용량 업데이트
[2017-04-30 01:08:11] - 관리자 중요행위 알림 캐시파일 생성
[2017-04-30 01:08:11] - 휴면계정 고지 문자발송
[2017-04-30 01:08:14] - 상품 통계
