[2017-01-01 00:10:59] - 입점마켓팅 다음EP 생성
[2017-01-01 00:10:59] - 입점마켓팅 네이버EP 2.0 생성
[2017-01-01 00:10:59] - 입점마켓팅 네이버EP 3.0 생성
[2017-01-01 00:10:59] - 입점마켓팅 리뷰EP 생성
[2017-01-01 01:05:27] - 회원 만료된 적립금 차감
[2017-01-01 01:05:27] - 회원 만료된 포인트 차감
[2017-01-01 01:05:27] - 쇼핑몰 분류 동기화
[2017-01-01 01:05:27] - 택배사 동기화
[2017-01-01 01:05:27] - 자동 주문 취소
[2017-01-01 01:05:27] - 장바구니 비우기
[2017-01-01 01:05:27] - 자동 구매확정
[2017-01-01 01:05:27] - 티켓상품 유효기간 체크 판매중지
[2017-01-01 01:05:27] - 티켓상품 자동 주문상태
[2017-01-01 01:05:27] - 통계데이터 삭제
[2017-01-01 01:05:27] - email log 삭제
[2017-01-01 01:05:27] - captcha 삭제
[2017-01-01 01:05:27] - naverpay 삭제
[2017-01-01 01:05:27] - 임시 필수옵션 및 추가구성옵션 데이터 삭제
[2017-01-01 01:05:27] - 배송지테이블 누락데이터 생성
[2017-01-01 01:05:27] - 회원정보다운로드데이터 삭제
[2017-01-01 01:05:27] - 할인혜택 금액 저장
[2017-01-01 01:05:27] - 회원 자동 등급
[2017-01-01 01:05:27] - 굿스플로 배송정보처리
[2017-01-01 01:05:27] - 고객리마인드 쿠폰
[2017-01-01 01:05:27] - 고객리마인드 적립금
[2017-01-01 01:05:27] - 고객리마인드 장바구니
[2017-01-01 01:05:27] - 고객리마인드 회원등급
[2017-01-01 01:05:27] - 고객리마인드 타임세일
[2017-01-01 01:05:27] - 고객리마인드 후기
[2017-01-01 01:05:27] - 고객리마인드 생일
[2017-01-01 01:05:27] - 고객리마인드 기념일
[2017-01-01 01:05:27] - 미입금 시 입금요청내용 문자발송
[2017-01-01 01:05:27] - 집계테이블 생성
[2017-01-01 01:05:27] - 유입경로 통계에 referer_domain 추가
[2017-01-01 01:05:27] - 오래된 파일 삭제
[2017-01-01 01:05:27] - 상품디스플레이 캐시 파일 삭제
[2017-01-01 01:05:27] - 플래시 캐시 파일 삭제
[2017-01-01 01:05:27] - 임시파일 삭제
[2017-01-01 01:05:27] - 사용 용량 업데이트
[2017-01-01 01:05:27] - 관리자 중요행위 알림 캐시파일 생성
[2017-01-01 01:05:28] - 이머니,포인트,적립금 통계 추가
[2017-01-01 01:05:28] - 휴면계정 고지 문자발송
[2017-01-01 01:05:30] - 상품 통계
[2017-01-02 00:10:59] - 입점마켓팅 다음EP 생성
[2017-01-02 00:10:59] - 입점마켓팅 네이버EP 2.0 생성
[2017-01-02 00:10:59] - 입점마켓팅 네이버EP 3.0 생성
[2017-01-02 00:10:59] - 입점마켓팅 리뷰EP 생성
[2017-01-02 01:05:13] - 회원 만료된 적립금 차감
[2017-01-02 01:05:13] - 회원 만료된 포인트 차감
[2017-01-02 01:05:13] - 쇼핑몰 분류 동기화
[2017-01-02 01:05:13] - 택배사 동기화
[2017-01-02 01:05:13] - 자동 주문 취소
[2017-01-02 01:05:13] - 장바구니 비우기
[2017-01-02 01:05:13] - 자동 구매확정
[2017-01-02 01:05:13] - 티켓상품 유효기간 체크 판매중지
[2017-01-02 01:05:13] - 티켓상품 자동 주문상태
[2017-01-02 01:05:13] - 통계데이터 삭제
[2017-01-02 01:05:13] - email log 삭제
[2017-01-02 01:05:13] - captcha 삭제
[2017-01-02 01:05:13] - naverpay 삭제
[2017-01-02 01:05:13] - 임시 필수옵션 및 추가구성옵션 데이터 삭제
[2017-01-02 01:05:13] - 배송지테이블 누락데이터 생성
[2017-01-02 01:05:13] - 회원정보다운로드데이터 삭제
[2017-01-02 01:05:13] - 할인혜택 금액 저장
[2017-01-02 01:05:13] - 굿스플로 배송정보처리
[2017-01-02 01:05:13] - 고객리마인드 쿠폰
[2017-01-02 01:05:13] - 고객리마인드 적립금
[2017-01-02 01:05:13] - 고객리마인드 장바구니
[2017-01-02 01:05:13] - 고객리마인드 회원등급
[2017-01-02 01:05:13] - 고객리마인드 타임세일
[2017-01-02 01:05:13] - 고객리마인드 후기
[2017-01-02 01:05:13] - 고객리마인드 생일
[2017-01-02 01:05:13] - 고객리마인드 기념일
[2017-01-02 01:05:13] - 미입금 시 입금요청내용 문자발송
[2017-01-02 01:05:13] - 집계테이블 생성
[2017-01-02 01:05:13] - 유입경로 통계에 referer_domain 추가
[2017-01-02 01:05:13] - 오래된 파일 삭제
[2017-01-02 01:05:13] - 상품디스플레이 캐시 파일 삭제
[2017-01-02 01:05:13] - 플래시 캐시 파일 삭제
[2017-01-02 01:05:13] - 임시파일 삭제
[2017-01-02 01:05:13] - 사용 용량 업데이트
[2017-01-02 01:05:13] - 관리자 중요행위 알림 캐시파일 생성
[2017-01-02 01:05:13] - 휴면계정 고지 문자발송
[2017-01-02 01:05:16] - 상품 통계
[2017-01-03 00:10:58] - 입점마켓팅 다음EP 생성
[2017-01-03 00:10:58] - 입점마켓팅 네이버EP 2.0 생성
[2017-01-03 00:10:58] - 입점마켓팅 네이버EP 3.0 생성
[2017-01-03 00:10:58] - 입점마켓팅 리뷰EP 생성
[2017-01-03 01:04:53] - 회원 만료된 적립금 차감
[2017-01-03 01:04:53] - 회원 만료된 포인트 차감
[2017-01-03 01:04:54] - 쇼핑몰 분류 동기화
[2017-01-03 01:04:54] - 택배사 동기화
[2017-01-03 01:04:54] - 자동 주문 취소
[2017-01-03 01:04:54] - 장바구니 비우기
[2017-01-03 01:04:54] - 자동 구매확정
[2017-01-03 01:04:54] - 티켓상품 유효기간 체크 판매중지
[2017-01-03 01:04:54] - 티켓상품 자동 주문상태
[2017-01-03 01:04:54] - 통계데이터 삭제
[2017-01-03 01:04:54] - email log 삭제
[2017-01-03 01:04:54] - captcha 삭제
[2017-01-03 01:04:54] - naverpay 삭제
[2017-01-03 01:04:54] - 임시 필수옵션 및 추가구성옵션 데이터 삭제
[2017-01-03 01:04:54] - 배송지테이블 누락데이터 생성
[2017-01-03 01:04:54] - 회원정보다운로드데이터 삭제
[2017-01-03 01:04:54] - 할인혜택 금액 저장
[2017-01-03 01:04:54] - 굿스플로 배송정보처리
[2017-01-03 01:04:54] - 고객리마인드 쿠폰
[2017-01-03 01:04:54] - 고객리마인드 적립금
[2017-01-03 01:04:54] - 고객리마인드 장바구니
[2017-01-03 01:04:54] - 고객리마인드 회원등급
[2017-01-03 01:04:54] - 고객리마인드 타임세일
[2017-01-03 01:04:54] - 고객리마인드 후기
[2017-01-03 01:04:54] - 고객리마인드 생일
[2017-01-03 01:04:54] - 고객리마인드 기념일
[2017-01-03 01:04:54] - 미입금 시 입금요청내용 문자발송
[2017-01-03 01:04:54] - 집계테이블 생성
[2017-01-03 01:04:54] - 유입경로 통계에 referer_domain 추가
[2017-01-03 01:04:54] - 오래된 파일 삭제
[2017-01-03 01:04:54] - 상품디스플레이 캐시 파일 삭제
[2017-01-03 01:04:54] - 플래시 캐시 파일 삭제
[2017-01-03 01:04:54] - 임시파일 삭제
[2017-01-03 01:04:55] - 사용 용량 업데이트
[2017-01-03 01:04:55] - 관리자 중요행위 알림 캐시파일 생성
[2017-01-03 01:04:55] - 휴면계정 고지 문자발송
[2017-01-03 01:04:57] - 상품 통계
[2017-01-04 00:10:59] - 입점마켓팅 다음EP 생성
[2017-01-04 00:10:59] - 입점마켓팅 네이버EP 2.0 생성
[2017-01-04 00:10:59] - 입점마켓팅 네이버EP 3.0 생성
[2017-01-04 00:10:59] - 입점마켓팅 리뷰EP 생성
[2017-01-04 01:05:12] - 회원 만료된 적립금 차감
[2017-01-04 01:05:12] - 회원 만료된 포인트 차감
[2017-01-04 01:05:12] - 쇼핑몰 분류 동기화
[2017-01-04 01:05:12] - 택배사 동기화
[2017-01-04 01:05:12] - 자동 주문 취소
[2017-01-04 01:05:12] - 장바구니 비우기
[2017-01-04 01:05:12] - 자동 구매확정
[2017-01-04 01:05:12] - 티켓상품 유효기간 체크 판매중지
[2017-01-04 01:05:12] - 티켓상품 자동 주문상태
[2017-01-04 01:05:12] - 통계데이터 삭제
[2017-01-04 01:05:12] - email log 삭제
[2017-01-04 01:05:12] - captcha 삭제
[2017-01-04 01:05:12] - naverpay 삭제
[2017-01-04 01:05:12] - 임시 필수옵션 및 추가구성옵션 데이터 삭제
[2017-01-04 01:05:12] - 배송지테이블 누락데이터 생성
[2017-01-04 01:05:12] - 회원정보다운로드데이터 삭제
[2017-01-04 01:05:12] - 할인혜택 금액 저장
[2017-01-04 01:05:12] - 굿스플로 배송정보처리
[2017-01-04 01:05:12] - 고객리마인드 쿠폰
[2017-01-04 01:05:12] - 고객리마인드 적립금
[2017-01-04 01:05:12] - 고객리마인드 장바구니
[2017-01-04 01:05:12] - 고객리마인드 회원등급
[2017-01-04 01:05:12] - 고객리마인드 타임세일
[2017-01-04 01:05:12] - 고객리마인드 후기
[2017-01-04 01:05:12] - 고객리마인드 생일
[2017-01-04 01:05:12] - 고객리마인드 기념일
[2017-01-04 01:05:12] - 미입금 시 입금요청내용 문자발송
[2017-01-04 01:05:12] - 집계테이블 생성
[2017-01-04 01:05:12] - 유입경로 통계에 referer_domain 추가
[2017-01-04 01:05:12] - 오래된 파일 삭제
[2017-01-04 01:05:12] - 상품디스플레이 캐시 파일 삭제
[2017-01-04 01:05:12] - 플래시 캐시 파일 삭제
[2017-01-04 01:05:12] - 임시파일 삭제
[2017-01-04 01:05:13] - 사용 용량 업데이트
[2017-01-04 01:05:13] - 관리자 중요행위 알림 캐시파일 생성
[2017-01-04 01:05:13] - 휴면계정 고지 문자발송
[2017-01-04 01:05:15] - 상품 통계
[2017-01-05 00:10:58] - 입점마켓팅 다음EP 생성
[2017-01-05 00:10:58] - 입점마켓팅 네이버EP 2.0 생성
[2017-01-05 00:10:58] - 입점마켓팅 네이버EP 3.0 생성
[2017-01-05 00:10:58] - 입점마켓팅 리뷰EP 생성
[2017-01-05 01:05:22] - 회원 만료된 적립금 차감
[2017-01-05 01:05:22] - 회원 만료된 포인트 차감
[2017-01-05 01:05:22] - 쇼핑몰 분류 동기화
[2017-01-05 01:05:22] - 택배사 동기화
[2017-01-05 01:05:22] - 자동 주문 취소
[2017-01-05 01:05:22] - 장바구니 비우기
[2017-01-05 01:05:22] - 자동 구매확정
[2017-01-05 01:05:22] - 티켓상품 유효기간 체크 판매중지
[2017-01-05 01:05:22] - 티켓상품 자동 주문상태
[2017-01-05 01:05:22] - 통계데이터 삭제
[2017-01-05 01:05:22] - email log 삭제
[2017-01-05 01:05:22] - captcha 삭제
[2017-01-05 01:05:22] - naverpay 삭제
[2017-01-05 01:05:22] - 임시 필수옵션 및 추가구성옵션 데이터 삭제
[2017-01-05 01:05:22] - 배송지테이블 누락데이터 생성
[2017-01-05 01:05:22] - 회원정보다운로드데이터 삭제
[2017-01-05 01:05:22] - 할인혜택 금액 저장
[2017-01-05 01:05:22] - 굿스플로 배송정보처리
[2017-01-05 01:05:22] - 고객리마인드 쿠폰
[2017-01-05 01:05:22] - 고객리마인드 적립금
[2017-01-05 01:05:22] - 고객리마인드 장바구니
[2017-01-05 01:05:22] - 고객리마인드 회원등급
[2017-01-05 01:05:22] - 고객리마인드 타임세일
[2017-01-05 01:05:22] - 고객리마인드 후기
[2017-01-05 01:05:22] - 고객리마인드 생일
[2017-01-05 01:05:22] - 고객리마인드 기념일
[2017-01-05 01:05:22] - 미입금 시 입금요청내용 문자발송
[2017-01-05 01:05:23] - 집계테이블 생성
[2017-01-05 01:05:23] - 유입경로 통계에 referer_domain 추가
[2017-01-05 01:05:23] - 오래된 파일 삭제
[2017-01-05 01:05:23] - 상품디스플레이 캐시 파일 삭제
[2017-01-05 01:05:23] - 플래시 캐시 파일 삭제
[2017-01-05 01:05:23] - 임시파일 삭제
[2017-01-05 01:05:24] - 사용 용량 업데이트
[2017-01-05 01:05:24] - 관리자 중요행위 알림 캐시파일 생성
[2017-01-05 01:05:24] - 휴면계정 고지 문자발송
[2017-01-05 01:05:27] - 상품 통계
[2017-01-06 00:10:59] - 입점마켓팅 다음EP 생성
[2017-01-06 00:10:59] - 입점마켓팅 네이버EP 2.0 생성
[2017-01-06 00:10:59] - 입점마켓팅 네이버EP 3.0 생성
[2017-01-06 00:10:59] - 입점마켓팅 리뷰EP 생성
[2017-01-06 01:05:16] - 회원 만료된 적립금 차감
[2017-01-06 01:05:16] - 회원 만료된 포인트 차감
[2017-01-06 01:05:16] - 쇼핑몰 분류 동기화
[2017-01-06 01:05:16] - 택배사 동기화
[2017-01-06 01:05:17] - 자동 주문 취소
[2017-01-06 01:05:17] - 장바구니 비우기
[2017-01-06 01:05:17] - 자동 구매확정
[2017-01-06 01:05:17] - 티켓상품 유효기간 체크 판매중지
[2017-01-06 01:05:17] - 티켓상품 자동 주문상태
[2017-01-06 01:05:17] - 통계데이터 삭제
[2017-01-06 01:05:17] - email log 삭제
[2017-01-06 01:05:17] - captcha 삭제
[2017-01-06 01:05:17] - naverpay 삭제
[2017-01-06 01:05:17] - 임시 필수옵션 및 추가구성옵션 데이터 삭제
[2017-01-06 01:05:17] - 배송지테이블 누락데이터 생성
[2017-01-06 01:05:17] - 회원정보다운로드데이터 삭제
[2017-01-06 01:05:17] - 할인혜택 금액 저장
[2017-01-06 01:05:17] - 굿스플로 배송정보처리
[2017-01-06 01:05:17] - 고객리마인드 쿠폰
[2017-01-06 01:05:17] - 고객리마인드 적립금
[2017-01-06 01:05:17] - 고객리마인드 장바구니
[2017-01-06 01:05:17] - 고객리마인드 회원등급
[2017-01-06 01:05:17] - 고객리마인드 타임세일
[2017-01-06 01:05:17] - 고객리마인드 후기
[2017-01-06 01:05:17] - 고객리마인드 생일
[2017-01-06 01:05:17] - 고객리마인드 기념일
[2017-01-06 01:05:17] - 미입금 시 입금요청내용 문자발송
[2017-01-06 01:05:17] - 집계테이블 생성
[2017-01-06 01:05:17] - 유입경로 통계에 referer_domain 추가
[2017-01-06 01:05:17] - 오래된 파일 삭제
[2017-01-06 01:05:17] - 상품디스플레이 캐시 파일 삭제
[2017-01-06 01:05:17] - 플래시 캐시 파일 삭제
[2017-01-06 01:05:17] - 임시파일 삭제
[2017-01-06 01:05:17] - 사용 용량 업데이트
[2017-01-06 01:05:17] - 관리자 중요행위 알림 캐시파일 생성
[2017-01-06 01:05:17] - 휴면계정 고지 문자발송
[2017-01-06 01:05:20] - 상품 통계
[2017-01-07 00:10:57] - 입점마켓팅 다음EP 생성
[2017-01-07 00:10:57] - 입점마켓팅 네이버EP 2.0 생성
[2017-01-07 00:10:57] - 입점마켓팅 네이버EP 3.0 생성
[2017-01-07 00:10:57] - 입점마켓팅 리뷰EP 생성
[2017-01-07 01:05:08] - 회원 만료된 적립금 차감
[2017-01-07 01:05:08] - 회원 만료된 포인트 차감
[2017-01-07 01:05:08] - 쇼핑몰 분류 동기화
[2017-01-07 01:05:08] - 택배사 동기화
[2017-01-07 01:05:09] - 자동 주문 취소
[2017-01-07 01:05:09] - 장바구니 비우기
[2017-01-07 01:05:09] - 자동 구매확정
[2017-01-07 01:05:09] - 티켓상품 유효기간 체크 판매중지
[2017-01-07 01:05:09] - 티켓상품 자동 주문상태
[2017-01-07 01:05:09] - 통계데이터 삭제
[2017-01-07 01:05:09] - email log 삭제
[2017-01-07 01:05:09] - captcha 삭제
[2017-01-07 01:05:09] - naverpay 삭제
[2017-01-07 01:05:09] - 임시 필수옵션 및 추가구성옵션 데이터 삭제
[2017-01-07 01:05:09] - 배송지테이블 누락데이터 생성
[2017-01-07 01:05:09] - 회원정보다운로드데이터 삭제
[2017-01-07 01:05:09] - 할인혜택 금액 저장
[2017-01-07 01:05:09] - 굿스플로 배송정보처리
[2017-01-07 01:05:09] - 고객리마인드 쿠폰
[2017-01-07 01:05:09] - 고객리마인드 적립금
[2017-01-07 01:05:09] - 고객리마인드 장바구니
[2017-01-07 01:05:09] - 고객리마인드 회원등급
[2017-01-07 01:05:09] - 고객리마인드 타임세일
[2017-01-07 01:05:09] - 고객리마인드 후기
[2017-01-07 01:05:09] - 고객리마인드 생일
[2017-01-07 01:05:09] - 고객리마인드 기념일
[2017-01-07 01:05:09] - 미입금 시 입금요청내용 문자발송
[2017-01-07 01:05:09] - 집계테이블 생성
[2017-01-07 01:05:09] - 유입경로 통계에 referer_domain 추가
[2017-01-07 01:05:09] - 오래된 파일 삭제
[2017-01-07 01:05:09] - 상품디스플레이 캐시 파일 삭제
[2017-01-07 01:05:09] - 플래시 캐시 파일 삭제
[2017-01-07 01:05:09] - 임시파일 삭제
[2017-01-07 01:05:09] - 사용 용량 업데이트
[2017-01-07 01:05:09] - 관리자 중요행위 알림 캐시파일 생성
[2017-01-07 01:05:09] - 휴면계정 고지 문자발송
[2017-01-07 01:05:12] - 상품 통계
[2017-01-08 00:10:59] - 입점마켓팅 다음EP 생성
[2017-01-08 00:10:59] - 입점마켓팅 네이버EP 2.0 생성
[2017-01-08 00:10:59] - 입점마켓팅 네이버EP 3.0 생성
[2017-01-08 00:10:59] - 입점마켓팅 리뷰EP 생성
[2017-01-08 01:05:05] - 회원 만료된 적립금 차감
[2017-01-08 01:05:05] - 회원 만료된 포인트 차감
[2017-01-08 01:05:05] - 쇼핑몰 분류 동기화
[2017-01-08 01:05:05] - 택배사 동기화
[2017-01-08 01:05:05] - 자동 주문 취소
[2017-01-08 01:05:05] - 장바구니 비우기
[2017-01-08 01:05:05] - 자동 구매확정
[2017-01-08 01:05:05] - 티켓상품 유효기간 체크 판매중지
[2017-01-08 01:05:05] - 티켓상품 자동 주문상태
[2017-01-08 01:05:05] - 통계데이터 삭제
[2017-01-08 01:05:05] - email log 삭제
[2017-01-08 01:05:05] - captcha 삭제
[2017-01-08 01:05:05] - naverpay 삭제
[2017-01-08 01:05:05] - 임시 필수옵션 및 추가구성옵션 데이터 삭제
[2017-01-08 01:05:05] - 배송지테이블 누락데이터 생성
[2017-01-08 01:05:05] - 회원정보다운로드데이터 삭제
[2017-01-08 01:05:06] - 할인혜택 금액 저장
[2017-01-08 01:05:06] - 굿스플로 배송정보처리
[2017-01-08 01:05:06] - 고객리마인드 쿠폰
[2017-01-08 01:05:06] - 고객리마인드 적립금
[2017-01-08 01:05:06] - 고객리마인드 장바구니
[2017-01-08 01:05:06] - 고객리마인드 회원등급
[2017-01-08 01:05:06] - 고객리마인드 타임세일
[2017-01-08 01:05:06] - 고객리마인드 후기
[2017-01-08 01:05:06] - 고객리마인드 생일
[2017-01-08 01:05:06] - 고객리마인드 기념일
[2017-01-08 01:05:06] - 미입금 시 입금요청내용 문자발송
[2017-01-08 01:05:06] - 집계테이블 생성
[2017-01-08 01:05:06] - 유입경로 통계에 referer_domain 추가
[2017-01-08 01:05:06] - 오래된 파일 삭제
[2017-01-08 01:05:06] - 상품디스플레이 캐시 파일 삭제
[2017-01-08 01:05:06] - 플래시 캐시 파일 삭제
[2017-01-08 01:05:06] - 임시파일 삭제
[2017-01-08 01:05:06] - 사용 용량 업데이트
[2017-01-08 01:05:06] - 관리자 중요행위 알림 캐시파일 생성
[2017-01-08 01:05:06] - 휴면계정 고지 문자발송
[2017-01-08 01:05:08] - 상품 통계
[2017-01-09 00:10:59] - 입점마켓팅 다음EP 생성
[2017-01-09 00:10:59] - 입점마켓팅 네이버EP 2.0 생성
[2017-01-09 00:10:59] - 입점마켓팅 네이버EP 3.0 생성
[2017-01-09 00:10:59] - 입점마켓팅 리뷰EP 생성
[2017-01-09 01:05:14] - 회원 만료된 적립금 차감
[2017-01-09 01:05:14] - 회원 만료된 포인트 차감
[2017-01-09 01:05:14] - 쇼핑몰 분류 동기화
[2017-01-09 01:05:14] - 택배사 동기화
[2017-01-09 01:05:14] - 자동 주문 취소
[2017-01-09 01:05:14] - 장바구니 비우기
[2017-01-09 01:05:14] - 자동 구매확정
[2017-01-09 01:05:14] - 티켓상품 유효기간 체크 판매중지
[2017-01-09 01:05:14] - 티켓상품 자동 주문상태
[2017-01-09 01:05:14] - 통계데이터 삭제
[2017-01-09 01:05:14] - email log 삭제
[2017-01-09 01:05:14] - captcha 삭제
[2017-01-09 01:05:14] - naverpay 삭제
[2017-01-09 01:05:15] - 임시 필수옵션 및 추가구성옵션 데이터 삭제
[2017-01-09 01:05:15] - 배송지테이블 누락데이터 생성
[2017-01-09 01:05:15] - 회원정보다운로드데이터 삭제
[2017-01-09 01:05:15] - 할인혜택 금액 저장
[2017-01-09 01:05:15] - 굿스플로 배송정보처리
[2017-01-09 01:05:15] - 고객리마인드 쿠폰
[2017-01-09 01:05:15] - 고객리마인드 적립금
[2017-01-09 01:05:15] - 고객리마인드 장바구니
[2017-01-09 01:05:15] - 고객리마인드 회원등급
[2017-01-09 01:05:15] - 고객리마인드 타임세일
[2017-01-09 01:05:15] - 고객리마인드 후기
[2017-01-09 01:05:15] - 고객리마인드 생일
[2017-01-09 01:05:15] - 고객리마인드 기념일
[2017-01-09 01:05:15] - 미입금 시 입금요청내용 문자발송
[2017-01-09 01:05:15] - 집계테이블 생성
[2017-01-09 01:05:15] - 유입경로 통계에 referer_domain 추가
[2017-01-09 01:05:15] - 오래된 파일 삭제
[2017-01-09 01:05:15] - 상품디스플레이 캐시 파일 삭제
[2017-01-09 01:05:15] - 플래시 캐시 파일 삭제
[2017-01-09 01:05:15] - 임시파일 삭제
[2017-01-09 01:05:15] - 사용 용량 업데이트
[2017-01-09 01:05:15] - 관리자 중요행위 알림 캐시파일 생성
[2017-01-09 01:05:15] - 휴면계정 고지 문자발송
[2017-01-09 01:05:18] - 상품 통계
[2017-01-10 00:10:59] - 입점마켓팅 다음EP 생성
[2017-01-10 00:10:59] - 입점마켓팅 네이버EP 2.0 생성
[2017-01-10 00:10:59] - 입점마켓팅 네이버EP 3.0 생성
[2017-01-10 00:10:59] - 입점마켓팅 리뷰EP 생성
[2017-01-10 01:05:17] - 회원 만료된 적립금 차감
[2017-01-10 01:05:17] - 회원 만료된 포인트 차감
[2017-01-10 01:05:17] - 쇼핑몰 분류 동기화
[2017-01-10 01:05:17] - 택배사 동기화
[2017-01-10 01:05:17] - 자동 주문 취소
[2017-01-10 01:05:17] - 장바구니 비우기
[2017-01-10 01:05:17] - 자동 구매확정
[2017-01-10 01:05:17] - 티켓상품 유효기간 체크 판매중지
[2017-01-10 01:05:17] - 티켓상품 자동 주문상태
[2017-01-10 01:05:17] - 통계데이터 삭제
[2017-01-10 01:05:17] - email log 삭제
[2017-01-10 01:05:17] - captcha 삭제
[2017-01-10 01:05:17] - naverpay 삭제
[2017-01-10 01:05:17] - 임시 필수옵션 및 추가구성옵션 데이터 삭제
[2017-01-10 01:05:17] - 배송지테이블 누락데이터 생성
[2017-01-10 01:05:17] - 회원정보다운로드데이터 삭제
[2017-01-10 01:05:18] - 할인혜택 금액 저장
[2017-01-10 01:05:18] - 굿스플로 배송정보처리
[2017-01-10 01:05:18] - 고객리마인드 쿠폰
[2017-01-10 01:05:18] - 고객리마인드 적립금
[2017-01-10 01:05:18] - 고객리마인드 장바구니
[2017-01-10 01:05:18] - 고객리마인드 회원등급
[2017-01-10 01:05:18] - 고객리마인드 타임세일
[2017-01-10 01:05:18] - 고객리마인드 후기
[2017-01-10 01:05:18] - 고객리마인드 생일
[2017-01-10 01:05:18] - 고객리마인드 기념일
[2017-01-10 01:05:18] - 미입금 시 입금요청내용 문자발송
[2017-01-10 01:05:18] - 집계테이블 생성
[2017-01-10 01:05:18] - 유입경로 통계에 referer_domain 추가
[2017-01-10 01:05:18] - 오래된 파일 삭제
[2017-01-10 01:05:18] - 상품디스플레이 캐시 파일 삭제
[2017-01-10 01:05:18] - 플래시 캐시 파일 삭제
[2017-01-10 01:05:18] - 임시파일 삭제
[2017-01-10 01:05:19] - 사용 용량 업데이트
[2017-01-10 01:05:19] - 관리자 중요행위 알림 캐시파일 생성
[2017-01-10 01:05:19] - 휴면계정 고지 문자발송
[2017-01-10 01:05:21] - 상품 통계
[2017-01-11 00:10:58] - 입점마켓팅 다음EP 생성
[2017-01-11 00:10:58] - 입점마켓팅 네이버EP 2.0 생성
[2017-01-11 00:10:58] - 입점마켓팅 네이버EP 3.0 생성
[2017-01-11 00:10:58] - 입점마켓팅 리뷰EP 생성
[2017-01-11 01:05:22] - 회원 만료된 적립금 차감
[2017-01-11 01:05:22] - 회원 만료된 포인트 차감
[2017-01-11 01:05:23] - 쇼핑몰 분류 동기화
[2017-01-11 01:05:23] - 택배사 동기화
[2017-01-11 01:05:23] - 자동 주문 취소
[2017-01-11 01:05:23] - 장바구니 비우기
[2017-01-11 01:05:23] - 자동 구매확정
[2017-01-11 01:05:23] - 티켓상품 유효기간 체크 판매중지
[2017-01-11 01:05:23] - 티켓상품 자동 주문상태
[2017-01-11 01:05:23] - 통계데이터 삭제
[2017-01-11 01:05:23] - email log 삭제
[2017-01-11 01:05:23] - captcha 삭제
[2017-01-11 01:05:23] - naverpay 삭제
[2017-01-11 01:05:23] - 임시 필수옵션 및 추가구성옵션 데이터 삭제
[2017-01-11 01:05:23] - 배송지테이블 누락데이터 생성
[2017-01-11 01:05:23] - 회원정보다운로드데이터 삭제
[2017-01-11 01:05:23] - 할인혜택 금액 저장
[2017-01-11 01:05:23] - 굿스플로 배송정보처리
[2017-01-11 01:05:23] - 고객리마인드 쿠폰
[2017-01-11 01:05:23] - 고객리마인드 적립금
[2017-01-11 01:05:23] - 고객리마인드 장바구니
[2017-01-11 01:05:23] - 고객리마인드 회원등급
[2017-01-11 01:05:23] - 고객리마인드 타임세일
[2017-01-11 01:05:23] - 고객리마인드 후기
[2017-01-11 01:05:23] - 고객리마인드 생일
[2017-01-11 01:05:23] - 고객리마인드 기념일
[2017-01-11 01:05:23] - 미입금 시 입금요청내용 문자발송
[2017-01-11 01:05:23] - 집계테이블 생성
[2017-01-11 01:05:23] - 유입경로 통계에 referer_domain 추가
[2017-01-11 01:05:23] - 오래된 파일 삭제
[2017-01-11 01:05:23] - 상품디스플레이 캐시 파일 삭제
[2017-01-11 01:05:23] - 플래시 캐시 파일 삭제
[2017-01-11 01:05:23] - 임시파일 삭제
[2017-01-11 01:05:23] - 사용 용량 업데이트
[2017-01-11 01:05:23] - 관리자 중요행위 알림 캐시파일 생성
[2017-01-11 01:05:23] - 휴면계정 고지 문자발송
[2017-01-11 01:05:26] - 상품 통계
[2017-01-12 00:10:57] - 입점마켓팅 다음EP 생성
[2017-01-12 00:10:57] - 입점마켓팅 네이버EP 2.0 생성
[2017-01-12 00:10:57] - 입점마켓팅 네이버EP 3.0 생성
[2017-01-12 00:10:57] - 입점마켓팅 리뷰EP 생성
[2017-01-12 01:05:17] - 회원 만료된 적립금 차감
[2017-01-12 01:05:17] - 회원 만료된 포인트 차감
[2017-01-12 01:05:17] - 쇼핑몰 분류 동기화
[2017-01-12 01:05:17] - 택배사 동기화
[2017-01-12 01:05:17] - 자동 주문 취소
[2017-01-12 01:05:17] - 장바구니 비우기
[2017-01-12 01:05:17] - 자동 구매확정
[2017-01-12 01:05:17] - 티켓상품 유효기간 체크 판매중지
[2017-01-12 01:05:17] - 티켓상품 자동 주문상태
[2017-01-12 01:05:17] - 통계데이터 삭제
[2017-01-12 01:05:17] - email log 삭제
[2017-01-12 01:05:17] - captcha 삭제
[2017-01-12 01:05:17] - naverpay 삭제
[2017-01-12 01:05:17] - 임시 필수옵션 및 추가구성옵션 데이터 삭제
[2017-01-12 01:05:17] - 배송지테이블 누락데이터 생성
[2017-01-12 01:05:17] - 회원정보다운로드데이터 삭제
[2017-01-12 01:05:17] - 할인혜택 금액 저장
[2017-01-12 01:05:17] - 굿스플로 배송정보처리
[2017-01-12 01:05:17] - 고객리마인드 쿠폰
[2017-01-12 01:05:17] - 고객리마인드 적립금
[2017-01-12 01:05:17] - 고객리마인드 장바구니
[2017-01-12 01:05:17] - 고객리마인드 회원등급
[2017-01-12 01:05:17] - 고객리마인드 타임세일
[2017-01-12 01:05:17] - 고객리마인드 후기
[2017-01-12 01:05:17] - 고객리마인드 생일
[2017-01-12 01:05:17] - 고객리마인드 기념일
[2017-01-12 01:05:17] - 미입금 시 입금요청내용 문자발송
[2017-01-12 01:05:17] - 집계테이블 생성
[2017-01-12 01:05:17] - 유입경로 통계에 referer_domain 추가
[2017-01-12 01:05:17] - 오래된 파일 삭제
[2017-01-12 01:05:17] - 상품디스플레이 캐시 파일 삭제
[2017-01-12 01:05:17] - 플래시 캐시 파일 삭제
[2017-01-12 01:05:17] - 임시파일 삭제
[2017-01-12 01:05:18] - 사용 용량 업데이트
[2017-01-12 01:05:18] - 관리자 중요행위 알림 캐시파일 생성
[2017-01-12 01:05:18] - 휴면계정 고지 문자발송
[2017-01-12 01:05:20] - 상품 통계
[2017-01-13 00:10:59] - 입점마켓팅 다음EP 생성
[2017-01-13 00:10:59] - 입점마켓팅 네이버EP 2.0 생성
[2017-01-13 00:10:59] - 입점마켓팅 네이버EP 3.0 생성
[2017-01-13 00:10:59] - 입점마켓팅 리뷰EP 생성
[2017-01-13 01:05:19] - 회원 만료된 적립금 차감
[2017-01-13 01:05:19] - 회원 만료된 포인트 차감
[2017-01-13 01:05:19] - 쇼핑몰 분류 동기화
[2017-01-13 01:05:19] - 택배사 동기화
[2017-01-13 01:05:19] - 자동 주문 취소
[2017-01-13 01:05:19] - 장바구니 비우기
[2017-01-13 01:05:19] - 자동 구매확정
[2017-01-13 01:05:19] - 티켓상품 유효기간 체크 판매중지
[2017-01-13 01:05:19] - 티켓상품 자동 주문상태
[2017-01-13 01:05:19] - 통계데이터 삭제
[2017-01-13 01:05:19] - email log 삭제
[2017-01-13 01:05:19] - captcha 삭제
[2017-01-13 01:05:19] - naverpay 삭제
[2017-01-13 01:05:19] - 임시 필수옵션 및 추가구성옵션 데이터 삭제
[2017-01-13 01:05:19] - 배송지테이블 누락데이터 생성
[2017-01-13 01:05:19] - 회원정보다운로드데이터 삭제
[2017-01-13 01:05:19] - 할인혜택 금액 저장
[2017-01-13 01:05:19] - 굿스플로 배송정보처리
[2017-01-13 01:05:19] - 고객리마인드 쿠폰
[2017-01-13 01:05:19] - 고객리마인드 적립금
[2017-01-13 01:05:19] - 고객리마인드 장바구니
[2017-01-13 01:05:19] - 고객리마인드 회원등급
[2017-01-13 01:05:19] - 고객리마인드 타임세일
[2017-01-13 01:05:19] - 고객리마인드 후기
[2017-01-13 01:05:19] - 고객리마인드 생일
[2017-01-13 01:05:19] - 고객리마인드 기념일
[2017-01-13 01:05:19] - 미입금 시 입금요청내용 문자발송
[2017-01-13 01:05:19] - 집계테이블 생성
[2017-01-13 01:05:19] - 유입경로 통계에 referer_domain 추가
[2017-01-13 01:05:19] - 오래된 파일 삭제
[2017-01-13 01:05:19] - 상품디스플레이 캐시 파일 삭제
[2017-01-13 01:05:19] - 플래시 캐시 파일 삭제
[2017-01-13 01:05:19] - 임시파일 삭제
[2017-01-13 01:05:20] - 사용 용량 업데이트
[2017-01-13 01:05:20] - 관리자 중요행위 알림 캐시파일 생성
[2017-01-13 01:05:20] - 휴면계정 고지 문자발송
[2017-01-13 01:05:23] - 상품 통계
[2017-01-14 00:10:59] - 입점마켓팅 다음EP 생성
[2017-01-14 00:10:59] - 입점마켓팅 네이버EP 2.0 생성
[2017-01-14 00:10:59] - 입점마켓팅 네이버EP 3.0 생성
[2017-01-14 00:10:59] - 입점마켓팅 리뷰EP 생성
[2017-01-14 01:05:22] - 회원 만료된 적립금 차감
[2017-01-14 01:05:22] - 회원 만료된 포인트 차감
[2017-01-14 01:05:22] - 쇼핑몰 분류 동기화
[2017-01-14 01:05:22] - 택배사 동기화
[2017-01-14 01:05:22] - 자동 주문 취소
[2017-01-14 01:05:22] - 장바구니 비우기
[2017-01-14 01:05:22] - 자동 구매확정
[2017-01-14 01:05:22] - 티켓상품 유효기간 체크 판매중지
[2017-01-14 01:05:22] - 티켓상품 자동 주문상태
[2017-01-14 01:05:22] - 통계데이터 삭제
[2017-01-14 01:05:22] - email log 삭제
[2017-01-14 01:05:22] - captcha 삭제
[2017-01-14 01:05:22] - naverpay 삭제
[2017-01-14 01:05:22] - 임시 필수옵션 및 추가구성옵션 데이터 삭제
[2017-01-14 01:05:23] - 배송지테이블 누락데이터 생성
[2017-01-14 01:05:23] - 회원정보다운로드데이터 삭제
[2017-01-14 01:05:23] - 할인혜택 금액 저장
[2017-01-14 01:05:23] - 굿스플로 배송정보처리
[2017-01-14 01:05:23] - 고객리마인드 쿠폰
[2017-01-14 01:05:23] - 고객리마인드 적립금
[2017-01-14 01:05:23] - 고객리마인드 장바구니
[2017-01-14 01:05:23] - 고객리마인드 회원등급
[2017-01-14 01:05:23] - 고객리마인드 타임세일
[2017-01-14 01:05:23] - 고객리마인드 후기
[2017-01-14 01:05:23] - 고객리마인드 생일
[2017-01-14 01:05:23] - 고객리마인드 기념일
[2017-01-14 01:05:23] - 미입금 시 입금요청내용 문자발송
[2017-01-14 01:05:23] - 집계테이블 생성
[2017-01-14 01:05:23] - 유입경로 통계에 referer_domain 추가
[2017-01-14 01:05:23] - 오래된 파일 삭제
[2017-01-14 01:05:23] - 상품디스플레이 캐시 파일 삭제
[2017-01-14 01:05:23] - 플래시 캐시 파일 삭제
[2017-01-14 01:05:23] - 임시파일 삭제
[2017-01-14 01:05:23] - 사용 용량 업데이트
[2017-01-14 01:05:23] - 관리자 중요행위 알림 캐시파일 생성
[2017-01-14 01:05:24] - 휴면계정 고지 문자발송
[2017-01-14 01:05:26] - 상품 통계
[2017-01-15 00:10:58] - 입점마켓팅 다음EP 생성
[2017-01-15 00:10:58] - 입점마켓팅 네이버EP 2.0 생성
[2017-01-15 00:10:58] - 입점마켓팅 네이버EP 3.0 생성
[2017-01-15 00:10:58] - 입점마켓팅 리뷰EP 생성
[2017-01-15 01:05:15] - 회원 만료된 적립금 차감
[2017-01-15 01:05:16] - 회원 만료된 포인트 차감
[2017-01-15 01:05:16] - 쇼핑몰 분류 동기화
[2017-01-15 01:05:16] - 택배사 동기화
[2017-01-15 01:05:16] - 자동 주문 취소
[2017-01-15 01:05:16] - 장바구니 비우기
[2017-01-15 01:05:16] - 자동 구매확정
[2017-01-15 01:05:16] - 티켓상품 유효기간 체크 판매중지
[2017-01-15 01:05:16] - 티켓상품 자동 주문상태
[2017-01-15 01:05:16] - 통계데이터 삭제
[2017-01-15 01:05:16] - email log 삭제
[2017-01-15 01:05:16] - captcha 삭제
[2017-01-15 01:05:16] - naverpay 삭제
[2017-01-15 01:05:16] - 임시 필수옵션 및 추가구성옵션 데이터 삭제
[2017-01-15 01:05:16] - 배송지테이블 누락데이터 생성
[2017-01-15 01:05:16] - 회원정보다운로드데이터 삭제
[2017-01-15 01:05:16] - 할인혜택 금액 저장
[2017-01-15 01:05:16] - 회원 자동 등급
[2017-01-15 01:05:16] - 굿스플로 배송정보처리
[2017-01-15 01:05:16] - 고객리마인드 쿠폰
[2017-01-15 01:05:16] - 고객리마인드 적립금
[2017-01-15 01:05:16] - 고객리마인드 장바구니
[2017-01-15 01:05:16] - 고객리마인드 회원등급
[2017-01-15 01:05:16] - 고객리마인드 타임세일
[2017-01-15 01:05:16] - 고객리마인드 후기
[2017-01-15 01:05:16] - 고객리마인드 생일
[2017-01-15 01:05:16] - 고객리마인드 기념일
[2017-01-15 01:05:16] - 미입금 시 입금요청내용 문자발송
[2017-01-15 01:05:16] - 집계테이블 생성
[2017-01-15 01:05:16] - 유입경로 통계에 referer_domain 추가
[2017-01-15 01:05:16] - 오래된 파일 삭제
[2017-01-15 01:05:16] - 상품디스플레이 캐시 파일 삭제
[2017-01-15 01:05:16] - 플래시 캐시 파일 삭제
[2017-01-15 01:05:16] - 임시파일 삭제
[2017-01-15 01:05:16] - 사용 용량 업데이트
[2017-01-15 01:05:16] - 관리자 중요행위 알림 캐시파일 생성
[2017-01-15 01:05:17] - 휴면계정 고지 문자발송
[2017-01-15 01:05:19] - 상품 통계
[2017-01-16 00:11:00] - 입점마켓팅 다음EP 생성
[2017-01-16 00:11:00] - 입점마켓팅 네이버EP 2.0 생성
[2017-01-16 00:11:00] - 입점마켓팅 네이버EP 3.0 생성
[2017-01-16 00:11:00] - 입점마켓팅 리뷰EP 생성
[2017-01-16 01:05:13] - 회원 만료된 적립금 차감
[2017-01-16 01:05:13] - 회원 만료된 포인트 차감
[2017-01-16 01:05:13] - 쇼핑몰 분류 동기화
[2017-01-16 01:05:13] - 택배사 동기화
[2017-01-16 01:05:13] - 자동 주문 취소
[2017-01-16 01:05:13] - 장바구니 비우기
[2017-01-16 01:05:13] - 자동 구매확정
[2017-01-16 01:05:13] - 티켓상품 유효기간 체크 판매중지
[2017-01-16 01:05:13] - 티켓상품 자동 주문상태
[2017-01-16 01:05:13] - 통계데이터 삭제
[2017-01-16 01:05:13] - email log 삭제
[2017-01-16 01:05:13] - captcha 삭제
[2017-01-16 01:05:13] - naverpay 삭제
[2017-01-16 01:05:13] - 임시 필수옵션 및 추가구성옵션 데이터 삭제
[2017-01-16 01:05:13] - 배송지테이블 누락데이터 생성
[2017-01-16 01:05:13] - 회원정보다운로드데이터 삭제
[2017-01-16 01:05:13] - 할인혜택 금액 저장
[2017-01-16 01:05:13] - 굿스플로 배송정보처리
[2017-01-16 01:05:13] - 고객리마인드 쿠폰
[2017-01-16 01:05:13] - 고객리마인드 적립금
[2017-01-16 01:05:13] - 고객리마인드 장바구니
[2017-01-16 01:05:13] - 고객리마인드 회원등급
[2017-01-16 01:05:13] - 고객리마인드 타임세일
[2017-01-16 01:05:13] - 고객리마인드 후기
[2017-01-16 01:05:13] - 고객리마인드 생일
[2017-01-16 01:05:13] - 고객리마인드 기념일
[2017-01-16 01:05:13] - 미입금 시 입금요청내용 문자발송
[2017-01-16 01:05:13] - 집계테이블 생성
[2017-01-16 01:05:13] - 유입경로 통계에 referer_domain 추가
[2017-01-16 01:05:13] - 오래된 파일 삭제
[2017-01-16 01:05:13] - 상품디스플레이 캐시 파일 삭제
[2017-01-16 01:05:13] - 플래시 캐시 파일 삭제
[2017-01-16 01:05:13] - 임시파일 삭제
[2017-01-16 01:05:14] - 사용 용량 업데이트
[2017-01-16 01:05:14] - 관리자 중요행위 알림 캐시파일 생성
[2017-01-16 01:05:14] - 휴면계정 고지 문자발송
[2017-01-16 01:05:17] - 상품 통계
[2017-01-17 00:11:00] - 입점마켓팅 다음EP 생성
[2017-01-17 00:11:00] - 입점마켓팅 네이버EP 2.0 생성
[2017-01-17 00:11:00] - 입점마켓팅 네이버EP 3.0 생성
[2017-01-17 00:11:00] - 입점마켓팅 리뷰EP 생성
[2017-01-17 01:05:17] - 회원 만료된 적립금 차감
[2017-01-17 01:05:17] - 회원 만료된 포인트 차감
[2017-01-17 01:05:17] - 쇼핑몰 분류 동기화
[2017-01-17 01:05:17] - 택배사 동기화
[2017-01-17 01:05:17] - 자동 주문 취소
[2017-01-17 01:05:17] - 장바구니 비우기
[2017-01-17 01:05:17] - 자동 구매확정
[2017-01-17 01:05:17] - 티켓상품 유효기간 체크 판매중지
[2017-01-17 01:05:17] - 티켓상품 자동 주문상태
[2017-01-17 01:05:17] - 통계데이터 삭제
[2017-01-17 01:05:17] - email log 삭제
[2017-01-17 01:05:17] - captcha 삭제
[2017-01-17 01:05:17] - naverpay 삭제
[2017-01-17 01:05:17] - 임시 필수옵션 및 추가구성옵션 데이터 삭제
[2017-01-17 01:05:17] - 배송지테이블 누락데이터 생성
[2017-01-17 01:05:17] - 회원정보다운로드데이터 삭제
[2017-01-17 01:05:17] - 할인혜택 금액 저장
[2017-01-17 01:05:17] - 굿스플로 배송정보처리
[2017-01-17 01:05:17] - 고객리마인드 쿠폰
[2017-01-17 01:05:17] - 고객리마인드 적립금
[2017-01-17 01:05:17] - 고객리마인드 장바구니
[2017-01-17 01:05:17] - 고객리마인드 회원등급
[2017-01-17 01:05:17] - 고객리마인드 타임세일
[2017-01-17 01:05:17] - 고객리마인드 후기
[2017-01-17 01:05:17] - 고객리마인드 생일
[2017-01-17 01:05:17] - 고객리마인드 기념일
[2017-01-17 01:05:17] - 미입금 시 입금요청내용 문자발송
[2017-01-17 01:05:17] - 집계테이블 생성
[2017-01-17 01:05:17] - 유입경로 통계에 referer_domain 추가
[2017-01-17 01:05:17] - 오래된 파일 삭제
[2017-01-17 01:05:17] - 상품디스플레이 캐시 파일 삭제
[2017-01-17 01:05:17] - 플래시 캐시 파일 삭제
[2017-01-17 01:05:17] - 임시파일 삭제
[2017-01-17 01:05:18] - 사용 용량 업데이트
[2017-01-17 01:05:18] - 관리자 중요행위 알림 캐시파일 생성
[2017-01-17 01:05:18] - 휴면계정 고지 문자발송
[2017-01-17 01:05:21] - 상품 통계
[2017-01-18 00:11:00] - 입점마켓팅 다음EP 생성
[2017-01-18 00:11:00] - 입점마켓팅 네이버EP 2.0 생성
[2017-01-18 00:11:00] - 입점마켓팅 네이버EP 3.0 생성
[2017-01-18 00:11:00] - 입점마켓팅 리뷰EP 생성
[2017-01-18 01:05:26] - 회원 만료된 적립금 차감
[2017-01-18 01:05:26] - 회원 만료된 포인트 차감
[2017-01-18 01:05:26] - 쇼핑몰 분류 동기화
[2017-01-18 01:05:26] - 택배사 동기화
[2017-01-18 01:05:27] - 자동 주문 취소
[2017-01-18 01:05:27] - 장바구니 비우기
[2017-01-18 01:05:27] - 자동 구매확정
[2017-01-18 01:05:27] - 티켓상품 유효기간 체크 판매중지
[2017-01-18 01:05:27] - 티켓상품 자동 주문상태
[2017-01-18 01:05:27] - 통계데이터 삭제
[2017-01-18 01:05:27] - email log 삭제
[2017-01-18 01:05:27] - captcha 삭제
[2017-01-18 01:05:27] - naverpay 삭제
[2017-01-18 01:05:27] - 임시 필수옵션 및 추가구성옵션 데이터 삭제
[2017-01-18 01:05:27] - 배송지테이블 누락데이터 생성
[2017-01-18 01:05:27] - 회원정보다운로드데이터 삭제
[2017-01-18 01:05:27] - 할인혜택 금액 저장
[2017-01-18 01:05:27] - 굿스플로 배송정보처리
[2017-01-18 01:05:27] - 고객리마인드 쿠폰
[2017-01-18 01:05:27] - 고객리마인드 적립금
[2017-01-18 01:05:27] - 고객리마인드 장바구니
[2017-01-18 01:05:27] - 고객리마인드 회원등급
[2017-01-18 01:05:27] - 고객리마인드 타임세일
[2017-01-18 01:05:27] - 고객리마인드 후기
[2017-01-18 01:05:27] - 고객리마인드 생일
[2017-01-18 01:05:27] - 고객리마인드 기념일
[2017-01-18 01:05:27] - 미입금 시 입금요청내용 문자발송
[2017-01-18 01:05:27] - 집계테이블 생성
[2017-01-18 01:05:27] - 유입경로 통계에 referer_domain 추가
[2017-01-18 01:05:27] - 오래된 파일 삭제
[2017-01-18 01:05:27] - 상품디스플레이 캐시 파일 삭제
[2017-01-18 01:05:27] - 플래시 캐시 파일 삭제
[2017-01-18 01:05:27] - 임시파일 삭제
[2017-01-18 01:05:27] - 사용 용량 업데이트
[2017-01-18 01:05:27] - 관리자 중요행위 알림 캐시파일 생성
[2017-01-18 01:05:27] - 휴면계정 고지 문자발송
[2017-01-18 01:05:30] - 상품 통계
[2017-01-19 00:11:00] - 입점마켓팅 다음EP 생성
[2017-01-19 00:11:00] - 입점마켓팅 네이버EP 2.0 생성
[2017-01-19 00:11:00] - 입점마켓팅 네이버EP 3.0 생성
[2017-01-19 00:11:00] - 입점마켓팅 리뷰EP 생성
[2017-01-19 01:05:35] - 회원 만료된 적립금 차감
[2017-01-19 01:05:35] - 회원 만료된 포인트 차감
[2017-01-19 01:05:35] - 쇼핑몰 분류 동기화
[2017-01-19 01:05:35] - 택배사 동기화
[2017-01-19 01:05:35] - 자동 주문 취소
[2017-01-19 01:05:35] - 장바구니 비우기
[2017-01-19 01:05:35] - 자동 구매확정
[2017-01-19 01:05:35] - 티켓상품 유효기간 체크 판매중지
[2017-01-19 01:05:35] - 티켓상품 자동 주문상태
[2017-01-19 01:05:35] - 통계데이터 삭제
[2017-01-19 01:05:35] - email log 삭제
[2017-01-19 01:05:35] - captcha 삭제
[2017-01-19 01:05:35] - naverpay 삭제
[2017-01-19 01:05:35] - 임시 필수옵션 및 추가구성옵션 데이터 삭제
[2017-01-19 01:05:35] - 배송지테이블 누락데이터 생성
[2017-01-19 01:05:35] - 회원정보다운로드데이터 삭제
[2017-01-19 01:05:35] - 할인혜택 금액 저장
[2017-01-19 01:05:35] - 굿스플로 배송정보처리
[2017-01-19 01:05:35] - 고객리마인드 쿠폰
[2017-01-19 01:05:35] - 고객리마인드 적립금
[2017-01-19 01:05:35] - 고객리마인드 장바구니
[2017-01-19 01:05:35] - 고객리마인드 회원등급
[2017-01-19 01:05:35] - 고객리마인드 타임세일
[2017-01-19 01:05:35] - 고객리마인드 후기
[2017-01-19 01:05:35] - 고객리마인드 생일
[2017-01-19 01:05:35] - 고객리마인드 기념일
[2017-01-19 01:05:35] - 미입금 시 입금요청내용 문자발송
[2017-01-19 01:05:35] - 집계테이블 생성
[2017-01-19 01:05:35] - 유입경로 통계에 referer_domain 추가
[2017-01-19 01:05:35] - 오래된 파일 삭제
[2017-01-19 01:05:35] - 상품디스플레이 캐시 파일 삭제
[2017-01-19 01:05:35] - 플래시 캐시 파일 삭제
[2017-01-19 01:05:35] - 임시파일 삭제
[2017-01-19 01:05:36] - 사용 용량 업데이트
[2017-01-19 01:05:36] - 관리자 중요행위 알림 캐시파일 생성
[2017-01-19 01:05:36] - 휴면계정 고지 문자발송
[2017-01-19 01:05:39] - 상품 통계
[2017-01-20 00:11:01] - 입점마켓팅 다음EP 생성
[2017-01-20 00:11:01] - 입점마켓팅 네이버EP 2.0 생성
[2017-01-20 00:11:01] - 입점마켓팅 네이버EP 3.0 생성
[2017-01-20 00:11:01] - 입점마켓팅 리뷰EP 생성
[2017-01-20 01:05:48] - 회원 만료된 적립금 차감
[2017-01-20 01:05:48] - 회원 만료된 포인트 차감
[2017-01-20 01:05:48] - 쇼핑몰 분류 동기화
[2017-01-20 01:05:48] - 택배사 동기화
[2017-01-20 01:05:48] - 자동 주문 취소
[2017-01-20 01:05:48] - 장바구니 비우기
[2017-01-20 01:05:48] - 자동 구매확정
[2017-01-20 01:05:48] - 티켓상품 유효기간 체크 판매중지
[2017-01-20 01:05:48] - 티켓상품 자동 주문상태
[2017-01-20 01:05:48] - 통계데이터 삭제
[2017-01-20 01:05:48] - email log 삭제
[2017-01-20 01:05:48] - captcha 삭제
[2017-01-20 01:05:48] - naverpay 삭제
[2017-01-20 01:05:48] - 임시 필수옵션 및 추가구성옵션 데이터 삭제
[2017-01-20 01:05:48] - 배송지테이블 누락데이터 생성
[2017-01-20 01:05:48] - 회원정보다운로드데이터 삭제
[2017-01-20 01:05:48] - 할인혜택 금액 저장
[2017-01-20 01:05:48] - 굿스플로 배송정보처리
[2017-01-20 01:05:48] - 고객리마인드 쿠폰
[2017-01-20 01:05:48] - 고객리마인드 적립금
[2017-01-20 01:05:48] - 고객리마인드 장바구니
[2017-01-20 01:05:48] - 고객리마인드 회원등급
[2017-01-20 01:05:48] - 고객리마인드 타임세일
[2017-01-20 01:05:48] - 고객리마인드 후기
[2017-01-20 01:05:48] - 고객리마인드 생일
[2017-01-20 01:05:48] - 고객리마인드 기념일
[2017-01-20 01:05:48] - 미입금 시 입금요청내용 문자발송
[2017-01-20 01:05:48] - 집계테이블 생성
[2017-01-20 01:05:48] - 유입경로 통계에 referer_domain 추가
[2017-01-20 01:05:48] - 오래된 파일 삭제
[2017-01-20 01:05:48] - 상품디스플레이 캐시 파일 삭제
[2017-01-20 01:05:48] - 플래시 캐시 파일 삭제
[2017-01-20 01:05:48] - 임시파일 삭제
[2017-01-20 01:05:48] - 사용 용량 업데이트
[2017-01-20 01:05:48] - 관리자 중요행위 알림 캐시파일 생성
[2017-01-20 01:05:49] - 휴면계정 고지 문자발송
[2017-01-20 01:05:51] - 상품 통계
[2017-01-21 00:10:59] - 입점마켓팅 다음EP 생성
[2017-01-21 00:10:59] - 입점마켓팅 네이버EP 2.0 생성
[2017-01-21 00:10:59] - 입점마켓팅 네이버EP 3.0 생성
[2017-01-21 00:10:59] - 입점마켓팅 리뷰EP 생성
[2017-01-21 01:05:25] - 회원 만료된 적립금 차감
[2017-01-21 01:05:25] - 회원 만료된 포인트 차감
[2017-01-21 01:05:25] - 쇼핑몰 분류 동기화
[2017-01-21 01:05:25] - 택배사 동기화
[2017-01-21 01:05:25] - 자동 주문 취소
[2017-01-21 01:05:25] - 장바구니 비우기
[2017-01-21 01:05:25] - 자동 구매확정
[2017-01-21 01:05:25] - 티켓상품 유효기간 체크 판매중지
[2017-01-21 01:05:26] - 티켓상품 자동 주문상태
[2017-01-21 01:05:26] - 통계데이터 삭제
[2017-01-21 01:05:26] - email log 삭제
[2017-01-21 01:05:26] - captcha 삭제
[2017-01-21 01:05:26] - naverpay 삭제
[2017-01-21 01:05:26] - 임시 필수옵션 및 추가구성옵션 데이터 삭제
[2017-01-21 01:05:26] - 배송지테이블 누락데이터 생성
[2017-01-21 01:05:26] - 회원정보다운로드데이터 삭제
[2017-01-21 01:05:26] - 할인혜택 금액 저장
[2017-01-21 01:05:26] - 굿스플로 배송정보처리
[2017-01-21 01:05:26] - 고객리마인드 쿠폰
[2017-01-21 01:05:26] - 고객리마인드 적립금
[2017-01-21 01:05:26] - 고객리마인드 장바구니
[2017-01-21 01:05:26] - 고객리마인드 회원등급
[2017-01-21 01:05:26] - 고객리마인드 타임세일
[2017-01-21 01:05:26] - 고객리마인드 후기
[2017-01-21 01:05:26] - 고객리마인드 생일
[2017-01-21 01:05:26] - 고객리마인드 기념일
[2017-01-21 01:05:26] - 미입금 시 입금요청내용 문자발송
[2017-01-21 01:05:26] - 집계테이블 생성
[2017-01-21 01:05:26] - 유입경로 통계에 referer_domain 추가
[2017-01-21 01:05:26] - 오래된 파일 삭제
[2017-01-21 01:05:26] - 상품디스플레이 캐시 파일 삭제
[2017-01-21 01:05:26] - 플래시 캐시 파일 삭제
[2017-01-21 01:05:26] - 임시파일 삭제
[2017-01-21 01:05:26] - 사용 용량 업데이트
[2017-01-21 01:05:26] - 관리자 중요행위 알림 캐시파일 생성
[2017-01-21 01:05:26] - 휴면계정 고지 문자발송
[2017-01-21 01:05:29] - 상품 통계
[2017-01-22 00:11:00] - 입점마켓팅 다음EP 생성
[2017-01-22 00:11:00] - 입점마켓팅 네이버EP 2.0 생성
[2017-01-22 00:11:00] - 입점마켓팅 네이버EP 3.0 생성
[2017-01-22 00:11:00] - 입점마켓팅 리뷰EP 생성
[2017-01-22 01:05:26] - 회원 만료된 적립금 차감
[2017-01-22 01:05:26] - 회원 만료된 포인트 차감
[2017-01-22 01:05:26] - 쇼핑몰 분류 동기화
[2017-01-22 01:05:26] - 택배사 동기화
[2017-01-22 01:05:26] - 자동 주문 취소
[2017-01-22 01:05:26] - 장바구니 비우기
[2017-01-22 01:05:26] - 자동 구매확정
[2017-01-22 01:05:26] - 티켓상품 유효기간 체크 판매중지
[2017-01-22 01:05:26] - 티켓상품 자동 주문상태
[2017-01-22 01:05:26] - 통계데이터 삭제
[2017-01-22 01:05:26] - email log 삭제
[2017-01-22 01:05:26] - captcha 삭제
[2017-01-22 01:05:26] - naverpay 삭제
[2017-01-22 01:05:26] - 임시 필수옵션 및 추가구성옵션 데이터 삭제
[2017-01-22 01:05:26] - 배송지테이블 누락데이터 생성
[2017-01-22 01:05:26] - 회원정보다운로드데이터 삭제
[2017-01-22 01:05:26] - 할인혜택 금액 저장
[2017-01-22 01:05:26] - 굿스플로 배송정보처리
[2017-01-22 01:05:26] - 고객리마인드 쿠폰
[2017-01-22 01:05:26] - 고객리마인드 적립금
[2017-01-22 01:05:26] - 고객리마인드 장바구니
[2017-01-22 01:05:26] - 고객리마인드 회원등급
[2017-01-22 01:05:26] - 고객리마인드 타임세일
[2017-01-22 01:05:26] - 고객리마인드 후기
[2017-01-22 01:05:26] - 고객리마인드 생일
[2017-01-22 01:05:26] - 고객리마인드 기념일
[2017-01-22 01:05:26] - 미입금 시 입금요청내용 문자발송
[2017-01-22 01:05:26] - 집계테이블 생성
[2017-01-22 01:05:26] - 유입경로 통계에 referer_domain 추가
[2017-01-22 01:05:26] - 오래된 파일 삭제
[2017-01-22 01:05:26] - 상품디스플레이 캐시 파일 삭제
[2017-01-22 01:05:26] - 플래시 캐시 파일 삭제
[2017-01-22 01:05:26] - 임시파일 삭제
[2017-01-22 01:05:27] - 사용 용량 업데이트
[2017-01-22 01:05:27] - 관리자 중요행위 알림 캐시파일 생성
[2017-01-22 01:05:27] - 휴면계정 고지 문자발송
[2017-01-22 01:05:30] - 상품 통계
[2017-01-23 00:11:00] - 입점마켓팅 다음EP 생성
[2017-01-23 00:11:00] - 입점마켓팅 네이버EP 2.0 생성
[2017-01-23 00:11:00] - 입점마켓팅 네이버EP 3.0 생성
[2017-01-23 00:11:00] - 입점마켓팅 리뷰EP 생성
[2017-01-23 01:05:26] - 회원 만료된 적립금 차감
[2017-01-23 01:05:26] - 회원 만료된 포인트 차감
[2017-01-23 01:05:26] - 쇼핑몰 분류 동기화
[2017-01-23 01:05:26] - 택배사 동기화
[2017-01-23 01:05:27] - 자동 주문 취소
[2017-01-23 01:05:27] - 장바구니 비우기
[2017-01-23 01:05:27] - 자동 구매확정
[2017-01-23 01:05:27] - 티켓상품 유효기간 체크 판매중지
[2017-01-23 01:05:27] - 티켓상품 자동 주문상태
[2017-01-23 01:05:27] - 통계데이터 삭제
[2017-01-23 01:05:27] - email log 삭제
[2017-01-23 01:05:27] - captcha 삭제
[2017-01-23 01:05:27] - naverpay 삭제
[2017-01-23 01:05:27] - 임시 필수옵션 및 추가구성옵션 데이터 삭제
[2017-01-23 01:05:27] - 배송지테이블 누락데이터 생성
[2017-01-23 01:05:27] - 회원정보다운로드데이터 삭제
[2017-01-23 01:05:27] - 할인혜택 금액 저장
[2017-01-23 01:05:27] - 굿스플로 배송정보처리
[2017-01-23 01:05:27] - 고객리마인드 쿠폰
[2017-01-23 01:05:27] - 고객리마인드 적립금
[2017-01-23 01:05:27] - 고객리마인드 장바구니
[2017-01-23 01:05:27] - 고객리마인드 회원등급
[2017-01-23 01:05:27] - 고객리마인드 타임세일
[2017-01-23 01:05:27] - 고객리마인드 후기
[2017-01-23 01:05:27] - 고객리마인드 생일
[2017-01-23 01:05:27] - 고객리마인드 기념일
[2017-01-23 01:05:27] - 미입금 시 입금요청내용 문자발송
[2017-01-23 01:05:27] - 집계테이블 생성
[2017-01-23 01:05:27] - 유입경로 통계에 referer_domain 추가
[2017-01-23 01:05:27] - 오래된 파일 삭제
[2017-01-23 01:05:27] - 상품디스플레이 캐시 파일 삭제
[2017-01-23 01:05:27] - 플래시 캐시 파일 삭제
[2017-01-23 01:05:27] - 임시파일 삭제
[2017-01-23 01:05:27] - 사용 용량 업데이트
[2017-01-23 01:05:27] - 관리자 중요행위 알림 캐시파일 생성
[2017-01-23 01:05:27] - 휴면계정 고지 문자발송
[2017-01-23 01:05:30] - 상품 통계
[2017-01-24 00:11:00] - 입점마켓팅 다음EP 생성
[2017-01-24 00:11:00] - 입점마켓팅 네이버EP 2.0 생성
[2017-01-24 00:11:00] - 입점마켓팅 네이버EP 3.0 생성
[2017-01-24 00:11:00] - 입점마켓팅 리뷰EP 생성
[2017-01-24 01:05:34] - 회원 만료된 적립금 차감
[2017-01-24 01:05:34] - 회원 만료된 포인트 차감
[2017-01-24 01:05:34] - 쇼핑몰 분류 동기화
[2017-01-24 01:05:34] - 택배사 동기화
[2017-01-24 01:05:34] - 자동 주문 취소
[2017-01-24 01:05:34] - 장바구니 비우기
[2017-01-24 01:05:34] - 자동 구매확정
[2017-01-24 01:05:34] - 티켓상품 유효기간 체크 판매중지
[2017-01-24 01:05:34] - 티켓상품 자동 주문상태
[2017-01-24 01:05:34] - 통계데이터 삭제
[2017-01-24 01:05:34] - email log 삭제
[2017-01-24 01:05:34] - captcha 삭제
[2017-01-24 01:05:34] - naverpay 삭제
[2017-01-24 01:05:34] - 임시 필수옵션 및 추가구성옵션 데이터 삭제
[2017-01-24 01:05:34] - 배송지테이블 누락데이터 생성
[2017-01-24 01:05:34] - 회원정보다운로드데이터 삭제
[2017-01-24 01:05:34] - 할인혜택 금액 저장
[2017-01-24 01:05:34] - 굿스플로 배송정보처리
[2017-01-24 01:05:34] - 고객리마인드 쿠폰
[2017-01-24 01:05:34] - 고객리마인드 적립금
[2017-01-24 01:05:34] - 고객리마인드 장바구니
[2017-01-24 01:05:34] - 고객리마인드 회원등급
[2017-01-24 01:05:34] - 고객리마인드 타임세일
[2017-01-24 01:05:34] - 고객리마인드 후기
[2017-01-24 01:05:34] - 고객리마인드 생일
[2017-01-24 01:05:34] - 고객리마인드 기념일
[2017-01-24 01:05:34] - 미입금 시 입금요청내용 문자발송
[2017-01-24 01:05:34] - 집계테이블 생성
[2017-01-24 01:05:34] - 유입경로 통계에 referer_domain 추가
[2017-01-24 01:05:34] - 오래된 파일 삭제
[2017-01-24 01:05:34] - 상품디스플레이 캐시 파일 삭제
[2017-01-24 01:05:34] - 플래시 캐시 파일 삭제
[2017-01-24 01:05:34] - 임시파일 삭제
[2017-01-24 01:05:35] - 사용 용량 업데이트
[2017-01-24 01:05:35] - 관리자 중요행위 알림 캐시파일 생성
[2017-01-24 01:05:35] - 휴면계정 고지 문자발송
[2017-01-24 01:05:37] - 상품 통계
[2017-01-25 00:11:00] - 입점마켓팅 다음EP 생성
[2017-01-25 00:11:00] - 입점마켓팅 네이버EP 2.0 생성
[2017-01-25 00:11:00] - 입점마켓팅 네이버EP 3.0 생성
[2017-01-25 00:11:01] - 입점마켓팅 리뷰EP 생성
[2017-01-25 01:05:17] - 회원 만료된 적립금 차감
[2017-01-25 01:05:17] - 회원 만료된 포인트 차감
[2017-01-25 01:05:17] - 쇼핑몰 분류 동기화
[2017-01-25 01:05:17] - 택배사 동기화
[2017-01-25 01:05:17] - 자동 주문 취소
[2017-01-25 01:05:17] - 장바구니 비우기
[2017-01-25 01:05:17] - 자동 구매확정
[2017-01-25 01:05:17] - 티켓상품 유효기간 체크 판매중지
[2017-01-25 01:05:17] - 티켓상품 자동 주문상태
[2017-01-25 01:05:17] - 통계데이터 삭제
[2017-01-25 01:05:17] - email log 삭제
[2017-01-25 01:05:17] - captcha 삭제
[2017-01-25 01:05:17] - naverpay 삭제
[2017-01-25 01:05:17] - 임시 필수옵션 및 추가구성옵션 데이터 삭제
[2017-01-25 01:05:17] - 배송지테이블 누락데이터 생성
[2017-01-25 01:05:17] - 회원정보다운로드데이터 삭제
[2017-01-25 01:05:17] - 할인혜택 금액 저장
[2017-01-25 01:05:17] - 굿스플로 배송정보처리
[2017-01-25 01:05:17] - 고객리마인드 쿠폰
[2017-01-25 01:05:17] - 고객리마인드 적립금
[2017-01-25 01:05:17] - 고객리마인드 장바구니
[2017-01-25 01:05:17] - 고객리마인드 회원등급
[2017-01-25 01:05:17] - 고객리마인드 타임세일
[2017-01-25 01:05:17] - 고객리마인드 후기
[2017-01-25 01:05:17] - 고객리마인드 생일
[2017-01-25 01:05:17] - 고객리마인드 기념일
[2017-01-25 01:05:17] - 미입금 시 입금요청내용 문자발송
[2017-01-25 01:05:17] - 집계테이블 생성
[2017-01-25 01:05:17] - 유입경로 통계에 referer_domain 추가
[2017-01-25 01:05:18] - 오래된 파일 삭제
[2017-01-25 01:05:18] - 상품디스플레이 캐시 파일 삭제
[2017-01-25 01:05:18] - 플래시 캐시 파일 삭제
[2017-01-25 01:05:18] - 임시파일 삭제
[2017-01-25 01:05:18] - 사용 용량 업데이트
[2017-01-25 01:05:18] - 관리자 중요행위 알림 캐시파일 생성
[2017-01-25 01:05:18] - 휴면계정 고지 문자발송
[2017-01-25 01:05:21] - 상품 통계
[2017-01-26 00:11:00] - 입점마켓팅 다음EP 생성
[2017-01-26 00:11:00] - 입점마켓팅 네이버EP 2.0 생성
[2017-01-26 00:11:00] - 입점마켓팅 네이버EP 3.0 생성
[2017-01-26 00:11:00] - 입점마켓팅 리뷰EP 생성
[2017-01-26 01:05:21] - 회원 만료된 적립금 차감
[2017-01-26 01:05:21] - 회원 만료된 포인트 차감
[2017-01-26 01:05:21] - 쇼핑몰 분류 동기화
[2017-01-26 01:05:21] - 택배사 동기화
[2017-01-26 01:05:21] - 자동 주문 취소
[2017-01-26 01:05:21] - 장바구니 비우기
[2017-01-26 01:05:21] - 자동 구매확정
[2017-01-26 01:05:21] - 티켓상품 유효기간 체크 판매중지
[2017-01-26 01:05:21] - 티켓상품 자동 주문상태
[2017-01-26 01:05:21] - 통계데이터 삭제
[2017-01-26 01:05:21] - email log 삭제
[2017-01-26 01:05:21] - captcha 삭제
[2017-01-26 01:05:21] - naverpay 삭제
[2017-01-26 01:05:21] - 임시 필수옵션 및 추가구성옵션 데이터 삭제
[2017-01-26 01:05:21] - 배송지테이블 누락데이터 생성
[2017-01-26 01:05:21] - 회원정보다운로드데이터 삭제
[2017-01-26 01:05:21] - 할인혜택 금액 저장
[2017-01-26 01:05:21] - 굿스플로 배송정보처리
[2017-01-26 01:05:21] - 고객리마인드 쿠폰
[2017-01-26 01:05:21] - 고객리마인드 적립금
[2017-01-26 01:05:21] - 고객리마인드 장바구니
[2017-01-26 01:05:21] - 고객리마인드 회원등급
[2017-01-26 01:05:21] - 고객리마인드 타임세일
[2017-01-26 01:05:21] - 고객리마인드 후기
[2017-01-26 01:05:21] - 고객리마인드 생일
[2017-01-26 01:05:21] - 고객리마인드 기념일
[2017-01-26 01:05:21] - 미입금 시 입금요청내용 문자발송
[2017-01-26 01:05:21] - 집계테이블 생성
[2017-01-26 01:05:21] - 유입경로 통계에 referer_domain 추가
[2017-01-26 01:05:21] - 오래된 파일 삭제
[2017-01-26 01:05:21] - 상품디스플레이 캐시 파일 삭제
[2017-01-26 01:05:21] - 플래시 캐시 파일 삭제
[2017-01-26 01:05:21] - 임시파일 삭제
[2017-01-26 01:05:22] - 사용 용량 업데이트
[2017-01-26 01:05:22] - 관리자 중요행위 알림 캐시파일 생성
[2017-01-26 01:05:22] - 휴면계정 고지 문자발송
[2017-01-26 01:05:24] - 상품 통계
[2017-01-27 00:11:00] - 입점마켓팅 다음EP 생성
[2017-01-27 00:11:00] - 입점마켓팅 네이버EP 2.0 생성
[2017-01-27 00:11:00] - 입점마켓팅 네이버EP 3.0 생성
[2017-01-27 00:11:00] - 입점마켓팅 리뷰EP 생성
[2017-01-27 01:05:16] - 회원 만료된 적립금 차감
[2017-01-27 01:05:16] - 회원 만료된 포인트 차감
[2017-01-27 01:05:16] - 쇼핑몰 분류 동기화
[2017-01-27 01:05:16] - 택배사 동기화
[2017-01-27 01:05:16] - 자동 주문 취소
[2017-01-27 01:05:16] - 장바구니 비우기
[2017-01-27 01:05:16] - 자동 구매확정
[2017-01-27 01:05:16] - 티켓상품 유효기간 체크 판매중지
[2017-01-27 01:05:16] - 티켓상품 자동 주문상태
[2017-01-27 01:05:16] - 통계데이터 삭제
[2017-01-27 01:05:16] - email log 삭제
[2017-01-27 01:05:16] - captcha 삭제
[2017-01-27 01:05:16] - naverpay 삭제
[2017-01-27 01:05:16] - 임시 필수옵션 및 추가구성옵션 데이터 삭제
[2017-01-27 01:05:16] - 배송지테이블 누락데이터 생성
[2017-01-27 01:05:16] - 회원정보다운로드데이터 삭제
[2017-01-27 01:05:16] - 할인혜택 금액 저장
[2017-01-27 01:05:16] - 굿스플로 배송정보처리
[2017-01-27 01:05:16] - 고객리마인드 쿠폰
[2017-01-27 01:05:16] - 고객리마인드 적립금
[2017-01-27 01:05:16] - 고객리마인드 장바구니
[2017-01-27 01:05:16] - 고객리마인드 회원등급
[2017-01-27 01:05:16] - 고객리마인드 타임세일
[2017-01-27 01:05:16] - 고객리마인드 후기
[2017-01-27 01:05:16] - 고객리마인드 생일
[2017-01-27 01:05:16] - 고객리마인드 기념일
[2017-01-27 01:05:16] - 미입금 시 입금요청내용 문자발송
[2017-01-27 01:05:16] - 집계테이블 생성
[2017-01-27 01:05:16] - 유입경로 통계에 referer_domain 추가
[2017-01-27 01:05:16] - 오래된 파일 삭제
[2017-01-27 01:05:16] - 상품디스플레이 캐시 파일 삭제
[2017-01-27 01:05:16] - 플래시 캐시 파일 삭제
[2017-01-27 01:05:16] - 임시파일 삭제
[2017-01-27 01:05:17] - 사용 용량 업데이트
[2017-01-27 01:05:17] - 관리자 중요행위 알림 캐시파일 생성
[2017-01-27 01:05:17] - 휴면계정 고지 문자발송
[2017-01-27 01:05:20] - 상품 통계
[2017-01-28 00:11:00] - 입점마켓팅 다음EP 생성
[2017-01-28 00:11:00] - 입점마켓팅 네이버EP 2.0 생성
[2017-01-28 00:11:00] - 입점마켓팅 네이버EP 3.0 생성
[2017-01-28 00:11:00] - 입점마켓팅 리뷰EP 생성
[2017-01-28 01:05:10] - 회원 만료된 적립금 차감
[2017-01-28 01:05:10] - 회원 만료된 포인트 차감
[2017-01-28 01:05:10] - 쇼핑몰 분류 동기화
[2017-01-28 01:05:10] - 택배사 동기화
[2017-01-28 01:05:10] - 자동 주문 취소
[2017-01-28 01:05:10] - 장바구니 비우기
[2017-01-28 01:05:10] - 자동 구매확정
[2017-01-28 01:05:10] - 티켓상품 유효기간 체크 판매중지
[2017-01-28 01:05:10] - 티켓상품 자동 주문상태
[2017-01-28 01:05:10] - 통계데이터 삭제
[2017-01-28 01:05:10] - email log 삭제
[2017-01-28 01:05:10] - captcha 삭제
[2017-01-28 01:05:10] - naverpay 삭제
[2017-01-28 01:05:10] - 임시 필수옵션 및 추가구성옵션 데이터 삭제
[2017-01-28 01:05:10] - 배송지테이블 누락데이터 생성
[2017-01-28 01:05:10] - 회원정보다운로드데이터 삭제
[2017-01-28 01:05:10] - 할인혜택 금액 저장
[2017-01-28 01:05:10] - 굿스플로 배송정보처리
[2017-01-28 01:05:10] - 고객리마인드 쿠폰
[2017-01-28 01:05:10] - 고객리마인드 적립금
[2017-01-28 01:05:10] - 고객리마인드 장바구니
[2017-01-28 01:05:10] - 고객리마인드 회원등급
[2017-01-28 01:05:10] - 고객리마인드 타임세일
[2017-01-28 01:05:10] - 고객리마인드 후기
[2017-01-28 01:05:10] - 고객리마인드 생일
[2017-01-28 01:05:10] - 고객리마인드 기념일
[2017-01-28 01:05:10] - 미입금 시 입금요청내용 문자발송
[2017-01-28 01:05:10] - 집계테이블 생성
[2017-01-28 01:05:10] - 유입경로 통계에 referer_domain 추가
[2017-01-28 01:05:10] - 오래된 파일 삭제
[2017-01-28 01:05:10] - 상품디스플레이 캐시 파일 삭제
[2017-01-28 01:05:10] - 플래시 캐시 파일 삭제
[2017-01-28 01:05:10] - 임시파일 삭제
[2017-01-28 01:05:11] - 사용 용량 업데이트
[2017-01-28 01:05:11] - 관리자 중요행위 알림 캐시파일 생성
[2017-01-28 01:05:11] - 휴면계정 고지 문자발송
[2017-01-28 01:05:14] - 상품 통계
[2017-01-29 00:11:01] - 입점마켓팅 다음EP 생성
[2017-01-29 00:11:01] - 입점마켓팅 네이버EP 2.0 생성
[2017-01-29 00:11:01] - 입점마켓팅 네이버EP 3.0 생성
[2017-01-29 00:11:01] - 입점마켓팅 리뷰EP 생성
[2017-01-29 01:05:20] - 회원 만료된 적립금 차감
[2017-01-29 01:05:20] - 회원 만료된 포인트 차감
[2017-01-29 01:05:20] - 쇼핑몰 분류 동기화
[2017-01-29 01:05:20] - 택배사 동기화
[2017-01-29 01:05:20] - 자동 주문 취소
[2017-01-29 01:05:20] - 장바구니 비우기
[2017-01-29 01:05:20] - 자동 구매확정
[2017-01-29 01:05:20] - 티켓상품 유효기간 체크 판매중지
[2017-01-29 01:05:20] - 티켓상품 자동 주문상태
[2017-01-29 01:05:20] - 통계데이터 삭제
[2017-01-29 01:05:20] - email log 삭제
[2017-01-29 01:05:20] - captcha 삭제
[2017-01-29 01:05:20] - naverpay 삭제
[2017-01-29 01:05:20] - 임시 필수옵션 및 추가구성옵션 데이터 삭제
[2017-01-29 01:05:20] - 배송지테이블 누락데이터 생성
[2017-01-29 01:05:20] - 회원정보다운로드데이터 삭제
[2017-01-29 01:05:20] - 할인혜택 금액 저장
[2017-01-29 01:05:20] - 굿스플로 배송정보처리
[2017-01-29 01:05:20] - 고객리마인드 쿠폰
[2017-01-29 01:05:20] - 고객리마인드 적립금
[2017-01-29 01:05:20] - 고객리마인드 장바구니
[2017-01-29 01:05:20] - 고객리마인드 회원등급
[2017-01-29 01:05:20] - 고객리마인드 타임세일
[2017-01-29 01:05:20] - 고객리마인드 후기
[2017-01-29 01:05:20] - 고객리마인드 생일
[2017-01-29 01:05:20] - 고객리마인드 기념일
[2017-01-29 01:05:20] - 미입금 시 입금요청내용 문자발송
[2017-01-29 01:05:20] - 집계테이블 생성
[2017-01-29 01:05:20] - 유입경로 통계에 referer_domain 추가
[2017-01-29 01:05:20] - 오래된 파일 삭제
[2017-01-29 01:05:20] - 상품디스플레이 캐시 파일 삭제
[2017-01-29 01:05:20] - 플래시 캐시 파일 삭제
[2017-01-29 01:05:20] - 임시파일 삭제
[2017-01-29 01:05:21] - 사용 용량 업데이트
[2017-01-29 01:05:21] - 관리자 중요행위 알림 캐시파일 생성
[2017-01-29 01:05:21] - 휴면계정 고지 문자발송
[2017-01-29 01:05:24] - 상품 통계
[2017-01-30 00:11:01] - 입점마켓팅 다음EP 생성
[2017-01-30 00:11:01] - 입점마켓팅 네이버EP 2.0 생성
[2017-01-30 00:11:01] - 입점마켓팅 네이버EP 3.0 생성
[2017-01-30 00:11:01] - 입점마켓팅 리뷰EP 생성
[2017-01-30 01:05:25] - 회원 만료된 적립금 차감
[2017-01-30 01:05:25] - 회원 만료된 포인트 차감
[2017-01-30 01:05:25] - 쇼핑몰 분류 동기화
[2017-01-30 01:05:25] - 택배사 동기화
[2017-01-30 01:05:25] - 자동 주문 취소
[2017-01-30 01:05:25] - 장바구니 비우기
[2017-01-30 01:05:26] - 자동 구매확정
[2017-01-30 01:05:26] - 티켓상품 유효기간 체크 판매중지
[2017-01-30 01:05:26] - 티켓상품 자동 주문상태
[2017-01-30 01:05:26] - 통계데이터 삭제
[2017-01-30 01:05:26] - email log 삭제
[2017-01-30 01:05:26] - captcha 삭제
[2017-01-30 01:05:26] - naverpay 삭제
[2017-01-30 01:05:26] - 임시 필수옵션 및 추가구성옵션 데이터 삭제
[2017-01-30 01:05:26] - 배송지테이블 누락데이터 생성
[2017-01-30 01:05:26] - 회원정보다운로드데이터 삭제
[2017-01-30 01:05:26] - 할인혜택 금액 저장
[2017-01-30 01:05:26] - 굿스플로 배송정보처리
[2017-01-30 01:05:26] - 고객리마인드 쿠폰
[2017-01-30 01:05:26] - 고객리마인드 적립금
[2017-01-30 01:05:26] - 고객리마인드 장바구니
[2017-01-30 01:05:26] - 고객리마인드 회원등급
[2017-01-30 01:05:26] - 고객리마인드 타임세일
[2017-01-30 01:05:26] - 고객리마인드 후기
[2017-01-30 01:05:26] - 고객리마인드 생일
[2017-01-30 01:05:26] - 고객리마인드 기념일
[2017-01-30 01:05:26] - 미입금 시 입금요청내용 문자발송
[2017-01-30 01:05:26] - 집계테이블 생성
[2017-01-30 01:05:26] - 유입경로 통계에 referer_domain 추가
[2017-01-30 01:05:26] - 오래된 파일 삭제
[2017-01-30 01:05:26] - 상품디스플레이 캐시 파일 삭제
[2017-01-30 01:05:26] - 플래시 캐시 파일 삭제
[2017-01-30 01:05:26] - 임시파일 삭제
[2017-01-30 01:05:26] - 사용 용량 업데이트
[2017-01-30 01:05:26] - 관리자 중요행위 알림 캐시파일 생성
[2017-01-30 01:05:26] - 휴면계정 고지 문자발송
[2017-01-30 01:05:29] - 상품 통계
[2017-01-31 00:11:01] - 입점마켓팅 다음EP 생성
[2017-01-31 00:11:01] - 입점마켓팅 네이버EP 2.0 생성
[2017-01-31 00:11:01] - 입점마켓팅 네이버EP 3.0 생성
[2017-01-31 00:11:01] - 입점마켓팅 리뷰EP 생성
[2017-01-31 01:05:29] - 회원 만료된 적립금 차감
[2017-01-31 01:05:29] - 회원 만료된 포인트 차감
[2017-01-31 01:05:29] - 쇼핑몰 분류 동기화
[2017-01-31 01:05:29] - 택배사 동기화
[2017-01-31 01:05:29] - 자동 주문 취소
[2017-01-31 01:05:29] - 장바구니 비우기
[2017-01-31 01:05:29] - 자동 구매확정
[2017-01-31 01:05:29] - 티켓상품 유효기간 체크 판매중지
[2017-01-31 01:05:29] - 티켓상품 자동 주문상태
[2017-01-31 01:05:29] - 통계데이터 삭제
[2017-01-31 01:05:29] - email log 삭제
[2017-01-31 01:05:29] - captcha 삭제
[2017-01-31 01:05:29] - naverpay 삭제
[2017-01-31 01:05:29] - 임시 필수옵션 및 추가구성옵션 데이터 삭제
[2017-01-31 01:05:29] - 배송지테이블 누락데이터 생성
[2017-01-31 01:05:29] - 회원정보다운로드데이터 삭제
[2017-01-31 01:05:29] - 할인혜택 금액 저장
[2017-01-31 01:05:29] - 굿스플로 배송정보처리
[2017-01-31 01:05:29] - 고객리마인드 쿠폰
[2017-01-31 01:05:29] - 고객리마인드 적립금
[2017-01-31 01:05:29] - 고객리마인드 장바구니
[2017-01-31 01:05:29] - 고객리마인드 회원등급
[2017-01-31 01:05:29] - 고객리마인드 타임세일
[2017-01-31 01:05:29] - 고객리마인드 후기
[2017-01-31 01:05:29] - 고객리마인드 생일
[2017-01-31 01:05:29] - 고객리마인드 기념일
[2017-01-31 01:05:29] - 미입금 시 입금요청내용 문자발송
[2017-01-31 01:05:29] - 집계테이블 생성
[2017-01-31 01:05:29] - 유입경로 통계에 referer_domain 추가
[2017-01-31 01:05:29] - 오래된 파일 삭제
[2017-01-31 01:05:29] - 상품디스플레이 캐시 파일 삭제
[2017-01-31 01:05:29] - 플래시 캐시 파일 삭제
[2017-01-31 01:05:29] - 임시파일 삭제
[2017-01-31 01:05:30] - 사용 용량 업데이트
[2017-01-31 01:05:30] - 관리자 중요행위 알림 캐시파일 생성
[2017-01-31 01:05:30] - 휴면계정 고지 문자발송
[2017-01-31 01:05:33] - 상품 통계
