[2016-12-13 01:04:54] - 2016-12-12 - daily_order start
[2016-12-13 01:04:54] - 2016-12-12 - daily_order success
[2016-12-13 01:04:54] - 2016-12-12 - daily_fblike start
[2016-12-13 01:04:54] - 2016-12-12 - daily_fblike success
[2016-12-13 01:04:54] - 2016-12-12 - daily_review start
[2016-12-13 01:04:54] - 2016-12-12 - daily_review success
[2016-12-13 01:04:54] - 2016-12-12 - daily_restock_notify start
[2016-12-13 01:04:54] - 2016-12-12 - daily_restock_notify success
[2016-12-13 01:04:54] - 2016-12-12 - daily_wish start
[2016-12-13 01:04:54] - 2016-12-12 - daily_wish success
[2016-12-13 01:04:54] - 2016-12-12 - daily_cart start
[2016-12-13 01:04:54] - 2016-12-12 - daily_cart success
[2016-12-13 01:04:54] - 2016-12-12 - daily_view start
[2016-12-13 01:04:54] - 2016-12-12 - daily_view success
[2016-12-13 01:04:54] - 2016-12-12 - case1 start
[2016-12-13 01:04:54] - 2016-12-12 - case1 success
[2016-12-13 01:04:54] - 2016-12-12 - case2 start
[2016-12-13 01:04:56] - 2016-12-12 - case2 success
[2016-12-13 01:04:56] - 2016-12-12 - delete start
[2016-12-13 01:04:56] - 2016-12-12 - fm_daily_stats_fblike_vw start
[2016-12-13 01:04:56] - 2016-12-12 - fm_daily_stats_fblike_vw success
[2016-12-13 01:04:56] - 2016-12-12 - fm_daily_stats_review_vw start
[2016-12-13 01:04:56] - 2016-12-12 - fm_daily_stats_review_vw success
[2016-12-13 01:04:56] - 2016-12-12 - fm_daily_stats_restock_notify_vw start
[2016-12-13 01:04:56] - 2016-12-12 - fm_daily_stats_restock_notify_vw success
[2016-12-13 01:04:56] - 2016-12-12 - fm_daily_stats_wish_vw start
[2016-12-13 01:04:56] - 2016-12-12 - fm_daily_stats_wish_vw success
[2016-12-13 01:04:56] - 2016-12-12 - fm_daily_stats_cart_vw start
[2016-12-13 01:04:56] - 2016-12-12 - fm_daily_stats_cart_vw success
[2016-12-13 01:04:56] - 2016-12-12 - fm_daily_stats_order_vw start
[2016-12-13 01:04:56] - 2016-12-12 - fm_daily_stats_order_vw success
[2016-12-13 01:04:56] - 2016-12-12 - fm_daily_stats_view_vw start
[2016-12-13 01:04:56] - 2016-12-12 - fm_daily_stats_view_vw success
[2016-12-13 01:04:56] - 2016-12-12 - delete success
[2016-12-14 01:04:52] - 2016-12-13 - daily_order start
[2016-12-14 01:04:52] - 2016-12-13 - daily_order success
[2016-12-14 01:04:52] - 2016-12-13 - daily_fblike start
[2016-12-14 01:04:52] - 2016-12-13 - daily_fblike success
[2016-12-14 01:04:52] - 2016-12-13 - daily_review start
[2016-12-14 01:04:52] - 2016-12-13 - daily_review success
[2016-12-14 01:04:52] - 2016-12-13 - daily_restock_notify start
[2016-12-14 01:04:52] - 2016-12-13 - daily_restock_notify success
[2016-12-14 01:04:52] - 2016-12-13 - daily_wish start
[2016-12-14 01:04:52] - 2016-12-13 - daily_wish success
[2016-12-14 01:04:52] - 2016-12-13 - daily_cart start
[2016-12-14 01:04:52] - 2016-12-13 - daily_cart success
[2016-12-14 01:04:52] - 2016-12-13 - daily_view start
[2016-12-14 01:04:52] - 2016-12-13 - daily_view success
[2016-12-14 01:04:52] - 2016-12-13 - case1 start
[2016-12-14 01:04:52] - 2016-12-13 - case1 success
[2016-12-14 01:04:52] - 2016-12-13 - case2 start
[2016-12-14 01:04:54] - 2016-12-13 - case2 success
[2016-12-14 01:04:54] - 2016-12-13 - delete start
[2016-12-14 01:04:54] - 2016-12-13 - fm_daily_stats_fblike_vw start
[2016-12-14 01:04:54] - 2016-12-13 - fm_daily_stats_fblike_vw success
[2016-12-14 01:04:54] - 2016-12-13 - fm_daily_stats_review_vw start
[2016-12-14 01:04:54] - 2016-12-13 - fm_daily_stats_review_vw success
[2016-12-14 01:04:54] - 2016-12-13 - fm_daily_stats_restock_notify_vw start
[2016-12-14 01:04:54] - 2016-12-13 - fm_daily_stats_restock_notify_vw success
[2016-12-14 01:04:54] - 2016-12-13 - fm_daily_stats_wish_vw start
[2016-12-14 01:04:54] - 2016-12-13 - fm_daily_stats_wish_vw success
[2016-12-14 01:04:54] - 2016-12-13 - fm_daily_stats_cart_vw start
[2016-12-14 01:04:54] - 2016-12-13 - fm_daily_stats_cart_vw success
[2016-12-14 01:04:54] - 2016-12-13 - fm_daily_stats_order_vw start
[2016-12-14 01:04:54] - 2016-12-13 - fm_daily_stats_order_vw success
[2016-12-14 01:04:54] - 2016-12-13 - fm_daily_stats_view_vw start
[2016-12-14 01:04:54] - 2016-12-13 - fm_daily_stats_view_vw success
[2016-12-14 01:04:54] - 2016-12-13 - delete success
[2016-12-15 01:04:44] - 2016-12-14 - daily_order start
[2016-12-15 01:04:44] - 2016-12-14 - daily_order success
[2016-12-15 01:04:44] - 2016-12-14 - daily_fblike start
[2016-12-15 01:04:44] - 2016-12-14 - daily_fblike success
[2016-12-15 01:04:44] - 2016-12-14 - daily_review start
[2016-12-15 01:04:44] - 2016-12-14 - daily_review success
[2016-12-15 01:04:44] - 2016-12-14 - daily_restock_notify start
[2016-12-15 01:04:44] - 2016-12-14 - daily_restock_notify success
[2016-12-15 01:04:44] - 2016-12-14 - daily_wish start
[2016-12-15 01:04:44] - 2016-12-14 - daily_wish success
[2016-12-15 01:04:44] - 2016-12-14 - daily_cart start
[2016-12-15 01:04:44] - 2016-12-14 - daily_cart success
[2016-12-15 01:04:44] - 2016-12-14 - daily_view start
[2016-12-15 01:04:44] - 2016-12-14 - daily_view success
[2016-12-15 01:04:44] - 2016-12-14 - case1 start
[2016-12-15 01:04:44] - 2016-12-14 - case1 success
[2016-12-15 01:04:44] - 2016-12-14 - case2 start
[2016-12-15 01:04:46] - 2016-12-14 - case2 success
[2016-12-15 01:04:46] - 2016-12-14 - delete start
[2016-12-15 01:04:46] - 2016-12-14 - fm_daily_stats_fblike_vw start
[2016-12-15 01:04:46] - 2016-12-14 - fm_daily_stats_fblike_vw success
[2016-12-15 01:04:46] - 2016-12-14 - fm_daily_stats_review_vw start
[2016-12-15 01:04:46] - 2016-12-14 - fm_daily_stats_review_vw success
[2016-12-15 01:04:46] - 2016-12-14 - fm_daily_stats_restock_notify_vw start
[2016-12-15 01:04:46] - 2016-12-14 - fm_daily_stats_restock_notify_vw success
[2016-12-15 01:04:46] - 2016-12-14 - fm_daily_stats_wish_vw start
[2016-12-15 01:04:46] - 2016-12-14 - fm_daily_stats_wish_vw success
[2016-12-15 01:04:46] - 2016-12-14 - fm_daily_stats_cart_vw start
[2016-12-15 01:04:46] - 2016-12-14 - fm_daily_stats_cart_vw success
[2016-12-15 01:04:46] - 2016-12-14 - fm_daily_stats_order_vw start
[2016-12-15 01:04:46] - 2016-12-14 - fm_daily_stats_order_vw success
[2016-12-15 01:04:46] - 2016-12-14 - fm_daily_stats_view_vw start
[2016-12-15 01:04:46] - 2016-12-14 - fm_daily_stats_view_vw success
[2016-12-15 01:04:46] - 2016-12-14 - delete success
[2016-12-16 01:04:37] - 2016-12-15 - daily_order start
[2016-12-16 01:04:37] - 2016-12-15 - daily_order success
[2016-12-16 01:04:37] - 2016-12-15 - daily_fblike start
[2016-12-16 01:04:37] - 2016-12-15 - daily_fblike success
[2016-12-16 01:04:37] - 2016-12-15 - daily_review start
[2016-12-16 01:04:37] - 2016-12-15 - daily_review success
[2016-12-16 01:04:37] - 2016-12-15 - daily_restock_notify start
[2016-12-16 01:04:37] - 2016-12-15 - daily_restock_notify success
[2016-12-16 01:04:37] - 2016-12-15 - daily_wish start
[2016-12-16 01:04:37] - 2016-12-15 - daily_wish success
[2016-12-16 01:04:37] - 2016-12-15 - daily_cart start
[2016-12-16 01:04:37] - 2016-12-15 - daily_cart success
[2016-12-16 01:04:37] - 2016-12-15 - daily_view start
[2016-12-16 01:04:37] - 2016-12-15 - daily_view success
[2016-12-16 01:04:37] - 2016-12-15 - case1 start
[2016-12-16 01:04:37] - 2016-12-15 - case1 success
[2016-12-16 01:04:37] - 2016-12-15 - case2 start
[2016-12-16 01:04:39] - 2016-12-15 - case2 success
[2016-12-16 01:04:39] - 2016-12-15 - delete start
[2016-12-16 01:04:39] - 2016-12-15 - fm_daily_stats_fblike_vw start
[2016-12-16 01:04:39] - 2016-12-15 - fm_daily_stats_fblike_vw success
[2016-12-16 01:04:39] - 2016-12-15 - fm_daily_stats_review_vw start
[2016-12-16 01:04:39] - 2016-12-15 - fm_daily_stats_review_vw success
[2016-12-16 01:04:39] - 2016-12-15 - fm_daily_stats_restock_notify_vw start
[2016-12-16 01:04:39] - 2016-12-15 - fm_daily_stats_restock_notify_vw success
[2016-12-16 01:04:39] - 2016-12-15 - fm_daily_stats_wish_vw start
[2016-12-16 01:04:39] - 2016-12-15 - fm_daily_stats_wish_vw success
[2016-12-16 01:04:39] - 2016-12-15 - fm_daily_stats_cart_vw start
[2016-12-16 01:04:39] - 2016-12-15 - fm_daily_stats_cart_vw success
[2016-12-16 01:04:39] - 2016-12-15 - fm_daily_stats_order_vw start
[2016-12-16 01:04:39] - 2016-12-15 - fm_daily_stats_order_vw success
[2016-12-16 01:04:39] - 2016-12-15 - fm_daily_stats_view_vw start
[2016-12-16 01:04:39] - 2016-12-15 - fm_daily_stats_view_vw success
[2016-12-16 01:04:39] - 2016-12-15 - delete success
[2016-12-17 01:04:52] - 2016-12-16 - daily_order start
[2016-12-17 01:04:52] - 2016-12-16 - daily_order success
[2016-12-17 01:04:52] - 2016-12-16 - daily_fblike start
[2016-12-17 01:04:52] - 2016-12-16 - daily_fblike success
[2016-12-17 01:04:52] - 2016-12-16 - daily_review start
[2016-12-17 01:04:52] - 2016-12-16 - daily_review success
[2016-12-17 01:04:52] - 2016-12-16 - daily_restock_notify start
[2016-12-17 01:04:52] - 2016-12-16 - daily_restock_notify success
[2016-12-17 01:04:52] - 2016-12-16 - daily_wish start
[2016-12-17 01:04:52] - 2016-12-16 - daily_wish success
[2016-12-17 01:04:52] - 2016-12-16 - daily_cart start
[2016-12-17 01:04:52] - 2016-12-16 - daily_cart success
[2016-12-17 01:04:52] - 2016-12-16 - daily_view start
[2016-12-17 01:04:52] - 2016-12-16 - daily_view success
[2016-12-17 01:04:52] - 2016-12-16 - case1 start
[2016-12-17 01:04:52] - 2016-12-16 - case1 success
[2016-12-17 01:04:52] - 2016-12-16 - case2 start
[2016-12-17 01:04:54] - 2016-12-16 - case2 success
[2016-12-17 01:04:54] - 2016-12-16 - delete start
[2016-12-17 01:04:54] - 2016-12-16 - fm_daily_stats_fblike_vw start
[2016-12-17 01:04:54] - 2016-12-16 - fm_daily_stats_fblike_vw success
[2016-12-17 01:04:54] - 2016-12-16 - fm_daily_stats_review_vw start
[2016-12-17 01:04:54] - 2016-12-16 - fm_daily_stats_review_vw success
[2016-12-17 01:04:54] - 2016-12-16 - fm_daily_stats_restock_notify_vw start
[2016-12-17 01:04:54] - 2016-12-16 - fm_daily_stats_restock_notify_vw success
[2016-12-17 01:04:54] - 2016-12-16 - fm_daily_stats_wish_vw start
[2016-12-17 01:04:54] - 2016-12-16 - fm_daily_stats_wish_vw success
[2016-12-17 01:04:54] - 2016-12-16 - fm_daily_stats_cart_vw start
[2016-12-17 01:04:54] - 2016-12-16 - fm_daily_stats_cart_vw success
[2016-12-17 01:04:54] - 2016-12-16 - fm_daily_stats_order_vw start
[2016-12-17 01:04:54] - 2016-12-16 - fm_daily_stats_order_vw success
[2016-12-17 01:04:54] - 2016-12-16 - fm_daily_stats_view_vw start
[2016-12-17 01:04:54] - 2016-12-16 - fm_daily_stats_view_vw success
[2016-12-17 01:04:54] - 2016-12-16 - delete success
[2016-12-18 01:04:34] - 2016-12-17 - daily_order start
[2016-12-18 01:04:34] - 2016-12-17 - daily_order success
[2016-12-18 01:04:34] - 2016-12-17 - daily_fblike start
[2016-12-18 01:04:34] - 2016-12-17 - daily_fblike success
[2016-12-18 01:04:34] - 2016-12-17 - daily_review start
[2016-12-18 01:04:34] - 2016-12-17 - daily_review success
[2016-12-18 01:04:34] - 2016-12-17 - daily_restock_notify start
[2016-12-18 01:04:34] - 2016-12-17 - daily_restock_notify success
[2016-12-18 01:04:34] - 2016-12-17 - daily_wish start
[2016-12-18 01:04:34] - 2016-12-17 - daily_wish success
[2016-12-18 01:04:34] - 2016-12-17 - daily_cart start
[2016-12-18 01:04:34] - 2016-12-17 - daily_cart success
[2016-12-18 01:04:34] - 2016-12-17 - daily_view start
[2016-12-18 01:04:34] - 2016-12-17 - daily_view success
[2016-12-18 01:04:34] - 2016-12-17 - case1 start
[2016-12-18 01:04:34] - 2016-12-17 - case1 success
[2016-12-18 01:04:34] - 2016-12-17 - case2 start
[2016-12-18 01:04:36] - 2016-12-17 - case2 success
[2016-12-18 01:04:36] - 2016-12-17 - delete start
[2016-12-18 01:04:36] - 2016-12-17 - fm_daily_stats_fblike_vw start
[2016-12-18 01:04:36] - 2016-12-17 - fm_daily_stats_fblike_vw success
[2016-12-18 01:04:36] - 2016-12-17 - fm_daily_stats_review_vw start
[2016-12-18 01:04:36] - 2016-12-17 - fm_daily_stats_review_vw success
[2016-12-18 01:04:36] - 2016-12-17 - fm_daily_stats_restock_notify_vw start
[2016-12-18 01:04:36] - 2016-12-17 - fm_daily_stats_restock_notify_vw success
[2016-12-18 01:04:36] - 2016-12-17 - fm_daily_stats_wish_vw start
[2016-12-18 01:04:36] - 2016-12-17 - fm_daily_stats_wish_vw success
[2016-12-18 01:04:36] - 2016-12-17 - fm_daily_stats_cart_vw start
[2016-12-18 01:04:36] - 2016-12-17 - fm_daily_stats_cart_vw success
[2016-12-18 01:04:36] - 2016-12-17 - fm_daily_stats_order_vw start
[2016-12-18 01:04:36] - 2016-12-17 - fm_daily_stats_order_vw success
[2016-12-18 01:04:36] - 2016-12-17 - fm_daily_stats_view_vw start
[2016-12-18 01:04:36] - 2016-12-17 - fm_daily_stats_view_vw success
[2016-12-18 01:04:36] - 2016-12-17 - delete success
[2016-12-19 01:04:47] - 2016-12-18 - daily_order start
[2016-12-19 01:04:47] - 2016-12-18 - daily_order success
[2016-12-19 01:04:47] - 2016-12-18 - daily_fblike start
[2016-12-19 01:04:47] - 2016-12-18 - daily_fblike success
[2016-12-19 01:04:47] - 2016-12-18 - daily_review start
[2016-12-19 01:04:47] - 2016-12-18 - daily_review success
[2016-12-19 01:04:47] - 2016-12-18 - daily_restock_notify start
[2016-12-19 01:04:47] - 2016-12-18 - daily_restock_notify success
[2016-12-19 01:04:47] - 2016-12-18 - daily_wish start
[2016-12-19 01:04:47] - 2016-12-18 - daily_wish success
[2016-12-19 01:04:47] - 2016-12-18 - daily_cart start
[2016-12-19 01:04:47] - 2016-12-18 - daily_cart success
[2016-12-19 01:04:47] - 2016-12-18 - daily_view start
[2016-12-19 01:04:47] - 2016-12-18 - daily_view success
[2016-12-19 01:04:47] - 2016-12-18 - case1 start
[2016-12-19 01:04:47] - 2016-12-18 - case1 success
[2016-12-19 01:04:47] - 2016-12-18 - case2 start
[2016-12-19 01:04:49] - 2016-12-18 - case2 success
[2016-12-19 01:04:49] - 2016-12-18 - delete start
[2016-12-19 01:04:49] - 2016-12-18 - fm_daily_stats_fblike_vw start
[2016-12-19 01:04:49] - 2016-12-18 - fm_daily_stats_fblike_vw success
[2016-12-19 01:04:49] - 2016-12-18 - fm_daily_stats_review_vw start
[2016-12-19 01:04:49] - 2016-12-18 - fm_daily_stats_review_vw success
[2016-12-19 01:04:49] - 2016-12-18 - fm_daily_stats_restock_notify_vw start
[2016-12-19 01:04:49] - 2016-12-18 - fm_daily_stats_restock_notify_vw success
[2016-12-19 01:04:49] - 2016-12-18 - fm_daily_stats_wish_vw start
[2016-12-19 01:04:49] - 2016-12-18 - fm_daily_stats_wish_vw success
[2016-12-19 01:04:49] - 2016-12-18 - fm_daily_stats_cart_vw start
[2016-12-19 01:04:49] - 2016-12-18 - fm_daily_stats_cart_vw success
[2016-12-19 01:04:49] - 2016-12-18 - fm_daily_stats_order_vw start
[2016-12-19 01:04:49] - 2016-12-18 - fm_daily_stats_order_vw success
[2016-12-19 01:04:49] - 2016-12-18 - fm_daily_stats_view_vw start
[2016-12-19 01:04:49] - 2016-12-18 - fm_daily_stats_view_vw success
[2016-12-19 01:04:49] - 2016-12-18 - delete success
[2016-12-20 01:04:50] - 2016-12-19 - daily_order start
[2016-12-20 01:04:50] - 2016-12-19 - daily_order success
[2016-12-20 01:04:50] - 2016-12-19 - daily_fblike start
[2016-12-20 01:04:50] - 2016-12-19 - daily_fblike success
[2016-12-20 01:04:50] - 2016-12-19 - daily_review start
[2016-12-20 01:04:50] - 2016-12-19 - daily_review success
[2016-12-20 01:04:50] - 2016-12-19 - daily_restock_notify start
[2016-12-20 01:04:50] - 2016-12-19 - daily_restock_notify success
[2016-12-20 01:04:50] - 2016-12-19 - daily_wish start
[2016-12-20 01:04:50] - 2016-12-19 - daily_wish success
[2016-12-20 01:04:50] - 2016-12-19 - daily_cart start
[2016-12-20 01:04:50] - 2016-12-19 - daily_cart success
[2016-12-20 01:04:50] - 2016-12-19 - daily_view start
[2016-12-20 01:04:50] - 2016-12-19 - daily_view success
[2016-12-20 01:04:50] - 2016-12-19 - case1 start
[2016-12-20 01:04:50] - 2016-12-19 - case1 success
[2016-12-20 01:04:50] - 2016-12-19 - case2 start
[2016-12-20 01:04:52] - 2016-12-19 - case2 success
[2016-12-20 01:04:52] - 2016-12-19 - delete start
[2016-12-20 01:04:52] - 2016-12-19 - fm_daily_stats_fblike_vw start
[2016-12-20 01:04:52] - 2016-12-19 - fm_daily_stats_fblike_vw success
[2016-12-20 01:04:52] - 2016-12-19 - fm_daily_stats_review_vw start
[2016-12-20 01:04:52] - 2016-12-19 - fm_daily_stats_review_vw success
[2016-12-20 01:04:52] - 2016-12-19 - fm_daily_stats_restock_notify_vw start
[2016-12-20 01:04:52] - 2016-12-19 - fm_daily_stats_restock_notify_vw success
[2016-12-20 01:04:52] - 2016-12-19 - fm_daily_stats_wish_vw start
[2016-12-20 01:04:52] - 2016-12-19 - fm_daily_stats_wish_vw success
[2016-12-20 01:04:52] - 2016-12-19 - fm_daily_stats_cart_vw start
[2016-12-20 01:04:52] - 2016-12-19 - fm_daily_stats_cart_vw success
[2016-12-20 01:04:52] - 2016-12-19 - fm_daily_stats_order_vw start
[2016-12-20 01:04:52] - 2016-12-19 - fm_daily_stats_order_vw success
[2016-12-20 01:04:52] - 2016-12-19 - fm_daily_stats_view_vw start
[2016-12-20 01:04:52] - 2016-12-19 - fm_daily_stats_view_vw success
[2016-12-20 01:04:52] - 2016-12-19 - delete success
[2016-12-21 01:04:53] - 2016-12-20 - daily_order start
[2016-12-21 01:04:53] - 2016-12-20 - daily_order success
[2016-12-21 01:04:53] - 2016-12-20 - daily_fblike start
[2016-12-21 01:04:54] - 2016-12-20 - daily_fblike success
[2016-12-21 01:04:54] - 2016-12-20 - daily_review start
[2016-12-21 01:04:54] - 2016-12-20 - daily_review success
[2016-12-21 01:04:54] - 2016-12-20 - daily_restock_notify start
[2016-12-21 01:04:54] - 2016-12-20 - daily_restock_notify success
[2016-12-21 01:04:54] - 2016-12-20 - daily_wish start
[2016-12-21 01:04:54] - 2016-12-20 - daily_wish success
[2016-12-21 01:04:54] - 2016-12-20 - daily_cart start
[2016-12-21 01:04:54] - 2016-12-20 - daily_cart success
[2016-12-21 01:04:54] - 2016-12-20 - daily_view start
[2016-12-21 01:04:54] - 2016-12-20 - daily_view success
[2016-12-21 01:04:54] - 2016-12-20 - case1 start
[2016-12-21 01:04:54] - 2016-12-20 - case1 success
[2016-12-21 01:04:54] - 2016-12-20 - case2 start
[2016-12-21 01:04:56] - 2016-12-20 - case2 success
[2016-12-21 01:04:56] - 2016-12-20 - delete start
[2016-12-21 01:04:56] - 2016-12-20 - fm_daily_stats_fblike_vw start
[2016-12-21 01:04:56] - 2016-12-20 - fm_daily_stats_fblike_vw success
[2016-12-21 01:04:56] - 2016-12-20 - fm_daily_stats_review_vw start
[2016-12-21 01:04:56] - 2016-12-20 - fm_daily_stats_review_vw success
[2016-12-21 01:04:56] - 2016-12-20 - fm_daily_stats_restock_notify_vw start
[2016-12-21 01:04:56] - 2016-12-20 - fm_daily_stats_restock_notify_vw success
[2016-12-21 01:04:56] - 2016-12-20 - fm_daily_stats_wish_vw start
[2016-12-21 01:04:56] - 2016-12-20 - fm_daily_stats_wish_vw success
[2016-12-21 01:04:56] - 2016-12-20 - fm_daily_stats_cart_vw start
[2016-12-21 01:04:56] - 2016-12-20 - fm_daily_stats_cart_vw success
[2016-12-21 01:04:56] - 2016-12-20 - fm_daily_stats_order_vw start
[2016-12-21 01:04:56] - 2016-12-20 - fm_daily_stats_order_vw success
[2016-12-21 01:04:56] - 2016-12-20 - fm_daily_stats_view_vw start
[2016-12-21 01:04:56] - 2016-12-20 - fm_daily_stats_view_vw success
[2016-12-21 01:04:56] - 2016-12-20 - delete success
[2016-12-22 01:04:42] - 2016-12-21 - daily_order start
[2016-12-22 01:04:42] - 2016-12-21 - daily_order success
[2016-12-22 01:04:42] - 2016-12-21 - daily_fblike start
[2016-12-22 01:04:42] - 2016-12-21 - daily_fblike success
[2016-12-22 01:04:42] - 2016-12-21 - daily_review start
[2016-12-22 01:04:42] - 2016-12-21 - daily_review success
[2016-12-22 01:04:42] - 2016-12-21 - daily_restock_notify start
[2016-12-22 01:04:42] - 2016-12-21 - daily_restock_notify success
[2016-12-22 01:04:42] - 2016-12-21 - daily_wish start
[2016-12-22 01:04:42] - 2016-12-21 - daily_wish success
[2016-12-22 01:04:42] - 2016-12-21 - daily_cart start
[2016-12-22 01:04:42] - 2016-12-21 - daily_cart success
[2016-12-22 01:04:42] - 2016-12-21 - daily_view start
[2016-12-22 01:04:42] - 2016-12-21 - daily_view success
[2016-12-22 01:04:42] - 2016-12-21 - case1 start
[2016-12-22 01:04:42] - 2016-12-21 - case1 success
[2016-12-22 01:04:42] - 2016-12-21 - case2 start
[2016-12-22 01:04:44] - 2016-12-21 - case2 success
[2016-12-22 01:04:44] - 2016-12-21 - delete start
[2016-12-22 01:04:44] - 2016-12-21 - fm_daily_stats_fblike_vw start
[2016-12-22 01:04:44] - 2016-12-21 - fm_daily_stats_fblike_vw success
[2016-12-22 01:04:44] - 2016-12-21 - fm_daily_stats_review_vw start
[2016-12-22 01:04:44] - 2016-12-21 - fm_daily_stats_review_vw success
[2016-12-22 01:04:44] - 2016-12-21 - fm_daily_stats_restock_notify_vw start
[2016-12-22 01:04:44] - 2016-12-21 - fm_daily_stats_restock_notify_vw success
[2016-12-22 01:04:44] - 2016-12-21 - fm_daily_stats_wish_vw start
[2016-12-22 01:04:44] - 2016-12-21 - fm_daily_stats_wish_vw success
[2016-12-22 01:04:44] - 2016-12-21 - fm_daily_stats_cart_vw start
[2016-12-22 01:04:44] - 2016-12-21 - fm_daily_stats_cart_vw success
[2016-12-22 01:04:44] - 2016-12-21 - fm_daily_stats_order_vw start
[2016-12-22 01:04:44] - 2016-12-21 - fm_daily_stats_order_vw success
[2016-12-22 01:04:44] - 2016-12-21 - fm_daily_stats_view_vw start
[2016-12-22 01:04:44] - 2016-12-21 - fm_daily_stats_view_vw success
[2016-12-22 01:04:44] - 2016-12-21 - delete success
[2016-12-23 01:04:25] - 2016-12-22 - daily_order start
[2016-12-23 01:04:25] - 2016-12-22 - daily_order success
[2016-12-23 01:04:25] - 2016-12-22 - daily_fblike start
[2016-12-23 01:04:25] - 2016-12-22 - daily_fblike success
[2016-12-23 01:04:25] - 2016-12-22 - daily_review start
[2016-12-23 01:04:25] - 2016-12-22 - daily_review success
[2016-12-23 01:04:25] - 2016-12-22 - daily_restock_notify start
[2016-12-23 01:04:25] - 2016-12-22 - daily_restock_notify success
[2016-12-23 01:04:25] - 2016-12-22 - daily_wish start
[2016-12-23 01:04:25] - 2016-12-22 - daily_wish success
[2016-12-23 01:04:25] - 2016-12-22 - daily_cart start
[2016-12-23 01:04:26] - 2016-12-22 - daily_cart success
[2016-12-23 01:04:26] - 2016-12-22 - daily_view start
[2016-12-23 01:04:26] - 2016-12-22 - daily_view success
[2016-12-23 01:04:26] - 2016-12-22 - case1 start
[2016-12-23 01:04:26] - 2016-12-22 - case1 success
[2016-12-23 01:04:26] - 2016-12-22 - case2 start
[2016-12-23 01:04:27] - 2016-12-22 - case2 success
[2016-12-23 01:04:27] - 2016-12-22 - delete start
[2016-12-23 01:04:27] - 2016-12-22 - fm_daily_stats_fblike_vw start
[2016-12-23 01:04:27] - 2016-12-22 - fm_daily_stats_fblike_vw success
[2016-12-23 01:04:27] - 2016-12-22 - fm_daily_stats_review_vw start
[2016-12-23 01:04:27] - 2016-12-22 - fm_daily_stats_review_vw success
[2016-12-23 01:04:27] - 2016-12-22 - fm_daily_stats_restock_notify_vw start
[2016-12-23 01:04:27] - 2016-12-22 - fm_daily_stats_restock_notify_vw success
[2016-12-23 01:04:27] - 2016-12-22 - fm_daily_stats_wish_vw start
[2016-12-23 01:04:27] - 2016-12-22 - fm_daily_stats_wish_vw success
[2016-12-23 01:04:27] - 2016-12-22 - fm_daily_stats_cart_vw start
[2016-12-23 01:04:27] - 2016-12-22 - fm_daily_stats_cart_vw success
[2016-12-23 01:04:27] - 2016-12-22 - fm_daily_stats_order_vw start
[2016-12-23 01:04:28] - 2016-12-22 - fm_daily_stats_order_vw success
[2016-12-23 01:04:28] - 2016-12-22 - fm_daily_stats_view_vw start
[2016-12-23 01:04:28] - 2016-12-22 - fm_daily_stats_view_vw success
[2016-12-23 01:04:28] - 2016-12-22 - delete success
[2016-12-24 01:04:34] - 2016-12-23 - daily_order start
[2016-12-24 01:04:34] - 2016-12-23 - daily_order success
[2016-12-24 01:04:34] - 2016-12-23 - daily_fblike start
[2016-12-24 01:04:34] - 2016-12-23 - daily_fblike success
[2016-12-24 01:04:34] - 2016-12-23 - daily_review start
[2016-12-24 01:04:34] - 2016-12-23 - daily_review success
[2016-12-24 01:04:34] - 2016-12-23 - daily_restock_notify start
[2016-12-24 01:04:34] - 2016-12-23 - daily_restock_notify success
[2016-12-24 01:04:34] - 2016-12-23 - daily_wish start
[2016-12-24 01:04:34] - 2016-12-23 - daily_wish success
[2016-12-24 01:04:34] - 2016-12-23 - daily_cart start
[2016-12-24 01:04:34] - 2016-12-23 - daily_cart success
[2016-12-24 01:04:34] - 2016-12-23 - daily_view start
[2016-12-24 01:04:34] - 2016-12-23 - daily_view success
[2016-12-24 01:04:34] - 2016-12-23 - case1 start
[2016-12-24 01:04:34] - 2016-12-23 - case1 success
[2016-12-24 01:04:34] - 2016-12-23 - case2 start
[2016-12-24 01:04:36] - 2016-12-23 - case2 success
[2016-12-24 01:04:36] - 2016-12-23 - delete start
[2016-12-24 01:04:36] - 2016-12-23 - fm_daily_stats_fblike_vw start
[2016-12-24 01:04:36] - 2016-12-23 - fm_daily_stats_fblike_vw success
[2016-12-24 01:04:36] - 2016-12-23 - fm_daily_stats_review_vw start
[2016-12-24 01:04:36] - 2016-12-23 - fm_daily_stats_review_vw success
[2016-12-24 01:04:36] - 2016-12-23 - fm_daily_stats_restock_notify_vw start
[2016-12-24 01:04:36] - 2016-12-23 - fm_daily_stats_restock_notify_vw success
[2016-12-24 01:04:36] - 2016-12-23 - fm_daily_stats_wish_vw start
[2016-12-24 01:04:36] - 2016-12-23 - fm_daily_stats_wish_vw success
[2016-12-24 01:04:36] - 2016-12-23 - fm_daily_stats_cart_vw start
[2016-12-24 01:04:36] - 2016-12-23 - fm_daily_stats_cart_vw success
[2016-12-24 01:04:36] - 2016-12-23 - fm_daily_stats_order_vw start
[2016-12-24 01:04:36] - 2016-12-23 - fm_daily_stats_order_vw success
[2016-12-24 01:04:36] - 2016-12-23 - fm_daily_stats_view_vw start
[2016-12-24 01:04:36] - 2016-12-23 - fm_daily_stats_view_vw success
[2016-12-24 01:04:36] - 2016-12-23 - delete success
[2016-12-25 01:04:44] - 2016-12-24 - daily_order start
[2016-12-25 01:04:44] - 2016-12-24 - daily_order success
[2016-12-25 01:04:44] - 2016-12-24 - daily_fblike start
[2016-12-25 01:04:44] - 2016-12-24 - daily_fblike success
[2016-12-25 01:04:44] - 2016-12-24 - daily_review start
[2016-12-25 01:04:44] - 2016-12-24 - daily_review success
[2016-12-25 01:04:44] - 2016-12-24 - daily_restock_notify start
[2016-12-25 01:04:44] - 2016-12-24 - daily_restock_notify success
[2016-12-25 01:04:44] - 2016-12-24 - daily_wish start
[2016-12-25 01:04:44] - 2016-12-24 - daily_wish success
[2016-12-25 01:04:44] - 2016-12-24 - daily_cart start
[2016-12-25 01:04:44] - 2016-12-24 - daily_cart success
[2016-12-25 01:04:44] - 2016-12-24 - daily_view start
[2016-12-25 01:04:44] - 2016-12-24 - daily_view success
[2016-12-25 01:04:44] - 2016-12-24 - case1 start
[2016-12-25 01:04:44] - 2016-12-24 - case1 success
[2016-12-25 01:04:44] - 2016-12-24 - case2 start
[2016-12-25 01:04:46] - 2016-12-24 - case2 success
[2016-12-25 01:04:46] - 2016-12-24 - delete start
[2016-12-25 01:04:46] - 2016-12-24 - fm_daily_stats_fblike_vw start
[2016-12-25 01:04:46] - 2016-12-24 - fm_daily_stats_fblike_vw success
[2016-12-25 01:04:46] - 2016-12-24 - fm_daily_stats_review_vw start
[2016-12-25 01:04:46] - 2016-12-24 - fm_daily_stats_review_vw success
[2016-12-25 01:04:46] - 2016-12-24 - fm_daily_stats_restock_notify_vw start
[2016-12-25 01:04:46] - 2016-12-24 - fm_daily_stats_restock_notify_vw success
[2016-12-25 01:04:46] - 2016-12-24 - fm_daily_stats_wish_vw start
[2016-12-25 01:04:46] - 2016-12-24 - fm_daily_stats_wish_vw success
[2016-12-25 01:04:46] - 2016-12-24 - fm_daily_stats_cart_vw start
[2016-12-25 01:04:46] - 2016-12-24 - fm_daily_stats_cart_vw success
[2016-12-25 01:04:46] - 2016-12-24 - fm_daily_stats_order_vw start
[2016-12-25 01:04:46] - 2016-12-24 - fm_daily_stats_order_vw success
[2016-12-25 01:04:46] - 2016-12-24 - fm_daily_stats_view_vw start
[2016-12-25 01:04:46] - 2016-12-24 - fm_daily_stats_view_vw success
[2016-12-25 01:04:46] - 2016-12-24 - delete success
[2016-12-26 01:05:10] - 2016-12-25 - daily_order start
[2016-12-26 01:05:10] - 2016-12-25 - daily_order success
[2016-12-26 01:05:10] - 2016-12-25 - daily_fblike start
[2016-12-26 01:05:10] - 2016-12-25 - daily_fblike success
[2016-12-26 01:05:10] - 2016-12-25 - daily_review start
[2016-12-26 01:05:10] - 2016-12-25 - daily_review success
[2016-12-26 01:05:10] - 2016-12-25 - daily_restock_notify start
[2016-12-26 01:05:10] - 2016-12-25 - daily_restock_notify success
[2016-12-26 01:05:10] - 2016-12-25 - daily_wish start
[2016-12-26 01:05:10] - 2016-12-25 - daily_wish success
[2016-12-26 01:05:10] - 2016-12-25 - daily_cart start
[2016-12-26 01:05:10] - 2016-12-25 - daily_cart success
[2016-12-26 01:05:10] - 2016-12-25 - daily_view start
[2016-12-26 01:05:10] - 2016-12-25 - daily_view success
[2016-12-26 01:05:10] - 2016-12-25 - case1 start
[2016-12-26 01:05:10] - 2016-12-25 - case1 success
[2016-12-26 01:05:10] - 2016-12-25 - case2 start
[2016-12-26 01:05:12] - 2016-12-25 - case2 success
[2016-12-26 01:05:12] - 2016-12-25 - delete start
[2016-12-26 01:05:12] - 2016-12-25 - fm_daily_stats_fblike_vw start
[2016-12-26 01:05:12] - 2016-12-25 - fm_daily_stats_fblike_vw success
[2016-12-26 01:05:12] - 2016-12-25 - fm_daily_stats_review_vw start
[2016-12-26 01:05:12] - 2016-12-25 - fm_daily_stats_review_vw success
[2016-12-26 01:05:12] - 2016-12-25 - fm_daily_stats_restock_notify_vw start
[2016-12-26 01:05:12] - 2016-12-25 - fm_daily_stats_restock_notify_vw success
[2016-12-26 01:05:12] - 2016-12-25 - fm_daily_stats_wish_vw start
[2016-12-26 01:05:12] - 2016-12-25 - fm_daily_stats_wish_vw success
[2016-12-26 01:05:12] - 2016-12-25 - fm_daily_stats_cart_vw start
[2016-12-26 01:05:12] - 2016-12-25 - fm_daily_stats_cart_vw success
[2016-12-26 01:05:12] - 2016-12-25 - fm_daily_stats_order_vw start
[2016-12-26 01:05:12] - 2016-12-25 - fm_daily_stats_order_vw success
[2016-12-26 01:05:12] - 2016-12-25 - fm_daily_stats_view_vw start
[2016-12-26 01:05:12] - 2016-12-25 - fm_daily_stats_view_vw success
[2016-12-26 01:05:12] - 2016-12-25 - delete success
[2016-12-27 01:04:28] - 2016-12-26 - daily_order start
[2016-12-27 01:04:28] - 2016-12-26 - daily_order success
[2016-12-27 01:04:28] - 2016-12-26 - daily_fblike start
[2016-12-27 01:04:28] - 2016-12-26 - daily_fblike success
[2016-12-27 01:04:28] - 2016-12-26 - daily_review start
[2016-12-27 01:04:28] - 2016-12-26 - daily_review success
[2016-12-27 01:04:28] - 2016-12-26 - daily_restock_notify start
[2016-12-27 01:04:28] - 2016-12-26 - daily_restock_notify success
[2016-12-27 01:04:28] - 2016-12-26 - daily_wish start
[2016-12-27 01:04:28] - 2016-12-26 - daily_wish success
[2016-12-27 01:04:28] - 2016-12-26 - daily_cart start
[2016-12-27 01:04:28] - 2016-12-26 - daily_cart success
[2016-12-27 01:04:28] - 2016-12-26 - daily_view start
[2016-12-27 01:04:28] - 2016-12-26 - daily_view success
[2016-12-27 01:04:28] - 2016-12-26 - case1 start
[2016-12-27 01:04:28] - 2016-12-26 - case1 success
[2016-12-27 01:04:28] - 2016-12-26 - case2 start
[2016-12-27 01:04:30] - 2016-12-26 - case2 success
[2016-12-27 01:04:30] - 2016-12-26 - delete start
[2016-12-27 01:04:30] - 2016-12-26 - fm_daily_stats_fblike_vw start
[2016-12-27 01:04:30] - 2016-12-26 - fm_daily_stats_fblike_vw success
[2016-12-27 01:04:30] - 2016-12-26 - fm_daily_stats_review_vw start
[2016-12-27 01:04:30] - 2016-12-26 - fm_daily_stats_review_vw success
[2016-12-27 01:04:30] - 2016-12-26 - fm_daily_stats_restock_notify_vw start
[2016-12-27 01:04:30] - 2016-12-26 - fm_daily_stats_restock_notify_vw success
[2016-12-27 01:04:30] - 2016-12-26 - fm_daily_stats_wish_vw start
[2016-12-27 01:04:30] - 2016-12-26 - fm_daily_stats_wish_vw success
[2016-12-27 01:04:30] - 2016-12-26 - fm_daily_stats_cart_vw start
[2016-12-27 01:04:30] - 2016-12-26 - fm_daily_stats_cart_vw success
[2016-12-27 01:04:30] - 2016-12-26 - fm_daily_stats_order_vw start
[2016-12-27 01:04:30] - 2016-12-26 - fm_daily_stats_order_vw success
[2016-12-27 01:04:30] - 2016-12-26 - fm_daily_stats_view_vw start
[2016-12-27 01:04:30] - 2016-12-26 - fm_daily_stats_view_vw success
[2016-12-27 01:04:30] - 2016-12-26 - delete success
[2016-12-28 01:04:35] - 2016-12-27 - daily_order start
[2016-12-28 01:04:35] - 2016-12-27 - daily_order success
[2016-12-28 01:04:35] - 2016-12-27 - daily_fblike start
[2016-12-28 01:04:35] - 2016-12-27 - daily_fblike success
[2016-12-28 01:04:35] - 2016-12-27 - daily_review start
[2016-12-28 01:04:35] - 2016-12-27 - daily_review success
[2016-12-28 01:04:35] - 2016-12-27 - daily_restock_notify start
[2016-12-28 01:04:35] - 2016-12-27 - daily_restock_notify success
[2016-12-28 01:04:35] - 2016-12-27 - daily_wish start
[2016-12-28 01:04:35] - 2016-12-27 - daily_wish success
[2016-12-28 01:04:35] - 2016-12-27 - daily_cart start
[2016-12-28 01:04:35] - 2016-12-27 - daily_cart success
[2016-12-28 01:04:35] - 2016-12-27 - daily_view start
[2016-12-28 01:04:35] - 2016-12-27 - daily_view success
[2016-12-28 01:04:35] - 2016-12-27 - case1 start
[2016-12-28 01:04:35] - 2016-12-27 - case1 success
[2016-12-28 01:04:35] - 2016-12-27 - case2 start
[2016-12-28 01:04:37] - 2016-12-27 - case2 success
[2016-12-28 01:04:37] - 2016-12-27 - delete start
[2016-12-28 01:04:37] - 2016-12-27 - fm_daily_stats_fblike_vw start
[2016-12-28 01:04:37] - 2016-12-27 - fm_daily_stats_fblike_vw success
[2016-12-28 01:04:37] - 2016-12-27 - fm_daily_stats_review_vw start
[2016-12-28 01:04:37] - 2016-12-27 - fm_daily_stats_review_vw success
[2016-12-28 01:04:37] - 2016-12-27 - fm_daily_stats_restock_notify_vw start
[2016-12-28 01:04:37] - 2016-12-27 - fm_daily_stats_restock_notify_vw success
[2016-12-28 01:04:37] - 2016-12-27 - fm_daily_stats_wish_vw start
[2016-12-28 01:04:37] - 2016-12-27 - fm_daily_stats_wish_vw success
[2016-12-28 01:04:37] - 2016-12-27 - fm_daily_stats_cart_vw start
[2016-12-28 01:04:37] - 2016-12-27 - fm_daily_stats_cart_vw success
[2016-12-28 01:04:37] - 2016-12-27 - fm_daily_stats_order_vw start
[2016-12-28 01:04:37] - 2016-12-27 - fm_daily_stats_order_vw success
[2016-12-28 01:04:37] - 2016-12-27 - fm_daily_stats_view_vw start
[2016-12-28 01:04:37] - 2016-12-27 - fm_daily_stats_view_vw success
[2016-12-28 01:04:37] - 2016-12-27 - delete success
[2016-12-29 01:04:39] - 2016-12-28 - daily_order start
[2016-12-29 01:04:39] - 2016-12-28 - daily_order success
[2016-12-29 01:04:39] - 2016-12-28 - daily_fblike start
[2016-12-29 01:04:39] - 2016-12-28 - daily_fblike success
[2016-12-29 01:04:39] - 2016-12-28 - daily_review start
[2016-12-29 01:04:39] - 2016-12-28 - daily_review success
[2016-12-29 01:04:39] - 2016-12-28 - daily_restock_notify start
[2016-12-29 01:04:39] - 2016-12-28 - daily_restock_notify success
[2016-12-29 01:04:39] - 2016-12-28 - daily_wish start
[2016-12-29 01:04:39] - 2016-12-28 - daily_wish success
[2016-12-29 01:04:39] - 2016-12-28 - daily_cart start
[2016-12-29 01:04:39] - 2016-12-28 - daily_cart success
[2016-12-29 01:04:39] - 2016-12-28 - daily_view start
[2016-12-29 01:04:39] - 2016-12-28 - daily_view success
[2016-12-29 01:04:39] - 2016-12-28 - case1 start
[2016-12-29 01:04:39] - 2016-12-28 - case1 success
[2016-12-29 01:04:39] - 2016-12-28 - case2 start
[2016-12-29 01:04:41] - 2016-12-28 - case2 success
[2016-12-29 01:04:41] - 2016-12-28 - delete start
[2016-12-29 01:04:41] - 2016-12-28 - fm_daily_stats_fblike_vw start
[2016-12-29 01:04:41] - 2016-12-28 - fm_daily_stats_fblike_vw success
[2016-12-29 01:04:41] - 2016-12-28 - fm_daily_stats_review_vw start
[2016-12-29 01:04:41] - 2016-12-28 - fm_daily_stats_review_vw success
[2016-12-29 01:04:41] - 2016-12-28 - fm_daily_stats_restock_notify_vw start
[2016-12-29 01:04:41] - 2016-12-28 - fm_daily_stats_restock_notify_vw success
[2016-12-29 01:04:41] - 2016-12-28 - fm_daily_stats_wish_vw start
[2016-12-29 01:04:41] - 2016-12-28 - fm_daily_stats_wish_vw success
[2016-12-29 01:04:41] - 2016-12-28 - fm_daily_stats_cart_vw start
[2016-12-29 01:04:41] - 2016-12-28 - fm_daily_stats_cart_vw success
[2016-12-29 01:04:41] - 2016-12-28 - fm_daily_stats_order_vw start
[2016-12-29 01:04:41] - 2016-12-28 - fm_daily_stats_order_vw success
[2016-12-29 01:04:41] - 2016-12-28 - fm_daily_stats_view_vw start
[2016-12-29 01:04:41] - 2016-12-28 - fm_daily_stats_view_vw success
[2016-12-29 01:04:41] - 2016-12-28 - delete success
[2016-12-30 01:04:46] - 2016-12-29 - daily_order start
[2016-12-30 01:04:46] - 2016-12-29 - daily_order success
[2016-12-30 01:04:46] - 2016-12-29 - daily_fblike start
[2016-12-30 01:04:46] - 2016-12-29 - daily_fblike success
[2016-12-30 01:04:46] - 2016-12-29 - daily_review start
[2016-12-30 01:04:46] - 2016-12-29 - daily_review success
[2016-12-30 01:04:46] - 2016-12-29 - daily_restock_notify start
[2016-12-30 01:04:46] - 2016-12-29 - daily_restock_notify success
[2016-12-30 01:04:46] - 2016-12-29 - daily_wish start
[2016-12-30 01:04:46] - 2016-12-29 - daily_wish success
[2016-12-30 01:04:46] - 2016-12-29 - daily_cart start
[2016-12-30 01:04:46] - 2016-12-29 - daily_cart success
[2016-12-30 01:04:46] - 2016-12-29 - daily_view start
[2016-12-30 01:04:46] - 2016-12-29 - daily_view success
[2016-12-30 01:04:46] - 2016-12-29 - case1 start
[2016-12-30 01:04:46] - 2016-12-29 - case1 success
[2016-12-30 01:04:46] - 2016-12-29 - case2 start
[2016-12-30 01:04:49] - 2016-12-29 - case2 success
[2016-12-30 01:04:49] - 2016-12-29 - delete start
[2016-12-30 01:04:49] - 2016-12-29 - fm_daily_stats_fblike_vw start
[2016-12-30 01:04:49] - 2016-12-29 - fm_daily_stats_fblike_vw success
[2016-12-30 01:04:49] - 2016-12-29 - fm_daily_stats_review_vw start
[2016-12-30 01:04:49] - 2016-12-29 - fm_daily_stats_review_vw success
[2016-12-30 01:04:49] - 2016-12-29 - fm_daily_stats_restock_notify_vw start
[2016-12-30 01:04:49] - 2016-12-29 - fm_daily_stats_restock_notify_vw success
[2016-12-30 01:04:49] - 2016-12-29 - fm_daily_stats_wish_vw start
[2016-12-30 01:04:49] - 2016-12-29 - fm_daily_stats_wish_vw success
[2016-12-30 01:04:49] - 2016-12-29 - fm_daily_stats_cart_vw start
[2016-12-30 01:04:49] - 2016-12-29 - fm_daily_stats_cart_vw success
[2016-12-30 01:04:49] - 2016-12-29 - fm_daily_stats_order_vw start
[2016-12-30 01:04:49] - 2016-12-29 - fm_daily_stats_order_vw success
[2016-12-30 01:04:49] - 2016-12-29 - fm_daily_stats_view_vw start
[2016-12-30 01:04:49] - 2016-12-29 - fm_daily_stats_view_vw success
[2016-12-30 01:04:49] - 2016-12-29 - delete success
[2016-12-31 01:04:55] - 2016-12-30 - daily_order start
[2016-12-31 01:04:55] - 2016-12-30 - daily_order success
[2016-12-31 01:04:55] - 2016-12-30 - daily_fblike start
[2016-12-31 01:04:55] - 2016-12-30 - daily_fblike success
[2016-12-31 01:04:55] - 2016-12-30 - daily_review start
[2016-12-31 01:04:55] - 2016-12-30 - daily_review success
[2016-12-31 01:04:55] - 2016-12-30 - daily_restock_notify start
[2016-12-31 01:04:55] - 2016-12-30 - daily_restock_notify success
[2016-12-31 01:04:55] - 2016-12-30 - daily_wish start
[2016-12-31 01:04:55] - 2016-12-30 - daily_wish success
[2016-12-31 01:04:55] - 2016-12-30 - daily_cart start
[2016-12-31 01:04:55] - 2016-12-30 - daily_cart success
[2016-12-31 01:04:55] - 2016-12-30 - daily_view start
[2016-12-31 01:04:55] - 2016-12-30 - daily_view success
[2016-12-31 01:04:55] - 2016-12-30 - case1 start
[2016-12-31 01:04:55] - 2016-12-30 - case1 success
[2016-12-31 01:04:55] - 2016-12-30 - case2 start
[2016-12-31 01:04:58] - 2016-12-30 - case2 success
[2016-12-31 01:04:58] - 2016-12-30 - delete start
[2016-12-31 01:04:58] - 2016-12-30 - fm_daily_stats_fblike_vw start
[2016-12-31 01:04:58] - 2016-12-30 - fm_daily_stats_fblike_vw success
[2016-12-31 01:04:58] - 2016-12-30 - fm_daily_stats_review_vw start
[2016-12-31 01:04:58] - 2016-12-30 - fm_daily_stats_review_vw success
[2016-12-31 01:04:58] - 2016-12-30 - fm_daily_stats_restock_notify_vw start
[2016-12-31 01:04:58] - 2016-12-30 - fm_daily_stats_restock_notify_vw success
[2016-12-31 01:04:58] - 2016-12-30 - fm_daily_stats_wish_vw start
[2016-12-31 01:04:58] - 2016-12-30 - fm_daily_stats_wish_vw success
[2016-12-31 01:04:58] - 2016-12-30 - fm_daily_stats_cart_vw start
[2016-12-31 01:04:58] - 2016-12-30 - fm_daily_stats_cart_vw success
[2016-12-31 01:04:58] - 2016-12-30 - fm_daily_stats_order_vw start
[2016-12-31 01:04:58] - 2016-12-30 - fm_daily_stats_order_vw success
[2016-12-31 01:04:58] - 2016-12-30 - fm_daily_stats_view_vw start
[2016-12-31 01:04:58] - 2016-12-30 - fm_daily_stats_view_vw success
[2016-12-31 01:04:58] - 2016-12-30 - delete success
