[2017-06-01 01:08:35] - 2017-05-31 - daily_order start
[2017-06-01 01:08:35] - 2017-05-31 - daily_order success
[2017-06-01 01:08:35] - 2017-05-31 - daily_fblike start
[2017-06-01 01:08:35] - 2017-05-31 - daily_fblike success
[2017-06-01 01:08:35] - 2017-05-31 - daily_review start
[2017-06-01 01:08:35] - 2017-05-31 - daily_review success
[2017-06-01 01:08:35] - 2017-05-31 - daily_restock_notify start
[2017-06-01 01:08:35] - 2017-05-31 - daily_restock_notify success
[2017-06-01 01:08:35] - 2017-05-31 - daily_wish start
[2017-06-01 01:08:35] - 2017-05-31 - daily_wish success
[2017-06-01 01:08:35] - 2017-05-31 - daily_cart start
[2017-06-01 01:08:35] - 2017-05-31 - daily_cart success
[2017-06-01 01:08:35] - 2017-05-31 - daily_view start
[2017-06-01 01:08:36] - 2017-05-31 - daily_view success
[2017-06-01 01:08:36] - 2017-05-31 - case1 start
[2017-06-01 01:08:36] - 2017-05-31 - case1 success
[2017-06-01 01:08:36] - 2017-05-31 - case2 start
[2017-06-01 01:08:39] - 2017-05-31 - case2 success
[2017-06-01 01:08:39] - 2017-05-31 - delete start
[2017-06-01 01:08:39] - 2017-05-31 - fm_daily_stats_fblike_vw start
[2017-06-01 01:08:39] - 2017-05-31 - fm_daily_stats_fblike_vw success
[2017-06-01 01:08:39] - 2017-05-31 - fm_daily_stats_review_vw start
[2017-06-01 01:08:39] - 2017-05-31 - fm_daily_stats_review_vw success
[2017-06-01 01:08:39] - 2017-05-31 - fm_daily_stats_restock_notify_vw start
[2017-06-01 01:08:39] - 2017-05-31 - fm_daily_stats_restock_notify_vw success
[2017-06-01 01:08:39] - 2017-05-31 - fm_daily_stats_wish_vw start
[2017-06-01 01:08:39] - 2017-05-31 - fm_daily_stats_wish_vw success
[2017-06-01 01:08:39] - 2017-05-31 - fm_daily_stats_cart_vw start
[2017-06-01 01:08:39] - 2017-05-31 - fm_daily_stats_cart_vw success
[2017-06-01 01:08:39] - 2017-05-31 - fm_daily_stats_order_vw start
[2017-06-01 01:08:39] - 2017-05-31 - fm_daily_stats_order_vw success
[2017-06-01 01:08:39] - 2017-05-31 - fm_daily_stats_view_vw start
[2017-06-01 01:08:39] - 2017-05-31 - fm_daily_stats_view_vw success
[2017-06-01 01:08:39] - 2017-05-31 - delete success
[2017-06-02 01:07:14] - 2017-06-01 - daily_order start
[2017-06-02 01:07:14] - 2017-06-01 - daily_order success
[2017-06-02 01:07:14] - 2017-06-01 - daily_fblike start
[2017-06-02 01:07:14] - 2017-06-01 - daily_fblike success
[2017-06-02 01:07:14] - 2017-06-01 - daily_review start
[2017-06-02 01:07:14] - 2017-06-01 - daily_review success
[2017-06-02 01:07:14] - 2017-06-01 - daily_restock_notify start
[2017-06-02 01:07:14] - 2017-06-01 - daily_restock_notify success
[2017-06-02 01:07:14] - 2017-06-01 - daily_wish start
[2017-06-02 01:07:14] - 2017-06-01 - daily_wish success
[2017-06-02 01:07:14] - 2017-06-01 - daily_cart start
[2017-06-02 01:07:14] - 2017-06-01 - daily_cart success
[2017-06-02 01:07:14] - 2017-06-01 - daily_view start
[2017-06-02 01:07:14] - 2017-06-01 - daily_view success
[2017-06-02 01:07:14] - 2017-06-01 - case1 start
[2017-06-02 01:07:14] - 2017-06-01 - case1 success
[2017-06-02 01:07:14] - 2017-06-01 - case2 start
[2017-06-02 01:07:17] - 2017-06-01 - case2 success
[2017-06-02 01:07:17] - 2017-06-01 - delete start
[2017-06-02 01:07:17] - 2017-06-01 - fm_daily_stats_fblike_vw start
[2017-06-02 01:07:17] - 2017-06-01 - fm_daily_stats_fblike_vw success
[2017-06-02 01:07:17] - 2017-06-01 - fm_daily_stats_review_vw start
[2017-06-02 01:07:17] - 2017-06-01 - fm_daily_stats_review_vw success
[2017-06-02 01:07:17] - 2017-06-01 - fm_daily_stats_restock_notify_vw start
[2017-06-02 01:07:17] - 2017-06-01 - fm_daily_stats_restock_notify_vw success
[2017-06-02 01:07:17] - 2017-06-01 - fm_daily_stats_wish_vw start
[2017-06-02 01:07:17] - 2017-06-01 - fm_daily_stats_wish_vw success
[2017-06-02 01:07:17] - 2017-06-01 - fm_daily_stats_cart_vw start
[2017-06-02 01:07:17] - 2017-06-01 - fm_daily_stats_cart_vw success
[2017-06-02 01:07:17] - 2017-06-01 - fm_daily_stats_order_vw start
[2017-06-02 01:07:17] - 2017-06-01 - fm_daily_stats_order_vw success
[2017-06-02 01:07:17] - 2017-06-01 - fm_daily_stats_view_vw start
[2017-06-02 01:07:17] - 2017-06-01 - fm_daily_stats_view_vw success
[2017-06-02 01:07:17] - 2017-06-01 - delete success
[2017-06-03 01:07:30] - 2017-06-02 - daily_order start
[2017-06-03 01:07:30] - 2017-06-02 - daily_order success
[2017-06-03 01:07:30] - 2017-06-02 - daily_fblike start
[2017-06-03 01:07:30] - 2017-06-02 - daily_fblike success
[2017-06-03 01:07:30] - 2017-06-02 - daily_review start
[2017-06-03 01:07:30] - 2017-06-02 - daily_review success
[2017-06-03 01:07:30] - 2017-06-02 - daily_restock_notify start
[2017-06-03 01:07:30] - 2017-06-02 - daily_restock_notify success
[2017-06-03 01:07:30] - 2017-06-02 - daily_wish start
[2017-06-03 01:07:30] - 2017-06-02 - daily_wish success
[2017-06-03 01:07:30] - 2017-06-02 - daily_cart start
[2017-06-03 01:07:30] - 2017-06-02 - daily_cart success
[2017-06-03 01:07:30] - 2017-06-02 - daily_view start
[2017-06-03 01:07:30] - 2017-06-02 - daily_view success
[2017-06-03 01:07:30] - 2017-06-02 - case1 start
[2017-06-03 01:07:30] - 2017-06-02 - case1 success
[2017-06-03 01:07:30] - 2017-06-02 - case2 start
[2017-06-03 01:07:33] - 2017-06-02 - case2 success
[2017-06-03 01:07:33] - 2017-06-02 - delete start
[2017-06-03 01:07:33] - 2017-06-02 - fm_daily_stats_fblike_vw start
[2017-06-03 01:07:33] - 2017-06-02 - fm_daily_stats_fblike_vw success
[2017-06-03 01:07:33] - 2017-06-02 - fm_daily_stats_review_vw start
[2017-06-03 01:07:33] - 2017-06-02 - fm_daily_stats_review_vw success
[2017-06-03 01:07:33] - 2017-06-02 - fm_daily_stats_restock_notify_vw start
[2017-06-03 01:07:33] - 2017-06-02 - fm_daily_stats_restock_notify_vw success
[2017-06-03 01:07:33] - 2017-06-02 - fm_daily_stats_wish_vw start
[2017-06-03 01:07:33] - 2017-06-02 - fm_daily_stats_wish_vw success
[2017-06-03 01:07:33] - 2017-06-02 - fm_daily_stats_cart_vw start
[2017-06-03 01:07:33] - 2017-06-02 - fm_daily_stats_cart_vw success
[2017-06-03 01:07:33] - 2017-06-02 - fm_daily_stats_order_vw start
[2017-06-03 01:07:33] - 2017-06-02 - fm_daily_stats_order_vw success
[2017-06-03 01:07:33] - 2017-06-02 - fm_daily_stats_view_vw start
[2017-06-03 01:07:33] - 2017-06-02 - fm_daily_stats_view_vw success
[2017-06-03 01:07:33] - 2017-06-02 - delete success
[2017-06-04 01:07:32] - 2017-06-03 - daily_order start
[2017-06-04 01:07:32] - 2017-06-03 - daily_order success
[2017-06-04 01:07:32] - 2017-06-03 - daily_fblike start
[2017-06-04 01:07:32] - 2017-06-03 - daily_fblike success
[2017-06-04 01:07:32] - 2017-06-03 - daily_review start
[2017-06-04 01:07:32] - 2017-06-03 - daily_review success
[2017-06-04 01:07:32] - 2017-06-03 - daily_restock_notify start
[2017-06-04 01:07:32] - 2017-06-03 - daily_restock_notify success
[2017-06-04 01:07:32] - 2017-06-03 - daily_wish start
[2017-06-04 01:07:32] - 2017-06-03 - daily_wish success
[2017-06-04 01:07:32] - 2017-06-03 - daily_cart start
[2017-06-04 01:07:32] - 2017-06-03 - daily_cart success
[2017-06-04 01:07:32] - 2017-06-03 - daily_view start
[2017-06-04 01:07:32] - 2017-06-03 - daily_view success
[2017-06-04 01:07:32] - 2017-06-03 - case1 start
[2017-06-04 01:07:32] - 2017-06-03 - case1 success
[2017-06-04 01:07:32] - 2017-06-03 - case2 start
[2017-06-04 01:07:35] - 2017-06-03 - case2 success
[2017-06-04 01:07:35] - 2017-06-03 - delete start
[2017-06-04 01:07:35] - 2017-06-03 - fm_daily_stats_fblike_vw start
[2017-06-04 01:07:35] - 2017-06-03 - fm_daily_stats_fblike_vw success
[2017-06-04 01:07:35] - 2017-06-03 - fm_daily_stats_review_vw start
[2017-06-04 01:07:35] - 2017-06-03 - fm_daily_stats_review_vw success
[2017-06-04 01:07:35] - 2017-06-03 - fm_daily_stats_restock_notify_vw start
[2017-06-04 01:07:35] - 2017-06-03 - fm_daily_stats_restock_notify_vw success
[2017-06-04 01:07:35] - 2017-06-03 - fm_daily_stats_wish_vw start
[2017-06-04 01:07:35] - 2017-06-03 - fm_daily_stats_wish_vw success
[2017-06-04 01:07:35] - 2017-06-03 - fm_daily_stats_cart_vw start
[2017-06-04 01:07:35] - 2017-06-03 - fm_daily_stats_cart_vw success
[2017-06-04 01:07:35] - 2017-06-03 - fm_daily_stats_order_vw start
[2017-06-04 01:07:35] - 2017-06-03 - fm_daily_stats_order_vw success
[2017-06-04 01:07:35] - 2017-06-03 - fm_daily_stats_view_vw start
[2017-06-04 01:07:35] - 2017-06-03 - fm_daily_stats_view_vw success
[2017-06-04 01:07:35] - 2017-06-03 - delete success
[2017-06-05 01:07:32] - 2017-06-04 - daily_order start
[2017-06-05 01:07:32] - 2017-06-04 - daily_order success
[2017-06-05 01:07:32] - 2017-06-04 - daily_fblike start
[2017-06-05 01:07:32] - 2017-06-04 - daily_fblike success
[2017-06-05 01:07:32] - 2017-06-04 - daily_review start
[2017-06-05 01:07:32] - 2017-06-04 - daily_review success
[2017-06-05 01:07:32] - 2017-06-04 - daily_restock_notify start
[2017-06-05 01:07:32] - 2017-06-04 - daily_restock_notify success
[2017-06-05 01:07:32] - 2017-06-04 - daily_wish start
[2017-06-05 01:07:32] - 2017-06-04 - daily_wish success
[2017-06-05 01:07:32] - 2017-06-04 - daily_cart start
[2017-06-05 01:07:32] - 2017-06-04 - daily_cart success
[2017-06-05 01:07:32] - 2017-06-04 - daily_view start
[2017-06-05 01:07:32] - 2017-06-04 - daily_view success
[2017-06-05 01:07:32] - 2017-06-04 - case1 start
[2017-06-05 01:07:32] - 2017-06-04 - case1 success
[2017-06-05 01:07:32] - 2017-06-04 - case2 start
[2017-06-05 01:07:35] - 2017-06-04 - case2 success
[2017-06-05 01:07:35] - 2017-06-04 - delete start
[2017-06-05 01:07:35] - 2017-06-04 - fm_daily_stats_fblike_vw start
[2017-06-05 01:07:35] - 2017-06-04 - fm_daily_stats_fblike_vw success
[2017-06-05 01:07:35] - 2017-06-04 - fm_daily_stats_review_vw start
[2017-06-05 01:07:36] - 2017-06-04 - fm_daily_stats_review_vw success
[2017-06-05 01:07:36] - 2017-06-04 - fm_daily_stats_restock_notify_vw start
[2017-06-05 01:07:36] - 2017-06-04 - fm_daily_stats_restock_notify_vw success
[2017-06-05 01:07:36] - 2017-06-04 - fm_daily_stats_wish_vw start
[2017-06-05 01:07:36] - 2017-06-04 - fm_daily_stats_wish_vw success
[2017-06-05 01:07:36] - 2017-06-04 - fm_daily_stats_cart_vw start
[2017-06-05 01:07:36] - 2017-06-04 - fm_daily_stats_cart_vw success
[2017-06-05 01:07:36] - 2017-06-04 - fm_daily_stats_order_vw start
[2017-06-05 01:07:36] - 2017-06-04 - fm_daily_stats_order_vw success
[2017-06-05 01:07:36] - 2017-06-04 - fm_daily_stats_view_vw start
[2017-06-05 01:07:36] - 2017-06-04 - fm_daily_stats_view_vw success
[2017-06-05 01:07:36] - 2017-06-04 - delete success
[2017-06-06 01:07:30] - 2017-06-05 - daily_order start
[2017-06-06 01:07:30] - 2017-06-05 - daily_order success
[2017-06-06 01:07:30] - 2017-06-05 - daily_fblike start
[2017-06-06 01:07:30] - 2017-06-05 - daily_fblike success
[2017-06-06 01:07:30] - 2017-06-05 - daily_review start
[2017-06-06 01:07:30] - 2017-06-05 - daily_review success
[2017-06-06 01:07:30] - 2017-06-05 - daily_restock_notify start
[2017-06-06 01:07:30] - 2017-06-05 - daily_restock_notify success
[2017-06-06 01:07:30] - 2017-06-05 - daily_wish start
[2017-06-06 01:07:30] - 2017-06-05 - daily_wish success
[2017-06-06 01:07:30] - 2017-06-05 - daily_cart start
[2017-06-06 01:07:31] - 2017-06-05 - daily_cart success
[2017-06-06 01:07:31] - 2017-06-05 - daily_view start
[2017-06-06 01:07:31] - 2017-06-05 - daily_view success
[2017-06-06 01:07:31] - 2017-06-05 - case1 start
[2017-06-06 01:07:31] - 2017-06-05 - case1 success
[2017-06-06 01:07:31] - 2017-06-05 - case2 start
[2017-06-06 01:07:34] - 2017-06-05 - case2 success
[2017-06-06 01:07:34] - 2017-06-05 - delete start
[2017-06-06 01:07:34] - 2017-06-05 - fm_daily_stats_fblike_vw start
[2017-06-06 01:07:34] - 2017-06-05 - fm_daily_stats_fblike_vw success
[2017-06-06 01:07:34] - 2017-06-05 - fm_daily_stats_review_vw start
[2017-06-06 01:07:34] - 2017-06-05 - fm_daily_stats_review_vw success
[2017-06-06 01:07:34] - 2017-06-05 - fm_daily_stats_restock_notify_vw start
[2017-06-06 01:07:34] - 2017-06-05 - fm_daily_stats_restock_notify_vw success
[2017-06-06 01:07:34] - 2017-06-05 - fm_daily_stats_wish_vw start
[2017-06-06 01:07:34] - 2017-06-05 - fm_daily_stats_wish_vw success
[2017-06-06 01:07:34] - 2017-06-05 - fm_daily_stats_cart_vw start
[2017-06-06 01:07:34] - 2017-06-05 - fm_daily_stats_cart_vw success
[2017-06-06 01:07:34] - 2017-06-05 - fm_daily_stats_order_vw start
[2017-06-06 01:07:34] - 2017-06-05 - fm_daily_stats_order_vw success
[2017-06-06 01:07:34] - 2017-06-05 - fm_daily_stats_view_vw start
[2017-06-06 01:07:34] - 2017-06-05 - fm_daily_stats_view_vw success
[2017-06-06 01:07:34] - 2017-06-05 - delete success
[2017-06-07 01:07:37] - 2017-06-06 - daily_order start
[2017-06-07 01:07:37] - 2017-06-06 - daily_order success
[2017-06-07 01:07:37] - 2017-06-06 - daily_fblike start
[2017-06-07 01:07:37] - 2017-06-06 - daily_fblike success
[2017-06-07 01:07:37] - 2017-06-06 - daily_review start
[2017-06-07 01:07:37] - 2017-06-06 - daily_review success
[2017-06-07 01:07:37] - 2017-06-06 - daily_restock_notify start
[2017-06-07 01:07:37] - 2017-06-06 - daily_restock_notify success
[2017-06-07 01:07:37] - 2017-06-06 - daily_wish start
[2017-06-07 01:07:37] - 2017-06-06 - daily_wish success
[2017-06-07 01:07:37] - 2017-06-06 - daily_cart start
[2017-06-07 01:07:37] - 2017-06-06 - daily_cart success
[2017-06-07 01:07:37] - 2017-06-06 - daily_view start
[2017-06-07 01:07:37] - 2017-06-06 - daily_view success
[2017-06-07 01:07:37] - 2017-06-06 - case1 start
[2017-06-07 01:07:37] - 2017-06-06 - case1 success
[2017-06-07 01:07:37] - 2017-06-06 - case2 start
[2017-06-07 01:07:40] - 2017-06-06 - case2 success
[2017-06-07 01:07:40] - 2017-06-06 - delete start
[2017-06-07 01:07:40] - 2017-06-06 - fm_daily_stats_fblike_vw start
[2017-06-07 01:07:40] - 2017-06-06 - fm_daily_stats_fblike_vw success
[2017-06-07 01:07:40] - 2017-06-06 - fm_daily_stats_review_vw start
[2017-06-07 01:07:40] - 2017-06-06 - fm_daily_stats_review_vw success
[2017-06-07 01:07:40] - 2017-06-06 - fm_daily_stats_restock_notify_vw start
[2017-06-07 01:07:40] - 2017-06-06 - fm_daily_stats_restock_notify_vw success
[2017-06-07 01:07:40] - 2017-06-06 - fm_daily_stats_wish_vw start
[2017-06-07 01:07:40] - 2017-06-06 - fm_daily_stats_wish_vw success
[2017-06-07 01:07:40] - 2017-06-06 - fm_daily_stats_cart_vw start
[2017-06-07 01:07:40] - 2017-06-06 - fm_daily_stats_cart_vw success
[2017-06-07 01:07:40] - 2017-06-06 - fm_daily_stats_order_vw start
[2017-06-07 01:07:40] - 2017-06-06 - fm_daily_stats_order_vw success
[2017-06-07 01:07:40] - 2017-06-06 - fm_daily_stats_view_vw start
[2017-06-07 01:07:40] - 2017-06-06 - fm_daily_stats_view_vw success
[2017-06-07 01:07:40] - 2017-06-06 - delete success
[2017-06-08 01:07:38] - 2017-06-07 - daily_order start
[2017-06-08 01:07:38] - 2017-06-07 - daily_order success
[2017-06-08 01:07:38] - 2017-06-07 - daily_fblike start
[2017-06-08 01:07:38] - 2017-06-07 - daily_fblike success
[2017-06-08 01:07:38] - 2017-06-07 - daily_review start
[2017-06-08 01:07:38] - 2017-06-07 - daily_review success
[2017-06-08 01:07:38] - 2017-06-07 - daily_restock_notify start
[2017-06-08 01:07:38] - 2017-06-07 - daily_restock_notify success
[2017-06-08 01:07:38] - 2017-06-07 - daily_wish start
[2017-06-08 01:07:38] - 2017-06-07 - daily_wish success
[2017-06-08 01:07:38] - 2017-06-07 - daily_cart start
[2017-06-08 01:07:38] - 2017-06-07 - daily_cart success
[2017-06-08 01:07:38] - 2017-06-07 - daily_view start
[2017-06-08 01:07:38] - 2017-06-07 - daily_view success
[2017-06-08 01:07:38] - 2017-06-07 - case1 start
[2017-06-08 01:07:38] - 2017-06-07 - case1 success
[2017-06-08 01:07:38] - 2017-06-07 - case2 start
[2017-06-08 01:07:41] - 2017-06-07 - case2 success
[2017-06-08 01:07:41] - 2017-06-07 - delete start
[2017-06-08 01:07:41] - 2017-06-07 - fm_daily_stats_fblike_vw start
[2017-06-08 01:07:41] - 2017-06-07 - fm_daily_stats_fblike_vw success
[2017-06-08 01:07:41] - 2017-06-07 - fm_daily_stats_review_vw start
[2017-06-08 01:07:41] - 2017-06-07 - fm_daily_stats_review_vw success
[2017-06-08 01:07:41] - 2017-06-07 - fm_daily_stats_restock_notify_vw start
[2017-06-08 01:07:41] - 2017-06-07 - fm_daily_stats_restock_notify_vw success
[2017-06-08 01:07:41] - 2017-06-07 - fm_daily_stats_wish_vw start
[2017-06-08 01:07:41] - 2017-06-07 - fm_daily_stats_wish_vw success
[2017-06-08 01:07:41] - 2017-06-07 - fm_daily_stats_cart_vw start
[2017-06-08 01:07:41] - 2017-06-07 - fm_daily_stats_cart_vw success
[2017-06-08 01:07:41] - 2017-06-07 - fm_daily_stats_order_vw start
[2017-06-08 01:07:41] - 2017-06-07 - fm_daily_stats_order_vw success
[2017-06-08 01:07:41] - 2017-06-07 - fm_daily_stats_view_vw start
[2017-06-08 01:07:41] - 2017-06-07 - fm_daily_stats_view_vw success
[2017-06-08 01:07:41] - 2017-06-07 - delete success
[2017-06-09 01:07:33] - 2017-06-08 - daily_order start
[2017-06-09 01:07:33] - 2017-06-08 - daily_order success
[2017-06-09 01:07:33] - 2017-06-08 - daily_fblike start
[2017-06-09 01:07:33] - 2017-06-08 - daily_fblike success
[2017-06-09 01:07:33] - 2017-06-08 - daily_review start
[2017-06-09 01:07:33] - 2017-06-08 - daily_review success
[2017-06-09 01:07:33] - 2017-06-08 - daily_restock_notify start
[2017-06-09 01:07:33] - 2017-06-08 - daily_restock_notify success
[2017-06-09 01:07:33] - 2017-06-08 - daily_wish start
[2017-06-09 01:07:33] - 2017-06-08 - daily_wish success
[2017-06-09 01:07:33] - 2017-06-08 - daily_cart start
[2017-06-09 01:07:33] - 2017-06-08 - daily_cart success
[2017-06-09 01:07:33] - 2017-06-08 - daily_view start
[2017-06-09 01:07:33] - 2017-06-08 - daily_view success
[2017-06-09 01:07:33] - 2017-06-08 - case1 start
[2017-06-09 01:07:33] - 2017-06-08 - case1 success
[2017-06-09 01:07:33] - 2017-06-08 - case2 start
[2017-06-09 01:07:36] - 2017-06-08 - case2 success
[2017-06-09 01:07:36] - 2017-06-08 - delete start
[2017-06-09 01:07:36] - 2017-06-08 - fm_daily_stats_fblike_vw start
[2017-06-09 01:07:36] - 2017-06-08 - fm_daily_stats_fblike_vw success
[2017-06-09 01:07:36] - 2017-06-08 - fm_daily_stats_review_vw start
[2017-06-09 01:07:36] - 2017-06-08 - fm_daily_stats_review_vw success
[2017-06-09 01:07:36] - 2017-06-08 - fm_daily_stats_restock_notify_vw start
[2017-06-09 01:07:36] - 2017-06-08 - fm_daily_stats_restock_notify_vw success
[2017-06-09 01:07:36] - 2017-06-08 - fm_daily_stats_wish_vw start
[2017-06-09 01:07:36] - 2017-06-08 - fm_daily_stats_wish_vw success
[2017-06-09 01:07:36] - 2017-06-08 - fm_daily_stats_cart_vw start
[2017-06-09 01:07:36] - 2017-06-08 - fm_daily_stats_cart_vw success
[2017-06-09 01:07:36] - 2017-06-08 - fm_daily_stats_order_vw start
[2017-06-09 01:07:36] - 2017-06-08 - fm_daily_stats_order_vw success
[2017-06-09 01:07:36] - 2017-06-08 - fm_daily_stats_view_vw start
[2017-06-09 01:07:36] - 2017-06-08 - fm_daily_stats_view_vw success
[2017-06-09 01:07:36] - 2017-06-08 - delete success
[2017-06-10 01:07:40] - 2017-06-09 - daily_order start
[2017-06-10 01:07:40] - 2017-06-09 - daily_order success
[2017-06-10 01:07:40] - 2017-06-09 - daily_fblike start
[2017-06-10 01:07:40] - 2017-06-09 - daily_fblike success
[2017-06-10 01:07:40] - 2017-06-09 - daily_review start
[2017-06-10 01:07:40] - 2017-06-09 - daily_review success
[2017-06-10 01:07:40] - 2017-06-09 - daily_restock_notify start
[2017-06-10 01:07:40] - 2017-06-09 - daily_restock_notify success
[2017-06-10 01:07:40] - 2017-06-09 - daily_wish start
[2017-06-10 01:07:40] - 2017-06-09 - daily_wish success
[2017-06-10 01:07:40] - 2017-06-09 - daily_cart start
[2017-06-10 01:07:40] - 2017-06-09 - daily_cart success
[2017-06-10 01:07:40] - 2017-06-09 - daily_view start
[2017-06-10 01:07:40] - 2017-06-09 - daily_view success
[2017-06-10 01:07:40] - 2017-06-09 - case1 start
[2017-06-10 01:07:40] - 2017-06-09 - case1 success
[2017-06-10 01:07:40] - 2017-06-09 - case2 start
[2017-06-10 01:07:42] - 2017-06-09 - case2 success
[2017-06-10 01:07:42] - 2017-06-09 - delete start
[2017-06-10 01:07:42] - 2017-06-09 - fm_daily_stats_fblike_vw start
[2017-06-10 01:07:42] - 2017-06-09 - fm_daily_stats_fblike_vw success
[2017-06-10 01:07:42] - 2017-06-09 - fm_daily_stats_review_vw start
[2017-06-10 01:07:43] - 2017-06-09 - fm_daily_stats_review_vw success
[2017-06-10 01:07:43] - 2017-06-09 - fm_daily_stats_restock_notify_vw start
[2017-06-10 01:07:43] - 2017-06-09 - fm_daily_stats_restock_notify_vw success
[2017-06-10 01:07:43] - 2017-06-09 - fm_daily_stats_wish_vw start
[2017-06-10 01:07:43] - 2017-06-09 - fm_daily_stats_wish_vw success
[2017-06-10 01:07:43] - 2017-06-09 - fm_daily_stats_cart_vw start
[2017-06-10 01:07:43] - 2017-06-09 - fm_daily_stats_cart_vw success
[2017-06-10 01:07:43] - 2017-06-09 - fm_daily_stats_order_vw start
[2017-06-10 01:07:43] - 2017-06-09 - fm_daily_stats_order_vw success
[2017-06-10 01:07:43] - 2017-06-09 - fm_daily_stats_view_vw start
[2017-06-10 01:07:43] - 2017-06-09 - fm_daily_stats_view_vw success
[2017-06-10 01:07:43] - 2017-06-09 - delete success
[2017-06-11 01:07:33] - 2017-06-10 - daily_order start
[2017-06-11 01:07:33] - 2017-06-10 - daily_order success
[2017-06-11 01:07:33] - 2017-06-10 - daily_fblike start
[2017-06-11 01:07:33] - 2017-06-10 - daily_fblike success
[2017-06-11 01:07:33] - 2017-06-10 - daily_review start
[2017-06-11 01:07:33] - 2017-06-10 - daily_review success
[2017-06-11 01:07:33] - 2017-06-10 - daily_restock_notify start
[2017-06-11 01:07:33] - 2017-06-10 - daily_restock_notify success
[2017-06-11 01:07:33] - 2017-06-10 - daily_wish start
[2017-06-11 01:07:33] - 2017-06-10 - daily_wish success
[2017-06-11 01:07:33] - 2017-06-10 - daily_cart start
[2017-06-11 01:07:33] - 2017-06-10 - daily_cart success
[2017-06-11 01:07:33] - 2017-06-10 - daily_view start
[2017-06-11 01:07:33] - 2017-06-10 - daily_view success
[2017-06-11 01:07:33] - 2017-06-10 - case1 start
[2017-06-11 01:07:33] - 2017-06-10 - case1 success
[2017-06-11 01:07:33] - 2017-06-10 - case2 start
[2017-06-11 01:07:36] - 2017-06-10 - case2 success
[2017-06-11 01:07:36] - 2017-06-10 - delete start
[2017-06-11 01:07:36] - 2017-06-10 - fm_daily_stats_fblike_vw start
[2017-06-11 01:07:36] - 2017-06-10 - fm_daily_stats_fblike_vw success
[2017-06-11 01:07:36] - 2017-06-10 - fm_daily_stats_review_vw start
[2017-06-11 01:07:36] - 2017-06-10 - fm_daily_stats_review_vw success
[2017-06-11 01:07:36] - 2017-06-10 - fm_daily_stats_restock_notify_vw start
[2017-06-11 01:07:36] - 2017-06-10 - fm_daily_stats_restock_notify_vw success
[2017-06-11 01:07:36] - 2017-06-10 - fm_daily_stats_wish_vw start
[2017-06-11 01:07:36] - 2017-06-10 - fm_daily_stats_wish_vw success
[2017-06-11 01:07:36] - 2017-06-10 - fm_daily_stats_cart_vw start
[2017-06-11 01:07:36] - 2017-06-10 - fm_daily_stats_cart_vw success
[2017-06-11 01:07:36] - 2017-06-10 - fm_daily_stats_order_vw start
[2017-06-11 01:07:36] - 2017-06-10 - fm_daily_stats_order_vw success
[2017-06-11 01:07:36] - 2017-06-10 - fm_daily_stats_view_vw start
[2017-06-11 01:07:36] - 2017-06-10 - fm_daily_stats_view_vw success
[2017-06-11 01:07:36] - 2017-06-10 - delete success
[2017-06-12 01:07:29] - 2017-06-11 - daily_order start
[2017-06-12 01:07:29] - 2017-06-11 - daily_order success
[2017-06-12 01:07:29] - 2017-06-11 - daily_fblike start
[2017-06-12 01:07:29] - 2017-06-11 - daily_fblike success
[2017-06-12 01:07:29] - 2017-06-11 - daily_review start
[2017-06-12 01:07:29] - 2017-06-11 - daily_review success
[2017-06-12 01:07:29] - 2017-06-11 - daily_restock_notify start
[2017-06-12 01:07:29] - 2017-06-11 - daily_restock_notify success
[2017-06-12 01:07:29] - 2017-06-11 - daily_wish start
[2017-06-12 01:07:29] - 2017-06-11 - daily_wish success
[2017-06-12 01:07:29] - 2017-06-11 - daily_cart start
[2017-06-12 01:07:29] - 2017-06-11 - daily_cart success
[2017-06-12 01:07:29] - 2017-06-11 - daily_view start
[2017-06-12 01:07:29] - 2017-06-11 - daily_view success
[2017-06-12 01:07:29] - 2017-06-11 - case1 start
[2017-06-12 01:07:29] - 2017-06-11 - case1 success
[2017-06-12 01:07:29] - 2017-06-11 - case2 start
[2017-06-12 01:07:32] - 2017-06-11 - case2 success
[2017-06-12 01:07:32] - 2017-06-11 - delete start
[2017-06-12 01:07:32] - 2017-06-11 - fm_daily_stats_fblike_vw start
[2017-06-12 01:07:32] - 2017-06-11 - fm_daily_stats_fblike_vw success
[2017-06-12 01:07:32] - 2017-06-11 - fm_daily_stats_review_vw start
[2017-06-12 01:07:32] - 2017-06-11 - fm_daily_stats_review_vw success
[2017-06-12 01:07:32] - 2017-06-11 - fm_daily_stats_restock_notify_vw start
[2017-06-12 01:07:32] - 2017-06-11 - fm_daily_stats_restock_notify_vw success
[2017-06-12 01:07:32] - 2017-06-11 - fm_daily_stats_wish_vw start
[2017-06-12 01:07:32] - 2017-06-11 - fm_daily_stats_wish_vw success
[2017-06-12 01:07:32] - 2017-06-11 - fm_daily_stats_cart_vw start
[2017-06-12 01:07:32] - 2017-06-11 - fm_daily_stats_cart_vw success
[2017-06-12 01:07:32] - 2017-06-11 - fm_daily_stats_order_vw start
[2017-06-12 01:07:32] - 2017-06-11 - fm_daily_stats_order_vw success
[2017-06-12 01:07:32] - 2017-06-11 - fm_daily_stats_view_vw start
[2017-06-12 01:07:32] - 2017-06-11 - fm_daily_stats_view_vw success
[2017-06-12 01:07:32] - 2017-06-11 - delete success
[2017-06-13 01:07:36] - 2017-06-12 - daily_order start
[2017-06-13 01:07:36] - 2017-06-12 - daily_order success
[2017-06-13 01:07:36] - 2017-06-12 - daily_fblike start
[2017-06-13 01:07:36] - 2017-06-12 - daily_fblike success
[2017-06-13 01:07:36] - 2017-06-12 - daily_review start
[2017-06-13 01:07:36] - 2017-06-12 - daily_review success
[2017-06-13 01:07:36] - 2017-06-12 - daily_restock_notify start
[2017-06-13 01:07:36] - 2017-06-12 - daily_restock_notify success
[2017-06-13 01:07:36] - 2017-06-12 - daily_wish start
[2017-06-13 01:07:36] - 2017-06-12 - daily_wish success
[2017-06-13 01:07:36] - 2017-06-12 - daily_cart start
[2017-06-13 01:07:36] - 2017-06-12 - daily_cart success
[2017-06-13 01:07:36] - 2017-06-12 - daily_view start
[2017-06-13 01:07:36] - 2017-06-12 - daily_view success
[2017-06-13 01:07:36] - 2017-06-12 - case1 start
[2017-06-13 01:07:36] - 2017-06-12 - case1 success
[2017-06-13 01:07:36] - 2017-06-12 - case2 start
[2017-06-13 01:07:39] - 2017-06-12 - case2 success
[2017-06-13 01:07:39] - 2017-06-12 - delete start
[2017-06-13 01:07:39] - 2017-06-12 - fm_daily_stats_fblike_vw start
[2017-06-13 01:07:39] - 2017-06-12 - fm_daily_stats_fblike_vw success
[2017-06-13 01:07:39] - 2017-06-12 - fm_daily_stats_review_vw start
[2017-06-13 01:07:39] - 2017-06-12 - fm_daily_stats_review_vw success
[2017-06-13 01:07:39] - 2017-06-12 - fm_daily_stats_restock_notify_vw start
[2017-06-13 01:07:39] - 2017-06-12 - fm_daily_stats_restock_notify_vw success
[2017-06-13 01:07:39] - 2017-06-12 - fm_daily_stats_wish_vw start
[2017-06-13 01:07:39] - 2017-06-12 - fm_daily_stats_wish_vw success
[2017-06-13 01:07:39] - 2017-06-12 - fm_daily_stats_cart_vw start
[2017-06-13 01:07:39] - 2017-06-12 - fm_daily_stats_cart_vw success
[2017-06-13 01:07:39] - 2017-06-12 - fm_daily_stats_order_vw start
[2017-06-13 01:07:39] - 2017-06-12 - fm_daily_stats_order_vw success
[2017-06-13 01:07:39] - 2017-06-12 - fm_daily_stats_view_vw start
[2017-06-13 01:07:39] - 2017-06-12 - fm_daily_stats_view_vw success
[2017-06-13 01:07:39] - 2017-06-12 - delete success
[2017-06-14 01:06:55] - 2017-06-13 - daily_order start
[2017-06-14 01:06:55] - 2017-06-13 - daily_order success
[2017-06-14 01:06:55] - 2017-06-13 - daily_fblike start
[2017-06-14 01:06:55] - 2017-06-13 - daily_fblike success
[2017-06-14 01:06:55] - 2017-06-13 - daily_review start
[2017-06-14 01:06:55] - 2017-06-13 - daily_review success
[2017-06-14 01:06:55] - 2017-06-13 - daily_restock_notify start
[2017-06-14 01:06:55] - 2017-06-13 - daily_restock_notify success
[2017-06-14 01:06:55] - 2017-06-13 - daily_wish start
[2017-06-14 01:06:55] - 2017-06-13 - daily_wish success
[2017-06-14 01:06:55] - 2017-06-13 - daily_cart start
[2017-06-14 01:06:55] - 2017-06-13 - daily_cart success
[2017-06-14 01:06:55] - 2017-06-13 - daily_view start
[2017-06-14 01:06:55] - 2017-06-13 - daily_view success
[2017-06-14 01:06:55] - 2017-06-13 - case1 start
[2017-06-14 01:06:55] - 2017-06-13 - case1 success
[2017-06-14 01:06:55] - 2017-06-13 - case2 start
[2017-06-14 01:06:58] - 2017-06-13 - case2 success
[2017-06-14 01:06:58] - 2017-06-13 - delete start
[2017-06-14 01:06:58] - 2017-06-13 - fm_daily_stats_fblike_vw start
[2017-06-14 01:06:58] - 2017-06-13 - fm_daily_stats_fblike_vw success
[2017-06-14 01:06:58] - 2017-06-13 - fm_daily_stats_review_vw start
[2017-06-14 01:06:58] - 2017-06-13 - fm_daily_stats_review_vw success
[2017-06-14 01:06:58] - 2017-06-13 - fm_daily_stats_restock_notify_vw start
[2017-06-14 01:06:58] - 2017-06-13 - fm_daily_stats_restock_notify_vw success
[2017-06-14 01:06:58] - 2017-06-13 - fm_daily_stats_wish_vw start
[2017-06-14 01:06:58] - 2017-06-13 - fm_daily_stats_wish_vw success
[2017-06-14 01:06:58] - 2017-06-13 - fm_daily_stats_cart_vw start
[2017-06-14 01:06:58] - 2017-06-13 - fm_daily_stats_cart_vw success
[2017-06-14 01:06:58] - 2017-06-13 - fm_daily_stats_order_vw start
[2017-06-14 01:06:58] - 2017-06-13 - fm_daily_stats_order_vw success
[2017-06-14 01:06:58] - 2017-06-13 - fm_daily_stats_view_vw start
[2017-06-14 01:06:58] - 2017-06-13 - fm_daily_stats_view_vw success
[2017-06-14 01:06:58] - 2017-06-13 - delete success
[2017-06-15 01:07:33] - 2017-06-14 - daily_order start
[2017-06-15 01:07:33] - 2017-06-14 - daily_order success
[2017-06-15 01:07:33] - 2017-06-14 - daily_fblike start
[2017-06-15 01:07:33] - 2017-06-14 - daily_fblike success
[2017-06-15 01:07:33] - 2017-06-14 - daily_review start
[2017-06-15 01:07:33] - 2017-06-14 - daily_review success
[2017-06-15 01:07:33] - 2017-06-14 - daily_restock_notify start
[2017-06-15 01:07:33] - 2017-06-14 - daily_restock_notify success
[2017-06-15 01:07:33] - 2017-06-14 - daily_wish start
[2017-06-15 01:07:33] - 2017-06-14 - daily_wish success
[2017-06-15 01:07:33] - 2017-06-14 - daily_cart start
[2017-06-15 01:07:33] - 2017-06-14 - daily_cart success
[2017-06-15 01:07:33] - 2017-06-14 - daily_view start
[2017-06-15 01:07:33] - 2017-06-14 - daily_view success
[2017-06-15 01:07:33] - 2017-06-14 - case1 start
[2017-06-15 01:07:34] - 2017-06-14 - case1 success
[2017-06-15 01:07:34] - 2017-06-14 - case2 start
[2017-06-15 01:07:37] - 2017-06-14 - case2 success
[2017-06-15 01:07:37] - 2017-06-14 - delete start
[2017-06-15 01:07:37] - 2017-06-14 - fm_daily_stats_fblike_vw start
[2017-06-15 01:07:37] - 2017-06-14 - fm_daily_stats_fblike_vw success
[2017-06-15 01:07:37] - 2017-06-14 - fm_daily_stats_review_vw start
[2017-06-15 01:07:37] - 2017-06-14 - fm_daily_stats_review_vw success
[2017-06-15 01:07:37] - 2017-06-14 - fm_daily_stats_restock_notify_vw start
[2017-06-15 01:07:37] - 2017-06-14 - fm_daily_stats_restock_notify_vw success
[2017-06-15 01:07:37] - 2017-06-14 - fm_daily_stats_wish_vw start
[2017-06-15 01:07:37] - 2017-06-14 - fm_daily_stats_wish_vw success
[2017-06-15 01:07:37] - 2017-06-14 - fm_daily_stats_cart_vw start
[2017-06-15 01:07:37] - 2017-06-14 - fm_daily_stats_cart_vw success
[2017-06-15 01:07:37] - 2017-06-14 - fm_daily_stats_order_vw start
[2017-06-15 01:07:37] - 2017-06-14 - fm_daily_stats_order_vw success
[2017-06-15 01:07:37] - 2017-06-14 - fm_daily_stats_view_vw start
[2017-06-15 01:07:37] - 2017-06-14 - fm_daily_stats_view_vw success
[2017-06-15 01:07:37] - 2017-06-14 - delete success
[2017-06-16 01:07:46] - 2017-06-15 - daily_order start
[2017-06-16 01:07:46] - 2017-06-15 - daily_order success
[2017-06-16 01:07:46] - 2017-06-15 - daily_fblike start
[2017-06-16 01:07:46] - 2017-06-15 - daily_fblike success
[2017-06-16 01:07:46] - 2017-06-15 - daily_review start
[2017-06-16 01:07:46] - 2017-06-15 - daily_review success
[2017-06-16 01:07:46] - 2017-06-15 - daily_restock_notify start
[2017-06-16 01:07:46] - 2017-06-15 - daily_restock_notify success
[2017-06-16 01:07:46] - 2017-06-15 - daily_wish start
[2017-06-16 01:07:46] - 2017-06-15 - daily_wish success
[2017-06-16 01:07:46] - 2017-06-15 - daily_cart start
[2017-06-16 01:07:46] - 2017-06-15 - daily_cart success
[2017-06-16 01:07:46] - 2017-06-15 - daily_view start
[2017-06-16 01:07:46] - 2017-06-15 - daily_view success
[2017-06-16 01:07:46] - 2017-06-15 - case1 start
[2017-06-16 01:07:46] - 2017-06-15 - case1 success
[2017-06-16 01:07:46] - 2017-06-15 - case2 start
[2017-06-16 01:07:49] - 2017-06-15 - case2 success
[2017-06-16 01:07:49] - 2017-06-15 - delete start
[2017-06-16 01:07:49] - 2017-06-15 - fm_daily_stats_fblike_vw start
[2017-06-16 01:07:49] - 2017-06-15 - fm_daily_stats_fblike_vw success
[2017-06-16 01:07:49] - 2017-06-15 - fm_daily_stats_review_vw start
[2017-06-16 01:07:49] - 2017-06-15 - fm_daily_stats_review_vw success
[2017-06-16 01:07:49] - 2017-06-15 - fm_daily_stats_restock_notify_vw start
[2017-06-16 01:07:49] - 2017-06-15 - fm_daily_stats_restock_notify_vw success
[2017-06-16 01:07:49] - 2017-06-15 - fm_daily_stats_wish_vw start
[2017-06-16 01:07:49] - 2017-06-15 - fm_daily_stats_wish_vw success
[2017-06-16 01:07:49] - 2017-06-15 - fm_daily_stats_cart_vw start
[2017-06-16 01:07:49] - 2017-06-15 - fm_daily_stats_cart_vw success
[2017-06-16 01:07:49] - 2017-06-15 - fm_daily_stats_order_vw start
[2017-06-16 01:07:49] - 2017-06-15 - fm_daily_stats_order_vw success
[2017-06-16 01:07:49] - 2017-06-15 - fm_daily_stats_view_vw start
[2017-06-16 01:07:49] - 2017-06-15 - fm_daily_stats_view_vw success
[2017-06-16 01:07:49] - 2017-06-15 - delete success
[2017-06-17 01:07:44] - 2017-06-16 - daily_order start
[2017-06-17 01:07:44] - 2017-06-16 - daily_order success
[2017-06-17 01:07:44] - 2017-06-16 - daily_fblike start
[2017-06-17 01:07:44] - 2017-06-16 - daily_fblike success
[2017-06-17 01:07:44] - 2017-06-16 - daily_review start
[2017-06-17 01:07:44] - 2017-06-16 - daily_review success
[2017-06-17 01:07:44] - 2017-06-16 - daily_restock_notify start
[2017-06-17 01:07:44] - 2017-06-16 - daily_restock_notify success
[2017-06-17 01:07:44] - 2017-06-16 - daily_wish start
[2017-06-17 01:07:44] - 2017-06-16 - daily_wish success
[2017-06-17 01:07:44] - 2017-06-16 - daily_cart start
[2017-06-17 01:07:44] - 2017-06-16 - daily_cart success
[2017-06-17 01:07:44] - 2017-06-16 - daily_view start
[2017-06-17 01:07:44] - 2017-06-16 - daily_view success
[2017-06-17 01:07:44] - 2017-06-16 - case1 start
[2017-06-17 01:07:44] - 2017-06-16 - case1 success
[2017-06-17 01:07:44] - 2017-06-16 - case2 start
[2017-06-17 01:07:48] - 2017-06-16 - case2 success
[2017-06-17 01:07:48] - 2017-06-16 - delete start
[2017-06-17 01:07:48] - 2017-06-16 - fm_daily_stats_fblike_vw start
[2017-06-17 01:07:48] - 2017-06-16 - fm_daily_stats_fblike_vw success
[2017-06-17 01:07:48] - 2017-06-16 - fm_daily_stats_review_vw start
[2017-06-17 01:07:48] - 2017-06-16 - fm_daily_stats_review_vw success
[2017-06-17 01:07:48] - 2017-06-16 - fm_daily_stats_restock_notify_vw start
[2017-06-17 01:07:48] - 2017-06-16 - fm_daily_stats_restock_notify_vw success
[2017-06-17 01:07:48] - 2017-06-16 - fm_daily_stats_wish_vw start
[2017-06-17 01:07:48] - 2017-06-16 - fm_daily_stats_wish_vw success
[2017-06-17 01:07:48] - 2017-06-16 - fm_daily_stats_cart_vw start
[2017-06-17 01:07:48] - 2017-06-16 - fm_daily_stats_cart_vw success
[2017-06-17 01:07:48] - 2017-06-16 - fm_daily_stats_order_vw start
[2017-06-17 01:07:48] - 2017-06-16 - fm_daily_stats_order_vw success
[2017-06-17 01:07:48] - 2017-06-16 - fm_daily_stats_view_vw start
[2017-06-17 01:07:48] - 2017-06-16 - fm_daily_stats_view_vw success
[2017-06-17 01:07:48] - 2017-06-16 - delete success
[2017-06-18 01:07:10] - 2017-06-17 - daily_order start
[2017-06-18 01:07:10] - 2017-06-17 - daily_order success
[2017-06-18 01:07:10] - 2017-06-17 - daily_fblike start
[2017-06-18 01:07:10] - 2017-06-17 - daily_fblike success
[2017-06-18 01:07:10] - 2017-06-17 - daily_review start
[2017-06-18 01:07:10] - 2017-06-17 - daily_review success
[2017-06-18 01:07:10] - 2017-06-17 - daily_restock_notify start
[2017-06-18 01:07:10] - 2017-06-17 - daily_restock_notify success
[2017-06-18 01:07:10] - 2017-06-17 - daily_wish start
[2017-06-18 01:07:10] - 2017-06-17 - daily_wish success
[2017-06-18 01:07:10] - 2017-06-17 - daily_cart start
[2017-06-18 01:07:10] - 2017-06-17 - daily_cart success
[2017-06-18 01:07:10] - 2017-06-17 - daily_view start
[2017-06-18 01:07:10] - 2017-06-17 - daily_view success
[2017-06-18 01:07:10] - 2017-06-17 - case1 start
[2017-06-18 01:07:10] - 2017-06-17 - case1 success
[2017-06-18 01:07:10] - 2017-06-17 - case2 start
[2017-06-18 01:07:12] - 2017-06-17 - case2 success
[2017-06-18 01:07:12] - 2017-06-17 - delete start
[2017-06-18 01:07:12] - 2017-06-17 - fm_daily_stats_fblike_vw start
[2017-06-18 01:07:12] - 2017-06-17 - fm_daily_stats_fblike_vw success
[2017-06-18 01:07:12] - 2017-06-17 - fm_daily_stats_review_vw start
[2017-06-18 01:07:12] - 2017-06-17 - fm_daily_stats_review_vw success
[2017-06-18 01:07:12] - 2017-06-17 - fm_daily_stats_restock_notify_vw start
[2017-06-18 01:07:12] - 2017-06-17 - fm_daily_stats_restock_notify_vw success
[2017-06-18 01:07:12] - 2017-06-17 - fm_daily_stats_wish_vw start
[2017-06-18 01:07:12] - 2017-06-17 - fm_daily_stats_wish_vw success
[2017-06-18 01:07:12] - 2017-06-17 - fm_daily_stats_cart_vw start
[2017-06-18 01:07:12] - 2017-06-17 - fm_daily_stats_cart_vw success
[2017-06-18 01:07:12] - 2017-06-17 - fm_daily_stats_order_vw start
[2017-06-18 01:07:12] - 2017-06-17 - fm_daily_stats_order_vw success
[2017-06-18 01:07:12] - 2017-06-17 - fm_daily_stats_view_vw start
[2017-06-18 01:07:12] - 2017-06-17 - fm_daily_stats_view_vw success
[2017-06-18 01:07:12] - 2017-06-17 - delete success
[2017-06-19 01:06:49] - 2017-06-18 - daily_order start
[2017-06-19 01:06:49] - 2017-06-18 - daily_order success
[2017-06-19 01:06:49] - 2017-06-18 - daily_fblike start
[2017-06-19 01:06:49] - 2017-06-18 - daily_fblike success
[2017-06-19 01:06:49] - 2017-06-18 - daily_review start
[2017-06-19 01:06:49] - 2017-06-18 - daily_review success
[2017-06-19 01:06:49] - 2017-06-18 - daily_restock_notify start
[2017-06-19 01:06:49] - 2017-06-18 - daily_restock_notify success
[2017-06-19 01:06:49] - 2017-06-18 - daily_wish start
[2017-06-19 01:06:49] - 2017-06-18 - daily_wish success
[2017-06-19 01:06:49] - 2017-06-18 - daily_cart start
[2017-06-19 01:06:49] - 2017-06-18 - daily_cart success
[2017-06-19 01:06:49] - 2017-06-18 - daily_view start
[2017-06-19 01:06:49] - 2017-06-18 - daily_view success
[2017-06-19 01:06:49] - 2017-06-18 - case1 start
[2017-06-19 01:06:49] - 2017-06-18 - case1 success
[2017-06-19 01:06:49] - 2017-06-18 - case2 start
[2017-06-19 01:06:52] - 2017-06-18 - case2 success
[2017-06-19 01:06:52] - 2017-06-18 - delete start
[2017-06-19 01:06:52] - 2017-06-18 - fm_daily_stats_fblike_vw start
[2017-06-19 01:06:52] - 2017-06-18 - fm_daily_stats_fblike_vw success
[2017-06-19 01:06:52] - 2017-06-18 - fm_daily_stats_review_vw start
[2017-06-19 01:06:52] - 2017-06-18 - fm_daily_stats_review_vw success
[2017-06-19 01:06:52] - 2017-06-18 - fm_daily_stats_restock_notify_vw start
[2017-06-19 01:06:52] - 2017-06-18 - fm_daily_stats_restock_notify_vw success
[2017-06-19 01:06:52] - 2017-06-18 - fm_daily_stats_wish_vw start
[2017-06-19 01:06:52] - 2017-06-18 - fm_daily_stats_wish_vw success
[2017-06-19 01:06:52] - 2017-06-18 - fm_daily_stats_cart_vw start
[2017-06-19 01:06:52] - 2017-06-18 - fm_daily_stats_cart_vw success
[2017-06-19 01:06:52] - 2017-06-18 - fm_daily_stats_order_vw start
[2017-06-19 01:06:52] - 2017-06-18 - fm_daily_stats_order_vw success
[2017-06-19 01:06:52] - 2017-06-18 - fm_daily_stats_view_vw start
[2017-06-19 01:06:52] - 2017-06-18 - fm_daily_stats_view_vw success
[2017-06-19 01:06:52] - 2017-06-18 - delete success
[2017-06-20 01:07:14] - 2017-06-19 - daily_order start
[2017-06-20 01:07:14] - 2017-06-19 - daily_order success
[2017-06-20 01:07:14] - 2017-06-19 - daily_fblike start
[2017-06-20 01:07:14] - 2017-06-19 - daily_fblike success
[2017-06-20 01:07:14] - 2017-06-19 - daily_review start
[2017-06-20 01:07:14] - 2017-06-19 - daily_review success
[2017-06-20 01:07:14] - 2017-06-19 - daily_restock_notify start
[2017-06-20 01:07:14] - 2017-06-19 - daily_restock_notify success
[2017-06-20 01:07:14] - 2017-06-19 - daily_wish start
[2017-06-20 01:07:14] - 2017-06-19 - daily_wish success
[2017-06-20 01:07:14] - 2017-06-19 - daily_cart start
[2017-06-20 01:07:14] - 2017-06-19 - daily_cart success
[2017-06-20 01:07:14] - 2017-06-19 - daily_view start
[2017-06-20 01:07:14] - 2017-06-19 - daily_view success
[2017-06-20 01:07:14] - 2017-06-19 - case1 start
[2017-06-20 01:07:15] - 2017-06-19 - case1 success
[2017-06-20 01:07:15] - 2017-06-19 - case2 start
[2017-06-20 01:07:17] - 2017-06-19 - case2 success
[2017-06-20 01:07:17] - 2017-06-19 - delete start
[2017-06-20 01:07:17] - 2017-06-19 - fm_daily_stats_fblike_vw start
[2017-06-20 01:07:17] - 2017-06-19 - fm_daily_stats_fblike_vw success
[2017-06-20 01:07:17] - 2017-06-19 - fm_daily_stats_review_vw start
[2017-06-20 01:07:17] - 2017-06-19 - fm_daily_stats_review_vw success
[2017-06-20 01:07:17] - 2017-06-19 - fm_daily_stats_restock_notify_vw start
[2017-06-20 01:07:17] - 2017-06-19 - fm_daily_stats_restock_notify_vw success
[2017-06-20 01:07:17] - 2017-06-19 - fm_daily_stats_wish_vw start
[2017-06-20 01:07:17] - 2017-06-19 - fm_daily_stats_wish_vw success
[2017-06-20 01:07:17] - 2017-06-19 - fm_daily_stats_cart_vw start
[2017-06-20 01:07:17] - 2017-06-19 - fm_daily_stats_cart_vw success
[2017-06-20 01:07:17] - 2017-06-19 - fm_daily_stats_order_vw start
[2017-06-20 01:07:17] - 2017-06-19 - fm_daily_stats_order_vw success
[2017-06-20 01:07:17] - 2017-06-19 - fm_daily_stats_view_vw start
[2017-06-20 01:07:17] - 2017-06-19 - fm_daily_stats_view_vw success
[2017-06-20 01:07:17] - 2017-06-19 - delete success
[2017-06-21 01:07:17] - 2017-06-20 - daily_order start
[2017-06-21 01:07:17] - 2017-06-20 - daily_order success
[2017-06-21 01:07:17] - 2017-06-20 - daily_fblike start
[2017-06-21 01:07:17] - 2017-06-20 - daily_fblike success
[2017-06-21 01:07:17] - 2017-06-20 - daily_review start
[2017-06-21 01:07:17] - 2017-06-20 - daily_review success
[2017-06-21 01:07:17] - 2017-06-20 - daily_restock_notify start
[2017-06-21 01:07:17] - 2017-06-20 - daily_restock_notify success
[2017-06-21 01:07:17] - 2017-06-20 - daily_wish start
[2017-06-21 01:07:17] - 2017-06-20 - daily_wish success
[2017-06-21 01:07:17] - 2017-06-20 - daily_cart start
[2017-06-21 01:07:17] - 2017-06-20 - daily_cart success
[2017-06-21 01:07:17] - 2017-06-20 - daily_view start
[2017-06-21 01:07:17] - 2017-06-20 - daily_view success
[2017-06-21 01:07:17] - 2017-06-20 - case1 start
[2017-06-21 01:07:17] - 2017-06-20 - case1 success
[2017-06-21 01:07:17] - 2017-06-20 - case2 start
[2017-06-21 01:07:20] - 2017-06-20 - case2 success
[2017-06-21 01:07:20] - 2017-06-20 - delete start
[2017-06-21 01:07:20] - 2017-06-20 - fm_daily_stats_fblike_vw start
[2017-06-21 01:07:20] - 2017-06-20 - fm_daily_stats_fblike_vw success
[2017-06-21 01:07:20] - 2017-06-20 - fm_daily_stats_review_vw start
[2017-06-21 01:07:20] - 2017-06-20 - fm_daily_stats_review_vw success
[2017-06-21 01:07:20] - 2017-06-20 - fm_daily_stats_restock_notify_vw start
[2017-06-21 01:07:20] - 2017-06-20 - fm_daily_stats_restock_notify_vw success
[2017-06-21 01:07:20] - 2017-06-20 - fm_daily_stats_wish_vw start
[2017-06-21 01:07:20] - 2017-06-20 - fm_daily_stats_wish_vw success
[2017-06-21 01:07:20] - 2017-06-20 - fm_daily_stats_cart_vw start
[2017-06-21 01:07:20] - 2017-06-20 - fm_daily_stats_cart_vw success
[2017-06-21 01:07:20] - 2017-06-20 - fm_daily_stats_order_vw start
[2017-06-21 01:07:20] - 2017-06-20 - fm_daily_stats_order_vw success
[2017-06-21 01:07:20] - 2017-06-20 - fm_daily_stats_view_vw start
[2017-06-21 01:07:20] - 2017-06-20 - fm_daily_stats_view_vw success
[2017-06-21 01:07:20] - 2017-06-20 - delete success
[2017-06-22 01:06:54] - 2017-06-21 - daily_order start
[2017-06-22 01:06:54] - 2017-06-21 - daily_order success
[2017-06-22 01:06:54] - 2017-06-21 - daily_fblike start
[2017-06-22 01:06:54] - 2017-06-21 - daily_fblike success
[2017-06-22 01:06:54] - 2017-06-21 - daily_review start
[2017-06-22 01:06:54] - 2017-06-21 - daily_review success
[2017-06-22 01:06:54] - 2017-06-21 - daily_restock_notify start
[2017-06-22 01:06:54] - 2017-06-21 - daily_restock_notify success
[2017-06-22 01:06:54] - 2017-06-21 - daily_wish start
[2017-06-22 01:06:54] - 2017-06-21 - daily_wish success
[2017-06-22 01:06:54] - 2017-06-21 - daily_cart start
[2017-06-22 01:06:54] - 2017-06-21 - daily_cart success
[2017-06-22 01:06:54] - 2017-06-21 - daily_view start
[2017-06-22 01:06:54] - 2017-06-21 - daily_view success
[2017-06-22 01:06:54] - 2017-06-21 - case1 start
[2017-06-22 01:06:54] - 2017-06-21 - case1 success
[2017-06-22 01:06:54] - 2017-06-21 - case2 start
[2017-06-22 01:06:57] - 2017-06-21 - case2 success
[2017-06-22 01:06:57] - 2017-06-21 - delete start
[2017-06-22 01:06:57] - 2017-06-21 - fm_daily_stats_fblike_vw start
[2017-06-22 01:06:57] - 2017-06-21 - fm_daily_stats_fblike_vw success
[2017-06-22 01:06:57] - 2017-06-21 - fm_daily_stats_review_vw start
[2017-06-22 01:06:57] - 2017-06-21 - fm_daily_stats_review_vw success
[2017-06-22 01:06:57] - 2017-06-21 - fm_daily_stats_restock_notify_vw start
[2017-06-22 01:06:57] - 2017-06-21 - fm_daily_stats_restock_notify_vw success
[2017-06-22 01:06:57] - 2017-06-21 - fm_daily_stats_wish_vw start
[2017-06-22 01:06:57] - 2017-06-21 - fm_daily_stats_wish_vw success
[2017-06-22 01:06:57] - 2017-06-21 - fm_daily_stats_cart_vw start
[2017-06-22 01:06:57] - 2017-06-21 - fm_daily_stats_cart_vw success
[2017-06-22 01:06:57] - 2017-06-21 - fm_daily_stats_order_vw start
[2017-06-22 01:06:57] - 2017-06-21 - fm_daily_stats_order_vw success
[2017-06-22 01:06:57] - 2017-06-21 - fm_daily_stats_view_vw start
[2017-06-22 01:06:57] - 2017-06-21 - fm_daily_stats_view_vw success
[2017-06-22 01:06:57] - 2017-06-21 - delete success
[2017-06-23 01:07:33] - 2017-06-22 - daily_order start
[2017-06-23 01:07:33] - 2017-06-22 - daily_order success
[2017-06-23 01:07:33] - 2017-06-22 - daily_fblike start
[2017-06-23 01:07:33] - 2017-06-22 - daily_fblike success
[2017-06-23 01:07:33] - 2017-06-22 - daily_review start
[2017-06-23 01:07:33] - 2017-06-22 - daily_review success
[2017-06-23 01:07:33] - 2017-06-22 - daily_restock_notify start
[2017-06-23 01:07:33] - 2017-06-22 - daily_restock_notify success
[2017-06-23 01:07:33] - 2017-06-22 - daily_wish start
[2017-06-23 01:07:33] - 2017-06-22 - daily_wish success
[2017-06-23 01:07:33] - 2017-06-22 - daily_cart start
[2017-06-23 01:07:33] - 2017-06-22 - daily_cart success
[2017-06-23 01:07:33] - 2017-06-22 - daily_view start
[2017-06-23 01:07:33] - 2017-06-22 - daily_view success
[2017-06-23 01:07:33] - 2017-06-22 - case1 start
[2017-06-23 01:07:34] - 2017-06-22 - case1 success
[2017-06-23 01:07:34] - 2017-06-22 - case2 start
[2017-06-23 01:07:37] - 2017-06-22 - case2 success
[2017-06-23 01:07:37] - 2017-06-22 - delete start
[2017-06-23 01:07:37] - 2017-06-22 - fm_daily_stats_fblike_vw start
[2017-06-23 01:07:37] - 2017-06-22 - fm_daily_stats_fblike_vw success
[2017-06-23 01:07:37] - 2017-06-22 - fm_daily_stats_review_vw start
[2017-06-23 01:07:37] - 2017-06-22 - fm_daily_stats_review_vw success
[2017-06-23 01:07:37] - 2017-06-22 - fm_daily_stats_restock_notify_vw start
[2017-06-23 01:07:37] - 2017-06-22 - fm_daily_stats_restock_notify_vw success
[2017-06-23 01:07:37] - 2017-06-22 - fm_daily_stats_wish_vw start
[2017-06-23 01:07:37] - 2017-06-22 - fm_daily_stats_wish_vw success
[2017-06-23 01:07:37] - 2017-06-22 - fm_daily_stats_cart_vw start
[2017-06-23 01:07:37] - 2017-06-22 - fm_daily_stats_cart_vw success
[2017-06-23 01:07:37] - 2017-06-22 - fm_daily_stats_order_vw start
[2017-06-23 01:07:37] - 2017-06-22 - fm_daily_stats_order_vw success
[2017-06-23 01:07:37] - 2017-06-22 - fm_daily_stats_view_vw start
[2017-06-23 01:07:37] - 2017-06-22 - fm_daily_stats_view_vw success
[2017-06-23 01:07:37] - 2017-06-22 - delete success
