[2017-06-01 00:11:04] - 입점마켓팅 다음EP 생성
[2017-06-01 00:11:04] - 입점마켓팅 네이버EP 2.0 생성
[2017-06-01 00:11:04] - 입점마켓팅 네이버EP 3.0 생성
[2017-06-01 00:11:04] - 입점마켓팅 리뷰EP 생성
[2017-06-01 01:08:34] - 회원 만료된 적립금 차감
[2017-06-01 01:08:34] - 회원 만료된 포인트 차감
[2017-06-01 01:08:34] - 쇼핑몰 분류 동기화
[2017-06-01 01:08:34] - 택배사 동기화
[2017-06-01 01:08:34] - 자동 주문 취소
[2017-06-01 01:08:34] - 장바구니 비우기
[2017-06-01 01:08:34] - 자동 구매확정
[2017-06-01 01:08:34] - 티켓상품 유효기간 체크 판매중지
[2017-06-01 01:08:35] - 티켓상품 자동 주문상태
[2017-06-01 01:08:35] - 통계데이터 삭제
[2017-06-01 01:08:35] - email log 삭제
[2017-06-01 01:08:35] - captcha 삭제
[2017-06-01 01:08:35] - naverpay 삭제
[2017-06-01 01:08:35] - 임시 필수옵션 및 추가구성옵션 데이터 삭제
[2017-06-01 01:08:35] - 배송지테이블 누락데이터 생성
[2017-06-01 01:08:35] - 회원정보다운로드데이터 삭제
[2017-06-01 01:08:35] - 할인혜택 금액 저장
[2017-06-01 01:08:35] - 회원 자동 등급
[2017-06-01 01:08:35] - 굿스플로 배송정보처리
[2017-06-01 01:08:35] - 고객리마인드 쿠폰
[2017-06-01 01:08:35] - 고객리마인드 적립금
[2017-06-01 01:08:35] - 고객리마인드 장바구니
[2017-06-01 01:08:35] - 고객리마인드 회원등급
[2017-06-01 01:08:35] - 고객리마인드 타임세일
[2017-06-01 01:08:35] - 고객리마인드 후기
[2017-06-01 01:08:35] - 고객리마인드 생일
[2017-06-01 01:08:35] - 고객리마인드 기념일
[2017-06-01 01:08:35] - 미입금 시 입금요청내용 문자발송
[2017-06-01 01:08:35] - 집계테이블 생성
[2017-06-01 01:08:35] - 유입경로 통계에 referer_domain 추가
[2017-06-01 01:08:35] - 오래된 파일 삭제
[2017-06-01 01:08:35] - 상품디스플레이 캐시 파일 삭제
[2017-06-01 01:08:35] - 플래시 캐시 파일 삭제
[2017-06-01 01:08:35] - 임시파일 삭제
[2017-06-01 01:08:35] - 사용 용량 업데이트
[2017-06-01 01:08:35] - 관리자 중요행위 알림 캐시파일 생성
[2017-06-01 01:08:35] - 이머니,포인트,적립금 통계 추가
[2017-06-01 01:08:35] - 휴면계정 고지 문자발송
[2017-06-01 01:08:39] - 상품 통계
[2017-06-02 00:11:03] - 입점마켓팅 다음EP 생성
[2017-06-02 00:11:03] - 입점마켓팅 네이버EP 2.0 생성
[2017-06-02 00:11:03] - 입점마켓팅 네이버EP 3.0 생성
[2017-06-02 00:11:03] - 입점마켓팅 리뷰EP 생성
[2017-06-02 01:07:13] - 회원 만료된 적립금 차감
[2017-06-02 01:07:13] - 회원 만료된 포인트 차감
[2017-06-02 01:07:13] - 쇼핑몰 분류 동기화
[2017-06-02 01:07:13] - 택배사 동기화
[2017-06-02 01:07:13] - 자동 주문 취소
[2017-06-02 01:07:13] - 장바구니 비우기
[2017-06-02 01:07:13] - 자동 구매확정
[2017-06-02 01:07:13] - 티켓상품 유효기간 체크 판매중지
[2017-06-02 01:07:13] - 티켓상품 자동 주문상태
[2017-06-02 01:07:13] - 통계데이터 삭제
[2017-06-02 01:07:13] - email log 삭제
[2017-06-02 01:07:13] - captcha 삭제
[2017-06-02 01:07:13] - naverpay 삭제
[2017-06-02 01:07:13] - 임시 필수옵션 및 추가구성옵션 데이터 삭제
[2017-06-02 01:07:13] - 배송지테이블 누락데이터 생성
[2017-06-02 01:07:13] - 회원정보다운로드데이터 삭제
[2017-06-02 01:07:13] - 할인혜택 금액 저장
[2017-06-02 01:07:13] - 굿스플로 배송정보처리
[2017-06-02 01:07:13] - 고객리마인드 쿠폰
[2017-06-02 01:07:13] - 고객리마인드 적립금
[2017-06-02 01:07:13] - 고객리마인드 장바구니
[2017-06-02 01:07:13] - 고객리마인드 회원등급
[2017-06-02 01:07:13] - 고객리마인드 타임세일
[2017-06-02 01:07:13] - 고객리마인드 후기
[2017-06-02 01:07:13] - 고객리마인드 생일
[2017-06-02 01:07:13] - 고객리마인드 기념일
[2017-06-02 01:07:13] - 미입금 시 입금요청내용 문자발송
[2017-06-02 01:07:13] - 집계테이블 생성
[2017-06-02 01:07:13] - 유입경로 통계에 referer_domain 추가
[2017-06-02 01:07:13] - 오래된 파일 삭제
[2017-06-02 01:07:13] - 상품디스플레이 캐시 파일 삭제
[2017-06-02 01:07:14] - 플래시 캐시 파일 삭제
[2017-06-02 01:07:14] - 임시파일 삭제
[2017-06-02 01:07:14] - 사용 용량 업데이트
[2017-06-02 01:07:14] - 관리자 중요행위 알림 캐시파일 생성
[2017-06-02 01:07:14] - 휴면계정 고지 문자발송
[2017-06-02 01:07:17] - 상품 통계
[2017-06-03 00:11:04] - 입점마켓팅 다음EP 생성
[2017-06-03 00:11:04] - 입점마켓팅 네이버EP 2.0 생성
[2017-06-03 00:11:04] - 입점마켓팅 네이버EP 3.0 생성
[2017-06-03 00:11:04] - 입점마켓팅 리뷰EP 생성
[2017-06-03 01:07:29] - 회원 만료된 적립금 차감
[2017-06-03 01:07:29] - 회원 만료된 포인트 차감
[2017-06-03 01:07:29] - 쇼핑몰 분류 동기화
[2017-06-03 01:07:29] - 택배사 동기화
[2017-06-03 01:07:29] - 자동 주문 취소
[2017-06-03 01:07:29] - 장바구니 비우기
[2017-06-03 01:07:29] - 자동 구매확정
[2017-06-03 01:07:29] - 티켓상품 유효기간 체크 판매중지
[2017-06-03 01:07:29] - 티켓상품 자동 주문상태
[2017-06-03 01:07:29] - 통계데이터 삭제
[2017-06-03 01:07:29] - email log 삭제
[2017-06-03 01:07:29] - captcha 삭제
[2017-06-03 01:07:29] - naverpay 삭제
[2017-06-03 01:07:29] - 임시 필수옵션 및 추가구성옵션 데이터 삭제
[2017-06-03 01:07:29] - 배송지테이블 누락데이터 생성
[2017-06-03 01:07:29] - 회원정보다운로드데이터 삭제
[2017-06-03 01:07:29] - 할인혜택 금액 저장
[2017-06-03 01:07:29] - 굿스플로 배송정보처리
[2017-06-03 01:07:29] - 고객리마인드 쿠폰
[2017-06-03 01:07:29] - 고객리마인드 적립금
[2017-06-03 01:07:29] - 고객리마인드 장바구니
[2017-06-03 01:07:29] - 고객리마인드 회원등급
[2017-06-03 01:07:29] - 고객리마인드 타임세일
[2017-06-03 01:07:29] - 고객리마인드 후기
[2017-06-03 01:07:29] - 고객리마인드 생일
[2017-06-03 01:07:29] - 고객리마인드 기념일
[2017-06-03 01:07:29] - 미입금 시 입금요청내용 문자발송
[2017-06-03 01:07:30] - 집계테이블 생성
[2017-06-03 01:07:30] - 유입경로 통계에 referer_domain 추가
[2017-06-03 01:07:30] - 오래된 파일 삭제
[2017-06-03 01:07:30] - 상품디스플레이 캐시 파일 삭제
[2017-06-03 01:07:30] - 플래시 캐시 파일 삭제
[2017-06-03 01:07:30] - 임시파일 삭제
[2017-06-03 01:07:30] - 사용 용량 업데이트
[2017-06-03 01:07:30] - 관리자 중요행위 알림 캐시파일 생성
[2017-06-03 01:07:30] - 휴면계정 고지 문자발송
[2017-06-03 01:07:33] - 상품 통계
[2017-06-04 00:11:03] - 입점마켓팅 다음EP 생성
[2017-06-04 00:11:03] - 입점마켓팅 네이버EP 2.0 생성
[2017-06-04 00:11:03] - 입점마켓팅 네이버EP 3.0 생성
[2017-06-04 00:11:03] - 입점마켓팅 리뷰EP 생성
[2017-06-04 01:07:31] - 회원 만료된 적립금 차감
[2017-06-04 01:07:31] - 회원 만료된 포인트 차감
[2017-06-04 01:07:31] - 쇼핑몰 분류 동기화
[2017-06-04 01:07:31] - 택배사 동기화
[2017-06-04 01:07:31] - 자동 주문 취소
[2017-06-04 01:07:31] - 장바구니 비우기
[2017-06-04 01:07:31] - 자동 구매확정
[2017-06-04 01:07:31] - 티켓상품 유효기간 체크 판매중지
[2017-06-04 01:07:31] - 티켓상품 자동 주문상태
[2017-06-04 01:07:31] - 통계데이터 삭제
[2017-06-04 01:07:31] - email log 삭제
[2017-06-04 01:07:31] - captcha 삭제
[2017-06-04 01:07:31] - naverpay 삭제
[2017-06-04 01:07:31] - 임시 필수옵션 및 추가구성옵션 데이터 삭제
[2017-06-04 01:07:31] - 배송지테이블 누락데이터 생성
[2017-06-04 01:07:31] - 회원정보다운로드데이터 삭제
[2017-06-04 01:07:31] - 할인혜택 금액 저장
[2017-06-04 01:07:31] - 굿스플로 배송정보처리
[2017-06-04 01:07:31] - 고객리마인드 쿠폰
[2017-06-04 01:07:31] - 고객리마인드 적립금
[2017-06-04 01:07:31] - 고객리마인드 장바구니
[2017-06-04 01:07:31] - 고객리마인드 회원등급
[2017-06-04 01:07:31] - 고객리마인드 타임세일
[2017-06-04 01:07:31] - 고객리마인드 후기
[2017-06-04 01:07:31] - 고객리마인드 생일
[2017-06-04 01:07:31] - 고객리마인드 기념일
[2017-06-04 01:07:31] - 미입금 시 입금요청내용 문자발송
[2017-06-04 01:07:31] - 집계테이블 생성
[2017-06-04 01:07:31] - 유입경로 통계에 referer_domain 추가
[2017-06-04 01:07:31] - 오래된 파일 삭제
[2017-06-04 01:07:31] - 상품디스플레이 캐시 파일 삭제
[2017-06-04 01:07:31] - 플래시 캐시 파일 삭제
[2017-06-04 01:07:31] - 임시파일 삭제
[2017-06-04 01:07:32] - 사용 용량 업데이트
[2017-06-04 01:07:32] - 관리자 중요행위 알림 캐시파일 생성
[2017-06-04 01:07:32] - 휴면계정 고지 문자발송
[2017-06-04 01:07:35] - 상품 통계
[2017-06-05 00:11:03] - 입점마켓팅 다음EP 생성
[2017-06-05 00:11:03] - 입점마켓팅 네이버EP 2.0 생성
[2017-06-05 00:11:03] - 입점마켓팅 네이버EP 3.0 생성
[2017-06-05 00:11:03] - 입점마켓팅 리뷰EP 생성
[2017-06-05 01:07:31] - 회원 만료된 적립금 차감
[2017-06-05 01:07:31] - 회원 만료된 포인트 차감
[2017-06-05 01:07:31] - 쇼핑몰 분류 동기화
[2017-06-05 01:07:31] - 택배사 동기화
[2017-06-05 01:07:31] - 자동 주문 취소
[2017-06-05 01:07:31] - 장바구니 비우기
[2017-06-05 01:07:31] - 자동 구매확정
[2017-06-05 01:07:31] - 티켓상품 유효기간 체크 판매중지
[2017-06-05 01:07:31] - 티켓상품 자동 주문상태
[2017-06-05 01:07:31] - 통계데이터 삭제
[2017-06-05 01:07:31] - email log 삭제
[2017-06-05 01:07:31] - captcha 삭제
[2017-06-05 01:07:31] - naverpay 삭제
[2017-06-05 01:07:31] - 임시 필수옵션 및 추가구성옵션 데이터 삭제
[2017-06-05 01:07:31] - 배송지테이블 누락데이터 생성
[2017-06-05 01:07:31] - 회원정보다운로드데이터 삭제
[2017-06-05 01:07:31] - 할인혜택 금액 저장
[2017-06-05 01:07:31] - 굿스플로 배송정보처리
[2017-06-05 01:07:31] - 고객리마인드 쿠폰
[2017-06-05 01:07:31] - 고객리마인드 적립금
[2017-06-05 01:07:31] - 고객리마인드 장바구니
[2017-06-05 01:07:31] - 고객리마인드 회원등급
[2017-06-05 01:07:31] - 고객리마인드 타임세일
[2017-06-05 01:07:31] - 고객리마인드 후기
[2017-06-05 01:07:31] - 고객리마인드 생일
[2017-06-05 01:07:31] - 고객리마인드 기념일
[2017-06-05 01:07:31] - 미입금 시 입금요청내용 문자발송
[2017-06-05 01:07:31] - 집계테이블 생성
[2017-06-05 01:07:31] - 유입경로 통계에 referer_domain 추가
[2017-06-05 01:07:31] - 오래된 파일 삭제
[2017-06-05 01:07:31] - 상품디스플레이 캐시 파일 삭제
[2017-06-05 01:07:31] - 플래시 캐시 파일 삭제
[2017-06-05 01:07:31] - 임시파일 삭제
[2017-06-05 01:07:32] - 사용 용량 업데이트
[2017-06-05 01:07:32] - 관리자 중요행위 알림 캐시파일 생성
[2017-06-05 01:07:32] - 휴면계정 고지 문자발송
[2017-06-05 01:07:36] - 상품 통계
[2017-06-06 00:11:03] - 입점마켓팅 다음EP 생성
[2017-06-06 00:11:03] - 입점마켓팅 네이버EP 2.0 생성
[2017-06-06 00:11:03] - 입점마켓팅 네이버EP 3.0 생성
[2017-06-06 00:11:03] - 입점마켓팅 리뷰EP 생성
[2017-06-06 01:07:28] - 회원 만료된 적립금 차감
[2017-06-06 01:07:28] - 회원 만료된 포인트 차감
[2017-06-06 01:07:28] - 쇼핑몰 분류 동기화
[2017-06-06 01:07:28] - 택배사 동기화
[2017-06-06 01:07:29] - 자동 주문 취소
[2017-06-06 01:07:29] - 장바구니 비우기
[2017-06-06 01:07:29] - 자동 구매확정
[2017-06-06 01:07:29] - 티켓상품 유효기간 체크 판매중지
[2017-06-06 01:07:29] - 티켓상품 자동 주문상태
[2017-06-06 01:07:29] - 통계데이터 삭제
[2017-06-06 01:07:29] - email log 삭제
[2017-06-06 01:07:29] - captcha 삭제
[2017-06-06 01:07:29] - naverpay 삭제
[2017-06-06 01:07:30] - 임시 필수옵션 및 추가구성옵션 데이터 삭제
[2017-06-06 01:07:30] - 배송지테이블 누락데이터 생성
[2017-06-06 01:07:30] - 회원정보다운로드데이터 삭제
[2017-06-06 01:07:30] - 할인혜택 금액 저장
[2017-06-06 01:07:30] - 굿스플로 배송정보처리
[2017-06-06 01:07:30] - 고객리마인드 쿠폰
[2017-06-06 01:07:30] - 고객리마인드 적립금
[2017-06-06 01:07:30] - 고객리마인드 장바구니
[2017-06-06 01:07:30] - 고객리마인드 회원등급
[2017-06-06 01:07:30] - 고객리마인드 타임세일
[2017-06-06 01:07:30] - 고객리마인드 후기
[2017-06-06 01:07:30] - 고객리마인드 생일
[2017-06-06 01:07:30] - 고객리마인드 기념일
[2017-06-06 01:07:30] - 미입금 시 입금요청내용 문자발송
[2017-06-06 01:07:30] - 집계테이블 생성
[2017-06-06 01:07:30] - 유입경로 통계에 referer_domain 추가
[2017-06-06 01:07:30] - 오래된 파일 삭제
[2017-06-06 01:07:30] - 상품디스플레이 캐시 파일 삭제
[2017-06-06 01:07:30] - 플래시 캐시 파일 삭제
[2017-06-06 01:07:30] - 임시파일 삭제
[2017-06-06 01:07:30] - 사용 용량 업데이트
[2017-06-06 01:07:30] - 관리자 중요행위 알림 캐시파일 생성
[2017-06-06 01:07:30] - 휴면계정 고지 문자발송
[2017-06-06 01:07:34] - 상품 통계
[2017-06-07 00:11:05] - 입점마켓팅 다음EP 생성
[2017-06-07 00:11:05] - 입점마켓팅 네이버EP 2.0 생성
[2017-06-07 00:11:05] - 입점마켓팅 네이버EP 3.0 생성
[2017-06-07 00:11:05] - 입점마켓팅 리뷰EP 생성
[2017-06-07 01:07:36] - 회원 만료된 적립금 차감
[2017-06-07 01:07:36] - 회원 만료된 포인트 차감
[2017-06-07 01:07:36] - 쇼핑몰 분류 동기화
[2017-06-07 01:07:36] - 택배사 동기화
[2017-06-07 01:07:36] - 자동 주문 취소
[2017-06-07 01:07:36] - 장바구니 비우기
[2017-06-07 01:07:36] - 자동 구매확정
[2017-06-07 01:07:36] - 티켓상품 유효기간 체크 판매중지
[2017-06-07 01:07:36] - 티켓상품 자동 주문상태
[2017-06-07 01:07:36] - 통계데이터 삭제
[2017-06-07 01:07:36] - email log 삭제
[2017-06-07 01:07:36] - captcha 삭제
[2017-06-07 01:07:36] - naverpay 삭제
[2017-06-07 01:07:36] - 임시 필수옵션 및 추가구성옵션 데이터 삭제
[2017-06-07 01:07:36] - 배송지테이블 누락데이터 생성
[2017-06-07 01:07:36] - 회원정보다운로드데이터 삭제
[2017-06-07 01:07:36] - 할인혜택 금액 저장
[2017-06-07 01:07:36] - 굿스플로 배송정보처리
[2017-06-07 01:07:36] - 고객리마인드 쿠폰
[2017-06-07 01:07:36] - 고객리마인드 적립금
[2017-06-07 01:07:36] - 고객리마인드 장바구니
[2017-06-07 01:07:36] - 고객리마인드 회원등급
[2017-06-07 01:07:36] - 고객리마인드 타임세일
[2017-06-07 01:07:36] - 고객리마인드 후기
[2017-06-07 01:07:36] - 고객리마인드 생일
[2017-06-07 01:07:36] - 고객리마인드 기념일
[2017-06-07 01:07:36] - 미입금 시 입금요청내용 문자발송
[2017-06-07 01:07:36] - 집계테이블 생성
[2017-06-07 01:07:36] - 유입경로 통계에 referer_domain 추가
[2017-06-07 01:07:36] - 오래된 파일 삭제
[2017-06-07 01:07:36] - 상품디스플레이 캐시 파일 삭제
[2017-06-07 01:07:36] - 플래시 캐시 파일 삭제
[2017-06-07 01:07:36] - 임시파일 삭제
[2017-06-07 01:07:37] - 사용 용량 업데이트
[2017-06-07 01:07:37] - 관리자 중요행위 알림 캐시파일 생성
[2017-06-07 01:07:37] - 휴면계정 고지 문자발송
[2017-06-07 01:07:40] - 상품 통계
[2017-06-08 00:11:03] - 입점마켓팅 다음EP 생성
[2017-06-08 00:11:03] - 입점마켓팅 네이버EP 2.0 생성
[2017-06-08 00:11:03] - 입점마켓팅 네이버EP 3.0 생성
[2017-06-08 00:11:03] - 입점마켓팅 리뷰EP 생성
[2017-06-08 01:07:36] - 회원 만료된 적립금 차감
[2017-06-08 01:07:36] - 회원 만료된 포인트 차감
[2017-06-08 01:07:36] - 쇼핑몰 분류 동기화
[2017-06-08 01:07:36] - 택배사 동기화
[2017-06-08 01:07:36] - 자동 주문 취소
[2017-06-08 01:07:37] - 장바구니 비우기
[2017-06-08 01:07:37] - 자동 구매확정
[2017-06-08 01:07:37] - 티켓상품 유효기간 체크 판매중지
[2017-06-08 01:07:37] - 티켓상품 자동 주문상태
[2017-06-08 01:07:37] - 통계데이터 삭제
[2017-06-08 01:07:37] - email log 삭제
[2017-06-08 01:07:37] - captcha 삭제
[2017-06-08 01:07:37] - naverpay 삭제
[2017-06-08 01:07:37] - 임시 필수옵션 및 추가구성옵션 데이터 삭제
[2017-06-08 01:07:37] - 배송지테이블 누락데이터 생성
[2017-06-08 01:07:37] - 회원정보다운로드데이터 삭제
[2017-06-08 01:07:37] - 할인혜택 금액 저장
[2017-06-08 01:07:37] - 굿스플로 배송정보처리
[2017-06-08 01:07:37] - 고객리마인드 쿠폰
[2017-06-08 01:07:37] - 고객리마인드 적립금
[2017-06-08 01:07:37] - 고객리마인드 장바구니
[2017-06-08 01:07:37] - 고객리마인드 회원등급
[2017-06-08 01:07:37] - 고객리마인드 타임세일
[2017-06-08 01:07:37] - 고객리마인드 후기
[2017-06-08 01:07:37] - 고객리마인드 생일
[2017-06-08 01:07:37] - 고객리마인드 기념일
[2017-06-08 01:07:37] - 미입금 시 입금요청내용 문자발송
[2017-06-08 01:07:37] - 집계테이블 생성
[2017-06-08 01:07:37] - 유입경로 통계에 referer_domain 추가
[2017-06-08 01:07:37] - 오래된 파일 삭제
[2017-06-08 01:07:37] - 상품디스플레이 캐시 파일 삭제
[2017-06-08 01:07:37] - 플래시 캐시 파일 삭제
[2017-06-08 01:07:37] - 임시파일 삭제
[2017-06-08 01:07:37] - 사용 용량 업데이트
[2017-06-08 01:07:37] - 관리자 중요행위 알림 캐시파일 생성
[2017-06-08 01:07:38] - 휴면계정 고지 문자발송
[2017-06-08 01:07:41] - 상품 통계
[2017-06-09 00:11:04] - 입점마켓팅 다음EP 생성
[2017-06-09 00:11:04] - 입점마켓팅 네이버EP 2.0 생성
[2017-06-09 00:11:04] - 입점마켓팅 네이버EP 3.0 생성
[2017-06-09 00:11:04] - 입점마켓팅 리뷰EP 생성
[2017-06-09 01:07:32] - 회원 만료된 적립금 차감
[2017-06-09 01:07:32] - 회원 만료된 포인트 차감
[2017-06-09 01:07:32] - 쇼핑몰 분류 동기화
[2017-06-09 01:07:32] - 택배사 동기화
[2017-06-09 01:07:32] - 자동 주문 취소
[2017-06-09 01:07:32] - 장바구니 비우기
[2017-06-09 01:07:32] - 자동 구매확정
[2017-06-09 01:07:32] - 티켓상품 유효기간 체크 판매중지
[2017-06-09 01:07:32] - 티켓상품 자동 주문상태
[2017-06-09 01:07:32] - 통계데이터 삭제
[2017-06-09 01:07:32] - email log 삭제
[2017-06-09 01:07:32] - captcha 삭제
[2017-06-09 01:07:32] - naverpay 삭제
[2017-06-09 01:07:32] - 임시 필수옵션 및 추가구성옵션 데이터 삭제
[2017-06-09 01:07:32] - 배송지테이블 누락데이터 생성
[2017-06-09 01:07:32] - 회원정보다운로드데이터 삭제
[2017-06-09 01:07:32] - 할인혜택 금액 저장
[2017-06-09 01:07:32] - 굿스플로 배송정보처리
[2017-06-09 01:07:32] - 고객리마인드 쿠폰
[2017-06-09 01:07:32] - 고객리마인드 적립금
[2017-06-09 01:07:32] - 고객리마인드 장바구니
[2017-06-09 01:07:32] - 고객리마인드 회원등급
[2017-06-09 01:07:32] - 고객리마인드 타임세일
[2017-06-09 01:07:32] - 고객리마인드 후기
[2017-06-09 01:07:32] - 고객리마인드 생일
[2017-06-09 01:07:32] - 고객리마인드 기념일
[2017-06-09 01:07:32] - 미입금 시 입금요청내용 문자발송
[2017-06-09 01:07:32] - 집계테이블 생성
[2017-06-09 01:07:32] - 유입경로 통계에 referer_domain 추가
[2017-06-09 01:07:32] - 오래된 파일 삭제
[2017-06-09 01:07:32] - 상품디스플레이 캐시 파일 삭제
[2017-06-09 01:07:32] - 플래시 캐시 파일 삭제
[2017-06-09 01:07:32] - 임시파일 삭제
[2017-06-09 01:07:32] - 사용 용량 업데이트
[2017-06-09 01:07:32] - 관리자 중요행위 알림 캐시파일 생성
[2017-06-09 01:07:33] - 휴면계정 고지 문자발송
[2017-06-09 01:07:36] - 상품 통계
[2017-06-10 00:11:03] - 입점마켓팅 다음EP 생성
[2017-06-10 00:11:03] - 입점마켓팅 네이버EP 2.0 생성
[2017-06-10 00:11:03] - 입점마켓팅 네이버EP 3.0 생성
[2017-06-10 00:11:03] - 입점마켓팅 리뷰EP 생성
[2017-06-10 01:07:38] - 회원 만료된 적립금 차감
[2017-06-10 01:07:38] - 회원 만료된 포인트 차감
[2017-06-10 01:07:38] - 쇼핑몰 분류 동기화
[2017-06-10 01:07:38] - 택배사 동기화
[2017-06-10 01:07:39] - 자동 주문 취소
[2017-06-10 01:07:39] - 장바구니 비우기
[2017-06-10 01:07:39] - 자동 구매확정
[2017-06-10 01:07:39] - 티켓상품 유효기간 체크 판매중지
[2017-06-10 01:07:39] - 티켓상품 자동 주문상태
[2017-06-10 01:07:39] - 통계데이터 삭제
[2017-06-10 01:07:39] - email log 삭제
[2017-06-10 01:07:39] - captcha 삭제
[2017-06-10 01:07:39] - naverpay 삭제
[2017-06-10 01:07:39] - 임시 필수옵션 및 추가구성옵션 데이터 삭제
[2017-06-10 01:07:39] - 배송지테이블 누락데이터 생성
[2017-06-10 01:07:39] - 회원정보다운로드데이터 삭제
[2017-06-10 01:07:39] - 할인혜택 금액 저장
[2017-06-10 01:07:39] - 굿스플로 배송정보처리
[2017-06-10 01:07:39] - 고객리마인드 쿠폰
[2017-06-10 01:07:39] - 고객리마인드 적립금
[2017-06-10 01:07:39] - 고객리마인드 장바구니
[2017-06-10 01:07:39] - 고객리마인드 회원등급
[2017-06-10 01:07:39] - 고객리마인드 타임세일
[2017-06-10 01:07:39] - 고객리마인드 후기
[2017-06-10 01:07:39] - 고객리마인드 생일
[2017-06-10 01:07:39] - 고객리마인드 기념일
[2017-06-10 01:07:39] - 미입금 시 입금요청내용 문자발송
[2017-06-10 01:07:39] - 집계테이블 생성
[2017-06-10 01:07:39] - 유입경로 통계에 referer_domain 추가
[2017-06-10 01:07:39] - 오래된 파일 삭제
[2017-06-10 01:07:39] - 상품디스플레이 캐시 파일 삭제
[2017-06-10 01:07:39] - 플래시 캐시 파일 삭제
[2017-06-10 01:07:39] - 임시파일 삭제
[2017-06-10 01:07:40] - 사용 용량 업데이트
[2017-06-10 01:07:40] - 관리자 중요행위 알림 캐시파일 생성
[2017-06-10 01:07:40] - 휴면계정 고지 문자발송
[2017-06-10 01:07:43] - 상품 통계
[2017-06-11 00:11:03] - 입점마켓팅 다음EP 생성
[2017-06-11 00:11:03] - 입점마켓팅 네이버EP 2.0 생성
[2017-06-11 00:11:03] - 입점마켓팅 네이버EP 3.0 생성
[2017-06-11 00:11:03] - 입점마켓팅 리뷰EP 생성
[2017-06-11 01:07:32] - 회원 만료된 적립금 차감
[2017-06-11 01:07:32] - 회원 만료된 포인트 차감
[2017-06-11 01:07:32] - 쇼핑몰 분류 동기화
[2017-06-11 01:07:32] - 택배사 동기화
[2017-06-11 01:07:32] - 자동 주문 취소
[2017-06-11 01:07:32] - 장바구니 비우기
[2017-06-11 01:07:32] - 자동 구매확정
[2017-06-11 01:07:32] - 티켓상품 유효기간 체크 판매중지
[2017-06-11 01:07:32] - 티켓상품 자동 주문상태
[2017-06-11 01:07:32] - 통계데이터 삭제
[2017-06-11 01:07:32] - email log 삭제
[2017-06-11 01:07:32] - captcha 삭제
[2017-06-11 01:07:32] - naverpay 삭제
[2017-06-11 01:07:32] - 임시 필수옵션 및 추가구성옵션 데이터 삭제
[2017-06-11 01:07:32] - 배송지테이블 누락데이터 생성
[2017-06-11 01:07:32] - 회원정보다운로드데이터 삭제
[2017-06-11 01:07:32] - 할인혜택 금액 저장
[2017-06-11 01:07:32] - 굿스플로 배송정보처리
[2017-06-11 01:07:32] - 고객리마인드 쿠폰
[2017-06-11 01:07:32] - 고객리마인드 적립금
[2017-06-11 01:07:32] - 고객리마인드 장바구니
[2017-06-11 01:07:32] - 고객리마인드 회원등급
[2017-06-11 01:07:32] - 고객리마인드 타임세일
[2017-06-11 01:07:32] - 고객리마인드 후기
[2017-06-11 01:07:32] - 고객리마인드 생일
[2017-06-11 01:07:32] - 고객리마인드 기념일
[2017-06-11 01:07:32] - 미입금 시 입금요청내용 문자발송
[2017-06-11 01:07:32] - 집계테이블 생성
[2017-06-11 01:07:32] - 유입경로 통계에 referer_domain 추가
[2017-06-11 01:07:32] - 오래된 파일 삭제
[2017-06-11 01:07:32] - 상품디스플레이 캐시 파일 삭제
[2017-06-11 01:07:32] - 플래시 캐시 파일 삭제
[2017-06-11 01:07:32] - 임시파일 삭제
[2017-06-11 01:07:32] - 사용 용량 업데이트
[2017-06-11 01:07:32] - 관리자 중요행위 알림 캐시파일 생성
[2017-06-11 01:07:33] - 휴면계정 고지 문자발송
[2017-06-11 01:07:36] - 상품 통계
[2017-06-12 00:11:03] - 입점마켓팅 다음EP 생성
[2017-06-12 00:11:03] - 입점마켓팅 네이버EP 2.0 생성
[2017-06-12 00:11:03] - 입점마켓팅 네이버EP 3.0 생성
[2017-06-12 00:11:03] - 입점마켓팅 리뷰EP 생성
[2017-06-12 01:07:28] - 회원 만료된 적립금 차감
[2017-06-12 01:07:28] - 회원 만료된 포인트 차감
[2017-06-12 01:07:28] - 쇼핑몰 분류 동기화
[2017-06-12 01:07:28] - 택배사 동기화
[2017-06-12 01:07:28] - 자동 주문 취소
[2017-06-12 01:07:28] - 장바구니 비우기
[2017-06-12 01:07:28] - 자동 구매확정
[2017-06-12 01:07:28] - 티켓상품 유효기간 체크 판매중지
[2017-06-12 01:07:28] - 티켓상품 자동 주문상태
[2017-06-12 01:07:28] - 통계데이터 삭제
[2017-06-12 01:07:28] - email log 삭제
[2017-06-12 01:07:28] - captcha 삭제
[2017-06-12 01:07:28] - naverpay 삭제
[2017-06-12 01:07:28] - 임시 필수옵션 및 추가구성옵션 데이터 삭제
[2017-06-12 01:07:28] - 배송지테이블 누락데이터 생성
[2017-06-12 01:07:28] - 회원정보다운로드데이터 삭제
[2017-06-12 01:07:28] - 할인혜택 금액 저장
[2017-06-12 01:07:28] - 굿스플로 배송정보처리
[2017-06-12 01:07:28] - 고객리마인드 쿠폰
[2017-06-12 01:07:28] - 고객리마인드 적립금
[2017-06-12 01:07:28] - 고객리마인드 장바구니
[2017-06-12 01:07:28] - 고객리마인드 회원등급
[2017-06-12 01:07:28] - 고객리마인드 타임세일
[2017-06-12 01:07:28] - 고객리마인드 후기
[2017-06-12 01:07:28] - 고객리마인드 생일
[2017-06-12 01:07:28] - 고객리마인드 기념일
[2017-06-12 01:07:28] - 미입금 시 입금요청내용 문자발송
[2017-06-12 01:07:29] - 집계테이블 생성
[2017-06-12 01:07:29] - 유입경로 통계에 referer_domain 추가
[2017-06-12 01:07:29] - 오래된 파일 삭제
[2017-06-12 01:07:29] - 상품디스플레이 캐시 파일 삭제
[2017-06-12 01:07:29] - 플래시 캐시 파일 삭제
[2017-06-12 01:07:29] - 임시파일 삭제
[2017-06-12 01:07:29] - 사용 용량 업데이트
[2017-06-12 01:07:29] - 관리자 중요행위 알림 캐시파일 생성
[2017-06-12 01:07:29] - 휴면계정 고지 문자발송
[2017-06-12 01:07:32] - 상품 통계
[2017-06-13 00:11:04] - 입점마켓팅 다음EP 생성
[2017-06-13 00:11:04] - 입점마켓팅 네이버EP 2.0 생성
[2017-06-13 00:11:04] - 입점마켓팅 네이버EP 3.0 생성
[2017-06-13 00:11:04] - 입점마켓팅 리뷰EP 생성
[2017-06-13 01:07:34] - 회원 만료된 적립금 차감
[2017-06-13 01:07:34] - 회원 만료된 포인트 차감
[2017-06-13 01:07:34] - 쇼핑몰 분류 동기화
[2017-06-13 01:07:34] - 택배사 동기화
[2017-06-13 01:07:35] - 자동 주문 취소
[2017-06-13 01:07:35] - 장바구니 비우기
[2017-06-13 01:07:35] - 자동 구매확정
[2017-06-13 01:07:35] - 티켓상품 유효기간 체크 판매중지
[2017-06-13 01:07:35] - 티켓상품 자동 주문상태
[2017-06-13 01:07:35] - 통계데이터 삭제
[2017-06-13 01:07:35] - email log 삭제
[2017-06-13 01:07:35] - captcha 삭제
[2017-06-13 01:07:35] - naverpay 삭제
[2017-06-13 01:07:35] - 임시 필수옵션 및 추가구성옵션 데이터 삭제
[2017-06-13 01:07:35] - 배송지테이블 누락데이터 생성
[2017-06-13 01:07:35] - 회원정보다운로드데이터 삭제
[2017-06-13 01:07:35] - 할인혜택 금액 저장
[2017-06-13 01:07:35] - 굿스플로 배송정보처리
[2017-06-13 01:07:35] - 고객리마인드 쿠폰
[2017-06-13 01:07:35] - 고객리마인드 적립금
[2017-06-13 01:07:35] - 고객리마인드 장바구니
[2017-06-13 01:07:35] - 고객리마인드 회원등급
[2017-06-13 01:07:35] - 고객리마인드 타임세일
[2017-06-13 01:07:35] - 고객리마인드 후기
[2017-06-13 01:07:35] - 고객리마인드 생일
[2017-06-13 01:07:35] - 고객리마인드 기념일
[2017-06-13 01:07:35] - 미입금 시 입금요청내용 문자발송
[2017-06-13 01:07:35] - 집계테이블 생성
[2017-06-13 01:07:35] - 유입경로 통계에 referer_domain 추가
[2017-06-13 01:07:35] - 오래된 파일 삭제
[2017-06-13 01:07:35] - 상품디스플레이 캐시 파일 삭제
[2017-06-13 01:07:35] - 플래시 캐시 파일 삭제
[2017-06-13 01:07:35] - 임시파일 삭제
[2017-06-13 01:07:35] - 사용 용량 업데이트
[2017-06-13 01:07:35] - 관리자 중요행위 알림 캐시파일 생성
[2017-06-13 01:07:36] - 휴면계정 고지 문자발송
[2017-06-13 01:07:39] - 상품 통계
[2017-06-14 00:11:04] - 입점마켓팅 다음EP 생성
[2017-06-14 00:11:04] - 입점마켓팅 네이버EP 2.0 생성
[2017-06-14 00:11:04] - 입점마켓팅 네이버EP 3.0 생성
[2017-06-14 00:11:04] - 입점마켓팅 리뷰EP 생성
[2017-06-14 01:06:53] - 회원 만료된 적립금 차감
[2017-06-14 01:06:53] - 회원 만료된 포인트 차감
[2017-06-14 01:06:53] - 쇼핑몰 분류 동기화
[2017-06-14 01:06:53] - 택배사 동기화
[2017-06-14 01:06:54] - 자동 주문 취소
[2017-06-14 01:06:54] - 장바구니 비우기
[2017-06-14 01:06:54] - 자동 구매확정
[2017-06-14 01:06:54] - 티켓상품 유효기간 체크 판매중지
[2017-06-14 01:06:54] - 티켓상품 자동 주문상태
[2017-06-14 01:06:54] - 통계데이터 삭제
[2017-06-14 01:06:54] - email log 삭제
[2017-06-14 01:06:54] - captcha 삭제
[2017-06-14 01:06:54] - naverpay 삭제
[2017-06-14 01:06:54] - 임시 필수옵션 및 추가구성옵션 데이터 삭제
[2017-06-14 01:06:54] - 배송지테이블 누락데이터 생성
[2017-06-14 01:06:54] - 회원정보다운로드데이터 삭제
[2017-06-14 01:06:54] - 할인혜택 금액 저장
[2017-06-14 01:06:54] - 굿스플로 배송정보처리
[2017-06-14 01:06:54] - 고객리마인드 쿠폰
[2017-06-14 01:06:54] - 고객리마인드 적립금
[2017-06-14 01:06:54] - 고객리마인드 장바구니
[2017-06-14 01:06:54] - 고객리마인드 회원등급
[2017-06-14 01:06:54] - 고객리마인드 타임세일
[2017-06-14 01:06:54] - 고객리마인드 후기
[2017-06-14 01:06:54] - 고객리마인드 생일
[2017-06-14 01:06:54] - 고객리마인드 기념일
[2017-06-14 01:06:54] - 미입금 시 입금요청내용 문자발송
[2017-06-14 01:06:54] - 집계테이블 생성
[2017-06-14 01:06:54] - 유입경로 통계에 referer_domain 추가
[2017-06-14 01:06:54] - 오래된 파일 삭제
[2017-06-14 01:06:54] - 상품디스플레이 캐시 파일 삭제
[2017-06-14 01:06:54] - 플래시 캐시 파일 삭제
[2017-06-14 01:06:54] - 임시파일 삭제
[2017-06-14 01:06:55] - 사용 용량 업데이트
[2017-06-14 01:06:55] - 관리자 중요행위 알림 캐시파일 생성
[2017-06-14 01:06:55] - 휴면계정 고지 문자발송
[2017-06-14 01:06:58] - 상품 통계
[2017-06-15 00:11:05] - 입점마켓팅 다음EP 생성
[2017-06-15 00:11:05] - 입점마켓팅 네이버EP 2.0 생성
[2017-06-15 00:11:05] - 입점마켓팅 네이버EP 3.0 생성
[2017-06-15 00:11:05] - 입점마켓팅 리뷰EP 생성
[2017-06-15 01:07:32] - 회원 만료된 적립금 차감
[2017-06-15 01:07:32] - 회원 만료된 포인트 차감
[2017-06-15 01:07:32] - 쇼핑몰 분류 동기화
[2017-06-15 01:07:32] - 택배사 동기화
[2017-06-15 01:07:32] - 자동 주문 취소
[2017-06-15 01:07:33] - 장바구니 비우기
[2017-06-15 01:07:33] - 자동 구매확정
[2017-06-15 01:07:33] - 티켓상품 유효기간 체크 판매중지
[2017-06-15 01:07:33] - 티켓상품 자동 주문상태
[2017-06-15 01:07:33] - 통계데이터 삭제
[2017-06-15 01:07:33] - email log 삭제
[2017-06-15 01:07:33] - captcha 삭제
[2017-06-15 01:07:33] - naverpay 삭제
[2017-06-15 01:07:33] - 임시 필수옵션 및 추가구성옵션 데이터 삭제
[2017-06-15 01:07:33] - 배송지테이블 누락데이터 생성
[2017-06-15 01:07:33] - 회원정보다운로드데이터 삭제
[2017-06-15 01:07:33] - 할인혜택 금액 저장
[2017-06-15 01:07:33] - 회원 자동 등급
[2017-06-15 01:07:33] - 굿스플로 배송정보처리
[2017-06-15 01:07:33] - 고객리마인드 쿠폰
[2017-06-15 01:07:33] - 고객리마인드 적립금
[2017-06-15 01:07:33] - 고객리마인드 장바구니
[2017-06-15 01:07:33] - 고객리마인드 회원등급
[2017-06-15 01:07:33] - 고객리마인드 타임세일
[2017-06-15 01:07:33] - 고객리마인드 후기
[2017-06-15 01:07:33] - 고객리마인드 생일
[2017-06-15 01:07:33] - 고객리마인드 기념일
[2017-06-15 01:07:33] - 미입금 시 입금요청내용 문자발송
[2017-06-15 01:07:33] - 집계테이블 생성
[2017-06-15 01:07:33] - 유입경로 통계에 referer_domain 추가
[2017-06-15 01:07:33] - 오래된 파일 삭제
[2017-06-15 01:07:33] - 상품디스플레이 캐시 파일 삭제
[2017-06-15 01:07:33] - 플래시 캐시 파일 삭제
[2017-06-15 01:07:33] - 임시파일 삭제
[2017-06-15 01:07:33] - 사용 용량 업데이트
[2017-06-15 01:07:33] - 관리자 중요행위 알림 캐시파일 생성
[2017-06-15 01:07:33] - 휴면계정 고지 문자발송
[2017-06-15 01:07:37] - 상품 통계
[2017-06-16 00:11:06] - 입점마켓팅 다음EP 생성
[2017-06-16 00:11:06] - 입점마켓팅 네이버EP 2.0 생성
[2017-06-16 00:11:06] - 입점마켓팅 네이버EP 3.0 생성
[2017-06-16 00:11:06] - 입점마켓팅 리뷰EP 생성
[2017-06-16 01:07:44] - 회원 만료된 적립금 차감
[2017-06-16 01:07:44] - 회원 만료된 포인트 차감
[2017-06-16 01:07:44] - 쇼핑몰 분류 동기화
[2017-06-16 01:07:44] - 택배사 동기화
[2017-06-16 01:07:45] - 자동 주문 취소
[2017-06-16 01:07:45] - 장바구니 비우기
[2017-06-16 01:07:45] - 자동 구매확정
[2017-06-16 01:07:45] - 티켓상품 유효기간 체크 판매중지
[2017-06-16 01:07:45] - 티켓상품 자동 주문상태
[2017-06-16 01:07:45] - 통계데이터 삭제
[2017-06-16 01:07:45] - email log 삭제
[2017-06-16 01:07:45] - captcha 삭제
[2017-06-16 01:07:45] - naverpay 삭제
[2017-06-16 01:07:45] - 임시 필수옵션 및 추가구성옵션 데이터 삭제
[2017-06-16 01:07:45] - 배송지테이블 누락데이터 생성
[2017-06-16 01:07:45] - 회원정보다운로드데이터 삭제
[2017-06-16 01:07:45] - 할인혜택 금액 저장
[2017-06-16 01:07:45] - 굿스플로 배송정보처리
[2017-06-16 01:07:45] - 고객리마인드 쿠폰
[2017-06-16 01:07:45] - 고객리마인드 적립금
[2017-06-16 01:07:45] - 고객리마인드 장바구니
[2017-06-16 01:07:45] - 고객리마인드 회원등급
[2017-06-16 01:07:45] - 고객리마인드 타임세일
[2017-06-16 01:07:45] - 고객리마인드 후기
[2017-06-16 01:07:45] - 고객리마인드 생일
[2017-06-16 01:07:45] - 고객리마인드 기념일
[2017-06-16 01:07:45] - 미입금 시 입금요청내용 문자발송
[2017-06-16 01:07:45] - 집계테이블 생성
[2017-06-16 01:07:45] - 유입경로 통계에 referer_domain 추가
[2017-06-16 01:07:45] - 오래된 파일 삭제
[2017-06-16 01:07:45] - 상품디스플레이 캐시 파일 삭제
[2017-06-16 01:07:45] - 플래시 캐시 파일 삭제
[2017-06-16 01:07:45] - 임시파일 삭제
[2017-06-16 01:07:45] - 사용 용량 업데이트
[2017-06-16 01:07:45] - 관리자 중요행위 알림 캐시파일 생성
[2017-06-16 01:07:46] - 휴면계정 고지 문자발송
[2017-06-16 01:07:49] - 상품 통계
[2017-06-17 00:11:04] - 입점마켓팅 다음EP 생성
[2017-06-17 00:11:04] - 입점마켓팅 네이버EP 2.0 생성
[2017-06-17 00:11:04] - 입점마켓팅 네이버EP 3.0 생성
[2017-06-17 00:11:04] - 입점마켓팅 리뷰EP 생성
[2017-06-17 01:07:43] - 회원 만료된 적립금 차감
[2017-06-17 01:07:43] - 회원 만료된 포인트 차감
[2017-06-17 01:07:43] - 쇼핑몰 분류 동기화
[2017-06-17 01:07:43] - 택배사 동기화
[2017-06-17 01:07:43] - 자동 주문 취소
[2017-06-17 01:07:43] - 장바구니 비우기
[2017-06-17 01:07:43] - 자동 구매확정
[2017-06-17 01:07:43] - 티켓상품 유효기간 체크 판매중지
[2017-06-17 01:07:43] - 티켓상품 자동 주문상태
[2017-06-17 01:07:43] - 통계데이터 삭제
[2017-06-17 01:07:43] - email log 삭제
[2017-06-17 01:07:43] - captcha 삭제
[2017-06-17 01:07:43] - naverpay 삭제
[2017-06-17 01:07:43] - 임시 필수옵션 및 추가구성옵션 데이터 삭제
[2017-06-17 01:07:43] - 배송지테이블 누락데이터 생성
[2017-06-17 01:07:43] - 회원정보다운로드데이터 삭제
[2017-06-17 01:07:43] - 할인혜택 금액 저장
[2017-06-17 01:07:43] - 굿스플로 배송정보처리
[2017-06-17 01:07:43] - 고객리마인드 쿠폰
[2017-06-17 01:07:43] - 고객리마인드 적립금
[2017-06-17 01:07:43] - 고객리마인드 장바구니
[2017-06-17 01:07:43] - 고객리마인드 회원등급
[2017-06-17 01:07:43] - 고객리마인드 타임세일
[2017-06-17 01:07:43] - 고객리마인드 후기
[2017-06-17 01:07:43] - 고객리마인드 생일
[2017-06-17 01:07:43] - 고객리마인드 기념일
[2017-06-17 01:07:43] - 미입금 시 입금요청내용 문자발송
[2017-06-17 01:07:43] - 집계테이블 생성
[2017-06-17 01:07:43] - 유입경로 통계에 referer_domain 추가
[2017-06-17 01:07:43] - 오래된 파일 삭제
[2017-06-17 01:07:43] - 상품디스플레이 캐시 파일 삭제
[2017-06-17 01:07:43] - 플래시 캐시 파일 삭제
[2017-06-17 01:07:43] - 임시파일 삭제
[2017-06-17 01:07:44] - 사용 용량 업데이트
[2017-06-17 01:07:44] - 관리자 중요행위 알림 캐시파일 생성
[2017-06-17 01:07:44] - 휴면계정 고지 문자발송
[2017-06-17 01:07:48] - 상품 통계
[2017-06-18 00:11:05] - 입점마켓팅 다음EP 생성
[2017-06-18 00:11:05] - 입점마켓팅 네이버EP 2.0 생성
[2017-06-18 00:11:05] - 입점마켓팅 네이버EP 3.0 생성
[2017-06-18 00:11:05] - 입점마켓팅 리뷰EP 생성
[2017-06-18 01:07:09] - 회원 만료된 적립금 차감
[2017-06-18 01:07:09] - 회원 만료된 포인트 차감
[2017-06-18 01:07:09] - 쇼핑몰 분류 동기화
[2017-06-18 01:07:09] - 택배사 동기화
[2017-06-18 01:07:09] - 자동 주문 취소
[2017-06-18 01:07:09] - 장바구니 비우기
[2017-06-18 01:07:09] - 자동 구매확정
[2017-06-18 01:07:09] - 티켓상품 유효기간 체크 판매중지
[2017-06-18 01:07:09] - 티켓상품 자동 주문상태
[2017-06-18 01:07:09] - 통계데이터 삭제
[2017-06-18 01:07:09] - email log 삭제
[2017-06-18 01:07:09] - captcha 삭제
[2017-06-18 01:07:09] - naverpay 삭제
[2017-06-18 01:07:09] - 임시 필수옵션 및 추가구성옵션 데이터 삭제
[2017-06-18 01:07:09] - 배송지테이블 누락데이터 생성
[2017-06-18 01:07:09] - 회원정보다운로드데이터 삭제
[2017-06-18 01:07:09] - 할인혜택 금액 저장
[2017-06-18 01:07:09] - 굿스플로 배송정보처리
[2017-06-18 01:07:09] - 고객리마인드 쿠폰
[2017-06-18 01:07:09] - 고객리마인드 적립금
[2017-06-18 01:07:09] - 고객리마인드 장바구니
[2017-06-18 01:07:09] - 고객리마인드 회원등급
[2017-06-18 01:07:09] - 고객리마인드 타임세일
[2017-06-18 01:07:09] - 고객리마인드 후기
[2017-06-18 01:07:09] - 고객리마인드 생일
[2017-06-18 01:07:09] - 고객리마인드 기념일
[2017-06-18 01:07:09] - 미입금 시 입금요청내용 문자발송
[2017-06-18 01:07:10] - 집계테이블 생성
[2017-06-18 01:07:10] - 유입경로 통계에 referer_domain 추가
[2017-06-18 01:07:10] - 오래된 파일 삭제
[2017-06-18 01:07:10] - 상품디스플레이 캐시 파일 삭제
[2017-06-18 01:07:10] - 플래시 캐시 파일 삭제
[2017-06-18 01:07:10] - 임시파일 삭제
[2017-06-18 01:07:10] - 사용 용량 업데이트
[2017-06-18 01:07:10] - 관리자 중요행위 알림 캐시파일 생성
[2017-06-18 01:07:10] - 휴면계정 고지 문자발송
[2017-06-18 01:07:12] - 상품 통계
[2017-06-19 00:11:04] - 입점마켓팅 다음EP 생성
[2017-06-19 00:11:04] - 입점마켓팅 네이버EP 2.0 생성
[2017-06-19 00:11:04] - 입점마켓팅 네이버EP 3.0 생성
[2017-06-19 00:11:04] - 입점마켓팅 리뷰EP 생성
[2017-06-19 01:06:48] - 회원 만료된 적립금 차감
[2017-06-19 01:06:48] - 회원 만료된 포인트 차감
[2017-06-19 01:06:48] - 쇼핑몰 분류 동기화
[2017-06-19 01:06:48] - 택배사 동기화
[2017-06-19 01:06:48] - 자동 주문 취소
[2017-06-19 01:06:48] - 장바구니 비우기
[2017-06-19 01:06:48] - 자동 구매확정
[2017-06-19 01:06:48] - 티켓상품 유효기간 체크 판매중지
[2017-06-19 01:06:48] - 티켓상품 자동 주문상태
[2017-06-19 01:06:48] - 통계데이터 삭제
[2017-06-19 01:06:48] - email log 삭제
[2017-06-19 01:06:48] - captcha 삭제
[2017-06-19 01:06:48] - naverpay 삭제
[2017-06-19 01:06:48] - 임시 필수옵션 및 추가구성옵션 데이터 삭제
[2017-06-19 01:06:48] - 배송지테이블 누락데이터 생성
[2017-06-19 01:06:48] - 회원정보다운로드데이터 삭제
[2017-06-19 01:06:48] - 할인혜택 금액 저장
[2017-06-19 01:06:48] - 굿스플로 배송정보처리
[2017-06-19 01:06:48] - 고객리마인드 쿠폰
[2017-06-19 01:06:48] - 고객리마인드 적립금
[2017-06-19 01:06:48] - 고객리마인드 장바구니
[2017-06-19 01:06:48] - 고객리마인드 회원등급
[2017-06-19 01:06:48] - 고객리마인드 타임세일
[2017-06-19 01:06:48] - 고객리마인드 후기
[2017-06-19 01:06:48] - 고객리마인드 생일
[2017-06-19 01:06:48] - 고객리마인드 기념일
[2017-06-19 01:06:48] - 미입금 시 입금요청내용 문자발송
[2017-06-19 01:06:48] - 집계테이블 생성
[2017-06-19 01:06:48] - 유입경로 통계에 referer_domain 추가
[2017-06-19 01:06:48] - 오래된 파일 삭제
[2017-06-19 01:06:49] - 상품디스플레이 캐시 파일 삭제
[2017-06-19 01:06:49] - 플래시 캐시 파일 삭제
[2017-06-19 01:06:49] - 임시파일 삭제
[2017-06-19 01:06:49] - 사용 용량 업데이트
[2017-06-19 01:06:49] - 관리자 중요행위 알림 캐시파일 생성
[2017-06-19 01:06:49] - 휴면계정 고지 문자발송
[2017-06-19 01:06:52] - 상품 통계
[2017-06-20 00:11:05] - 입점마켓팅 다음EP 생성
[2017-06-20 00:11:05] - 입점마켓팅 네이버EP 2.0 생성
[2017-06-20 00:11:05] - 입점마켓팅 네이버EP 3.0 생성
[2017-06-20 00:11:05] - 입점마켓팅 리뷰EP 생성
[2017-06-20 01:07:13] - 회원 만료된 적립금 차감
[2017-06-20 01:07:13] - 회원 만료된 포인트 차감
[2017-06-20 01:07:13] - 쇼핑몰 분류 동기화
[2017-06-20 01:07:13] - 택배사 동기화
[2017-06-20 01:07:13] - 자동 주문 취소
[2017-06-20 01:07:13] - 장바구니 비우기
[2017-06-20 01:07:13] - 자동 구매확정
[2017-06-20 01:07:13] - 티켓상품 유효기간 체크 판매중지
[2017-06-20 01:07:13] - 티켓상품 자동 주문상태
[2017-06-20 01:07:13] - 통계데이터 삭제
[2017-06-20 01:07:13] - email log 삭제
[2017-06-20 01:07:14] - captcha 삭제
[2017-06-20 01:07:14] - naverpay 삭제
[2017-06-20 01:07:14] - 임시 필수옵션 및 추가구성옵션 데이터 삭제
[2017-06-20 01:07:14] - 배송지테이블 누락데이터 생성
[2017-06-20 01:07:14] - 회원정보다운로드데이터 삭제
[2017-06-20 01:07:14] - 할인혜택 금액 저장
[2017-06-20 01:07:14] - 굿스플로 배송정보처리
[2017-06-20 01:07:14] - 고객리마인드 쿠폰
[2017-06-20 01:07:14] - 고객리마인드 적립금
[2017-06-20 01:07:14] - 고객리마인드 장바구니
[2017-06-20 01:07:14] - 고객리마인드 회원등급
[2017-06-20 01:07:14] - 고객리마인드 타임세일
[2017-06-20 01:07:14] - 고객리마인드 후기
[2017-06-20 01:07:14] - 고객리마인드 생일
[2017-06-20 01:07:14] - 고객리마인드 기념일
[2017-06-20 01:07:14] - 미입금 시 입금요청내용 문자발송
[2017-06-20 01:07:14] - 집계테이블 생성
[2017-06-20 01:07:14] - 유입경로 통계에 referer_domain 추가
[2017-06-20 01:07:14] - 오래된 파일 삭제
[2017-06-20 01:07:14] - 상품디스플레이 캐시 파일 삭제
[2017-06-20 01:07:14] - 플래시 캐시 파일 삭제
[2017-06-20 01:07:14] - 임시파일 삭제
[2017-06-20 01:07:14] - 사용 용량 업데이트
[2017-06-20 01:07:14] - 관리자 중요행위 알림 캐시파일 생성
[2017-06-20 01:07:14] - 휴면계정 고지 문자발송
[2017-06-20 01:07:17] - 상품 통계
[2017-06-21 00:11:03] - 입점마켓팅 다음EP 생성
[2017-06-21 00:11:03] - 입점마켓팅 네이버EP 2.0 생성
[2017-06-21 00:11:03] - 입점마켓팅 네이버EP 3.0 생성
[2017-06-21 00:11:03] - 입점마켓팅 리뷰EP 생성
[2017-06-21 01:07:16] - 회원 만료된 적립금 차감
[2017-06-21 01:07:16] - 회원 만료된 포인트 차감
[2017-06-21 01:07:16] - 쇼핑몰 분류 동기화
[2017-06-21 01:07:16] - 택배사 동기화
[2017-06-21 01:07:16] - 자동 주문 취소
[2017-06-21 01:07:16] - 장바구니 비우기
[2017-06-21 01:07:16] - 자동 구매확정
[2017-06-21 01:07:16] - 티켓상품 유효기간 체크 판매중지
[2017-06-21 01:07:16] - 티켓상품 자동 주문상태
[2017-06-21 01:07:16] - 통계데이터 삭제
[2017-06-21 01:07:16] - email log 삭제
[2017-06-21 01:07:16] - captcha 삭제
[2017-06-21 01:07:16] - naverpay 삭제
[2017-06-21 01:07:16] - 임시 필수옵션 및 추가구성옵션 데이터 삭제
[2017-06-21 01:07:16] - 배송지테이블 누락데이터 생성
[2017-06-21 01:07:16] - 회원정보다운로드데이터 삭제
[2017-06-21 01:07:16] - 할인혜택 금액 저장
[2017-06-21 01:07:16] - 굿스플로 배송정보처리
[2017-06-21 01:07:16] - 고객리마인드 쿠폰
[2017-06-21 01:07:16] - 고객리마인드 적립금
[2017-06-21 01:07:16] - 고객리마인드 장바구니
[2017-06-21 01:07:16] - 고객리마인드 회원등급
[2017-06-21 01:07:16] - 고객리마인드 타임세일
[2017-06-21 01:07:16] - 고객리마인드 후기
[2017-06-21 01:07:16] - 고객리마인드 생일
[2017-06-21 01:07:16] - 고객리마인드 기념일
[2017-06-21 01:07:16] - 미입금 시 입금요청내용 문자발송
[2017-06-21 01:07:16] - 집계테이블 생성
[2017-06-21 01:07:16] - 유입경로 통계에 referer_domain 추가
[2017-06-21 01:07:17] - 오래된 파일 삭제
[2017-06-21 01:07:17] - 상품디스플레이 캐시 파일 삭제
[2017-06-21 01:07:17] - 플래시 캐시 파일 삭제
[2017-06-21 01:07:17] - 임시파일 삭제
[2017-06-21 01:07:17] - 사용 용량 업데이트
[2017-06-21 01:07:17] - 관리자 중요행위 알림 캐시파일 생성
[2017-06-21 01:07:17] - 휴면계정 고지 문자발송
[2017-06-21 01:07:20] - 상품 통계
[2017-06-22 00:11:03] - 입점마켓팅 다음EP 생성
[2017-06-22 00:11:03] - 입점마켓팅 네이버EP 2.0 생성
[2017-06-22 00:11:03] - 입점마켓팅 네이버EP 3.0 생성
[2017-06-22 00:11:03] - 입점마켓팅 리뷰EP 생성
[2017-06-22 01:06:53] - 회원 만료된 적립금 차감
[2017-06-22 01:06:53] - 회원 만료된 포인트 차감
[2017-06-22 01:06:53] - 쇼핑몰 분류 동기화
[2017-06-22 01:06:53] - 택배사 동기화
[2017-06-22 01:06:53] - 자동 주문 취소
[2017-06-22 01:06:53] - 장바구니 비우기
[2017-06-22 01:06:53] - 자동 구매확정
[2017-06-22 01:06:53] - 티켓상품 유효기간 체크 판매중지
[2017-06-22 01:06:53] - 티켓상품 자동 주문상태
[2017-06-22 01:06:53] - 통계데이터 삭제
[2017-06-22 01:06:53] - email log 삭제
[2017-06-22 01:06:53] - captcha 삭제
[2017-06-22 01:06:53] - naverpay 삭제
[2017-06-22 01:06:53] - 임시 필수옵션 및 추가구성옵션 데이터 삭제
[2017-06-22 01:06:53] - 배송지테이블 누락데이터 생성
[2017-06-22 01:06:53] - 회원정보다운로드데이터 삭제
[2017-06-22 01:06:53] - 할인혜택 금액 저장
[2017-06-22 01:06:53] - 굿스플로 배송정보처리
[2017-06-22 01:06:53] - 고객리마인드 쿠폰
[2017-06-22 01:06:53] - 고객리마인드 적립금
[2017-06-22 01:06:53] - 고객리마인드 장바구니
[2017-06-22 01:06:53] - 고객리마인드 회원등급
[2017-06-22 01:06:53] - 고객리마인드 타임세일
[2017-06-22 01:06:53] - 고객리마인드 후기
[2017-06-22 01:06:53] - 고객리마인드 생일
[2017-06-22 01:06:53] - 고객리마인드 기념일
[2017-06-22 01:06:53] - 미입금 시 입금요청내용 문자발송
[2017-06-22 01:06:54] - 집계테이블 생성
[2017-06-22 01:06:54] - 유입경로 통계에 referer_domain 추가
[2017-06-22 01:06:54] - 오래된 파일 삭제
[2017-06-22 01:06:54] - 상품디스플레이 캐시 파일 삭제
[2017-06-22 01:06:54] - 플래시 캐시 파일 삭제
[2017-06-22 01:06:54] - 임시파일 삭제
[2017-06-22 01:06:54] - 사용 용량 업데이트
[2017-06-22 01:06:54] - 관리자 중요행위 알림 캐시파일 생성
[2017-06-22 01:06:54] - 휴면계정 고지 문자발송
[2017-06-22 01:06:57] - 상품 통계
[2017-06-23 00:11:04] - 입점마켓팅 다음EP 생성
[2017-06-23 00:11:04] - 입점마켓팅 네이버EP 2.0 생성
[2017-06-23 00:11:04] - 입점마켓팅 네이버EP 3.0 생성
[2017-06-23 00:11:04] - 입점마켓팅 리뷰EP 생성
[2017-06-23 01:07:32] - 회원 만료된 적립금 차감
[2017-06-23 01:07:32] - 회원 만료된 포인트 차감
[2017-06-23 01:07:32] - 쇼핑몰 분류 동기화
[2017-06-23 01:07:32] - 택배사 동기화
[2017-06-23 01:07:32] - 자동 주문 취소
[2017-06-23 01:07:32] - 장바구니 비우기
[2017-06-23 01:07:32] - 자동 구매확정
[2017-06-23 01:07:32] - 티켓상품 유효기간 체크 판매중지
[2017-06-23 01:07:32] - 티켓상품 자동 주문상태
[2017-06-23 01:07:33] - 통계데이터 삭제
[2017-06-23 01:07:33] - email log 삭제
[2017-06-23 01:07:33] - captcha 삭제
[2017-06-23 01:07:33] - naverpay 삭제
[2017-06-23 01:07:33] - 임시 필수옵션 및 추가구성옵션 데이터 삭제
[2017-06-23 01:07:33] - 배송지테이블 누락데이터 생성
[2017-06-23 01:07:33] - 회원정보다운로드데이터 삭제
[2017-06-23 01:07:33] - 할인혜택 금액 저장
[2017-06-23 01:07:33] - 굿스플로 배송정보처리
[2017-06-23 01:07:33] - 고객리마인드 쿠폰
[2017-06-23 01:07:33] - 고객리마인드 적립금
[2017-06-23 01:07:33] - 고객리마인드 장바구니
[2017-06-23 01:07:33] - 고객리마인드 회원등급
[2017-06-23 01:07:33] - 고객리마인드 타임세일
[2017-06-23 01:07:33] - 고객리마인드 후기
[2017-06-23 01:07:33] - 고객리마인드 생일
[2017-06-23 01:07:33] - 고객리마인드 기념일
[2017-06-23 01:07:33] - 미입금 시 입금요청내용 문자발송
[2017-06-23 01:07:33] - 집계테이블 생성
[2017-06-23 01:07:33] - 유입경로 통계에 referer_domain 추가
[2017-06-23 01:07:33] - 오래된 파일 삭제
[2017-06-23 01:07:33] - 상품디스플레이 캐시 파일 삭제
[2017-06-23 01:07:33] - 플래시 캐시 파일 삭제
[2017-06-23 01:07:33] - 임시파일 삭제
[2017-06-23 01:07:33] - 사용 용량 업데이트
[2017-06-23 01:07:33] - 관리자 중요행위 알림 캐시파일 생성
[2017-06-23 01:07:33] - 휴면계정 고지 문자발송
[2017-06-23 01:07:37] - 상품 통계
