[2017-04-01 01:06:26] - 2017-03-31 - daily_order start
[2017-04-01 01:06:26] - 2017-03-31 - daily_order success
[2017-04-01 01:06:26] - 2017-03-31 - daily_fblike start
[2017-04-01 01:06:26] - 2017-03-31 - daily_fblike success
[2017-04-01 01:06:26] - 2017-03-31 - daily_review start
[2017-04-01 01:06:26] - 2017-03-31 - daily_review success
[2017-04-01 01:06:26] - 2017-03-31 - daily_restock_notify start
[2017-04-01 01:06:26] - 2017-03-31 - daily_restock_notify success
[2017-04-01 01:06:26] - 2017-03-31 - daily_wish start
[2017-04-01 01:06:26] - 2017-03-31 - daily_wish success
[2017-04-01 01:06:26] - 2017-03-31 - daily_cart start
[2017-04-01 01:06:26] - 2017-03-31 - daily_cart success
[2017-04-01 01:06:26] - 2017-03-31 - daily_view start
[2017-04-01 01:06:26] - 2017-03-31 - daily_view success
[2017-04-01 01:06:26] - 2017-03-31 - case1 start
[2017-04-01 01:06:26] - 2017-03-31 - case1 success
[2017-04-01 01:06:26] - 2017-03-31 - case2 start
[2017-04-01 01:06:29] - 2017-03-31 - case2 success
[2017-04-01 01:06:29] - 2017-03-31 - delete start
[2017-04-01 01:06:29] - 2017-03-31 - fm_daily_stats_fblike_vw start
[2017-04-01 01:06:29] - 2017-03-31 - fm_daily_stats_fblike_vw success
[2017-04-01 01:06:29] - 2017-03-31 - fm_daily_stats_review_vw start
[2017-04-01 01:06:29] - 2017-03-31 - fm_daily_stats_review_vw success
[2017-04-01 01:06:29] - 2017-03-31 - fm_daily_stats_restock_notify_vw start
[2017-04-01 01:06:29] - 2017-03-31 - fm_daily_stats_restock_notify_vw success
[2017-04-01 01:06:29] - 2017-03-31 - fm_daily_stats_wish_vw start
[2017-04-01 01:06:29] - 2017-03-31 - fm_daily_stats_wish_vw success
[2017-04-01 01:06:29] - 2017-03-31 - fm_daily_stats_cart_vw start
[2017-04-01 01:06:29] - 2017-03-31 - fm_daily_stats_cart_vw success
[2017-04-01 01:06:29] - 2017-03-31 - fm_daily_stats_order_vw start
[2017-04-01 01:06:29] - 2017-03-31 - fm_daily_stats_order_vw success
[2017-04-01 01:06:29] - 2017-03-31 - fm_daily_stats_view_vw start
[2017-04-01 01:06:29] - 2017-03-31 - fm_daily_stats_view_vw success
[2017-04-01 01:06:29] - 2017-03-31 - delete success
[2017-04-02 01:05:35] - 2017-04-01 - daily_order start
[2017-04-02 01:05:35] - 2017-04-01 - daily_order success
[2017-04-02 01:05:35] - 2017-04-01 - daily_fblike start
[2017-04-02 01:05:35] - 2017-04-01 - daily_fblike success
[2017-04-02 01:05:35] - 2017-04-01 - daily_review start
[2017-04-02 01:05:35] - 2017-04-01 - daily_review success
[2017-04-02 01:05:35] - 2017-04-01 - daily_restock_notify start
[2017-04-02 01:05:35] - 2017-04-01 - daily_restock_notify success
[2017-04-02 01:05:35] - 2017-04-01 - daily_wish start
[2017-04-02 01:05:35] - 2017-04-01 - daily_wish success
[2017-04-02 01:05:35] - 2017-04-01 - daily_cart start
[2017-04-02 01:05:35] - 2017-04-01 - daily_cart success
[2017-04-02 01:05:35] - 2017-04-01 - daily_view start
[2017-04-02 01:05:35] - 2017-04-01 - daily_view success
[2017-04-02 01:05:35] - 2017-04-01 - case1 start
[2017-04-02 01:05:35] - 2017-04-01 - case1 success
[2017-04-02 01:05:35] - 2017-04-01 - case2 start
[2017-04-02 01:05:38] - 2017-04-01 - case2 success
[2017-04-02 01:05:38] - 2017-04-01 - delete start
[2017-04-02 01:05:38] - 2017-04-01 - fm_daily_stats_fblike_vw start
[2017-04-02 01:05:38] - 2017-04-01 - fm_daily_stats_fblike_vw success
[2017-04-02 01:05:38] - 2017-04-01 - fm_daily_stats_review_vw start
[2017-04-02 01:05:38] - 2017-04-01 - fm_daily_stats_review_vw success
[2017-04-02 01:05:38] - 2017-04-01 - fm_daily_stats_restock_notify_vw start
[2017-04-02 01:05:38] - 2017-04-01 - fm_daily_stats_restock_notify_vw success
[2017-04-02 01:05:38] - 2017-04-01 - fm_daily_stats_wish_vw start
[2017-04-02 01:05:38] - 2017-04-01 - fm_daily_stats_wish_vw success
[2017-04-02 01:05:38] - 2017-04-01 - fm_daily_stats_cart_vw start
[2017-04-02 01:05:38] - 2017-04-01 - fm_daily_stats_cart_vw success
[2017-04-02 01:05:38] - 2017-04-01 - fm_daily_stats_order_vw start
[2017-04-02 01:05:38] - 2017-04-01 - fm_daily_stats_order_vw success
[2017-04-02 01:05:38] - 2017-04-01 - fm_daily_stats_view_vw start
[2017-04-02 01:05:38] - 2017-04-01 - fm_daily_stats_view_vw success
[2017-04-02 01:05:38] - 2017-04-01 - delete success
[2017-04-03 01:05:49] - 2017-04-02 - daily_order start
[2017-04-03 01:05:49] - 2017-04-02 - daily_order success
[2017-04-03 01:05:49] - 2017-04-02 - daily_fblike start
[2017-04-03 01:05:49] - 2017-04-02 - daily_fblike success
[2017-04-03 01:05:49] - 2017-04-02 - daily_review start
[2017-04-03 01:05:49] - 2017-04-02 - daily_review success
[2017-04-03 01:05:49] - 2017-04-02 - daily_restock_notify start
[2017-04-03 01:05:49] - 2017-04-02 - daily_restock_notify success
[2017-04-03 01:05:49] - 2017-04-02 - daily_wish start
[2017-04-03 01:05:49] - 2017-04-02 - daily_wish success
[2017-04-03 01:05:49] - 2017-04-02 - daily_cart start
[2017-04-03 01:05:50] - 2017-04-02 - daily_cart success
[2017-04-03 01:05:50] - 2017-04-02 - daily_view start
[2017-04-03 01:05:50] - 2017-04-02 - daily_view success
[2017-04-03 01:05:50] - 2017-04-02 - case1 start
[2017-04-03 01:05:50] - 2017-04-02 - case1 success
[2017-04-03 01:05:50] - 2017-04-02 - case2 start
[2017-04-03 01:05:53] - 2017-04-02 - case2 success
[2017-04-03 01:05:53] - 2017-04-02 - delete start
[2017-04-03 01:05:53] - 2017-04-02 - fm_daily_stats_fblike_vw start
[2017-04-03 01:05:53] - 2017-04-02 - fm_daily_stats_fblike_vw success
[2017-04-03 01:05:53] - 2017-04-02 - fm_daily_stats_review_vw start
[2017-04-03 01:05:53] - 2017-04-02 - fm_daily_stats_review_vw success
[2017-04-03 01:05:53] - 2017-04-02 - fm_daily_stats_restock_notify_vw start
[2017-04-03 01:05:53] - 2017-04-02 - fm_daily_stats_restock_notify_vw success
[2017-04-03 01:05:53] - 2017-04-02 - fm_daily_stats_wish_vw start
[2017-04-03 01:05:53] - 2017-04-02 - fm_daily_stats_wish_vw success
[2017-04-03 01:05:53] - 2017-04-02 - fm_daily_stats_cart_vw start
[2017-04-03 01:05:53] - 2017-04-02 - fm_daily_stats_cart_vw success
[2017-04-03 01:05:53] - 2017-04-02 - fm_daily_stats_order_vw start
[2017-04-03 01:05:53] - 2017-04-02 - fm_daily_stats_order_vw success
[2017-04-03 01:05:53] - 2017-04-02 - fm_daily_stats_view_vw start
[2017-04-03 01:05:53] - 2017-04-02 - fm_daily_stats_view_vw success
[2017-04-03 01:05:53] - 2017-04-02 - delete success
[2017-04-04 01:05:47] - 2017-04-03 - daily_order start
[2017-04-04 01:05:47] - 2017-04-03 - daily_order success
[2017-04-04 01:05:47] - 2017-04-03 - daily_fblike start
[2017-04-04 01:05:47] - 2017-04-03 - daily_fblike success
[2017-04-04 01:05:47] - 2017-04-03 - daily_review start
[2017-04-04 01:05:47] - 2017-04-03 - daily_review success
[2017-04-04 01:05:47] - 2017-04-03 - daily_restock_notify start
[2017-04-04 01:05:47] - 2017-04-03 - daily_restock_notify success
[2017-04-04 01:05:47] - 2017-04-03 - daily_wish start
[2017-04-04 01:05:47] - 2017-04-03 - daily_wish success
[2017-04-04 01:05:47] - 2017-04-03 - daily_cart start
[2017-04-04 01:05:47] - 2017-04-03 - daily_cart success
[2017-04-04 01:05:47] - 2017-04-03 - daily_view start
[2017-04-04 01:05:47] - 2017-04-03 - daily_view success
[2017-04-04 01:05:47] - 2017-04-03 - case1 start
[2017-04-04 01:05:47] - 2017-04-03 - case1 success
[2017-04-04 01:05:47] - 2017-04-03 - case2 start
[2017-04-04 01:05:50] - 2017-04-03 - case2 success
[2017-04-04 01:05:50] - 2017-04-03 - delete start
[2017-04-04 01:05:50] - 2017-04-03 - fm_daily_stats_fblike_vw start
[2017-04-04 01:05:50] - 2017-04-03 - fm_daily_stats_fblike_vw success
[2017-04-04 01:05:50] - 2017-04-03 - fm_daily_stats_review_vw start
[2017-04-04 01:05:50] - 2017-04-03 - fm_daily_stats_review_vw success
[2017-04-04 01:05:50] - 2017-04-03 - fm_daily_stats_restock_notify_vw start
[2017-04-04 01:05:50] - 2017-04-03 - fm_daily_stats_restock_notify_vw success
[2017-04-04 01:05:50] - 2017-04-03 - fm_daily_stats_wish_vw start
[2017-04-04 01:05:50] - 2017-04-03 - fm_daily_stats_wish_vw success
[2017-04-04 01:05:50] - 2017-04-03 - fm_daily_stats_cart_vw start
[2017-04-04 01:05:50] - 2017-04-03 - fm_daily_stats_cart_vw success
[2017-04-04 01:05:50] - 2017-04-03 - fm_daily_stats_order_vw start
[2017-04-04 01:05:50] - 2017-04-03 - fm_daily_stats_order_vw success
[2017-04-04 01:05:50] - 2017-04-03 - fm_daily_stats_view_vw start
[2017-04-04 01:05:50] - 2017-04-03 - fm_daily_stats_view_vw success
[2017-04-04 01:05:50] - 2017-04-03 - delete success
[2017-04-05 01:05:53] - 2017-04-04 - daily_order start
[2017-04-05 01:05:53] - 2017-04-04 - daily_order success
[2017-04-05 01:05:53] - 2017-04-04 - daily_fblike start
[2017-04-05 01:05:53] - 2017-04-04 - daily_fblike success
[2017-04-05 01:05:53] - 2017-04-04 - daily_review start
[2017-04-05 01:05:53] - 2017-04-04 - daily_review success
[2017-04-05 01:05:53] - 2017-04-04 - daily_restock_notify start
[2017-04-05 01:05:53] - 2017-04-04 - daily_restock_notify success
[2017-04-05 01:05:53] - 2017-04-04 - daily_wish start
[2017-04-05 01:05:53] - 2017-04-04 - daily_wish success
[2017-04-05 01:05:53] - 2017-04-04 - daily_cart start
[2017-04-05 01:05:53] - 2017-04-04 - daily_cart success
[2017-04-05 01:05:53] - 2017-04-04 - daily_view start
[2017-04-05 01:05:53] - 2017-04-04 - daily_view success
[2017-04-05 01:05:53] - 2017-04-04 - case1 start
[2017-04-05 01:05:53] - 2017-04-04 - case1 success
[2017-04-05 01:05:53] - 2017-04-04 - case2 start
[2017-04-05 01:05:56] - 2017-04-04 - case2 success
[2017-04-05 01:05:56] - 2017-04-04 - delete start
[2017-04-05 01:05:56] - 2017-04-04 - fm_daily_stats_fblike_vw start
[2017-04-05 01:05:56] - 2017-04-04 - fm_daily_stats_fblike_vw success
[2017-04-05 01:05:56] - 2017-04-04 - fm_daily_stats_review_vw start
[2017-04-05 01:05:56] - 2017-04-04 - fm_daily_stats_review_vw success
[2017-04-05 01:05:56] - 2017-04-04 - fm_daily_stats_restock_notify_vw start
[2017-04-05 01:05:56] - 2017-04-04 - fm_daily_stats_restock_notify_vw success
[2017-04-05 01:05:56] - 2017-04-04 - fm_daily_stats_wish_vw start
[2017-04-05 01:05:56] - 2017-04-04 - fm_daily_stats_wish_vw success
[2017-04-05 01:05:56] - 2017-04-04 - fm_daily_stats_cart_vw start
[2017-04-05 01:05:56] - 2017-04-04 - fm_daily_stats_cart_vw success
[2017-04-05 01:05:56] - 2017-04-04 - fm_daily_stats_order_vw start
[2017-04-05 01:05:56] - 2017-04-04 - fm_daily_stats_order_vw success
[2017-04-05 01:05:56] - 2017-04-04 - fm_daily_stats_view_vw start
[2017-04-05 01:05:56] - 2017-04-04 - fm_daily_stats_view_vw success
[2017-04-05 01:05:56] - 2017-04-04 - delete success
[2017-04-06 01:05:43] - 2017-04-05 - daily_order start
[2017-04-06 01:05:43] - 2017-04-05 - daily_order success
[2017-04-06 01:05:43] - 2017-04-05 - daily_fblike start
[2017-04-06 01:05:43] - 2017-04-05 - daily_fblike success
[2017-04-06 01:05:43] - 2017-04-05 - daily_review start
[2017-04-06 01:05:43] - 2017-04-05 - daily_review success
[2017-04-06 01:05:43] - 2017-04-05 - daily_restock_notify start
[2017-04-06 01:05:43] - 2017-04-05 - daily_restock_notify success
[2017-04-06 01:05:43] - 2017-04-05 - daily_wish start
[2017-04-06 01:05:43] - 2017-04-05 - daily_wish success
[2017-04-06 01:05:43] - 2017-04-05 - daily_cart start
[2017-04-06 01:05:43] - 2017-04-05 - daily_cart success
[2017-04-06 01:05:43] - 2017-04-05 - daily_view start
[2017-04-06 01:05:43] - 2017-04-05 - daily_view success
[2017-04-06 01:05:43] - 2017-04-05 - case1 start
[2017-04-06 01:05:43] - 2017-04-05 - case1 success
[2017-04-06 01:05:43] - 2017-04-05 - case2 start
[2017-04-06 01:05:46] - 2017-04-05 - case2 success
[2017-04-06 01:05:46] - 2017-04-05 - delete start
[2017-04-06 01:05:46] - 2017-04-05 - fm_daily_stats_fblike_vw start
[2017-04-06 01:05:46] - 2017-04-05 - fm_daily_stats_fblike_vw success
[2017-04-06 01:05:46] - 2017-04-05 - fm_daily_stats_review_vw start
[2017-04-06 01:05:46] - 2017-04-05 - fm_daily_stats_review_vw success
[2017-04-06 01:05:46] - 2017-04-05 - fm_daily_stats_restock_notify_vw start
[2017-04-06 01:05:46] - 2017-04-05 - fm_daily_stats_restock_notify_vw success
[2017-04-06 01:05:46] - 2017-04-05 - fm_daily_stats_wish_vw start
[2017-04-06 01:05:46] - 2017-04-05 - fm_daily_stats_wish_vw success
[2017-04-06 01:05:46] - 2017-04-05 - fm_daily_stats_cart_vw start
[2017-04-06 01:05:46] - 2017-04-05 - fm_daily_stats_cart_vw success
[2017-04-06 01:05:46] - 2017-04-05 - fm_daily_stats_order_vw start
[2017-04-06 01:05:46] - 2017-04-05 - fm_daily_stats_order_vw success
[2017-04-06 01:05:46] - 2017-04-05 - fm_daily_stats_view_vw start
[2017-04-06 01:05:46] - 2017-04-05 - fm_daily_stats_view_vw success
[2017-04-06 01:05:46] - 2017-04-05 - delete success
[2017-04-07 01:05:42] - 2017-04-06 - daily_order start
[2017-04-07 01:05:42] - 2017-04-06 - daily_order success
[2017-04-07 01:05:42] - 2017-04-06 - daily_fblike start
[2017-04-07 01:05:42] - 2017-04-06 - daily_fblike success
[2017-04-07 01:05:42] - 2017-04-06 - daily_review start
[2017-04-07 01:05:42] - 2017-04-06 - daily_review success
[2017-04-07 01:05:42] - 2017-04-06 - daily_restock_notify start
[2017-04-07 01:05:42] - 2017-04-06 - daily_restock_notify success
[2017-04-07 01:05:42] - 2017-04-06 - daily_wish start
[2017-04-07 01:05:42] - 2017-04-06 - daily_wish success
[2017-04-07 01:05:42] - 2017-04-06 - daily_cart start
[2017-04-07 01:05:42] - 2017-04-06 - daily_cart success
[2017-04-07 01:05:42] - 2017-04-06 - daily_view start
[2017-04-07 01:05:42] - 2017-04-06 - daily_view success
[2017-04-07 01:05:42] - 2017-04-06 - case1 start
[2017-04-07 01:05:42] - 2017-04-06 - case1 success
[2017-04-07 01:05:42] - 2017-04-06 - case2 start
[2017-04-07 01:05:45] - 2017-04-06 - case2 success
[2017-04-07 01:05:45] - 2017-04-06 - delete start
[2017-04-07 01:05:45] - 2017-04-06 - fm_daily_stats_fblike_vw start
[2017-04-07 01:05:45] - 2017-04-06 - fm_daily_stats_fblike_vw success
[2017-04-07 01:05:45] - 2017-04-06 - fm_daily_stats_review_vw start
[2017-04-07 01:05:45] - 2017-04-06 - fm_daily_stats_review_vw success
[2017-04-07 01:05:45] - 2017-04-06 - fm_daily_stats_restock_notify_vw start
[2017-04-07 01:05:45] - 2017-04-06 - fm_daily_stats_restock_notify_vw success
[2017-04-07 01:05:45] - 2017-04-06 - fm_daily_stats_wish_vw start
[2017-04-07 01:05:45] - 2017-04-06 - fm_daily_stats_wish_vw success
[2017-04-07 01:05:45] - 2017-04-06 - fm_daily_stats_cart_vw start
[2017-04-07 01:05:45] - 2017-04-06 - fm_daily_stats_cart_vw success
[2017-04-07 01:05:45] - 2017-04-06 - fm_daily_stats_order_vw start
[2017-04-07 01:05:45] - 2017-04-06 - fm_daily_stats_order_vw success
[2017-04-07 01:05:45] - 2017-04-06 - fm_daily_stats_view_vw start
[2017-04-07 01:05:45] - 2017-04-06 - fm_daily_stats_view_vw success
[2017-04-07 01:05:45] - 2017-04-06 - delete success
[2017-04-08 01:05:40] - 2017-04-07 - daily_order start
[2017-04-08 01:05:40] - 2017-04-07 - daily_order success
[2017-04-08 01:05:40] - 2017-04-07 - daily_fblike start
[2017-04-08 01:05:40] - 2017-04-07 - daily_fblike success
[2017-04-08 01:05:40] - 2017-04-07 - daily_review start
[2017-04-08 01:05:40] - 2017-04-07 - daily_review success
[2017-04-08 01:05:40] - 2017-04-07 - daily_restock_notify start
[2017-04-08 01:05:40] - 2017-04-07 - daily_restock_notify success
[2017-04-08 01:05:40] - 2017-04-07 - daily_wish start
[2017-04-08 01:05:40] - 2017-04-07 - daily_wish success
[2017-04-08 01:05:40] - 2017-04-07 - daily_cart start
[2017-04-08 01:05:40] - 2017-04-07 - daily_cart success
[2017-04-08 01:05:40] - 2017-04-07 - daily_view start
[2017-04-08 01:05:40] - 2017-04-07 - daily_view success
[2017-04-08 01:05:40] - 2017-04-07 - case1 start
[2017-04-08 01:05:40] - 2017-04-07 - case1 success
[2017-04-08 01:05:40] - 2017-04-07 - case2 start
[2017-04-08 01:05:43] - 2017-04-07 - case2 success
[2017-04-08 01:05:43] - 2017-04-07 - delete start
[2017-04-08 01:05:43] - 2017-04-07 - fm_daily_stats_fblike_vw start
[2017-04-08 01:05:43] - 2017-04-07 - fm_daily_stats_fblike_vw success
[2017-04-08 01:05:43] - 2017-04-07 - fm_daily_stats_review_vw start
[2017-04-08 01:05:43] - 2017-04-07 - fm_daily_stats_review_vw success
[2017-04-08 01:05:43] - 2017-04-07 - fm_daily_stats_restock_notify_vw start
[2017-04-08 01:05:43] - 2017-04-07 - fm_daily_stats_restock_notify_vw success
[2017-04-08 01:05:43] - 2017-04-07 - fm_daily_stats_wish_vw start
[2017-04-08 01:05:43] - 2017-04-07 - fm_daily_stats_wish_vw success
[2017-04-08 01:05:43] - 2017-04-07 - fm_daily_stats_cart_vw start
[2017-04-08 01:05:43] - 2017-04-07 - fm_daily_stats_cart_vw success
[2017-04-08 01:05:43] - 2017-04-07 - fm_daily_stats_order_vw start
[2017-04-08 01:05:43] - 2017-04-07 - fm_daily_stats_order_vw success
[2017-04-08 01:05:43] - 2017-04-07 - fm_daily_stats_view_vw start
[2017-04-08 01:05:43] - 2017-04-07 - fm_daily_stats_view_vw success
[2017-04-08 01:05:43] - 2017-04-07 - delete success
[2017-04-09 01:05:36] - 2017-04-08 - daily_order start
[2017-04-09 01:05:36] - 2017-04-08 - daily_order success
[2017-04-09 01:05:36] - 2017-04-08 - daily_fblike start
[2017-04-09 01:05:36] - 2017-04-08 - daily_fblike success
[2017-04-09 01:05:36] - 2017-04-08 - daily_review start
[2017-04-09 01:05:36] - 2017-04-08 - daily_review success
[2017-04-09 01:05:36] - 2017-04-08 - daily_restock_notify start
[2017-04-09 01:05:36] - 2017-04-08 - daily_restock_notify success
[2017-04-09 01:05:36] - 2017-04-08 - daily_wish start
[2017-04-09 01:05:36] - 2017-04-08 - daily_wish success
[2017-04-09 01:05:36] - 2017-04-08 - daily_cart start
[2017-04-09 01:05:37] - 2017-04-08 - daily_cart success
[2017-04-09 01:05:37] - 2017-04-08 - daily_view start
[2017-04-09 01:05:37] - 2017-04-08 - daily_view success
[2017-04-09 01:05:37] - 2017-04-08 - case1 start
[2017-04-09 01:05:37] - 2017-04-08 - case1 success
[2017-04-09 01:05:37] - 2017-04-08 - case2 start
[2017-04-09 01:05:40] - 2017-04-08 - case2 success
[2017-04-09 01:05:40] - 2017-04-08 - delete start
[2017-04-09 01:05:40] - 2017-04-08 - fm_daily_stats_fblike_vw start
[2017-04-09 01:05:40] - 2017-04-08 - fm_daily_stats_fblike_vw success
[2017-04-09 01:05:40] - 2017-04-08 - fm_daily_stats_review_vw start
[2017-04-09 01:05:40] - 2017-04-08 - fm_daily_stats_review_vw success
[2017-04-09 01:05:40] - 2017-04-08 - fm_daily_stats_restock_notify_vw start
[2017-04-09 01:05:40] - 2017-04-08 - fm_daily_stats_restock_notify_vw success
[2017-04-09 01:05:40] - 2017-04-08 - fm_daily_stats_wish_vw start
[2017-04-09 01:05:40] - 2017-04-08 - fm_daily_stats_wish_vw success
[2017-04-09 01:05:40] - 2017-04-08 - fm_daily_stats_cart_vw start
[2017-04-09 01:05:40] - 2017-04-08 - fm_daily_stats_cart_vw success
[2017-04-09 01:05:40] - 2017-04-08 - fm_daily_stats_order_vw start
[2017-04-09 01:05:40] - 2017-04-08 - fm_daily_stats_order_vw success
[2017-04-09 01:05:40] - 2017-04-08 - fm_daily_stats_view_vw start
[2017-04-09 01:05:40] - 2017-04-08 - fm_daily_stats_view_vw success
[2017-04-09 01:05:40] - 2017-04-08 - delete success
[2017-04-10 01:05:43] - 2017-04-09 - daily_order start
[2017-04-10 01:05:43] - 2017-04-09 - daily_order success
[2017-04-10 01:05:43] - 2017-04-09 - daily_fblike start
[2017-04-10 01:05:43] - 2017-04-09 - daily_fblike success
[2017-04-10 01:05:43] - 2017-04-09 - daily_review start
[2017-04-10 01:05:43] - 2017-04-09 - daily_review success
[2017-04-10 01:05:43] - 2017-04-09 - daily_restock_notify start
[2017-04-10 01:05:43] - 2017-04-09 - daily_restock_notify success
[2017-04-10 01:05:43] - 2017-04-09 - daily_wish start
[2017-04-10 01:05:43] - 2017-04-09 - daily_wish success
[2017-04-10 01:05:43] - 2017-04-09 - daily_cart start
[2017-04-10 01:05:43] - 2017-04-09 - daily_cart success
[2017-04-10 01:05:43] - 2017-04-09 - daily_view start
[2017-04-10 01:05:43] - 2017-04-09 - daily_view success
[2017-04-10 01:05:43] - 2017-04-09 - case1 start
[2017-04-10 01:05:43] - 2017-04-09 - case1 success
[2017-04-10 01:05:43] - 2017-04-09 - case2 start
[2017-04-10 01:05:46] - 2017-04-09 - case2 success
[2017-04-10 01:05:46] - 2017-04-09 - delete start
[2017-04-10 01:05:46] - 2017-04-09 - fm_daily_stats_fblike_vw start
[2017-04-10 01:05:46] - 2017-04-09 - fm_daily_stats_fblike_vw success
[2017-04-10 01:05:46] - 2017-04-09 - fm_daily_stats_review_vw start
[2017-04-10 01:05:46] - 2017-04-09 - fm_daily_stats_review_vw success
[2017-04-10 01:05:46] - 2017-04-09 - fm_daily_stats_restock_notify_vw start
[2017-04-10 01:05:46] - 2017-04-09 - fm_daily_stats_restock_notify_vw success
[2017-04-10 01:05:46] - 2017-04-09 - fm_daily_stats_wish_vw start
[2017-04-10 01:05:46] - 2017-04-09 - fm_daily_stats_wish_vw success
[2017-04-10 01:05:46] - 2017-04-09 - fm_daily_stats_cart_vw start
[2017-04-10 01:05:46] - 2017-04-09 - fm_daily_stats_cart_vw success
[2017-04-10 01:05:46] - 2017-04-09 - fm_daily_stats_order_vw start
[2017-04-10 01:05:46] - 2017-04-09 - fm_daily_stats_order_vw success
[2017-04-10 01:05:46] - 2017-04-09 - fm_daily_stats_view_vw start
[2017-04-10 01:05:46] - 2017-04-09 - fm_daily_stats_view_vw success
[2017-04-10 01:05:46] - 2017-04-09 - delete success
[2017-04-11 01:05:39] - 2017-04-10 - daily_order start
[2017-04-11 01:05:39] - 2017-04-10 - daily_order success
[2017-04-11 01:05:39] - 2017-04-10 - daily_fblike start
[2017-04-11 01:05:39] - 2017-04-10 - daily_fblike success
[2017-04-11 01:05:39] - 2017-04-10 - daily_review start
[2017-04-11 01:05:39] - 2017-04-10 - daily_review success
[2017-04-11 01:05:39] - 2017-04-10 - daily_restock_notify start
[2017-04-11 01:05:39] - 2017-04-10 - daily_restock_notify success
[2017-04-11 01:05:39] - 2017-04-10 - daily_wish start
[2017-04-11 01:05:39] - 2017-04-10 - daily_wish success
[2017-04-11 01:05:39] - 2017-04-10 - daily_cart start
[2017-04-11 01:05:39] - 2017-04-10 - daily_cart success
[2017-04-11 01:05:39] - 2017-04-10 - daily_view start
[2017-04-11 01:05:39] - 2017-04-10 - daily_view success
[2017-04-11 01:05:39] - 2017-04-10 - case1 start
[2017-04-11 01:05:39] - 2017-04-10 - case1 success
[2017-04-11 01:05:39] - 2017-04-10 - case2 start
[2017-04-11 01:05:43] - 2017-04-10 - case2 success
[2017-04-11 01:05:43] - 2017-04-10 - delete start
[2017-04-11 01:05:43] - 2017-04-10 - fm_daily_stats_fblike_vw start
[2017-04-11 01:05:43] - 2017-04-10 - fm_daily_stats_fblike_vw success
[2017-04-11 01:05:43] - 2017-04-10 - fm_daily_stats_review_vw start
[2017-04-11 01:05:43] - 2017-04-10 - fm_daily_stats_review_vw success
[2017-04-11 01:05:43] - 2017-04-10 - fm_daily_stats_restock_notify_vw start
[2017-04-11 01:05:43] - 2017-04-10 - fm_daily_stats_restock_notify_vw success
[2017-04-11 01:05:43] - 2017-04-10 - fm_daily_stats_wish_vw start
[2017-04-11 01:05:43] - 2017-04-10 - fm_daily_stats_wish_vw success
[2017-04-11 01:05:43] - 2017-04-10 - fm_daily_stats_cart_vw start
[2017-04-11 01:05:43] - 2017-04-10 - fm_daily_stats_cart_vw success
[2017-04-11 01:05:43] - 2017-04-10 - fm_daily_stats_order_vw start
[2017-04-11 01:05:43] - 2017-04-10 - fm_daily_stats_order_vw success
[2017-04-11 01:05:43] - 2017-04-10 - fm_daily_stats_view_vw start
[2017-04-11 01:05:43] - 2017-04-10 - fm_daily_stats_view_vw success
[2017-04-11 01:05:43] - 2017-04-10 - delete success
[2017-04-12 01:05:39] - 2017-04-11 - daily_order start
[2017-04-12 01:05:39] - 2017-04-11 - daily_order success
[2017-04-12 01:05:39] - 2017-04-11 - daily_fblike start
[2017-04-12 01:05:39] - 2017-04-11 - daily_fblike success
[2017-04-12 01:05:39] - 2017-04-11 - daily_review start
[2017-04-12 01:05:39] - 2017-04-11 - daily_review success
[2017-04-12 01:05:39] - 2017-04-11 - daily_restock_notify start
[2017-04-12 01:05:39] - 2017-04-11 - daily_restock_notify success
[2017-04-12 01:05:39] - 2017-04-11 - daily_wish start
[2017-04-12 01:05:39] - 2017-04-11 - daily_wish success
[2017-04-12 01:05:39] - 2017-04-11 - daily_cart start
[2017-04-12 01:05:39] - 2017-04-11 - daily_cart success
[2017-04-12 01:05:39] - 2017-04-11 - daily_view start
[2017-04-12 01:05:39] - 2017-04-11 - daily_view success
[2017-04-12 01:05:39] - 2017-04-11 - case1 start
[2017-04-12 01:05:39] - 2017-04-11 - case1 success
[2017-04-12 01:05:39] - 2017-04-11 - case2 start
[2017-04-12 01:05:42] - 2017-04-11 - case2 success
[2017-04-12 01:05:42] - 2017-04-11 - delete start
[2017-04-12 01:05:42] - 2017-04-11 - fm_daily_stats_fblike_vw start
[2017-04-12 01:05:42] - 2017-04-11 - fm_daily_stats_fblike_vw success
[2017-04-12 01:05:42] - 2017-04-11 - fm_daily_stats_review_vw start
[2017-04-12 01:05:42] - 2017-04-11 - fm_daily_stats_review_vw success
[2017-04-12 01:05:42] - 2017-04-11 - fm_daily_stats_restock_notify_vw start
[2017-04-12 01:05:42] - 2017-04-11 - fm_daily_stats_restock_notify_vw success
[2017-04-12 01:05:42] - 2017-04-11 - fm_daily_stats_wish_vw start
[2017-04-12 01:05:42] - 2017-04-11 - fm_daily_stats_wish_vw success
[2017-04-12 01:05:42] - 2017-04-11 - fm_daily_stats_cart_vw start
[2017-04-12 01:05:42] - 2017-04-11 - fm_daily_stats_cart_vw success
[2017-04-12 01:05:42] - 2017-04-11 - fm_daily_stats_order_vw start
[2017-04-12 01:05:42] - 2017-04-11 - fm_daily_stats_order_vw success
[2017-04-12 01:05:42] - 2017-04-11 - fm_daily_stats_view_vw start
[2017-04-12 01:05:42] - 2017-04-11 - fm_daily_stats_view_vw success
[2017-04-12 01:05:42] - 2017-04-11 - delete success
[2017-04-13 01:05:38] - 2017-04-12 - daily_order start
[2017-04-13 01:05:38] - 2017-04-12 - daily_order success
[2017-04-13 01:05:38] - 2017-04-12 - daily_fblike start
[2017-04-13 01:05:38] - 2017-04-12 - daily_fblike success
[2017-04-13 01:05:38] - 2017-04-12 - daily_review start
[2017-04-13 01:05:38] - 2017-04-12 - daily_review success
[2017-04-13 01:05:38] - 2017-04-12 - daily_restock_notify start
[2017-04-13 01:05:38] - 2017-04-12 - daily_restock_notify success
[2017-04-13 01:05:38] - 2017-04-12 - daily_wish start
[2017-04-13 01:05:38] - 2017-04-12 - daily_wish success
[2017-04-13 01:05:38] - 2017-04-12 - daily_cart start
[2017-04-13 01:05:38] - 2017-04-12 - daily_cart success
[2017-04-13 01:05:38] - 2017-04-12 - daily_view start
[2017-04-13 01:05:38] - 2017-04-12 - daily_view success
[2017-04-13 01:05:38] - 2017-04-12 - case1 start
[2017-04-13 01:05:38] - 2017-04-12 - case1 success
[2017-04-13 01:05:38] - 2017-04-12 - case2 start
[2017-04-13 01:05:41] - 2017-04-12 - case2 success
[2017-04-13 01:05:41] - 2017-04-12 - delete start
[2017-04-13 01:05:41] - 2017-04-12 - fm_daily_stats_fblike_vw start
[2017-04-13 01:05:41] - 2017-04-12 - fm_daily_stats_fblike_vw success
[2017-04-13 01:05:41] - 2017-04-12 - fm_daily_stats_review_vw start
[2017-04-13 01:05:41] - 2017-04-12 - fm_daily_stats_review_vw success
[2017-04-13 01:05:41] - 2017-04-12 - fm_daily_stats_restock_notify_vw start
[2017-04-13 01:05:41] - 2017-04-12 - fm_daily_stats_restock_notify_vw success
[2017-04-13 01:05:41] - 2017-04-12 - fm_daily_stats_wish_vw start
[2017-04-13 01:05:41] - 2017-04-12 - fm_daily_stats_wish_vw success
[2017-04-13 01:05:41] - 2017-04-12 - fm_daily_stats_cart_vw start
[2017-04-13 01:05:41] - 2017-04-12 - fm_daily_stats_cart_vw success
[2017-04-13 01:05:41] - 2017-04-12 - fm_daily_stats_order_vw start
[2017-04-13 01:05:41] - 2017-04-12 - fm_daily_stats_order_vw success
[2017-04-13 01:05:41] - 2017-04-12 - fm_daily_stats_view_vw start
[2017-04-13 01:05:41] - 2017-04-12 - fm_daily_stats_view_vw success
[2017-04-13 01:05:41] - 2017-04-12 - delete success
[2017-04-14 01:05:44] - 2017-04-13 - daily_order start
[2017-04-14 01:05:44] - 2017-04-13 - daily_order success
[2017-04-14 01:05:44] - 2017-04-13 - daily_fblike start
[2017-04-14 01:05:44] - 2017-04-13 - daily_fblike success
[2017-04-14 01:05:44] - 2017-04-13 - daily_review start
[2017-04-14 01:05:44] - 2017-04-13 - daily_review success
[2017-04-14 01:05:44] - 2017-04-13 - daily_restock_notify start
[2017-04-14 01:05:44] - 2017-04-13 - daily_restock_notify success
[2017-04-14 01:05:44] - 2017-04-13 - daily_wish start
[2017-04-14 01:05:44] - 2017-04-13 - daily_wish success
[2017-04-14 01:05:44] - 2017-04-13 - daily_cart start
[2017-04-14 01:05:44] - 2017-04-13 - daily_cart success
[2017-04-14 01:05:44] - 2017-04-13 - daily_view start
[2017-04-14 01:05:44] - 2017-04-13 - daily_view success
[2017-04-14 01:05:44] - 2017-04-13 - case1 start
[2017-04-14 01:05:44] - 2017-04-13 - case1 success
[2017-04-14 01:05:44] - 2017-04-13 - case2 start
[2017-04-14 01:05:47] - 2017-04-13 - case2 success
[2017-04-14 01:05:47] - 2017-04-13 - delete start
[2017-04-14 01:05:47] - 2017-04-13 - fm_daily_stats_fblike_vw start
[2017-04-14 01:05:47] - 2017-04-13 - fm_daily_stats_fblike_vw success
[2017-04-14 01:05:47] - 2017-04-13 - fm_daily_stats_review_vw start
[2017-04-14 01:05:47] - 2017-04-13 - fm_daily_stats_review_vw success
[2017-04-14 01:05:47] - 2017-04-13 - fm_daily_stats_restock_notify_vw start
[2017-04-14 01:05:47] - 2017-04-13 - fm_daily_stats_restock_notify_vw success
[2017-04-14 01:05:47] - 2017-04-13 - fm_daily_stats_wish_vw start
[2017-04-14 01:05:47] - 2017-04-13 - fm_daily_stats_wish_vw success
[2017-04-14 01:05:47] - 2017-04-13 - fm_daily_stats_cart_vw start
[2017-04-14 01:05:47] - 2017-04-13 - fm_daily_stats_cart_vw success
[2017-04-14 01:05:47] - 2017-04-13 - fm_daily_stats_order_vw start
[2017-04-14 01:05:47] - 2017-04-13 - fm_daily_stats_order_vw success
[2017-04-14 01:05:47] - 2017-04-13 - fm_daily_stats_view_vw start
[2017-04-14 01:05:47] - 2017-04-13 - fm_daily_stats_view_vw success
[2017-04-14 01:05:47] - 2017-04-13 - delete success
[2017-04-15 01:05:46] - 2017-04-14 - daily_order start
[2017-04-15 01:05:46] - 2017-04-14 - daily_order success
[2017-04-15 01:05:46] - 2017-04-14 - daily_fblike start
[2017-04-15 01:05:46] - 2017-04-14 - daily_fblike success
[2017-04-15 01:05:46] - 2017-04-14 - daily_review start
[2017-04-15 01:05:46] - 2017-04-14 - daily_review success
[2017-04-15 01:05:46] - 2017-04-14 - daily_restock_notify start
[2017-04-15 01:05:46] - 2017-04-14 - daily_restock_notify success
[2017-04-15 01:05:46] - 2017-04-14 - daily_wish start
[2017-04-15 01:05:46] - 2017-04-14 - daily_wish success
[2017-04-15 01:05:46] - 2017-04-14 - daily_cart start
[2017-04-15 01:05:46] - 2017-04-14 - daily_cart success
[2017-04-15 01:05:46] - 2017-04-14 - daily_view start
[2017-04-15 01:05:46] - 2017-04-14 - daily_view success
[2017-04-15 01:05:46] - 2017-04-14 - case1 start
[2017-04-15 01:05:46] - 2017-04-14 - case1 success
[2017-04-15 01:05:46] - 2017-04-14 - case2 start
[2017-04-15 01:05:49] - 2017-04-14 - case2 success
[2017-04-15 01:05:49] - 2017-04-14 - delete start
[2017-04-15 01:05:49] - 2017-04-14 - fm_daily_stats_fblike_vw start
[2017-04-15 01:05:49] - 2017-04-14 - fm_daily_stats_fblike_vw success
[2017-04-15 01:05:49] - 2017-04-14 - fm_daily_stats_review_vw start
[2017-04-15 01:05:49] - 2017-04-14 - fm_daily_stats_review_vw success
[2017-04-15 01:05:49] - 2017-04-14 - fm_daily_stats_restock_notify_vw start
[2017-04-15 01:05:49] - 2017-04-14 - fm_daily_stats_restock_notify_vw success
[2017-04-15 01:05:49] - 2017-04-14 - fm_daily_stats_wish_vw start
[2017-04-15 01:05:49] - 2017-04-14 - fm_daily_stats_wish_vw success
[2017-04-15 01:05:49] - 2017-04-14 - fm_daily_stats_cart_vw start
[2017-04-15 01:05:49] - 2017-04-14 - fm_daily_stats_cart_vw success
[2017-04-15 01:05:49] - 2017-04-14 - fm_daily_stats_order_vw start
[2017-04-15 01:05:49] - 2017-04-14 - fm_daily_stats_order_vw success
[2017-04-15 01:05:49] - 2017-04-14 - fm_daily_stats_view_vw start
[2017-04-15 01:05:49] - 2017-04-14 - fm_daily_stats_view_vw success
[2017-04-15 01:05:49] - 2017-04-14 - delete success
[2017-04-16 01:05:46] - 2017-04-15 - daily_order start
[2017-04-16 01:05:46] - 2017-04-15 - daily_order success
[2017-04-16 01:05:46] - 2017-04-15 - daily_fblike start
[2017-04-16 01:05:46] - 2017-04-15 - daily_fblike success
[2017-04-16 01:05:46] - 2017-04-15 - daily_review start
[2017-04-16 01:05:46] - 2017-04-15 - daily_review success
[2017-04-16 01:05:46] - 2017-04-15 - daily_restock_notify start
[2017-04-16 01:05:46] - 2017-04-15 - daily_restock_notify success
[2017-04-16 01:05:46] - 2017-04-15 - daily_wish start
[2017-04-16 01:05:46] - 2017-04-15 - daily_wish success
[2017-04-16 01:05:46] - 2017-04-15 - daily_cart start
[2017-04-16 01:05:46] - 2017-04-15 - daily_cart success
[2017-04-16 01:05:46] - 2017-04-15 - daily_view start
[2017-04-16 01:05:46] - 2017-04-15 - daily_view success
[2017-04-16 01:05:46] - 2017-04-15 - case1 start
[2017-04-16 01:05:46] - 2017-04-15 - case1 success
[2017-04-16 01:05:46] - 2017-04-15 - case2 start
[2017-04-16 01:05:49] - 2017-04-15 - case2 success
[2017-04-16 01:05:49] - 2017-04-15 - delete start
[2017-04-16 01:05:49] - 2017-04-15 - fm_daily_stats_fblike_vw start
[2017-04-16 01:05:49] - 2017-04-15 - fm_daily_stats_fblike_vw success
[2017-04-16 01:05:49] - 2017-04-15 - fm_daily_stats_review_vw start
[2017-04-16 01:05:49] - 2017-04-15 - fm_daily_stats_review_vw success
[2017-04-16 01:05:49] - 2017-04-15 - fm_daily_stats_restock_notify_vw start
[2017-04-16 01:05:49] - 2017-04-15 - fm_daily_stats_restock_notify_vw success
[2017-04-16 01:05:49] - 2017-04-15 - fm_daily_stats_wish_vw start
[2017-04-16 01:05:49] - 2017-04-15 - fm_daily_stats_wish_vw success
[2017-04-16 01:05:49] - 2017-04-15 - fm_daily_stats_cart_vw start
[2017-04-16 01:05:49] - 2017-04-15 - fm_daily_stats_cart_vw success
[2017-04-16 01:05:49] - 2017-04-15 - fm_daily_stats_order_vw start
[2017-04-16 01:05:49] - 2017-04-15 - fm_daily_stats_order_vw success
[2017-04-16 01:05:49] - 2017-04-15 - fm_daily_stats_view_vw start
[2017-04-16 01:05:49] - 2017-04-15 - fm_daily_stats_view_vw success
[2017-04-16 01:05:49] - 2017-04-15 - delete success
[2017-04-17 01:05:47] - 2017-04-16 - daily_order start
[2017-04-17 01:05:47] - 2017-04-16 - daily_order success
[2017-04-17 01:05:47] - 2017-04-16 - daily_fblike start
[2017-04-17 01:05:47] - 2017-04-16 - daily_fblike success
[2017-04-17 01:05:47] - 2017-04-16 - daily_review start
[2017-04-17 01:05:47] - 2017-04-16 - daily_review success
[2017-04-17 01:05:47] - 2017-04-16 - daily_restock_notify start
[2017-04-17 01:05:47] - 2017-04-16 - daily_restock_notify success
[2017-04-17 01:05:47] - 2017-04-16 - daily_wish start
[2017-04-17 01:05:47] - 2017-04-16 - daily_wish success
[2017-04-17 01:05:47] - 2017-04-16 - daily_cart start
[2017-04-17 01:05:47] - 2017-04-16 - daily_cart success
[2017-04-17 01:05:47] - 2017-04-16 - daily_view start
[2017-04-17 01:05:47] - 2017-04-16 - daily_view success
[2017-04-17 01:05:47] - 2017-04-16 - case1 start
[2017-04-17 01:05:47] - 2017-04-16 - case1 success
[2017-04-17 01:05:47] - 2017-04-16 - case2 start
[2017-04-17 01:05:50] - 2017-04-16 - case2 success
[2017-04-17 01:05:50] - 2017-04-16 - delete start
[2017-04-17 01:05:50] - 2017-04-16 - fm_daily_stats_fblike_vw start
[2017-04-17 01:05:50] - 2017-04-16 - fm_daily_stats_fblike_vw success
[2017-04-17 01:05:50] - 2017-04-16 - fm_daily_stats_review_vw start
[2017-04-17 01:05:50] - 2017-04-16 - fm_daily_stats_review_vw success
[2017-04-17 01:05:50] - 2017-04-16 - fm_daily_stats_restock_notify_vw start
[2017-04-17 01:05:50] - 2017-04-16 - fm_daily_stats_restock_notify_vw success
[2017-04-17 01:05:50] - 2017-04-16 - fm_daily_stats_wish_vw start
[2017-04-17 01:05:50] - 2017-04-16 - fm_daily_stats_wish_vw success
[2017-04-17 01:05:50] - 2017-04-16 - fm_daily_stats_cart_vw start
[2017-04-17 01:05:50] - 2017-04-16 - fm_daily_stats_cart_vw success
[2017-04-17 01:05:50] - 2017-04-16 - fm_daily_stats_order_vw start
[2017-04-17 01:05:50] - 2017-04-16 - fm_daily_stats_order_vw success
[2017-04-17 01:05:50] - 2017-04-16 - fm_daily_stats_view_vw start
[2017-04-17 01:05:50] - 2017-04-16 - fm_daily_stats_view_vw success
[2017-04-17 01:05:50] - 2017-04-16 - delete success
[2017-04-18 01:06:47] - 2017-04-17 - daily_order start
[2017-04-18 01:06:47] - 2017-04-17 - daily_order success
[2017-04-18 01:06:47] - 2017-04-17 - daily_fblike start
[2017-04-18 01:06:47] - 2017-04-17 - daily_fblike success
[2017-04-18 01:06:47] - 2017-04-17 - daily_review start
[2017-04-18 01:06:47] - 2017-04-17 - daily_review success
[2017-04-18 01:06:47] - 2017-04-17 - daily_restock_notify start
[2017-04-18 01:06:47] - 2017-04-17 - daily_restock_notify success
[2017-04-18 01:06:47] - 2017-04-17 - daily_wish start
[2017-04-18 01:06:47] - 2017-04-17 - daily_wish success
[2017-04-18 01:06:47] - 2017-04-17 - daily_cart start
[2017-04-18 01:06:47] - 2017-04-17 - daily_cart success
[2017-04-18 01:06:47] - 2017-04-17 - daily_view start
[2017-04-18 01:06:47] - 2017-04-17 - daily_view success
[2017-04-18 01:06:47] - 2017-04-17 - case1 start
[2017-04-18 01:06:47] - 2017-04-17 - case1 success
[2017-04-18 01:06:47] - 2017-04-17 - case2 start
[2017-04-18 01:06:50] - 2017-04-17 - case2 success
[2017-04-18 01:06:50] - 2017-04-17 - delete start
[2017-04-18 01:06:50] - 2017-04-17 - fm_daily_stats_fblike_vw start
[2017-04-18 01:06:50] - 2017-04-17 - fm_daily_stats_fblike_vw success
[2017-04-18 01:06:50] - 2017-04-17 - fm_daily_stats_review_vw start
[2017-04-18 01:06:50] - 2017-04-17 - fm_daily_stats_review_vw success
[2017-04-18 01:06:50] - 2017-04-17 - fm_daily_stats_restock_notify_vw start
[2017-04-18 01:06:50] - 2017-04-17 - fm_daily_stats_restock_notify_vw success
[2017-04-18 01:06:50] - 2017-04-17 - fm_daily_stats_wish_vw start
[2017-04-18 01:06:50] - 2017-04-17 - fm_daily_stats_wish_vw success
[2017-04-18 01:06:50] - 2017-04-17 - fm_daily_stats_cart_vw start
[2017-04-18 01:06:50] - 2017-04-17 - fm_daily_stats_cart_vw success
[2017-04-18 01:06:50] - 2017-04-17 - fm_daily_stats_order_vw start
[2017-04-18 01:06:50] - 2017-04-17 - fm_daily_stats_order_vw success
[2017-04-18 01:06:50] - 2017-04-17 - fm_daily_stats_view_vw start
[2017-04-18 01:06:50] - 2017-04-17 - fm_daily_stats_view_vw success
[2017-04-18 01:06:50] - 2017-04-17 - delete success
[2017-04-19 01:06:54] - 2017-04-18 - daily_order start
[2017-04-19 01:06:54] - 2017-04-18 - daily_order success
[2017-04-19 01:06:54] - 2017-04-18 - daily_fblike start
[2017-04-19 01:06:54] - 2017-04-18 - daily_fblike success
[2017-04-19 01:06:54] - 2017-04-18 - daily_review start
[2017-04-19 01:06:54] - 2017-04-18 - daily_review success
[2017-04-19 01:06:54] - 2017-04-18 - daily_restock_notify start
[2017-04-19 01:06:54] - 2017-04-18 - daily_restock_notify success
[2017-04-19 01:06:54] - 2017-04-18 - daily_wish start
[2017-04-19 01:06:54] - 2017-04-18 - daily_wish success
[2017-04-19 01:06:54] - 2017-04-18 - daily_cart start
[2017-04-19 01:06:54] - 2017-04-18 - daily_cart success
[2017-04-19 01:06:54] - 2017-04-18 - daily_view start
[2017-04-19 01:06:54] - 2017-04-18 - daily_view success
[2017-04-19 01:06:54] - 2017-04-18 - case1 start
[2017-04-19 01:06:54] - 2017-04-18 - case1 success
[2017-04-19 01:06:54] - 2017-04-18 - case2 start
[2017-04-19 01:06:57] - 2017-04-18 - case2 success
[2017-04-19 01:06:57] - 2017-04-18 - delete start
[2017-04-19 01:06:57] - 2017-04-18 - fm_daily_stats_fblike_vw start
[2017-04-19 01:06:57] - 2017-04-18 - fm_daily_stats_fblike_vw success
[2017-04-19 01:06:57] - 2017-04-18 - fm_daily_stats_review_vw start
[2017-04-19 01:06:57] - 2017-04-18 - fm_daily_stats_review_vw success
[2017-04-19 01:06:57] - 2017-04-18 - fm_daily_stats_restock_notify_vw start
[2017-04-19 01:06:57] - 2017-04-18 - fm_daily_stats_restock_notify_vw success
[2017-04-19 01:06:57] - 2017-04-18 - fm_daily_stats_wish_vw start
[2017-04-19 01:06:57] - 2017-04-18 - fm_daily_stats_wish_vw success
[2017-04-19 01:06:57] - 2017-04-18 - fm_daily_stats_cart_vw start
[2017-04-19 01:06:57] - 2017-04-18 - fm_daily_stats_cart_vw success
[2017-04-19 01:06:57] - 2017-04-18 - fm_daily_stats_order_vw start
[2017-04-19 01:06:57] - 2017-04-18 - fm_daily_stats_order_vw success
[2017-04-19 01:06:57] - 2017-04-18 - fm_daily_stats_view_vw start
[2017-04-19 01:06:57] - 2017-04-18 - fm_daily_stats_view_vw success
[2017-04-19 01:06:57] - 2017-04-18 - delete success
[2017-04-20 01:07:00] - 2017-04-19 - daily_order start
[2017-04-20 01:07:00] - 2017-04-19 - daily_order success
[2017-04-20 01:07:00] - 2017-04-19 - daily_fblike start
[2017-04-20 01:07:00] - 2017-04-19 - daily_fblike success
[2017-04-20 01:07:00] - 2017-04-19 - daily_review start
[2017-04-20 01:07:00] - 2017-04-19 - daily_review success
[2017-04-20 01:07:00] - 2017-04-19 - daily_restock_notify start
[2017-04-20 01:07:00] - 2017-04-19 - daily_restock_notify success
[2017-04-20 01:07:00] - 2017-04-19 - daily_wish start
[2017-04-20 01:07:00] - 2017-04-19 - daily_wish success
[2017-04-20 01:07:00] - 2017-04-19 - daily_cart start
[2017-04-20 01:07:00] - 2017-04-19 - daily_cart success
[2017-04-20 01:07:00] - 2017-04-19 - daily_view start
[2017-04-20 01:07:00] - 2017-04-19 - daily_view success
[2017-04-20 01:07:00] - 2017-04-19 - case1 start
[2017-04-20 01:07:00] - 2017-04-19 - case1 success
[2017-04-20 01:07:00] - 2017-04-19 - case2 start
[2017-04-20 01:07:03] - 2017-04-19 - case2 success
[2017-04-20 01:07:03] - 2017-04-19 - delete start
[2017-04-20 01:07:03] - 2017-04-19 - fm_daily_stats_fblike_vw start
[2017-04-20 01:07:03] - 2017-04-19 - fm_daily_stats_fblike_vw success
[2017-04-20 01:07:03] - 2017-04-19 - fm_daily_stats_review_vw start
[2017-04-20 01:07:03] - 2017-04-19 - fm_daily_stats_review_vw success
[2017-04-20 01:07:03] - 2017-04-19 - fm_daily_stats_restock_notify_vw start
[2017-04-20 01:07:03] - 2017-04-19 - fm_daily_stats_restock_notify_vw success
[2017-04-20 01:07:03] - 2017-04-19 - fm_daily_stats_wish_vw start
[2017-04-20 01:07:03] - 2017-04-19 - fm_daily_stats_wish_vw success
[2017-04-20 01:07:03] - 2017-04-19 - fm_daily_stats_cart_vw start
[2017-04-20 01:07:03] - 2017-04-19 - fm_daily_stats_cart_vw success
[2017-04-20 01:07:03] - 2017-04-19 - fm_daily_stats_order_vw start
[2017-04-20 01:07:03] - 2017-04-19 - fm_daily_stats_order_vw success
[2017-04-20 01:07:03] - 2017-04-19 - fm_daily_stats_view_vw start
[2017-04-20 01:07:03] - 2017-04-19 - fm_daily_stats_view_vw success
[2017-04-20 01:07:03] - 2017-04-19 - delete success
[2017-04-21 01:06:56] - 2017-04-20 - daily_order start
[2017-04-21 01:06:56] - 2017-04-20 - daily_order success
[2017-04-21 01:06:56] - 2017-04-20 - daily_fblike start
[2017-04-21 01:06:56] - 2017-04-20 - daily_fblike success
[2017-04-21 01:06:56] - 2017-04-20 - daily_review start
[2017-04-21 01:06:56] - 2017-04-20 - daily_review success
[2017-04-21 01:06:56] - 2017-04-20 - daily_restock_notify start
[2017-04-21 01:06:56] - 2017-04-20 - daily_restock_notify success
[2017-04-21 01:06:56] - 2017-04-20 - daily_wish start
[2017-04-21 01:06:56] - 2017-04-20 - daily_wish success
[2017-04-21 01:06:56] - 2017-04-20 - daily_cart start
[2017-04-21 01:06:56] - 2017-04-20 - daily_cart success
[2017-04-21 01:06:56] - 2017-04-20 - daily_view start
[2017-04-21 01:06:56] - 2017-04-20 - daily_view success
[2017-04-21 01:06:56] - 2017-04-20 - case1 start
[2017-04-21 01:06:56] - 2017-04-20 - case1 success
[2017-04-21 01:06:56] - 2017-04-20 - case2 start
[2017-04-21 01:06:59] - 2017-04-20 - case2 success
[2017-04-21 01:06:59] - 2017-04-20 - delete start
[2017-04-21 01:06:59] - 2017-04-20 - fm_daily_stats_fblike_vw start
[2017-04-21 01:06:59] - 2017-04-20 - fm_daily_stats_fblike_vw success
[2017-04-21 01:06:59] - 2017-04-20 - fm_daily_stats_review_vw start
[2017-04-21 01:06:59] - 2017-04-20 - fm_daily_stats_review_vw success
[2017-04-21 01:06:59] - 2017-04-20 - fm_daily_stats_restock_notify_vw start
[2017-04-21 01:06:59] - 2017-04-20 - fm_daily_stats_restock_notify_vw success
[2017-04-21 01:06:59] - 2017-04-20 - fm_daily_stats_wish_vw start
[2017-04-21 01:06:59] - 2017-04-20 - fm_daily_stats_wish_vw success
[2017-04-21 01:06:59] - 2017-04-20 - fm_daily_stats_cart_vw start
[2017-04-21 01:06:59] - 2017-04-20 - fm_daily_stats_cart_vw success
[2017-04-21 01:06:59] - 2017-04-20 - fm_daily_stats_order_vw start
[2017-04-21 01:06:59] - 2017-04-20 - fm_daily_stats_order_vw success
[2017-04-21 01:06:59] - 2017-04-20 - fm_daily_stats_view_vw start
[2017-04-21 01:06:59] - 2017-04-20 - fm_daily_stats_view_vw success
[2017-04-21 01:06:59] - 2017-04-20 - delete success
[2017-04-22 01:07:02] - 2017-04-21 - daily_order start
[2017-04-22 01:07:02] - 2017-04-21 - daily_order success
[2017-04-22 01:07:02] - 2017-04-21 - daily_fblike start
[2017-04-22 01:07:02] - 2017-04-21 - daily_fblike success
[2017-04-22 01:07:02] - 2017-04-21 - daily_review start
[2017-04-22 01:07:02] - 2017-04-21 - daily_review success
[2017-04-22 01:07:02] - 2017-04-21 - daily_restock_notify start
[2017-04-22 01:07:02] - 2017-04-21 - daily_restock_notify success
[2017-04-22 01:07:02] - 2017-04-21 - daily_wish start
[2017-04-22 01:07:02] - 2017-04-21 - daily_wish success
[2017-04-22 01:07:02] - 2017-04-21 - daily_cart start
[2017-04-22 01:07:02] - 2017-04-21 - daily_cart success
[2017-04-22 01:07:02] - 2017-04-21 - daily_view start
[2017-04-22 01:07:02] - 2017-04-21 - daily_view success
[2017-04-22 01:07:02] - 2017-04-21 - case1 start
[2017-04-22 01:07:02] - 2017-04-21 - case1 success
[2017-04-22 01:07:02] - 2017-04-21 - case2 start
[2017-04-22 01:07:05] - 2017-04-21 - case2 success
[2017-04-22 01:07:05] - 2017-04-21 - delete start
[2017-04-22 01:07:05] - 2017-04-21 - fm_daily_stats_fblike_vw start
[2017-04-22 01:07:05] - 2017-04-21 - fm_daily_stats_fblike_vw success
[2017-04-22 01:07:05] - 2017-04-21 - fm_daily_stats_review_vw start
[2017-04-22 01:07:05] - 2017-04-21 - fm_daily_stats_review_vw success
[2017-04-22 01:07:05] - 2017-04-21 - fm_daily_stats_restock_notify_vw start
[2017-04-22 01:07:05] - 2017-04-21 - fm_daily_stats_restock_notify_vw success
[2017-04-22 01:07:05] - 2017-04-21 - fm_daily_stats_wish_vw start
[2017-04-22 01:07:05] - 2017-04-21 - fm_daily_stats_wish_vw success
[2017-04-22 01:07:05] - 2017-04-21 - fm_daily_stats_cart_vw start
[2017-04-22 01:07:05] - 2017-04-21 - fm_daily_stats_cart_vw success
[2017-04-22 01:07:05] - 2017-04-21 - fm_daily_stats_order_vw start
[2017-04-22 01:07:05] - 2017-04-21 - fm_daily_stats_order_vw success
[2017-04-22 01:07:05] - 2017-04-21 - fm_daily_stats_view_vw start
[2017-04-22 01:07:05] - 2017-04-21 - fm_daily_stats_view_vw success
[2017-04-22 01:07:05] - 2017-04-21 - delete success
[2017-04-23 01:07:57] - 2017-04-22 - daily_order start
[2017-04-23 01:07:57] - 2017-04-22 - daily_order success
[2017-04-23 01:07:57] - 2017-04-22 - daily_fblike start
[2017-04-23 01:07:57] - 2017-04-22 - daily_fblike success
[2017-04-23 01:07:57] - 2017-04-22 - daily_review start
[2017-04-23 01:07:57] - 2017-04-22 - daily_review success
[2017-04-23 01:07:57] - 2017-04-22 - daily_restock_notify start
[2017-04-23 01:07:57] - 2017-04-22 - daily_restock_notify success
[2017-04-23 01:07:57] - 2017-04-22 - daily_wish start
[2017-04-23 01:07:57] - 2017-04-22 - daily_wish success
[2017-04-23 01:07:57] - 2017-04-22 - daily_cart start
[2017-04-23 01:07:57] - 2017-04-22 - daily_cart success
[2017-04-23 01:07:57] - 2017-04-22 - daily_view start
[2017-04-23 01:07:57] - 2017-04-22 - daily_view success
[2017-04-23 01:07:57] - 2017-04-22 - case1 start
[2017-04-23 01:07:57] - 2017-04-22 - case1 success
[2017-04-23 01:07:57] - 2017-04-22 - case2 start
[2017-04-23 01:08:00] - 2017-04-22 - case2 success
[2017-04-23 01:08:00] - 2017-04-22 - delete start
[2017-04-23 01:08:00] - 2017-04-22 - fm_daily_stats_fblike_vw start
[2017-04-23 01:08:00] - 2017-04-22 - fm_daily_stats_fblike_vw success
[2017-04-23 01:08:00] - 2017-04-22 - fm_daily_stats_review_vw start
[2017-04-23 01:08:00] - 2017-04-22 - fm_daily_stats_review_vw success
[2017-04-23 01:08:00] - 2017-04-22 - fm_daily_stats_restock_notify_vw start
[2017-04-23 01:08:00] - 2017-04-22 - fm_daily_stats_restock_notify_vw success
[2017-04-23 01:08:00] - 2017-04-22 - fm_daily_stats_wish_vw start
[2017-04-23 01:08:00] - 2017-04-22 - fm_daily_stats_wish_vw success
[2017-04-23 01:08:00] - 2017-04-22 - fm_daily_stats_cart_vw start
[2017-04-23 01:08:00] - 2017-04-22 - fm_daily_stats_cart_vw success
[2017-04-23 01:08:00] - 2017-04-22 - fm_daily_stats_order_vw start
[2017-04-23 01:08:00] - 2017-04-22 - fm_daily_stats_order_vw success
[2017-04-23 01:08:00] - 2017-04-22 - fm_daily_stats_view_vw start
[2017-04-23 01:08:00] - 2017-04-22 - fm_daily_stats_view_vw success
[2017-04-23 01:08:00] - 2017-04-22 - delete success
[2017-04-24 01:08:01] - 2017-04-23 - daily_order start
[2017-04-24 01:08:01] - 2017-04-23 - daily_order success
[2017-04-24 01:08:01] - 2017-04-23 - daily_fblike start
[2017-04-24 01:08:01] - 2017-04-23 - daily_fblike success
[2017-04-24 01:08:01] - 2017-04-23 - daily_review start
[2017-04-24 01:08:01] - 2017-04-23 - daily_review success
[2017-04-24 01:08:01] - 2017-04-23 - daily_restock_notify start
[2017-04-24 01:08:01] - 2017-04-23 - daily_restock_notify success
[2017-04-24 01:08:01] - 2017-04-23 - daily_wish start
[2017-04-24 01:08:01] - 2017-04-23 - daily_wish success
[2017-04-24 01:08:01] - 2017-04-23 - daily_cart start
[2017-04-24 01:08:01] - 2017-04-23 - daily_cart success
[2017-04-24 01:08:01] - 2017-04-23 - daily_view start
[2017-04-24 01:08:01] - 2017-04-23 - daily_view success
[2017-04-24 01:08:01] - 2017-04-23 - case1 start
[2017-04-24 01:08:01] - 2017-04-23 - case1 success
[2017-04-24 01:08:01] - 2017-04-23 - case2 start
[2017-04-24 01:08:04] - 2017-04-23 - case2 success
[2017-04-24 01:08:04] - 2017-04-23 - delete start
[2017-04-24 01:08:04] - 2017-04-23 - fm_daily_stats_fblike_vw start
[2017-04-24 01:08:04] - 2017-04-23 - fm_daily_stats_fblike_vw success
[2017-04-24 01:08:04] - 2017-04-23 - fm_daily_stats_review_vw start
[2017-04-24 01:08:05] - 2017-04-23 - fm_daily_stats_review_vw success
[2017-04-24 01:08:05] - 2017-04-23 - fm_daily_stats_restock_notify_vw start
[2017-04-24 01:08:05] - 2017-04-23 - fm_daily_stats_restock_notify_vw success
[2017-04-24 01:08:05] - 2017-04-23 - fm_daily_stats_wish_vw start
[2017-04-24 01:08:05] - 2017-04-23 - fm_daily_stats_wish_vw success
[2017-04-24 01:08:05] - 2017-04-23 - fm_daily_stats_cart_vw start
[2017-04-24 01:08:05] - 2017-04-23 - fm_daily_stats_cart_vw success
[2017-04-24 01:08:05] - 2017-04-23 - fm_daily_stats_order_vw start
[2017-04-24 01:08:05] - 2017-04-23 - fm_daily_stats_order_vw success
[2017-04-24 01:08:05] - 2017-04-23 - fm_daily_stats_view_vw start
[2017-04-24 01:08:05] - 2017-04-23 - fm_daily_stats_view_vw success
[2017-04-24 01:08:05] - 2017-04-23 - delete success
[2017-04-25 01:07:51] - 2017-04-24 - daily_order start
[2017-04-25 01:07:51] - 2017-04-24 - daily_order success
[2017-04-25 01:07:51] - 2017-04-24 - daily_fblike start
[2017-04-25 01:07:51] - 2017-04-24 - daily_fblike success
[2017-04-25 01:07:51] - 2017-04-24 - daily_review start
[2017-04-25 01:07:51] - 2017-04-24 - daily_review success
[2017-04-25 01:07:51] - 2017-04-24 - daily_restock_notify start
[2017-04-25 01:07:51] - 2017-04-24 - daily_restock_notify success
[2017-04-25 01:07:51] - 2017-04-24 - daily_wish start
[2017-04-25 01:07:51] - 2017-04-24 - daily_wish success
[2017-04-25 01:07:51] - 2017-04-24 - daily_cart start
[2017-04-25 01:07:51] - 2017-04-24 - daily_cart success
[2017-04-25 01:07:51] - 2017-04-24 - daily_view start
[2017-04-25 01:07:51] - 2017-04-24 - daily_view success
[2017-04-25 01:07:51] - 2017-04-24 - case1 start
[2017-04-25 01:07:51] - 2017-04-24 - case1 success
[2017-04-25 01:07:51] - 2017-04-24 - case2 start
[2017-04-25 01:07:54] - 2017-04-24 - case2 success
[2017-04-25 01:07:54] - 2017-04-24 - delete start
[2017-04-25 01:07:54] - 2017-04-24 - fm_daily_stats_fblike_vw start
[2017-04-25 01:07:54] - 2017-04-24 - fm_daily_stats_fblike_vw success
[2017-04-25 01:07:54] - 2017-04-24 - fm_daily_stats_review_vw start
[2017-04-25 01:07:54] - 2017-04-24 - fm_daily_stats_review_vw success
[2017-04-25 01:07:54] - 2017-04-24 - fm_daily_stats_restock_notify_vw start
[2017-04-25 01:07:54] - 2017-04-24 - fm_daily_stats_restock_notify_vw success
[2017-04-25 01:07:54] - 2017-04-24 - fm_daily_stats_wish_vw start
[2017-04-25 01:07:54] - 2017-04-24 - fm_daily_stats_wish_vw success
[2017-04-25 01:07:54] - 2017-04-24 - fm_daily_stats_cart_vw start
[2017-04-25 01:07:54] - 2017-04-24 - fm_daily_stats_cart_vw success
[2017-04-25 01:07:54] - 2017-04-24 - fm_daily_stats_order_vw start
[2017-04-25 01:07:54] - 2017-04-24 - fm_daily_stats_order_vw success
[2017-04-25 01:07:54] - 2017-04-24 - fm_daily_stats_view_vw start
[2017-04-25 01:07:54] - 2017-04-24 - fm_daily_stats_view_vw success
[2017-04-25 01:07:54] - 2017-04-24 - delete success
[2017-04-26 01:07:56] - 2017-04-25 - daily_order start
[2017-04-26 01:07:56] - 2017-04-25 - daily_order success
[2017-04-26 01:07:56] - 2017-04-25 - daily_fblike start
[2017-04-26 01:07:56] - 2017-04-25 - daily_fblike success
[2017-04-26 01:07:56] - 2017-04-25 - daily_review start
[2017-04-26 01:07:56] - 2017-04-25 - daily_review success
[2017-04-26 01:07:56] - 2017-04-25 - daily_restock_notify start
[2017-04-26 01:07:56] - 2017-04-25 - daily_restock_notify success
[2017-04-26 01:07:56] - 2017-04-25 - daily_wish start
[2017-04-26 01:07:56] - 2017-04-25 - daily_wish success
[2017-04-26 01:07:56] - 2017-04-25 - daily_cart start
[2017-04-26 01:07:56] - 2017-04-25 - daily_cart success
[2017-04-26 01:07:56] - 2017-04-25 - daily_view start
[2017-04-26 01:07:56] - 2017-04-25 - daily_view success
[2017-04-26 01:07:56] - 2017-04-25 - case1 start
[2017-04-26 01:07:56] - 2017-04-25 - case1 success
[2017-04-26 01:07:56] - 2017-04-25 - case2 start
[2017-04-26 01:07:59] - 2017-04-25 - case2 success
[2017-04-26 01:07:59] - 2017-04-25 - delete start
[2017-04-26 01:07:59] - 2017-04-25 - fm_daily_stats_fblike_vw start
[2017-04-26 01:07:59] - 2017-04-25 - fm_daily_stats_fblike_vw success
[2017-04-26 01:07:59] - 2017-04-25 - fm_daily_stats_review_vw start
[2017-04-26 01:07:59] - 2017-04-25 - fm_daily_stats_review_vw success
[2017-04-26 01:07:59] - 2017-04-25 - fm_daily_stats_restock_notify_vw start
[2017-04-26 01:07:59] - 2017-04-25 - fm_daily_stats_restock_notify_vw success
[2017-04-26 01:07:59] - 2017-04-25 - fm_daily_stats_wish_vw start
[2017-04-26 01:07:59] - 2017-04-25 - fm_daily_stats_wish_vw success
[2017-04-26 01:07:59] - 2017-04-25 - fm_daily_stats_cart_vw start
[2017-04-26 01:07:59] - 2017-04-25 - fm_daily_stats_cart_vw success
[2017-04-26 01:07:59] - 2017-04-25 - fm_daily_stats_order_vw start
[2017-04-26 01:07:59] - 2017-04-25 - fm_daily_stats_order_vw success
[2017-04-26 01:07:59] - 2017-04-25 - fm_daily_stats_view_vw start
[2017-04-26 01:07:59] - 2017-04-25 - fm_daily_stats_view_vw success
[2017-04-26 01:07:59] - 2017-04-25 - delete success
[2017-04-27 01:08:21] - 2017-04-26 - daily_order start
[2017-04-27 01:08:21] - 2017-04-26 - daily_order success
[2017-04-27 01:08:21] - 2017-04-26 - daily_fblike start
[2017-04-27 01:08:21] - 2017-04-26 - daily_fblike success
[2017-04-27 01:08:21] - 2017-04-26 - daily_review start
[2017-04-27 01:08:21] - 2017-04-26 - daily_review success
[2017-04-27 01:08:21] - 2017-04-26 - daily_restock_notify start
[2017-04-27 01:08:21] - 2017-04-26 - daily_restock_notify success
[2017-04-27 01:08:21] - 2017-04-26 - daily_wish start
[2017-04-27 01:08:21] - 2017-04-26 - daily_wish success
[2017-04-27 01:08:21] - 2017-04-26 - daily_cart start
[2017-04-27 01:08:21] - 2017-04-26 - daily_cart success
[2017-04-27 01:08:21] - 2017-04-26 - daily_view start
[2017-04-27 01:08:21] - 2017-04-26 - daily_view success
[2017-04-27 01:08:21] - 2017-04-26 - case1 start
[2017-04-27 01:08:21] - 2017-04-26 - case1 success
[2017-04-27 01:08:21] - 2017-04-26 - case2 start
[2017-04-27 01:08:24] - 2017-04-26 - case2 success
[2017-04-27 01:08:24] - 2017-04-26 - delete start
[2017-04-27 01:08:24] - 2017-04-26 - fm_daily_stats_fblike_vw start
[2017-04-27 01:08:24] - 2017-04-26 - fm_daily_stats_fblike_vw success
[2017-04-27 01:08:24] - 2017-04-26 - fm_daily_stats_review_vw start
[2017-04-27 01:08:24] - 2017-04-26 - fm_daily_stats_review_vw success
[2017-04-27 01:08:24] - 2017-04-26 - fm_daily_stats_restock_notify_vw start
[2017-04-27 01:08:24] - 2017-04-26 - fm_daily_stats_restock_notify_vw success
[2017-04-27 01:08:24] - 2017-04-26 - fm_daily_stats_wish_vw start
[2017-04-27 01:08:24] - 2017-04-26 - fm_daily_stats_wish_vw success
[2017-04-27 01:08:24] - 2017-04-26 - fm_daily_stats_cart_vw start
[2017-04-27 01:08:24] - 2017-04-26 - fm_daily_stats_cart_vw success
[2017-04-27 01:08:24] - 2017-04-26 - fm_daily_stats_order_vw start
[2017-04-27 01:08:24] - 2017-04-26 - fm_daily_stats_order_vw success
[2017-04-27 01:08:24] - 2017-04-26 - fm_daily_stats_view_vw start
[2017-04-27 01:08:24] - 2017-04-26 - fm_daily_stats_view_vw success
[2017-04-27 01:08:24] - 2017-04-26 - delete success
[2017-04-28 01:07:52] - 2017-04-27 - daily_order start
[2017-04-28 01:07:52] - 2017-04-27 - daily_order success
[2017-04-28 01:07:52] - 2017-04-27 - daily_fblike start
[2017-04-28 01:07:52] - 2017-04-27 - daily_fblike success
[2017-04-28 01:07:52] - 2017-04-27 - daily_review start
[2017-04-28 01:07:52] - 2017-04-27 - daily_review success
[2017-04-28 01:07:52] - 2017-04-27 - daily_restock_notify start
[2017-04-28 01:07:52] - 2017-04-27 - daily_restock_notify success
[2017-04-28 01:07:52] - 2017-04-27 - daily_wish start
[2017-04-28 01:07:52] - 2017-04-27 - daily_wish success
[2017-04-28 01:07:52] - 2017-04-27 - daily_cart start
[2017-04-28 01:07:52] - 2017-04-27 - daily_cart success
[2017-04-28 01:07:52] - 2017-04-27 - daily_view start
[2017-04-28 01:07:53] - 2017-04-27 - daily_view success
[2017-04-28 01:07:53] - 2017-04-27 - case1 start
[2017-04-28 01:07:53] - 2017-04-27 - case1 success
[2017-04-28 01:07:53] - 2017-04-27 - case2 start
[2017-04-28 01:07:56] - 2017-04-27 - case2 success
[2017-04-28 01:07:56] - 2017-04-27 - delete start
[2017-04-28 01:07:56] - 2017-04-27 - fm_daily_stats_fblike_vw start
[2017-04-28 01:07:56] - 2017-04-27 - fm_daily_stats_fblike_vw success
[2017-04-28 01:07:56] - 2017-04-27 - fm_daily_stats_review_vw start
[2017-04-28 01:07:56] - 2017-04-27 - fm_daily_stats_review_vw success
[2017-04-28 01:07:56] - 2017-04-27 - fm_daily_stats_restock_notify_vw start
[2017-04-28 01:07:56] - 2017-04-27 - fm_daily_stats_restock_notify_vw success
[2017-04-28 01:07:56] - 2017-04-27 - fm_daily_stats_wish_vw start
[2017-04-28 01:07:56] - 2017-04-27 - fm_daily_stats_wish_vw success
[2017-04-28 01:07:56] - 2017-04-27 - fm_daily_stats_cart_vw start
[2017-04-28 01:07:56] - 2017-04-27 - fm_daily_stats_cart_vw success
[2017-04-28 01:07:56] - 2017-04-27 - fm_daily_stats_order_vw start
[2017-04-28 01:07:56] - 2017-04-27 - fm_daily_stats_order_vw success
[2017-04-28 01:07:56] - 2017-04-27 - fm_daily_stats_view_vw start
[2017-04-28 01:07:56] - 2017-04-27 - fm_daily_stats_view_vw success
[2017-04-28 01:07:56] - 2017-04-27 - delete success
[2017-04-29 01:07:58] - 2017-04-28 - daily_order start
[2017-04-29 01:07:58] - 2017-04-28 - daily_order success
[2017-04-29 01:07:58] - 2017-04-28 - daily_fblike start
[2017-04-29 01:07:58] - 2017-04-28 - daily_fblike success
[2017-04-29 01:07:58] - 2017-04-28 - daily_review start
[2017-04-29 01:07:58] - 2017-04-28 - daily_review success
[2017-04-29 01:07:58] - 2017-04-28 - daily_restock_notify start
[2017-04-29 01:07:58] - 2017-04-28 - daily_restock_notify success
[2017-04-29 01:07:58] - 2017-04-28 - daily_wish start
[2017-04-29 01:07:58] - 2017-04-28 - daily_wish success
[2017-04-29 01:07:58] - 2017-04-28 - daily_cart start
[2017-04-29 01:07:58] - 2017-04-28 - daily_cart success
[2017-04-29 01:07:58] - 2017-04-28 - daily_view start
[2017-04-29 01:07:58] - 2017-04-28 - daily_view success
[2017-04-29 01:07:58] - 2017-04-28 - case1 start
[2017-04-29 01:07:58] - 2017-04-28 - case1 success
[2017-04-29 01:07:58] - 2017-04-28 - case2 start
[2017-04-29 01:08:01] - 2017-04-28 - case2 success
[2017-04-29 01:08:01] - 2017-04-28 - delete start
[2017-04-29 01:08:01] - 2017-04-28 - fm_daily_stats_fblike_vw start
[2017-04-29 01:08:01] - 2017-04-28 - fm_daily_stats_fblike_vw success
[2017-04-29 01:08:01] - 2017-04-28 - fm_daily_stats_review_vw start
[2017-04-29 01:08:01] - 2017-04-28 - fm_daily_stats_review_vw success
[2017-04-29 01:08:01] - 2017-04-28 - fm_daily_stats_restock_notify_vw start
[2017-04-29 01:08:01] - 2017-04-28 - fm_daily_stats_restock_notify_vw success
[2017-04-29 01:08:01] - 2017-04-28 - fm_daily_stats_wish_vw start
[2017-04-29 01:08:01] - 2017-04-28 - fm_daily_stats_wish_vw success
[2017-04-29 01:08:01] - 2017-04-28 - fm_daily_stats_cart_vw start
[2017-04-29 01:08:01] - 2017-04-28 - fm_daily_stats_cart_vw success
[2017-04-29 01:08:01] - 2017-04-28 - fm_daily_stats_order_vw start
[2017-04-29 01:08:01] - 2017-04-28 - fm_daily_stats_order_vw success
[2017-04-29 01:08:01] - 2017-04-28 - fm_daily_stats_view_vw start
[2017-04-29 01:08:01] - 2017-04-28 - fm_daily_stats_view_vw success
[2017-04-29 01:08:01] - 2017-04-28 - delete success
[2017-04-30 01:08:11] - 2017-04-29 - daily_order start
[2017-04-30 01:08:11] - 2017-04-29 - daily_order success
[2017-04-30 01:08:11] - 2017-04-29 - daily_fblike start
[2017-04-30 01:08:11] - 2017-04-29 - daily_fblike success
[2017-04-30 01:08:11] - 2017-04-29 - daily_review start
[2017-04-30 01:08:11] - 2017-04-29 - daily_review success
[2017-04-30 01:08:11] - 2017-04-29 - daily_restock_notify start
[2017-04-30 01:08:11] - 2017-04-29 - daily_restock_notify success
[2017-04-30 01:08:11] - 2017-04-29 - daily_wish start
[2017-04-30 01:08:11] - 2017-04-29 - daily_wish success
[2017-04-30 01:08:11] - 2017-04-29 - daily_cart start
[2017-04-30 01:08:11] - 2017-04-29 - daily_cart success
[2017-04-30 01:08:11] - 2017-04-29 - daily_view start
[2017-04-30 01:08:11] - 2017-04-29 - daily_view success
[2017-04-30 01:08:11] - 2017-04-29 - case1 start
[2017-04-30 01:08:11] - 2017-04-29 - case1 success
[2017-04-30 01:08:11] - 2017-04-29 - case2 start
[2017-04-30 01:08:14] - 2017-04-29 - case2 success
[2017-04-30 01:08:14] - 2017-04-29 - delete start
[2017-04-30 01:08:14] - 2017-04-29 - fm_daily_stats_fblike_vw start
[2017-04-30 01:08:14] - 2017-04-29 - fm_daily_stats_fblike_vw success
[2017-04-30 01:08:14] - 2017-04-29 - fm_daily_stats_review_vw start
[2017-04-30 01:08:14] - 2017-04-29 - fm_daily_stats_review_vw success
[2017-04-30 01:08:14] - 2017-04-29 - fm_daily_stats_restock_notify_vw start
[2017-04-30 01:08:14] - 2017-04-29 - fm_daily_stats_restock_notify_vw success
[2017-04-30 01:08:14] - 2017-04-29 - fm_daily_stats_wish_vw start
[2017-04-30 01:08:14] - 2017-04-29 - fm_daily_stats_wish_vw success
[2017-04-30 01:08:14] - 2017-04-29 - fm_daily_stats_cart_vw start
[2017-04-30 01:08:14] - 2017-04-29 - fm_daily_stats_cart_vw success
[2017-04-30 01:08:14] - 2017-04-29 - fm_daily_stats_order_vw start
[2017-04-30 01:08:14] - 2017-04-29 - fm_daily_stats_order_vw success
[2017-04-30 01:08:14] - 2017-04-29 - fm_daily_stats_view_vw start
[2017-04-30 01:08:14] - 2017-04-29 - fm_daily_stats_view_vw success
[2017-04-30 01:08:14] - 2017-04-29 - delete success
