[2016-12-13 00:10:59] - 입점마켓팅 다음EP 생성
[2016-12-13 00:10:59] - 입점마켓팅 네이버EP 2.0 생성
[2016-12-13 00:10:59] - 입점마켓팅 네이버EP 3.0 생성
[2016-12-13 00:10:59] - 입점마켓팅 리뷰EP 생성
[2016-12-13 01:04:54] - 회원 만료된 적립금 차감
[2016-12-13 01:04:54] - 회원 만료된 포인트 차감
[2016-12-13 01:04:54] - 쇼핑몰 분류 동기화
[2016-12-13 01:04:54] - 택배사 동기화
[2016-12-13 01:04:54] - 자동 주문 취소
[2016-12-13 01:04:54] - 장바구니 비우기
[2016-12-13 01:04:54] - 자동 구매확정
[2016-12-13 01:04:54] - 티켓상품 유효기간 체크 판매중지
[2016-12-13 01:04:54] - 통계데이터 삭제
[2016-12-13 01:04:54] - email log 삭제
[2016-12-13 01:04:54] - log 삭제
[2016-12-13 01:04:54] - naverpay 삭제
[2016-12-13 01:04:54] - 임시 필수옵션 및 추가구성옵션 데이터 삭제
[2016-12-13 01:04:54] - 배송지테이블 누락데이터 생성
[2016-12-13 01:04:54] - 회원정보다운로드데이터 삭제
[2016-12-13 01:04:54] - 할인혜택 금액 저장
[2016-12-13 01:04:54] - 굿스플로 배송정보처리
[2016-12-13 01:04:54] - 고객리마인드 쿠폰
[2016-12-13 01:04:54] - 고객리마인드 적립금
[2016-12-13 01:04:54] - 고객리마인드 장바구니
[2016-12-13 01:04:54] - 고객리마인드 등급
[2016-12-13 01:04:54] - 고객리마인드 타임세일
[2016-12-13 01:04:54] - 고객리마인드 후기
[2016-12-13 01:04:54] - 고객리마인드 생일
[2016-12-13 01:04:54] - 고객리마인드 기념일
[2016-12-13 01:04:54] - 미입금 시 입금요청내용 문자발송
[2016-12-13 01:04:54] - 집계테이블 생성
[2016-12-13 01:04:54] - 유입경로 통계에 referer_domain 추가
[2016-12-13 01:04:54] - 오래된 파일 삭제
[2016-12-13 01:04:54] - 상품디스플레이 캐시 파일 삭제
[2016-12-13 01:04:54] - 플래시 캐시 파일 삭제
[2016-12-13 01:04:54] - 임시파일 삭제
[2016-12-13 01:04:54] - 사용 용량 업데이트
[2016-12-13 01:04:54] - 관리자 중요행위 알림 캐시파일 생성
[2016-12-13 01:04:54] - 휴면계정 고지 문자발송
[2016-12-13 01:04:56] - 상품 통계
[2016-12-14 00:10:57] - 입점마켓팅 다음EP 생성
[2016-12-14 00:10:57] - 입점마켓팅 네이버EP 2.0 생성
[2016-12-14 00:10:57] - 입점마켓팅 네이버EP 3.0 생성
[2016-12-14 00:10:57] - 입점마켓팅 리뷰EP 생성
[2016-12-14 01:04:51] - 회원 만료된 적립금 차감
[2016-12-14 01:04:51] - 회원 만료된 포인트 차감
[2016-12-14 01:04:51] - 쇼핑몰 분류 동기화
[2016-12-14 01:04:51] - 택배사 동기화
[2016-12-14 01:04:51] - 자동 주문 취소
[2016-12-14 01:04:51] - 장바구니 비우기
[2016-12-14 01:04:51] - 자동 구매확정
[2016-12-14 01:04:51] - 티켓상품 유효기간 체크 판매중지
[2016-12-14 01:04:51] - 티켓상품 자동 주문상태
[2016-12-14 01:04:51] - 통계데이터 삭제
[2016-12-14 01:04:51] - email log 삭제
[2016-12-14 01:04:51] - captcha 삭제
[2016-12-14 01:04:51] - naverpay 삭제
[2016-12-14 01:04:51] - 임시 필수옵션 및 추가구성옵션 데이터 삭제
[2016-12-14 01:04:51] - 배송지테이블 누락데이터 생성
[2016-12-14 01:04:51] - 회원정보다운로드데이터 삭제
[2016-12-14 01:04:51] - 할인혜택 금액 저장
[2016-12-14 01:04:51] - 굿스플로 배송정보처리
[2016-12-14 01:04:51] - 고객리마인드 쿠폰
[2016-12-14 01:04:51] - 고객리마인드 적립금
[2016-12-14 01:04:51] - 고객리마인드 장바구니
[2016-12-14 01:04:51] - 고객리마인드 회원등급
[2016-12-14 01:04:51] - 고객리마인드 타임세일
[2016-12-14 01:04:51] - 고객리마인드 후기
[2016-12-14 01:04:51] - 고객리마인드 생일
[2016-12-14 01:04:51] - 고객리마인드 기념일
[2016-12-14 01:04:51] - 미입금 시 입금요청내용 문자발송
[2016-12-14 01:04:51] - 집계테이블 생성
[2016-12-14 01:04:51] - 유입경로 통계에 referer_domain 추가
[2016-12-14 01:04:51] - 오래된 파일 삭제
[2016-12-14 01:04:51] - 상품디스플레이 캐시 파일 삭제
[2016-12-14 01:04:51] - 플래시 캐시 파일 삭제
[2016-12-14 01:04:51] - 임시파일 삭제
[2016-12-14 01:04:52] - 사용 용량 업데이트
[2016-12-14 01:04:52] - 관리자 중요행위 알림 캐시파일 생성
[2016-12-14 01:04:52] - 휴면계정 고지 문자발송
[2016-12-14 01:04:54] - 상품 통계
[2016-12-15 00:10:57] - 입점마켓팅 다음EP 생성
[2016-12-15 00:10:57] - 입점마켓팅 네이버EP 2.0 생성
[2016-12-15 00:10:57] - 입점마켓팅 네이버EP 3.0 생성
[2016-12-15 00:10:57] - 입점마켓팅 리뷰EP 생성
[2016-12-15 01:04:43] - 회원 만료된 적립금 차감
[2016-12-15 01:04:43] - 회원 만료된 포인트 차감
[2016-12-15 01:04:43] - 쇼핑몰 분류 동기화
[2016-12-15 01:04:43] - 택배사 동기화
[2016-12-15 01:04:43] - 자동 주문 취소
[2016-12-15 01:04:43] - 장바구니 비우기
[2016-12-15 01:04:43] - 자동 구매확정
[2016-12-15 01:04:43] - 티켓상품 유효기간 체크 판매중지
[2016-12-15 01:04:43] - 티켓상품 자동 주문상태
[2016-12-15 01:04:43] - 통계데이터 삭제
[2016-12-15 01:04:43] - email log 삭제
[2016-12-15 01:04:43] - captcha 삭제
[2016-12-15 01:04:43] - naverpay 삭제
[2016-12-15 01:04:43] - 임시 필수옵션 및 추가구성옵션 데이터 삭제
[2016-12-15 01:04:43] - 배송지테이블 누락데이터 생성
[2016-12-15 01:04:43] - 회원정보다운로드데이터 삭제
[2016-12-15 01:04:43] - 할인혜택 금액 저장
[2016-12-15 01:04:43] - 회원 자동 등급
[2016-12-15 01:04:43] - 굿스플로 배송정보처리
[2016-12-15 01:04:43] - 고객리마인드 쿠폰
[2016-12-15 01:04:43] - 고객리마인드 적립금
[2016-12-15 01:04:43] - 고객리마인드 장바구니
[2016-12-15 01:04:43] - 고객리마인드 회원등급
[2016-12-15 01:04:43] - 고객리마인드 타임세일
[2016-12-15 01:04:43] - 고객리마인드 후기
[2016-12-15 01:04:43] - 고객리마인드 생일
[2016-12-15 01:04:43] - 고객리마인드 기념일
[2016-12-15 01:04:43] - 미입금 시 입금요청내용 문자발송
[2016-12-15 01:04:43] - 집계테이블 생성
[2016-12-15 01:04:43] - 유입경로 통계에 referer_domain 추가
[2016-12-15 01:04:43] - 오래된 파일 삭제
[2016-12-15 01:04:43] - 상품디스플레이 캐시 파일 삭제
[2016-12-15 01:04:43] - 플래시 캐시 파일 삭제
[2016-12-15 01:04:43] - 임시파일 삭제
[2016-12-15 01:04:44] - 사용 용량 업데이트
[2016-12-15 01:04:44] - 관리자 중요행위 알림 캐시파일 생성
[2016-12-15 01:04:44] - 휴면계정 고지 문자발송
[2016-12-15 01:04:46] - 상품 통계
[2016-12-16 00:10:57] - 입점마켓팅 다음EP 생성
[2016-12-16 00:10:57] - 입점마켓팅 네이버EP 2.0 생성
[2016-12-16 00:10:57] - 입점마켓팅 네이버EP 3.0 생성
[2016-12-16 00:10:57] - 입점마켓팅 리뷰EP 생성
[2016-12-16 01:04:36] - 회원 만료된 적립금 차감
[2016-12-16 01:04:36] - 회원 만료된 포인트 차감
[2016-12-16 01:04:36] - 쇼핑몰 분류 동기화
[2016-12-16 01:04:36] - 택배사 동기화
[2016-12-16 01:04:36] - 자동 주문 취소
[2016-12-16 01:04:36] - 장바구니 비우기
[2016-12-16 01:04:36] - 자동 구매확정
[2016-12-16 01:04:36] - 티켓상품 유효기간 체크 판매중지
[2016-12-16 01:04:36] - 티켓상품 자동 주문상태
[2016-12-16 01:04:36] - 통계데이터 삭제
[2016-12-16 01:04:36] - email log 삭제
[2016-12-16 01:04:36] - captcha 삭제
[2016-12-16 01:04:36] - naverpay 삭제
[2016-12-16 01:04:36] - 임시 필수옵션 및 추가구성옵션 데이터 삭제
[2016-12-16 01:04:36] - 배송지테이블 누락데이터 생성
[2016-12-16 01:04:36] - 회원정보다운로드데이터 삭제
[2016-12-16 01:04:36] - 할인혜택 금액 저장
[2016-12-16 01:04:36] - 굿스플로 배송정보처리
[2016-12-16 01:04:36] - 고객리마인드 쿠폰
[2016-12-16 01:04:36] - 고객리마인드 적립금
[2016-12-16 01:04:36] - 고객리마인드 장바구니
[2016-12-16 01:04:36] - 고객리마인드 회원등급
[2016-12-16 01:04:36] - 고객리마인드 타임세일
[2016-12-16 01:04:36] - 고객리마인드 후기
[2016-12-16 01:04:36] - 고객리마인드 생일
[2016-12-16 01:04:36] - 고객리마인드 기념일
[2016-12-16 01:04:36] - 미입금 시 입금요청내용 문자발송
[2016-12-16 01:04:36] - 집계테이블 생성
[2016-12-16 01:04:36] - 유입경로 통계에 referer_domain 추가
[2016-12-16 01:04:36] - 오래된 파일 삭제
[2016-12-16 01:04:37] - 상품디스플레이 캐시 파일 삭제
[2016-12-16 01:04:37] - 플래시 캐시 파일 삭제
[2016-12-16 01:04:37] - 임시파일 삭제
[2016-12-16 01:04:37] - 사용 용량 업데이트
[2016-12-16 01:04:37] - 관리자 중요행위 알림 캐시파일 생성
[2016-12-16 01:04:37] - 휴면계정 고지 문자발송
[2016-12-16 01:04:39] - 상품 통계
[2016-12-17 00:10:58] - 입점마켓팅 다음EP 생성
[2016-12-17 00:10:58] - 입점마켓팅 네이버EP 2.0 생성
[2016-12-17 00:10:58] - 입점마켓팅 네이버EP 3.0 생성
[2016-12-17 00:10:58] - 입점마켓팅 리뷰EP 생성
[2016-12-17 01:04:51] - 회원 만료된 적립금 차감
[2016-12-17 01:04:51] - 회원 만료된 포인트 차감
[2016-12-17 01:04:51] - 쇼핑몰 분류 동기화
[2016-12-17 01:04:51] - 택배사 동기화
[2016-12-17 01:04:51] - 자동 주문 취소
[2016-12-17 01:04:51] - 장바구니 비우기
[2016-12-17 01:04:51] - 자동 구매확정
[2016-12-17 01:04:51] - 티켓상품 유효기간 체크 판매중지
[2016-12-17 01:04:51] - 티켓상품 자동 주문상태
[2016-12-17 01:04:51] - 통계데이터 삭제
[2016-12-17 01:04:51] - email log 삭제
[2016-12-17 01:04:51] - captcha 삭제
[2016-12-17 01:04:51] - naverpay 삭제
[2016-12-17 01:04:51] - 임시 필수옵션 및 추가구성옵션 데이터 삭제
[2016-12-17 01:04:51] - 배송지테이블 누락데이터 생성
[2016-12-17 01:04:51] - 회원정보다운로드데이터 삭제
[2016-12-17 01:04:51] - 할인혜택 금액 저장
[2016-12-17 01:04:51] - 굿스플로 배송정보처리
[2016-12-17 01:04:51] - 고객리마인드 쿠폰
[2016-12-17 01:04:51] - 고객리마인드 적립금
[2016-12-17 01:04:51] - 고객리마인드 장바구니
[2016-12-17 01:04:51] - 고객리마인드 회원등급
[2016-12-17 01:04:51] - 고객리마인드 타임세일
[2016-12-17 01:04:51] - 고객리마인드 후기
[2016-12-17 01:04:51] - 고객리마인드 생일
[2016-12-17 01:04:51] - 고객리마인드 기념일
[2016-12-17 01:04:51] - 미입금 시 입금요청내용 문자발송
[2016-12-17 01:04:51] - 집계테이블 생성
[2016-12-17 01:04:51] - 유입경로 통계에 referer_domain 추가
[2016-12-17 01:04:51] - 오래된 파일 삭제
[2016-12-17 01:04:51] - 상품디스플레이 캐시 파일 삭제
[2016-12-17 01:04:51] - 플래시 캐시 파일 삭제
[2016-12-17 01:04:51] - 임시파일 삭제
[2016-12-17 01:04:52] - 사용 용량 업데이트
[2016-12-17 01:04:52] - 관리자 중요행위 알림 캐시파일 생성
[2016-12-17 01:04:52] - 휴면계정 고지 문자발송
[2016-12-17 01:04:54] - 상품 통계
[2016-12-18 00:10:57] - 입점마켓팅 다음EP 생성
[2016-12-18 00:10:57] - 입점마켓팅 네이버EP 2.0 생성
[2016-12-18 00:10:57] - 입점마켓팅 네이버EP 3.0 생성
[2016-12-18 00:10:57] - 입점마켓팅 리뷰EP 생성
[2016-12-18 01:04:33] - 회원 만료된 적립금 차감
[2016-12-18 01:04:33] - 회원 만료된 포인트 차감
[2016-12-18 01:04:33] - 쇼핑몰 분류 동기화
[2016-12-18 01:04:33] - 택배사 동기화
[2016-12-18 01:04:33] - 자동 주문 취소
[2016-12-18 01:04:33] - 장바구니 비우기
[2016-12-18 01:04:33] - 자동 구매확정
[2016-12-18 01:04:33] - 티켓상품 유효기간 체크 판매중지
[2016-12-18 01:04:33] - 티켓상품 자동 주문상태
[2016-12-18 01:04:33] - 통계데이터 삭제
[2016-12-18 01:04:33] - email log 삭제
[2016-12-18 01:04:33] - captcha 삭제
[2016-12-18 01:04:33] - naverpay 삭제
[2016-12-18 01:04:33] - 임시 필수옵션 및 추가구성옵션 데이터 삭제
[2016-12-18 01:04:33] - 배송지테이블 누락데이터 생성
[2016-12-18 01:04:33] - 회원정보다운로드데이터 삭제
[2016-12-18 01:04:33] - 할인혜택 금액 저장
[2016-12-18 01:04:33] - 굿스플로 배송정보처리
[2016-12-18 01:04:33] - 고객리마인드 쿠폰
[2016-12-18 01:04:33] - 고객리마인드 적립금
[2016-12-18 01:04:33] - 고객리마인드 장바구니
[2016-12-18 01:04:33] - 고객리마인드 회원등급
[2016-12-18 01:04:33] - 고객리마인드 타임세일
[2016-12-18 01:04:33] - 고객리마인드 후기
[2016-12-18 01:04:33] - 고객리마인드 생일
[2016-12-18 01:04:33] - 고객리마인드 기념일
[2016-12-18 01:04:33] - 미입금 시 입금요청내용 문자발송
[2016-12-18 01:04:33] - 집계테이블 생성
[2016-12-18 01:04:33] - 유입경로 통계에 referer_domain 추가
[2016-12-18 01:04:33] - 오래된 파일 삭제
[2016-12-18 01:04:33] - 상품디스플레이 캐시 파일 삭제
[2016-12-18 01:04:33] - 플래시 캐시 파일 삭제
[2016-12-18 01:04:33] - 임시파일 삭제
[2016-12-18 01:04:34] - 사용 용량 업데이트
[2016-12-18 01:04:34] - 관리자 중요행위 알림 캐시파일 생성
[2016-12-18 01:04:34] - 휴면계정 고지 문자발송
[2016-12-18 01:04:36] - 상품 통계
[2016-12-19 00:10:59] - 입점마켓팅 다음EP 생성
[2016-12-19 00:10:59] - 입점마켓팅 네이버EP 2.0 생성
[2016-12-19 00:10:59] - 입점마켓팅 네이버EP 3.0 생성
[2016-12-19 00:10:59] - 입점마켓팅 리뷰EP 생성
[2016-12-19 01:04:46] - 회원 만료된 적립금 차감
[2016-12-19 01:04:46] - 회원 만료된 포인트 차감
[2016-12-19 01:04:46] - 쇼핑몰 분류 동기화
[2016-12-19 01:04:46] - 택배사 동기화
[2016-12-19 01:04:46] - 자동 주문 취소
[2016-12-19 01:04:46] - 장바구니 비우기
[2016-12-19 01:04:46] - 자동 구매확정
[2016-12-19 01:04:46] - 티켓상품 유효기간 체크 판매중지
[2016-12-19 01:04:46] - 티켓상품 자동 주문상태
[2016-12-19 01:04:46] - 통계데이터 삭제
[2016-12-19 01:04:46] - email log 삭제
[2016-12-19 01:04:46] - captcha 삭제
[2016-12-19 01:04:46] - naverpay 삭제
[2016-12-19 01:04:46] - 임시 필수옵션 및 추가구성옵션 데이터 삭제
[2016-12-19 01:04:46] - 배송지테이블 누락데이터 생성
[2016-12-19 01:04:46] - 회원정보다운로드데이터 삭제
[2016-12-19 01:04:46] - 할인혜택 금액 저장
[2016-12-19 01:04:46] - 굿스플로 배송정보처리
[2016-12-19 01:04:46] - 고객리마인드 쿠폰
[2016-12-19 01:04:46] - 고객리마인드 적립금
[2016-12-19 01:04:46] - 고객리마인드 장바구니
[2016-12-19 01:04:46] - 고객리마인드 회원등급
[2016-12-19 01:04:46] - 고객리마인드 타임세일
[2016-12-19 01:04:46] - 고객리마인드 후기
[2016-12-19 01:04:46] - 고객리마인드 생일
[2016-12-19 01:04:46] - 고객리마인드 기념일
[2016-12-19 01:04:46] - 미입금 시 입금요청내용 문자발송
[2016-12-19 01:04:46] - 집계테이블 생성
[2016-12-19 01:04:46] - 유입경로 통계에 referer_domain 추가
[2016-12-19 01:04:46] - 오래된 파일 삭제
[2016-12-19 01:04:47] - 상품디스플레이 캐시 파일 삭제
[2016-12-19 01:04:47] - 플래시 캐시 파일 삭제
[2016-12-19 01:04:47] - 임시파일 삭제
[2016-12-19 01:04:47] - 사용 용량 업데이트
[2016-12-19 01:04:47] - 관리자 중요행위 알림 캐시파일 생성
[2016-12-19 01:04:47] - 휴면계정 고지 문자발송
[2016-12-19 01:04:49] - 상품 통계
[2016-12-20 00:10:57] - 입점마켓팅 다음EP 생성
[2016-12-20 00:10:57] - 입점마켓팅 네이버EP 2.0 생성
[2016-12-20 00:10:57] - 입점마켓팅 네이버EP 3.0 생성
[2016-12-20 00:10:57] - 입점마켓팅 리뷰EP 생성
[2016-12-20 01:04:49] - 회원 만료된 적립금 차감
[2016-12-20 01:04:49] - 회원 만료된 포인트 차감
[2016-12-20 01:04:49] - 쇼핑몰 분류 동기화
[2016-12-20 01:04:49] - 택배사 동기화
[2016-12-20 01:04:50] - 자동 주문 취소
[2016-12-20 01:04:50] - 장바구니 비우기
[2016-12-20 01:04:50] - 자동 구매확정
[2016-12-20 01:04:50] - 티켓상품 유효기간 체크 판매중지
[2016-12-20 01:04:50] - 티켓상품 자동 주문상태
[2016-12-20 01:04:50] - 통계데이터 삭제
[2016-12-20 01:04:50] - email log 삭제
[2016-12-20 01:04:50] - captcha 삭제
[2016-12-20 01:04:50] - naverpay 삭제
[2016-12-20 01:04:50] - 임시 필수옵션 및 추가구성옵션 데이터 삭제
[2016-12-20 01:04:50] - 배송지테이블 누락데이터 생성
[2016-12-20 01:04:50] - 회원정보다운로드데이터 삭제
[2016-12-20 01:04:50] - 할인혜택 금액 저장
[2016-12-20 01:04:50] - 굿스플로 배송정보처리
[2016-12-20 01:04:50] - 고객리마인드 쿠폰
[2016-12-20 01:04:50] - 고객리마인드 적립금
[2016-12-20 01:04:50] - 고객리마인드 장바구니
[2016-12-20 01:04:50] - 고객리마인드 회원등급
[2016-12-20 01:04:50] - 고객리마인드 타임세일
[2016-12-20 01:04:50] - 고객리마인드 후기
[2016-12-20 01:04:50] - 고객리마인드 생일
[2016-12-20 01:04:50] - 고객리마인드 기념일
[2016-12-20 01:04:50] - 미입금 시 입금요청내용 문자발송
[2016-12-20 01:04:50] - 집계테이블 생성
[2016-12-20 01:04:50] - 유입경로 통계에 referer_domain 추가
[2016-12-20 01:04:50] - 오래된 파일 삭제
[2016-12-20 01:04:50] - 상품디스플레이 캐시 파일 삭제
[2016-12-20 01:04:50] - 플래시 캐시 파일 삭제
[2016-12-20 01:04:50] - 임시파일 삭제
[2016-12-20 01:04:50] - 사용 용량 업데이트
[2016-12-20 01:04:50] - 관리자 중요행위 알림 캐시파일 생성
[2016-12-20 01:04:50] - 휴면계정 고지 문자발송
[2016-12-20 01:04:52] - 상품 통계
[2016-12-21 00:10:58] - 입점마켓팅 다음EP 생성
[2016-12-21 00:10:58] - 입점마켓팅 네이버EP 2.0 생성
[2016-12-21 00:10:58] - 입점마켓팅 네이버EP 3.0 생성
[2016-12-21 00:10:58] - 입점마켓팅 리뷰EP 생성
[2016-12-21 01:04:52] - 회원 만료된 적립금 차감
[2016-12-21 01:04:52] - 회원 만료된 포인트 차감
[2016-12-21 01:04:52] - 쇼핑몰 분류 동기화
[2016-12-21 01:04:52] - 택배사 동기화
[2016-12-21 01:04:52] - 자동 주문 취소
[2016-12-21 01:04:52] - 장바구니 비우기
[2016-12-21 01:04:52] - 자동 구매확정
[2016-12-21 01:04:52] - 티켓상품 유효기간 체크 판매중지
[2016-12-21 01:04:52] - 티켓상품 자동 주문상태
[2016-12-21 01:04:53] - 통계데이터 삭제
[2016-12-21 01:04:53] - email log 삭제
[2016-12-21 01:04:53] - captcha 삭제
[2016-12-21 01:04:53] - naverpay 삭제
[2016-12-21 01:04:53] - 임시 필수옵션 및 추가구성옵션 데이터 삭제
[2016-12-21 01:04:53] - 배송지테이블 누락데이터 생성
[2016-12-21 01:04:53] - 회원정보다운로드데이터 삭제
[2016-12-21 01:04:53] - 할인혜택 금액 저장
[2016-12-21 01:04:53] - 굿스플로 배송정보처리
[2016-12-21 01:04:53] - 고객리마인드 쿠폰
[2016-12-21 01:04:53] - 고객리마인드 적립금
[2016-12-21 01:04:53] - 고객리마인드 장바구니
[2016-12-21 01:04:53] - 고객리마인드 회원등급
[2016-12-21 01:04:53] - 고객리마인드 타임세일
[2016-12-21 01:04:53] - 고객리마인드 후기
[2016-12-21 01:04:53] - 고객리마인드 생일
[2016-12-21 01:04:53] - 고객리마인드 기념일
[2016-12-21 01:04:53] - 미입금 시 입금요청내용 문자발송
[2016-12-21 01:04:53] - 집계테이블 생성
[2016-12-21 01:04:53] - 유입경로 통계에 referer_domain 추가
[2016-12-21 01:04:53] - 오래된 파일 삭제
[2016-12-21 01:04:53] - 상품디스플레이 캐시 파일 삭제
[2016-12-21 01:04:53] - 플래시 캐시 파일 삭제
[2016-12-21 01:04:53] - 임시파일 삭제
[2016-12-21 01:04:53] - 사용 용량 업데이트
[2016-12-21 01:04:53] - 관리자 중요행위 알림 캐시파일 생성
[2016-12-21 01:04:53] - 휴면계정 고지 문자발송
[2016-12-21 01:04:56] - 상품 통계
[2016-12-22 00:10:59] - 입점마켓팅 다음EP 생성
[2016-12-22 00:10:59] - 입점마켓팅 네이버EP 2.0 생성
[2016-12-22 00:10:59] - 입점마켓팅 네이버EP 3.0 생성
[2016-12-22 00:10:59] - 입점마켓팅 리뷰EP 생성
[2016-12-22 01:04:41] - 회원 만료된 적립금 차감
[2016-12-22 01:04:41] - 회원 만료된 포인트 차감
[2016-12-22 01:04:41] - 쇼핑몰 분류 동기화
[2016-12-22 01:04:41] - 택배사 동기화
[2016-12-22 01:04:41] - 자동 주문 취소
[2016-12-22 01:04:41] - 장바구니 비우기
[2016-12-22 01:04:41] - 자동 구매확정
[2016-12-22 01:04:41] - 티켓상품 유효기간 체크 판매중지
[2016-12-22 01:04:41] - 티켓상품 자동 주문상태
[2016-12-22 01:04:41] - 통계데이터 삭제
[2016-12-22 01:04:41] - email log 삭제
[2016-12-22 01:04:41] - captcha 삭제
[2016-12-22 01:04:41] - naverpay 삭제
[2016-12-22 01:04:41] - 임시 필수옵션 및 추가구성옵션 데이터 삭제
[2016-12-22 01:04:41] - 배송지테이블 누락데이터 생성
[2016-12-22 01:04:41] - 회원정보다운로드데이터 삭제
[2016-12-22 01:04:41] - 할인혜택 금액 저장
[2016-12-22 01:04:41] - 굿스플로 배송정보처리
[2016-12-22 01:04:41] - 고객리마인드 쿠폰
[2016-12-22 01:04:41] - 고객리마인드 적립금
[2016-12-22 01:04:41] - 고객리마인드 장바구니
[2016-12-22 01:04:41] - 고객리마인드 회원등급
[2016-12-22 01:04:41] - 고객리마인드 타임세일
[2016-12-22 01:04:41] - 고객리마인드 후기
[2016-12-22 01:04:41] - 고객리마인드 생일
[2016-12-22 01:04:41] - 고객리마인드 기념일
[2016-12-22 01:04:41] - 미입금 시 입금요청내용 문자발송
[2016-12-22 01:04:41] - 집계테이블 생성
[2016-12-22 01:04:41] - 유입경로 통계에 referer_domain 추가
[2016-12-22 01:04:41] - 오래된 파일 삭제
[2016-12-22 01:04:41] - 상품디스플레이 캐시 파일 삭제
[2016-12-22 01:04:41] - 플래시 캐시 파일 삭제
[2016-12-22 01:04:41] - 임시파일 삭제
[2016-12-22 01:04:41] - 사용 용량 업데이트
[2016-12-22 01:04:41] - 관리자 중요행위 알림 캐시파일 생성
[2016-12-22 01:04:42] - 휴면계정 고지 문자발송
[2016-12-22 01:04:44] - 상품 통계
[2016-12-23 00:10:58] - 입점마켓팅 다음EP 생성
[2016-12-23 00:10:58] - 입점마켓팅 네이버EP 2.0 생성
[2016-12-23 00:10:58] - 입점마켓팅 네이버EP 3.0 생성
[2016-12-23 00:10:58] - 입점마켓팅 리뷰EP 생성
[2016-12-23 01:04:25] - 회원 만료된 적립금 차감
[2016-12-23 01:04:25] - 회원 만료된 포인트 차감
[2016-12-23 01:04:25] - 쇼핑몰 분류 동기화
[2016-12-23 01:04:25] - 택배사 동기화
[2016-12-23 01:04:25] - 자동 주문 취소
[2016-12-23 01:04:25] - 장바구니 비우기
[2016-12-23 01:04:25] - 자동 구매확정
[2016-12-23 01:04:25] - 티켓상품 유효기간 체크 판매중지
[2016-12-23 01:04:25] - 티켓상품 자동 주문상태
[2016-12-23 01:04:25] - 통계데이터 삭제
[2016-12-23 01:04:25] - email log 삭제
[2016-12-23 01:04:25] - captcha 삭제
[2016-12-23 01:04:25] - naverpay 삭제
[2016-12-23 01:04:25] - 임시 필수옵션 및 추가구성옵션 데이터 삭제
[2016-12-23 01:04:25] - 배송지테이블 누락데이터 생성
[2016-12-23 01:04:25] - 회원정보다운로드데이터 삭제
[2016-12-23 01:04:25] - 할인혜택 금액 저장
[2016-12-23 01:04:25] - 굿스플로 배송정보처리
[2016-12-23 01:04:25] - 고객리마인드 쿠폰
[2016-12-23 01:04:25] - 고객리마인드 적립금
[2016-12-23 01:04:25] - 고객리마인드 장바구니
[2016-12-23 01:04:25] - 고객리마인드 회원등급
[2016-12-23 01:04:25] - 고객리마인드 타임세일
[2016-12-23 01:04:25] - 고객리마인드 후기
[2016-12-23 01:04:25] - 고객리마인드 생일
[2016-12-23 01:04:25] - 고객리마인드 기념일
[2016-12-23 01:04:25] - 미입금 시 입금요청내용 문자발송
[2016-12-23 01:04:25] - 집계테이블 생성
[2016-12-23 01:04:25] - 유입경로 통계에 referer_domain 추가
[2016-12-23 01:04:25] - 오래된 파일 삭제
[2016-12-23 01:04:25] - 상품디스플레이 캐시 파일 삭제
[2016-12-23 01:04:25] - 플래시 캐시 파일 삭제
[2016-12-23 01:04:25] - 임시파일 삭제
[2016-12-23 01:04:25] - 사용 용량 업데이트
[2016-12-23 01:04:25] - 관리자 중요행위 알림 캐시파일 생성
[2016-12-23 01:04:25] - 휴면계정 고지 문자발송
[2016-12-23 01:04:28] - 상품 통계
[2016-12-24 00:10:58] - 입점마켓팅 다음EP 생성
[2016-12-24 00:10:58] - 입점마켓팅 네이버EP 2.0 생성
[2016-12-24 00:10:58] - 입점마켓팅 네이버EP 3.0 생성
[2016-12-24 00:10:58] - 입점마켓팅 리뷰EP 생성
[2016-12-24 01:04:32] - 회원 만료된 적립금 차감
[2016-12-24 01:04:32] - 회원 만료된 포인트 차감
[2016-12-24 01:04:32] - 쇼핑몰 분류 동기화
[2016-12-24 01:04:33] - 택배사 동기화
[2016-12-24 01:04:33] - 자동 주문 취소
[2016-12-24 01:04:33] - 장바구니 비우기
[2016-12-24 01:04:33] - 자동 구매확정
[2016-12-24 01:04:33] - 티켓상품 유효기간 체크 판매중지
[2016-12-24 01:04:33] - 티켓상품 자동 주문상태
[2016-12-24 01:04:33] - 통계데이터 삭제
[2016-12-24 01:04:33] - email log 삭제
[2016-12-24 01:04:33] - captcha 삭제
[2016-12-24 01:04:33] - naverpay 삭제
[2016-12-24 01:04:33] - 임시 필수옵션 및 추가구성옵션 데이터 삭제
[2016-12-24 01:04:33] - 배송지테이블 누락데이터 생성
[2016-12-24 01:04:33] - 회원정보다운로드데이터 삭제
[2016-12-24 01:04:33] - 할인혜택 금액 저장
[2016-12-24 01:04:33] - 굿스플로 배송정보처리
[2016-12-24 01:04:33] - 고객리마인드 쿠폰
[2016-12-24 01:04:33] - 고객리마인드 적립금
[2016-12-24 01:04:33] - 고객리마인드 장바구니
[2016-12-24 01:04:33] - 고객리마인드 회원등급
[2016-12-24 01:04:33] - 고객리마인드 타임세일
[2016-12-24 01:04:33] - 고객리마인드 후기
[2016-12-24 01:04:33] - 고객리마인드 생일
[2016-12-24 01:04:33] - 고객리마인드 기념일
[2016-12-24 01:04:33] - 미입금 시 입금요청내용 문자발송
[2016-12-24 01:04:33] - 집계테이블 생성
[2016-12-24 01:04:33] - 유입경로 통계에 referer_domain 추가
[2016-12-24 01:04:33] - 오래된 파일 삭제
[2016-12-24 01:04:33] - 상품디스플레이 캐시 파일 삭제
[2016-12-24 01:04:33] - 플래시 캐시 파일 삭제
[2016-12-24 01:04:33] - 임시파일 삭제
[2016-12-24 01:04:33] - 사용 용량 업데이트
[2016-12-24 01:04:33] - 관리자 중요행위 알림 캐시파일 생성
[2016-12-24 01:04:34] - 휴면계정 고지 문자발송
[2016-12-24 01:04:36] - 상품 통계
[2016-12-25 00:10:58] - 입점마켓팅 다음EP 생성
[2016-12-25 00:10:58] - 입점마켓팅 네이버EP 2.0 생성
[2016-12-25 00:10:58] - 입점마켓팅 네이버EP 3.0 생성
[2016-12-25 00:10:58] - 입점마켓팅 리뷰EP 생성
[2016-12-25 01:04:42] - 회원 만료된 적립금 차감
[2016-12-25 01:04:42] - 회원 만료된 포인트 차감
[2016-12-25 01:04:42] - 쇼핑몰 분류 동기화
[2016-12-25 01:04:42] - 택배사 동기화
[2016-12-25 01:04:42] - 자동 주문 취소
[2016-12-25 01:04:42] - 장바구니 비우기
[2016-12-25 01:04:42] - 자동 구매확정
[2016-12-25 01:04:42] - 티켓상품 유효기간 체크 판매중지
[2016-12-25 01:04:42] - 티켓상품 자동 주문상태
[2016-12-25 01:04:42] - 통계데이터 삭제
[2016-12-25 01:04:42] - email log 삭제
[2016-12-25 01:04:42] - captcha 삭제
[2016-12-25 01:04:42] - naverpay 삭제
[2016-12-25 01:04:42] - 임시 필수옵션 및 추가구성옵션 데이터 삭제
[2016-12-25 01:04:42] - 배송지테이블 누락데이터 생성
[2016-12-25 01:04:42] - 회원정보다운로드데이터 삭제
[2016-12-25 01:04:42] - 할인혜택 금액 저장
[2016-12-25 01:04:42] - 굿스플로 배송정보처리
[2016-12-25 01:04:42] - 고객리마인드 쿠폰
[2016-12-25 01:04:42] - 고객리마인드 적립금
[2016-12-25 01:04:42] - 고객리마인드 장바구니
[2016-12-25 01:04:42] - 고객리마인드 회원등급
[2016-12-25 01:04:42] - 고객리마인드 타임세일
[2016-12-25 01:04:42] - 고객리마인드 후기
[2016-12-25 01:04:42] - 고객리마인드 생일
[2016-12-25 01:04:42] - 고객리마인드 기념일
[2016-12-25 01:04:42] - 미입금 시 입금요청내용 문자발송
[2016-12-25 01:04:42] - 집계테이블 생성
[2016-12-25 01:04:42] - 유입경로 통계에 referer_domain 추가
[2016-12-25 01:04:42] - 오래된 파일 삭제
[2016-12-25 01:04:42] - 상품디스플레이 캐시 파일 삭제
[2016-12-25 01:04:42] - 플래시 캐시 파일 삭제
[2016-12-25 01:04:42] - 임시파일 삭제
[2016-12-25 01:04:43] - 사용 용량 업데이트
[2016-12-25 01:04:43] - 관리자 중요행위 알림 캐시파일 생성
[2016-12-25 01:04:44] - 휴면계정 고지 문자발송
[2016-12-25 01:04:46] - 상품 통계
[2016-12-26 00:10:59] - 입점마켓팅 다음EP 생성
[2016-12-26 00:10:59] - 입점마켓팅 네이버EP 2.0 생성
[2016-12-26 00:10:59] - 입점마켓팅 네이버EP 3.0 생성
[2016-12-26 00:10:59] - 입점마켓팅 리뷰EP 생성
[2016-12-26 01:05:09] - 회원 만료된 적립금 차감
[2016-12-26 01:05:09] - 회원 만료된 포인트 차감
[2016-12-26 01:05:09] - 쇼핑몰 분류 동기화
[2016-12-26 01:05:09] - 택배사 동기화
[2016-12-26 01:05:09] - 자동 주문 취소
[2016-12-26 01:05:09] - 장바구니 비우기
[2016-12-26 01:05:09] - 자동 구매확정
[2016-12-26 01:05:09] - 티켓상품 유효기간 체크 판매중지
[2016-12-26 01:05:09] - 티켓상품 자동 주문상태
[2016-12-26 01:05:09] - 통계데이터 삭제
[2016-12-26 01:05:09] - email log 삭제
[2016-12-26 01:05:09] - captcha 삭제
[2016-12-26 01:05:09] - naverpay 삭제
[2016-12-26 01:05:09] - 임시 필수옵션 및 추가구성옵션 데이터 삭제
[2016-12-26 01:05:09] - 배송지테이블 누락데이터 생성
[2016-12-26 01:05:09] - 회원정보다운로드데이터 삭제
[2016-12-26 01:05:09] - 할인혜택 금액 저장
[2016-12-26 01:05:09] - 굿스플로 배송정보처리
[2016-12-26 01:05:09] - 고객리마인드 쿠폰
[2016-12-26 01:05:09] - 고객리마인드 적립금
[2016-12-26 01:05:09] - 고객리마인드 장바구니
[2016-12-26 01:05:09] - 고객리마인드 회원등급
[2016-12-26 01:05:09] - 고객리마인드 타임세일
[2016-12-26 01:05:09] - 고객리마인드 후기
[2016-12-26 01:05:09] - 고객리마인드 생일
[2016-12-26 01:05:09] - 고객리마인드 기념일
[2016-12-26 01:05:09] - 미입금 시 입금요청내용 문자발송
[2016-12-26 01:05:09] - 집계테이블 생성
[2016-12-26 01:05:09] - 유입경로 통계에 referer_domain 추가
[2016-12-26 01:05:09] - 오래된 파일 삭제
[2016-12-26 01:05:09] - 상품디스플레이 캐시 파일 삭제
[2016-12-26 01:05:09] - 플래시 캐시 파일 삭제
[2016-12-26 01:05:09] - 임시파일 삭제
[2016-12-26 01:05:10] - 사용 용량 업데이트
[2016-12-26 01:05:10] - 관리자 중요행위 알림 캐시파일 생성
[2016-12-26 01:05:10] - 휴면계정 고지 문자발송
[2016-12-26 01:05:12] - 상품 통계
[2016-12-27 00:10:59] - 입점마켓팅 다음EP 생성
[2016-12-27 00:10:59] - 입점마켓팅 네이버EP 2.0 생성
[2016-12-27 00:10:59] - 입점마켓팅 네이버EP 3.0 생성
[2016-12-27 00:10:59] - 입점마켓팅 리뷰EP 생성
[2016-12-27 01:04:27] - 회원 만료된 적립금 차감
[2016-12-27 01:04:27] - 회원 만료된 포인트 차감
[2016-12-27 01:04:27] - 쇼핑몰 분류 동기화
[2016-12-27 01:04:27] - 택배사 동기화
[2016-12-27 01:04:27] - 자동 주문 취소
[2016-12-27 01:04:27] - 장바구니 비우기
[2016-12-27 01:04:27] - 자동 구매확정
[2016-12-27 01:04:27] - 티켓상품 유효기간 체크 판매중지
[2016-12-27 01:04:27] - 티켓상품 자동 주문상태
[2016-12-27 01:04:27] - 통계데이터 삭제
[2016-12-27 01:04:27] - email log 삭제
[2016-12-27 01:04:27] - captcha 삭제
[2016-12-27 01:04:27] - naverpay 삭제
[2016-12-27 01:04:27] - 임시 필수옵션 및 추가구성옵션 데이터 삭제
[2016-12-27 01:04:27] - 배송지테이블 누락데이터 생성
[2016-12-27 01:04:27] - 회원정보다운로드데이터 삭제
[2016-12-27 01:04:27] - 할인혜택 금액 저장
[2016-12-27 01:04:27] - 굿스플로 배송정보처리
[2016-12-27 01:04:27] - 고객리마인드 쿠폰
[2016-12-27 01:04:27] - 고객리마인드 적립금
[2016-12-27 01:04:27] - 고객리마인드 장바구니
[2016-12-27 01:04:27] - 고객리마인드 회원등급
[2016-12-27 01:04:27] - 고객리마인드 타임세일
[2016-12-27 01:04:27] - 고객리마인드 후기
[2016-12-27 01:04:27] - 고객리마인드 생일
[2016-12-27 01:04:27] - 고객리마인드 기념일
[2016-12-27 01:04:27] - 미입금 시 입금요청내용 문자발송
[2016-12-27 01:04:27] - 집계테이블 생성
[2016-12-27 01:04:27] - 유입경로 통계에 referer_domain 추가
[2016-12-27 01:04:27] - 오래된 파일 삭제
[2016-12-27 01:04:27] - 상품디스플레이 캐시 파일 삭제
[2016-12-27 01:04:27] - 플래시 캐시 파일 삭제
[2016-12-27 01:04:27] - 임시파일 삭제
[2016-12-27 01:04:27] - 사용 용량 업데이트
[2016-12-27 01:04:27] - 관리자 중요행위 알림 캐시파일 생성
[2016-12-27 01:04:28] - 휴면계정 고지 문자발송
[2016-12-27 01:04:30] - 상품 통계
[2016-12-28 00:10:59] - 입점마켓팅 다음EP 생성
[2016-12-28 00:10:59] - 입점마켓팅 네이버EP 2.0 생성
[2016-12-28 00:10:59] - 입점마켓팅 네이버EP 3.0 생성
[2016-12-28 00:10:59] - 입점마켓팅 리뷰EP 생성
[2016-12-28 01:04:34] - 회원 만료된 적립금 차감
[2016-12-28 01:04:34] - 회원 만료된 포인트 차감
[2016-12-28 01:04:34] - 쇼핑몰 분류 동기화
[2016-12-28 01:04:34] - 택배사 동기화
[2016-12-28 01:04:34] - 자동 주문 취소
[2016-12-28 01:04:34] - 장바구니 비우기
[2016-12-28 01:04:34] - 자동 구매확정
[2016-12-28 01:04:34] - 티켓상품 유효기간 체크 판매중지
[2016-12-28 01:04:34] - 티켓상품 자동 주문상태
[2016-12-28 01:04:34] - 통계데이터 삭제
[2016-12-28 01:04:34] - email log 삭제
[2016-12-28 01:04:34] - captcha 삭제
[2016-12-28 01:04:34] - naverpay 삭제
[2016-12-28 01:04:34] - 임시 필수옵션 및 추가구성옵션 데이터 삭제
[2016-12-28 01:04:34] - 배송지테이블 누락데이터 생성
[2016-12-28 01:04:34] - 회원정보다운로드데이터 삭제
[2016-12-28 01:04:34] - 할인혜택 금액 저장
[2016-12-28 01:04:34] - 굿스플로 배송정보처리
[2016-12-28 01:04:34] - 고객리마인드 쿠폰
[2016-12-28 01:04:34] - 고객리마인드 적립금
[2016-12-28 01:04:34] - 고객리마인드 장바구니
[2016-12-28 01:04:34] - 고객리마인드 회원등급
[2016-12-28 01:04:34] - 고객리마인드 타임세일
[2016-12-28 01:04:34] - 고객리마인드 후기
[2016-12-28 01:04:34] - 고객리마인드 생일
[2016-12-28 01:04:34] - 고객리마인드 기념일
[2016-12-28 01:04:34] - 미입금 시 입금요청내용 문자발송
[2016-12-28 01:04:34] - 집계테이블 생성
[2016-12-28 01:04:34] - 유입경로 통계에 referer_domain 추가
[2016-12-28 01:04:34] - 오래된 파일 삭제
[2016-12-28 01:04:34] - 상품디스플레이 캐시 파일 삭제
[2016-12-28 01:04:34] - 플래시 캐시 파일 삭제
[2016-12-28 01:04:34] - 임시파일 삭제
[2016-12-28 01:04:35] - 사용 용량 업데이트
[2016-12-28 01:04:35] - 관리자 중요행위 알림 캐시파일 생성
[2016-12-28 01:04:35] - 휴면계정 고지 문자발송
[2016-12-28 01:04:37] - 상품 통계
[2016-12-29 00:11:00] - 입점마켓팅 다음EP 생성
[2016-12-29 00:11:00] - 입점마켓팅 네이버EP 2.0 생성
[2016-12-29 00:11:00] - 입점마켓팅 네이버EP 3.0 생성
[2016-12-29 00:11:00] - 입점마켓팅 리뷰EP 생성
[2016-12-29 01:04:38] - 회원 만료된 적립금 차감
[2016-12-29 01:04:38] - 회원 만료된 포인트 차감
[2016-12-29 01:04:38] - 쇼핑몰 분류 동기화
[2016-12-29 01:04:38] - 택배사 동기화
[2016-12-29 01:04:38] - 자동 주문 취소
[2016-12-29 01:04:38] - 장바구니 비우기
[2016-12-29 01:04:38] - 자동 구매확정
[2016-12-29 01:04:38] - 티켓상품 유효기간 체크 판매중지
[2016-12-29 01:04:38] - 티켓상품 자동 주문상태
[2016-12-29 01:04:38] - 통계데이터 삭제
[2016-12-29 01:04:38] - email log 삭제
[2016-12-29 01:04:38] - captcha 삭제
[2016-12-29 01:04:38] - naverpay 삭제
[2016-12-29 01:04:38] - 임시 필수옵션 및 추가구성옵션 데이터 삭제
[2016-12-29 01:04:38] - 배송지테이블 누락데이터 생성
[2016-12-29 01:04:38] - 회원정보다운로드데이터 삭제
[2016-12-29 01:04:38] - 할인혜택 금액 저장
[2016-12-29 01:04:38] - 굿스플로 배송정보처리
[2016-12-29 01:04:38] - 고객리마인드 쿠폰
[2016-12-29 01:04:38] - 고객리마인드 적립금
[2016-12-29 01:04:38] - 고객리마인드 장바구니
[2016-12-29 01:04:38] - 고객리마인드 회원등급
[2016-12-29 01:04:38] - 고객리마인드 타임세일
[2016-12-29 01:04:38] - 고객리마인드 후기
[2016-12-29 01:04:38] - 고객리마인드 생일
[2016-12-29 01:04:38] - 고객리마인드 기념일
[2016-12-29 01:04:38] - 미입금 시 입금요청내용 문자발송
[2016-12-29 01:04:38] - 집계테이블 생성
[2016-12-29 01:04:38] - 유입경로 통계에 referer_domain 추가
[2016-12-29 01:04:38] - 오래된 파일 삭제
[2016-12-29 01:04:38] - 상품디스플레이 캐시 파일 삭제
[2016-12-29 01:04:38] - 플래시 캐시 파일 삭제
[2016-12-29 01:04:38] - 임시파일 삭제
[2016-12-29 01:04:39] - 사용 용량 업데이트
[2016-12-29 01:04:39] - 관리자 중요행위 알림 캐시파일 생성
[2016-12-29 01:04:39] - 휴면계정 고지 문자발송
[2016-12-29 01:04:41] - 상품 통계
[2016-12-30 00:10:59] - 입점마켓팅 다음EP 생성
[2016-12-30 00:10:59] - 입점마켓팅 네이버EP 2.0 생성
[2016-12-30 00:10:59] - 입점마켓팅 네이버EP 3.0 생성
[2016-12-30 00:10:59] - 입점마켓팅 리뷰EP 생성
[2016-12-30 01:04:46] - 회원 만료된 적립금 차감
[2016-12-30 01:04:46] - 회원 만료된 포인트 차감
[2016-12-30 01:04:46] - 쇼핑몰 분류 동기화
[2016-12-30 01:04:46] - 택배사 동기화
[2016-12-30 01:04:46] - 자동 주문 취소
[2016-12-30 01:04:46] - 장바구니 비우기
[2016-12-30 01:04:46] - 자동 구매확정
[2016-12-30 01:04:46] - 티켓상품 유효기간 체크 판매중지
[2016-12-30 01:04:46] - 티켓상품 자동 주문상태
[2016-12-30 01:04:46] - 통계데이터 삭제
[2016-12-30 01:04:46] - email log 삭제
[2016-12-30 01:04:46] - captcha 삭제
[2016-12-30 01:04:46] - naverpay 삭제
[2016-12-30 01:04:46] - 임시 필수옵션 및 추가구성옵션 데이터 삭제
[2016-12-30 01:04:46] - 배송지테이블 누락데이터 생성
[2016-12-30 01:04:46] - 회원정보다운로드데이터 삭제
[2016-12-30 01:04:46] - 할인혜택 금액 저장
[2016-12-30 01:04:46] - 굿스플로 배송정보처리
[2016-12-30 01:04:46] - 고객리마인드 쿠폰
[2016-12-30 01:04:46] - 고객리마인드 적립금
[2016-12-30 01:04:46] - 고객리마인드 장바구니
[2016-12-30 01:04:46] - 고객리마인드 회원등급
[2016-12-30 01:04:46] - 고객리마인드 타임세일
[2016-12-30 01:04:46] - 고객리마인드 후기
[2016-12-30 01:04:46] - 고객리마인드 생일
[2016-12-30 01:04:46] - 고객리마인드 기념일
[2016-12-30 01:04:46] - 미입금 시 입금요청내용 문자발송
[2016-12-30 01:04:46] - 집계테이블 생성
[2016-12-30 01:04:46] - 유입경로 통계에 referer_domain 추가
[2016-12-30 01:04:46] - 오래된 파일 삭제
[2016-12-30 01:04:46] - 상품디스플레이 캐시 파일 삭제
[2016-12-30 01:04:46] - 플래시 캐시 파일 삭제
[2016-12-30 01:04:46] - 임시파일 삭제
[2016-12-30 01:04:46] - 사용 용량 업데이트
[2016-12-30 01:04:46] - 관리자 중요행위 알림 캐시파일 생성
[2016-12-30 01:04:46] - 휴면계정 고지 문자발송
[2016-12-30 01:04:49] - 상품 통계
[2016-12-31 00:10:59] - 입점마켓팅 다음EP 생성
[2016-12-31 00:10:59] - 입점마켓팅 네이버EP 2.0 생성
[2016-12-31 00:10:59] - 입점마켓팅 네이버EP 3.0 생성
[2016-12-31 00:10:59] - 입점마켓팅 리뷰EP 생성
[2016-12-31 01:04:54] - 회원 만료된 적립금 차감
[2016-12-31 01:04:54] - 회원 만료된 포인트 차감
[2016-12-31 01:04:54] - 쇼핑몰 분류 동기화
[2016-12-31 01:04:54] - 택배사 동기화
[2016-12-31 01:04:54] - 자동 주문 취소
[2016-12-31 01:04:54] - 장바구니 비우기
[2016-12-31 01:04:54] - 자동 구매확정
[2016-12-31 01:04:54] - 티켓상품 유효기간 체크 판매중지
[2016-12-31 01:04:54] - 티켓상품 자동 주문상태
[2016-12-31 01:04:55] - 통계데이터 삭제
[2016-12-31 01:04:55] - email log 삭제
[2016-12-31 01:04:55] - captcha 삭제
[2016-12-31 01:04:55] - naverpay 삭제
[2016-12-31 01:04:55] - 임시 필수옵션 및 추가구성옵션 데이터 삭제
[2016-12-31 01:04:55] - 배송지테이블 누락데이터 생성
[2016-12-31 01:04:55] - 회원정보다운로드데이터 삭제
[2016-12-31 01:04:55] - 할인혜택 금액 저장
[2016-12-31 01:04:55] - 굿스플로 배송정보처리
[2016-12-31 01:04:55] - 고객리마인드 쿠폰
[2016-12-31 01:04:55] - 고객리마인드 적립금
[2016-12-31 01:04:55] - 고객리마인드 장바구니
[2016-12-31 01:04:55] - 고객리마인드 회원등급
[2016-12-31 01:04:55] - 고객리마인드 타임세일
[2016-12-31 01:04:55] - 고객리마인드 후기
[2016-12-31 01:04:55] - 고객리마인드 생일
[2016-12-31 01:04:55] - 고객리마인드 기념일
[2016-12-31 01:04:55] - 미입금 시 입금요청내용 문자발송
[2016-12-31 01:04:55] - 집계테이블 생성
[2016-12-31 01:04:55] - 유입경로 통계에 referer_domain 추가
[2016-12-31 01:04:55] - 오래된 파일 삭제
[2016-12-31 01:04:55] - 상품디스플레이 캐시 파일 삭제
[2016-12-31 01:04:55] - 플래시 캐시 파일 삭제
[2016-12-31 01:04:55] - 임시파일 삭제
[2016-12-31 01:04:55] - 사용 용량 업데이트
[2016-12-31 01:04:55] - 관리자 중요행위 알림 캐시파일 생성
[2016-12-31 01:04:55] - 휴면계정 고지 문자발송
[2016-12-31 01:04:58] - 상품 통계
